::1 - - [23/Oct/2020:11:03:11 +0000] "POST /api/Employee/Customer/deactivate_credential?_id=5f902fcdf1e945313cb46ae4 HTTP/1.1" 401 -
::1 - - [23/Oct/2020:11:03:16 +0000] "POST /api/Employee/login HTTP/1.1" 200 375
::1 - - [23/Oct/2020:11:03:38 +0000] "POST /api/Employee/Customer/deactivate_credential?_id=5f902fcdf1e945313cb46ae4 HTTP/1.1" 200 88
::1 - - [23/Oct/2020:11:08:54 +0000] "POST /api/Employee/Customer/deactivate_credential?_id=5f902fcdf1e945313cb46ae4 HTTP/1.1" 400 50
::1 - - [23/Oct/2020:11:09:26 +0000] "POST /api/Employee/Customer/deactivate_credential?_id=5f902fcdf1e945313cb46ae4 HTTP/1.1" 200 76
::1 - - [23/Oct/2020:11:18:45 +0000] "POST /api/Employee/Customer/deactivate_credential?_id=5f902fcdf1e945313cb46ae9 HTTP/1.1" 200 51
::1 - - [23/Oct/2020:11:22:39 +0000] "POST /api/Employee/Customer/deactivate_credential?_id=5f902fcdf1e945313cb46ae4 HTTP/1.1" 200 76
::1 - - [23/Oct/2020:11:23:01 +0000] "POST /api/Employee/Customer/deactivate_credential?_id=5f902fcdf1e945313cb46ae4 HTTP/1.1" 200 76
::1 - - [23/Oct/2020:11:23:36 +0000] "POST /api/Employee/Customer/deactivate_credential?_id=5f902fcdf1e945313cb46ae4 HTTP/1.1" 200 83
::1 - - [23/Oct/2020:11:25:52 +0000] "POST /api/Employee/Customer/activate_credential?_id=5f902fcdf1e945313cb46ae4 HTTP/1.1" 400 50
::1 - - [23/Oct/2020:11:26:13 +0000] "POST /api/Employee/Customer/activate_credential?_id=5f902fcdf1e945313cb46ae4 HTTP/1.1" 200 78
::1 - - [23/Oct/2020:11:26:53 +0000] "POST /api/Employee/Customer/activate_credential?_id=5f7dce2359aaf004985f98ec HTTP/1.1" 200 51
::1 - - [23/Oct/2020:11:27:28 +0000] "POST /api/Employee/Customer/activate_credential?_id=5f7dce2359aaf004985f98eb HTTP/1.1" 200 78
::1 - - [23/Oct/2020:11:28:11 +0000] "POST /api/Employee/Customer/deactivate_credential?_id=5f902fcdf1e945313cb46ae7 HTTP/1.1" 200 51
::1 - - [23/Oct/2020:11:28:25 +0000] "POST /api/Employee/Customer/deactivate_credential?_id=5f902fcdf1e945313cb46ae4 HTTP/1.1" 200 83
::1 - - [23/Oct/2020:11:28:44 +0000] "POST /api/Employee/Customer/activate_credential?_id=5f902fcdf1e945313cb46ae4 HTTP/1.1" 200 78
::1 - - [23/Oct/2020:13:13:37 +0000] "POST /api/Employee/login HTTP/1.1" 200 375
::1 - - [23/Oct/2020:13:14:11 +0000] "GET /api/Employee/User/search?_id=5f598d83415e0042044149f5&limit=1 HTTP/1.1" 200 455
::1 - - [23/Oct/2020:13:15:04 +0000] "GET /api/Employee/User/search?_id=5f5b04ec4226f72324c4c23a&limit=1 HTTP/1.1" 200 63
::1 - - [23/Oct/2020:13:17:24 +0000] "GET /api/Employee/User/search?_id=5f5b04ec4226f72324c4c23a&limit=1 HTTP/1.1" 200 63
::1 - - [23/Oct/2020:13:18:04 +0000] "GET /api/Employee/User/search?_id=5f5711ded4026304ac11a3af&limit=1 HTTP/1.1" 200 448
::1 - - [23/Oct/2020:13:18:44 +0000] "POST /api/Employee/login HTTP/1.1" 200 380
::1 - - [23/Oct/2020:13:19:03 +0000] "GET /api/Employee/User/search?_id=5f5711ded4026304ac11a3af&limit=1 HTTP/1.1" 200 63
::1 - - [23/Oct/2020:13:19:16 +0000] "GET /api/Employee/User/search?_id=5f5711ded4026304ac11a3af&limit=1 HTTP/1.1" 200 63
::1 - - [23/Oct/2020:13:20:28 +0000] "GET /api/Employee/User/search?_id=5f5a69cc8c9dfe2bc81ceecd&limit=1 HTTP/1.1" 200 63
