::1 - - [31/Oct/2020:03:24:46 +0000] "POST /api/Customer/Ticket/Buy HTTP/1.1" 401 -
::1 - - [31/Oct/2020:03:25:16 +0000] "POST /api/User/Employee/login HTTP/1.1" 200 380
::1 - - [31/Oct/2020:03:28:39 +0000] "POST /api/User/Customer/login HTTP/1.1" 200 666
::1 - - [31/Oct/2020:03:28:54 +0000] "POST /api/Customer/Ticket/Buy HTTP/1.1" 200 99
::1 - - [31/Oct/2020:03:30:26 +0000] "POST /api/Customer/Ticket/Buy HTTP/1.1" 200 99
::1 - - [31/Oct/2020:03:32:52 +0000] "POST /api/Customer/Ticket/Buy HTTP/1.1" 200 99
::1 - - [31/Oct/2020:03:33:45 +0000] "POST /api/Customer/Ticket/Buy HTTP/1.1" 200 99
::1 - - [31/Oct/2020:03:34:37 +0000] "POST /api/Customer/Ticket/Buy HTTP/1.1" 400 50
::1 - - [31/Oct/2020:03:35:04 +0000] "POST /api/Customer/Ticket/Buy HTTP/1.1" 200 99
::1 - - [31/Oct/2020:03:35:59 +0000] "POST /api/Customer/Ticket/Buy HTTP/1.1" 200 70
::1 - - [31/Oct/2020:03:36:40 +0000] "POST /api/Customer/Ticket/Buy HTTP/1.1" 400 50
::1 - - [31/Oct/2020:03:37:01 +0000] "POST /api/Customer/Ticket/Buy HTTP/1.1" 200 70
::1 - - [31/Oct/2020:03:37:24 +0000] "POST /api/Customer/Ticket/Buy HTTP/1.1" 400 50
::1 - - [31/Oct/2020:03:47:12 +0000] "POST /api/Customer/Ticket/Buy HTTP/1.1" 400 50
::1 - - [31/Oct/2020:03:49:12 +0000] "POST /api/Customer/Ticket/Buy HTTP/1.1" 400 50
::1 - - [31/Oct/2020:03:51:47 +0000] "POST /api/Customer/Ticket/Buy HTTP/1.1" 400 50
::1 - - [31/Oct/2020:03:54:26 +0000] "POST /api/Customer/Ticket/Buy HTTP/1.1" 400 50
::1 - - [31/Oct/2020:03:55:13 +0000] "POST /api/Customer/Ticket/Buy HTTP/1.1" 400 50
::1 - - [31/Oct/2020:03:56:03 +0000] "POST /api/Customer/Ticket/Buy HTTP/1.1" 200 38
::1 - - [31/Oct/2020:03:59:07 +0000] "POST /api/Customer/Ticket/Buy HTTP/1.1" 200 38
::1 - - [31/Oct/2020:03:59:48 +0000] "POST /api/Customer/Ticket/Buy HTTP/1.1" 200 598
::1 - - [31/Oct/2020:04:01:06 +0000] "POST /api/Customer/Ticket/Buy HTTP/1.1" 200 598
::1 - - [31/Oct/2020:04:09:38 +0000] "POST /api/Customer/Ticket/find HTTP/1.1" 404 164
::1 - - [31/Oct/2020:04:09:42 +0000] "GET /api/Customer/Ticket/find HTTP/1.1" 200 62
::1 - - [31/Oct/2020:04:10:04 +0000] "GET /api/Customer/Ticket/find HTTP/1.1" 400 50
::1 - - [31/Oct/2020:04:10:30 +0000] "GET /api/Customer/Ticket/find HTTP/1.1" 400 50
::1 - - [31/Oct/2020:04:12:43 +0000] "GET /api/Customer/Ticket/find?limit=5 HTTP/1.1" 400 50
::1 - - [31/Oct/2020:04:13:08 +0000] "GET /api/Customer/Ticket/find?limit=5 HTTP/1.1" 400 50
::1 - - [31/Oct/2020:04:13:43 +0000] "GET /api/Customer/Ticket/find?limit=5 HTTP/1.1" 200 1226
::1 - - [31/Oct/2020:04:14:05 +0000] "GET /api/Customer/Ticket/find?limit=1 HTTP/1.1" 200 625
::1 - - [31/Oct/2020:04:38:07 +0000] "GET /api/Customer/change_credential HTTP/1.1" 404 169
::1 - - [31/Oct/2020:04:38:15 +0000] "POST /api/Customer/change_credential HTTP/1.1" - -
::1 - - [31/Oct/2020:04:38:50 +0000] "POST /api/Customer/change_credential HTTP/1.1" 400 50
::1 - - [31/Oct/2020:04:39:30 +0000] "POST /api/Customer/change_credential HTTP/1.1" 200 57
::1 - - [31/Oct/2020:04:39:49 +0000] "POST /api/Customer/change_credential HTTP/1.1" 200 57
::1 - - [31/Oct/2020:04:40:29 +0000] "POST /api/Customer/change_credential HTTP/1.1" 200 57
::1 - - [31/Oct/2020:04:41:25 +0000] "POST /api/Customer/change_credential HTTP/1.1" 200 57
::1 - - [31/Oct/2020:04:42:00 +0000] "POST /api/Customer/change_credential HTTP/1.1" 200 57
::1 - - [31/Oct/2020:04:42:20 +0000] "POST /api/Customer/change_credential HTTP/1.1" 200 60
::1 - - [31/Oct/2020:04:42:44 +0000] "POST /api/Customer/login HTTP/1.1" 401 -
::1 - - [31/Oct/2020:04:43:01 +0000] "POST /api/User/Customer/login HTTP/1.1" 200 666
::1 - - [31/Oct/2020:04:43:55 +0000] "POST /api/Customer/change_credential HTTP/1.1" 200 57
::1 - - [31/Oct/2020:04:44:10 +0000] "POST /api/User/Customer/login HTTP/1.1" 200 53
::1 - - [31/Oct/2020:04:44:20 +0000] "POST /api/User/Customer/login HTTP/1.1" 200 51
::1 - - [31/Oct/2020:04:44:28 +0000] "POST /api/User/Customer/login HTTP/1.1" 200 51
::1 - - [31/Oct/2020:04:44:35 +0000] "POST /api/User/Customer/login HTTP/1.1" 200 51
::1 - - [31/Oct/2020:04:49:05 +0000] "POST /api/Customer/change_credential HTTP/1.1" 400 50
::1 - - [31/Oct/2020:04:49:19 +0000] "POST /api/Customer/change_credential HTTP/1.1" 200 57
::1 - - [31/Oct/2020:04:50:01 +0000] "POST /api/Customer/change_credential HTTP/1.1" 200 57
::1 - - [31/Oct/2020:04:50:28 +0000] "POST /api/User/Customer/login HTTP/1.1" 200 674
::1 - - [31/Oct/2020:06:19:43 +0000] "GET /api/Machine/ HTTP/1.1" 401 -
::1 - - [31/Oct/2020:06:19:49 +0000] "POST /api/User/Machine/login HTTP/1.1" 200 559
::1 - - [31/Oct/2020:06:21:54 +0000] "GET /api/Machine/Ticket/buy HTTP/1.1" 404 161
::1 - - [31/Oct/2020:06:22:03 +0000] "POST /api/Machine/Ticket/buy HTTP/1.1" 200 601
::1 - - [31/Oct/2020:06:25:15 +0000] "POST /api/Machine/Ticket/buy HTTP/1.1" 401 -
::1 - - [31/Oct/2020:06:25:24 +0000] "POST /api/User/Machine/login HTTP/1.1" 200 559
::1 - - [31/Oct/2020:06:25:52 +0000] "POST /api/Machine/Ticket/buy HTTP/1.1" 200 51
::1 - - [31/Oct/2020:06:28:28 +0000] "POST /api/Machine/Ticket/buy HTTP/1.1" 400 50
::1 - - [31/Oct/2020:06:29:49 +0000] "POST /api/Machine/Ticket/buy HTTP/1.1" 401 -
::1 - - [31/Oct/2020:06:29:52 +0000] "POST /api/User/Machine/login HTTP/1.1" 200 559
::1 - - [31/Oct/2020:06:30:29 +0000] "POST /api/User/Machine/login HTTP/1.1" 200 559
::1 - - [31/Oct/2020:06:30:58 +0000] "POST /api/Machine/Ticket/buy HTTP/1.1" 400 50
::1 - - [31/Oct/2020:06:31:37 +0000] "POST /api/User/Machine/login HTTP/1.1" 200 545
::1 - - [31/Oct/2020:06:32:02 +0000] "POST /api/Machine/Ticket/buy HTTP/1.1" 400 50
::1 - - [31/Oct/2020:06:32:36 +0000] "POST /api/Machine/Ticket/buy HTTP/1.1" 400 50
::1 - - [31/Oct/2020:06:33:22 +0000] "POST /api/Machine/Ticket/buy HTTP/1.1" 400 50
::1 - - [31/Oct/2020:06:33:47 +0000] "POST /api/Machine/Ticket/buy HTTP/1.1" 200 638
::1 - - [31/Oct/2020:06:41:20 +0000] "POST /api/Machine/Ticket/authenticate HTTP/1.1" 200 61
::1 - - [31/Oct/2020:06:42:04 +0000] "POST /api/Machine/Ticket/authenticate HTTP/1.1" 200 75
::1 - - [31/Oct/2020:06:44:12 +0000] "POST /api/Machine/Ticket/authenticate HTTP/1.1" 200 93
::1 - - [31/Oct/2020:06:44:49 +0000] "POST /api/Machine/Ticket/authenticate HTTP/1.1" 200 93
::1 - - [31/Oct/2020:06:54:04 +0000] "POST /api/Machine/Ticket/authenticate HTTP/1.1" 400 50
::1 - - [31/Oct/2020:06:54:44 +0000] "POST /api/Machine/Ticket/authenticate HTTP/1.1" 400 50
::1 - - [03/Nov/2020:13:49:47 +0000] "POST /api/User/Machine/login HTTP/1.1" 200 545
::1 - - [03/Nov/2020:13:50:01 +0000] "POST /api/Machine/Ticket/authenticate HTTP/1.1" 400 50
::1 - - [03/Nov/2020:13:54:40 +0000] "POST /api/Machine/Ticket/authenticate HTTP/1.1" 400 50
::1 - - [03/Nov/2020:13:56:09 +0000] "POST /api/Machine/Ticket/authenticate HTTP/1.1" 400 50
::1 - - [03/Nov/2020:13:56:29 +0000] "POST /api/Machine/Ticket/authenticate HTTP/1.1" 400 50
::1 - - [03/Nov/2020:13:57:14 +0000] "POST /api/Machine/Ticket/authenticate HTTP/1.1" 400 50
::1 - - [03/Nov/2020:13:57:54 +0000] "POST /api/Machine/Ticket/authenticate HTTP/1.1" 400 50
::1 - - [03/Nov/2020:13:58:58 +0000] "POST /api/Machine/Ticket/authenticate HTTP/1.1" 400 50
::1 - - [03/Nov/2020:13:59:50 +0000] "POST /api/Machine/Ticket/authenticate HTTP/1.1" 400 50
::1 - - [03/Nov/2020:14:02:01 +0000] "POST /api/Machine/Ticket/authenticate HTTP/1.1" 200 93
::1 - - [03/Nov/2020:14:02:52 +0000] "POST /api/Machine/Ticket/authenticate HTTP/1.1" 200 93
::1 - - [03/Nov/2020:14:04:59 +0000] "POST /api/Machine/Ticket/authenticate HTTP/1.1" 200 49
::1 - - [03/Nov/2020:18:29:39 +0000] "POST /api/User/Machine/login HTTP/1.1" 200 545
::1 - - [03/Nov/2020:18:29:54 +0000] "POST /api/Machine/Ticket/buy HTTP/1.1" 200 247
::1 - - [03/Nov/2020:18:30:54 +0000] "POST /api/Machine/Ticket/buy HTTP/1.1" 200 258
::1 - - [03/Nov/2020:18:33:07 +0000] "POST /api/Machine/Ticket/authenticate HTTP/1.1" 400 50
::1 - - [03/Nov/2020:18:34:28 +0000] "POST /api/Machine/Ticket/authenticate HTTP/1.1" 400 50
::1 - - [03/Nov/2020:18:37:11 +0000] "POST /api/Machine/Ticket/authenticate HTTP/1.1" 200 75
::1 - - [03/Nov/2020:18:37:37 +0000] "POST /api/Machine/Ticket/authenticate HTTP/1.1" 200 75
::1 - - [03/Nov/2020:18:37:50 +0000] "POST /api/Machine/Ticket/authenticate HTTP/1.1" 200 75
::1 - - [03/Nov/2020:18:38:12 +0000] "POST /api/Machine/Ticket/authenticate HTTP/1.1" 200 75
::1 - - [03/Nov/2020:18:38:27 +0000] "POST /api/Machine/Ticket/authenticate HTTP/1.1" 200 75
::1 - - [03/Nov/2020:18:41:29 +0000] "POST /api/Machine/Ticket/authenticate HTTP/1.1" 200 93
::1 - - [03/Nov/2020:18:41:56 +0000] "POST /api/Machine/Ticket/authenticate HTTP/1.1" 400 50
::1 - - [03/Nov/2020:18:43:33 +0000] "POST /api/Machine/Ticket/authenticate HTTP/1.1" 200 93
::1 - - [03/Nov/2020:18:43:49 +0000] "POST /api/Machine/Ticket/authenticate HTTP/1.1" 200 93
::1 - - [03/Nov/2020:18:45:08 +0000] "POST /api/Machine/Ticket/authenticate HTTP/1.1" 200 93
::1 - - [03/Nov/2020:18:46:27 +0000] "POST /api/Machine/Ticket/buy HTTP/1.1" 200 256
::1 - - [03/Nov/2020:18:46:51 +0000] "POST /api/Machine/Ticket/authenticate HTTP/1.1" 200 49
::1 - - [03/Nov/2020:18:48:54 +0000] "POST /api/Machine/Ticket/authenticate HTTP/1.1" 200 49
::1 - - [03/Nov/2020:18:49:27 +0000] "POST /api/Machine/Ticket/authenticate HTTP/1.1" 200 49
::1 - - [03/Nov/2020:19:04:38 +0000] "POST /api/Machine/Ticket/authenticate HTTP/1.1" 200 49
::1 - - [04/Nov/2020:06:30:29 +0000] "POST /api/User/Machine/login HTTP/1.1" 200 545
::1 - - [04/Nov/2020:06:30:46 +0000] "POST /api/Machine/Ticket/authenticate HTTP/1.1" 200 49
::1 - - [04/Nov/2020:06:31:15 +0000] "POST /api/Machine/Ticket/authenticate HTTP/1.1" 200 49
::1 - - [04/Nov/2020:06:32:37 +0000] "POST /api/Machine/Ticket/authenticate HTTP/1.1" 400 50
::1 - - [04/Nov/2020:06:33:09 +0000] "POST /api/Machine/Ticket/authenticate HTTP/1.1" 200 49
::1 - - [04/Nov/2020:06:35:01 +0000] "POST /api/Machine/Ticket/authenticate HTTP/1.1" 200 49
::1 - - [04/Nov/2020:06:35:26 +0000] "POST /api/Machine/Ticket/authenticate HTTP/1.1" 400 50
::1 - - [04/Nov/2020:06:37:13 +0000] "POST /api/Machine/Ticket/authenticate HTTP/1.1" 200 49
::1 - - [04/Nov/2020:06:37:34 +0000] "POST /api/Machine/Ticket/authenticate HTTP/1.1" 400 50
::1 - - [04/Nov/2020:06:39:43 +0000] "POST /api/Machine/Ticket/authenticate HTTP/1.1" 200 49
::1 - - [04/Nov/2020:06:40:23 +0000] "POST /api/Machine/Ticket/authenticate HTTP/1.1" 200 49
::1 - - [04/Nov/2020:06:40:46 +0000] "POST /api/Machine/Ticket/authenticate HTTP/1.1" 200 49
::1 - - [04/Nov/2020:06:41:10 +0000] "POST /api/Machine/Ticket/authenticate HTTP/1.1" 400 50
::1 - - [04/Nov/2020:06:41:50 +0000] "POST /api/Machine/Ticket/authenticate HTTP/1.1" 400 50
::1 - - [04/Nov/2020:06:42:03 +0000] "POST /api/Machine/Ticket/authenticate HTTP/1.1" 400 50
::1 - - [04/Nov/2020:06:42:53 +0000] "POST /api/Machine/Ticket/authenticate HTTP/1.1" 400 50
::1 - - [04/Nov/2020:06:43:21 +0000] "POST /api/Machine/Ticket/authenticate HTTP/1.1" 400 50
::1 - - [04/Nov/2020:06:43:39 +0000] "POST /api/Machine/Ticket/authenticate HTTP/1.1" 400 50
::1 - - [04/Nov/2020:06:44:17 +0000] "POST /api/Machine/Ticket/authenticate HTTP/1.1" 400 50
::1 - - [04/Nov/2020:06:44:45 +0000] "POST /api/Machine/Ticket/authenticate HTTP/1.1" 400 50
::1 - - [04/Nov/2020:06:48:01 +0000] "POST /api/Machine/Ticket/authenticate HTTP/1.1" 200 49
::1 - - [04/Nov/2020:06:52:36 +0000] "POST /api/Machine/Ticket/authenticate HTTP/1.1" 200 49
::1 - - [04/Nov/2020:06:53:19 +0000] "POST /api/Machine/Ticket/authenticate HTTP/1.1" 200 49
::1 - - [04/Nov/2020:06:54:57 +0000] "POST /api/Machine/Ticket/authenticate HTTP/1.1" 200 49
::1 - - [04/Nov/2020:06:56:12 +0000] "POST /api/Machine/Ticket/authenticate HTTP/1.1" 200 49
::1 - - [04/Nov/2020:07:02:00 +0000] "POST /api/Machine/Ticket/authenticate HTTP/1.1" 200 49
::1 - - [04/Nov/2020:07:02:48 +0000] "POST /api/Machine/Ticket/authenticate HTTP/1.1" 200 49
::1 - - [04/Nov/2020:07:04:08 +0000] "POST /api/Machine/Ticket/authenticate HTTP/1.1" 200 49
::1 - - [04/Nov/2020:07:05:01 +0000] "POST /api/Machine/Ticket/authenticate HTTP/1.1" 200 49
::1 - - [04/Nov/2020:07:06:46 +0000] "POST /api/Machine/Ticket/authenticate HTTP/1.1" 200 49
::1 - - [04/Nov/2020:07:07:20 +0000] "POST /api/Machine/Ticket/authenticate HTTP/1.1" 200 49
::1 - - [04/Nov/2020:07:08:38 +0000] "POST /api/Machine/Ticket/authenticate HTTP/1.1" 200 49
::1 - - [04/Nov/2020:07:14:23 +0000] "POST /api/Machine/Ticket/authenticate HTTP/1.1" 200 49
::1 - - [04/Nov/2020:07:14:45 +0000] "POST /api/Machine/Ticket/authenticate HTTP/1.1" 200 49
::1 - - [04/Nov/2020:07:54:09 +0000] "POST /api/Machine/Ticket/authenticate HTTP/1.1" 200 970
