::1 - - [16/Dec/2020:21:00:45 +0000] "POST /api/Employee/HelpDesk/assign?session_Id=68f3bae06cf0c6867f20d6a060f4d931 HTTP/1.1" 200 60
::1 - - [16/Dec/2020:21:02:52 +0000] "POST /api/Employee/HelpDesk/mark?_id=5fda54c2a31bce3fc4774891 HTTP/1.1" 200 71
::1 - - [16/Dec/2020:21:07:36 +0000] "POST /api/User/Employee/login HTTP/1.1" 200 377
::1 - - [16/Dec/2020:21:07:51 +0000] "POST /api/Employee/HelpDesk/mark?_id=5fda54c2a31bce3fc4774891 HTTP/1.1" 400 50
::1 - - [16/Dec/2020:21:11:17 +0000] "POST /api/Employee/HelpDesk/mark?session_Id=68f3bae06cf0c6867f20d6a060f4d931 HTTP/1.1" 200 66
::1 - - [16/Dec/2020:21:12:38 +0000] "POST /api/Employee/HelpDesk/mark?_id=5fda74e5a0743719a05deb0d HTTP/1.1" 400 50
::1 - - [16/Dec/2020:21:12:56 +0000] "POST /api/Employee/HelpDesk/mark?_id=5fda74e5a0743719a05deb0d HTTP/1.1" 200 115
::1 - - [16/Dec/2020:21:26:18 +0000] "POST /api/Customer/HelpDesk/continue?session_Id=68f3bae06cf0c6867f20d6a060f4d931 HTTP/1.1" 200 59
::1 - - [16/Dec/2020:21:27:09 +0000] "POST /api/Customer/HelpDesk/continue?session_Id=68f3bae06cf0c6867f20d6a060f4d931 HTTP/1.1" 200 59
::1 - - [16/Dec/2020:21:27:31 +0000] "POST /api/Customer/HelpDesk/continue?session_Id=68f3bae06cf0c6867f20d6a060f4d931 HTTP/1.1" 200 61
::1 - - [16/Dec/2020:21:30:07 +0000] "POST /api/Employee/HelpDesk/continue?session_Id=68f3bae06cf0c6867f20d6a060f4d931 HTTP/1.1" 404 170
::1 - - [16/Dec/2020:21:30:36 +0000] "POST /api/Employee/HelpDesk/continue?session_Id=68f3bae06cf0c6867f20d6a060f4d931 HTTP/1.1" 200 61
::1 - - [16/Dec/2020:21:35:22 +0000] "POST /api/Employee/HelpDesk/View/Self HTTP/1.1" 404 171
::1 - - [16/Dec/2020:21:35:26 +0000] "GET /api/Employee/HelpDesk/View/Self HTTP/1.1" 200 1331
::1 - - [16/Dec/2020:21:36:58 +0000] "GET /api/Employee/HelpDesk/View/Self HTTP/1.1" 200 1331
::1 - - [16/Dec/2020:21:37:35 +0000] "GET /api/Employee/HelpDesk/View/Self HTTP/1.1" 200 1331
::1 - - [16/Dec/2020:21:38:23 +0000] "GET /api/Employee/HelpDesk/View/Self HTTP/1.1" 200 887
::1 - - [16/Dec/2020:21:41:19 +0000] "GET /api/Employee/HelpDesk/View/NonAssigned HTTP/1.1" 200 71
::1 - - [16/Dec/2020:21:41:48 +0000] "GET /api/Employee/HelpDesk/View/NonAssigned HTTP/1.1" 200 1141
::1 - - [16/Dec/2020:21:42:21 +0000] "GET /api/Employee/HelpDesk/View/NonAssigned HTTP/1.1" 200 1141
::1 - - [16/Dec/2020:21:44:14 +0000] "GET /api/Employee/HelpDesk/View/NonAssigned HTTP/1.1" 200 1141
::1 - - [16/Dec/2020:21:45:58 +0000] "GET /api/Employee/HelpDesk/View/NonAssigned HTTP/1.1" 200 1141
::1 - - [16/Dec/2020:21:48:37 +0000] "GET /api/Employee/HelpDesk/View/NonAssigned HTTP/1.1" 200 1141
::1 - - [16/Dec/2020:21:49:08 +0000] "GET /api/Employee/HelpDesk/View/NonAssigned HTTP/1.1" 200 1141
::1 - - [16/Dec/2020:21:51:38 +0000] "GET /api/Employee/HelpDesk/View/NonAssigned HTTP/1.1" 200 1141
::1 - - [16/Dec/2020:21:52:26 +0000] "GET /api/Employee/HelpDesk/View/NonAssigned HTTP/1.1" 200 1141
::1 - - [16/Dec/2020:21:53:48 +0000] "GET /api/Employee/HelpDesk/View/NonAssigned HTTP/1.1" 200 1141
::1 - - [16/Dec/2020:21:56:47 +0000] "GET /api/Employee/HelpDesk/continue HTTP/1.1" 404 169
::1 - - [16/Dec/2020:21:56:51 +0000] "POST /api/Employee/HelpDesk/continue HTTP/1.1" 200 62
::1 - - [16/Dec/2020:21:56:55 +0000] "POST /api/Employee/HelpDesk/continue?session_Id=68f3bae06cf0c6867f20d6a060f4d931 HTTP/1.1" 200 61
::1 - - [16/Dec/2020:21:58:40 +0000] "GET /api/Employee/HelpDesk/View/NonAssigned HTTP/1.1" 200 773
::1 - - [16/Dec/2020:21:59:04 +0000] "GET /api/Employee/HelpDesk/View/NonAssigned HTTP/1.1" 200 1141
::1 - - [16/Dec/2020:21:59:17 +0000] "GET /api/Employee/HelpDesk/View/NonAssigned HTTP/1.1" 200 396
::1 - - [16/Dec/2020:22:21:23 +0000] "POST /api/Employee/HelpDesk/update_status?session_Id=0f22ff27c4d05c398e4b43f41d2cf553 HTTP/1.1" 200 50
::1 - - [16/Dec/2020:22:22:39 +0000] "POST /api/Employee/HelpDesk/update_status?session_Id=0f22ff27c4d05c398e4b43f41d2cf553 HTTP/1.1" 400 50
::1 - - [16/Dec/2020:22:23:00 +0000] "POST /api/Employee/HelpDesk/update_status?session_Id=68f3bae06cf0c6867f20d6a060f4d931 HTTP/1.1" 400 50
::1 - - [16/Dec/2020:22:24:00 +0000] "POST /api/Employee/HelpDesk/update_status?session_Id=0f22ff27c4d05c398e4b43f41d2cf553 HTTP/1.1" 400 50
::1 - - [16/Dec/2020:22:24:05 +0000] "POST /api/Employee/HelpDesk/update_status?session_Id=68f3bae06cf0c6867f20d6a060f4d931 HTTP/1.1" 200 266
::1 - - [16/Dec/2020:22:24:45 +0000] "POST /api/Employee/HelpDesk/update_status?session_Id=68f3bae06cf0c6867f20d6a060f4d931 HTTP/1.1" 200 266
::1 - - [16/Dec/2020:22:25:25 +0000] "POST /api/Employee/HelpDesk/update_status?session_Id=68f3bae06cf0c6867f20d6a060f4d931 HTTP/1.1" 200 107
::1 - - [17/Dec/2020:13:23:36 +0000] "GET /api/Employee/User/register HTTP/1.1" 401 -
::1 - - [17/Dec/2020:14:21:08 +0000] "POST /api/User/Employee/login HTTP/1.1" 200 377
::1 - - [17/Dec/2020:14:21:25 +0000] "GET /api/Employee/User/register HTTP/1.1" 404 165
::1 - - [17/Dec/2020:14:21:30 +0000] "POST /api/Employee/User/register HTTP/1.1" 200 56
::1 - - [17/Dec/2020:14:23:07 +0000] "POST /api/Employee/User/register HTTP/1.1" 200 56
::1 - - [17/Dec/2020:14:24:10 +0000] "POST /api/Employee/User/register HTTP/1.1" 400 50
::1 - - [17/Dec/2020:15:22:07 +0000] "POST /api/User/Employee/login HTTP/1.1" 200 374
::1 - - [17/Dec/2020:15:27:51 +0000] "POST /api/User/Employee/login HTTP/1.1" 200 374
::1 - - [17/Dec/2020:15:28:21 +0000] "POST /api/Employee/User/search?limit=10 HTTP/1.1" 404 164
::1 - - [17/Dec/2020:15:28:25 +0000] "GET /api/Employee/User/search?limit=10 HTTP/1.1" 400 50
::1 - - [17/Dec/2020:15:29:19 +0000] "GET /api/Employee/User/search?limit=10 HTTP/1.1" 200 45
::1 - - [17/Dec/2020:15:30:47 +0000] "GET /api/Employee/User/search?limit=10 HTTP/1.1" 200 34
::1 - - [17/Dec/2020:17:21:28 +0000] "GET /api/Employee/User/search?limit=10 HTTP/1.1" 400 50
::1 - - [17/Dec/2020:17:22:09 +0000] "GET /api/Employee/User/search?limit=10 HTTP/1.1" 400 50
::1 - - [17/Dec/2020:17:23:15 +0000] "GET /api/Employee/User/search?limit=10 HTTP/1.1" 200 4828
::1 - - [17/Dec/2020:17:23:59 +0000] "GET /api/Employee/User/search?limit=10 HTTP/1.1" 200 4828
::1 - - [17/Dec/2020:17:24:31 +0000] "GET /api/Employee/User/search?limit=10 HTTP/1.1" 200 4828
::1 - - [17/Dec/2020:17:41:18 +0000] "GET /api/Employee/User/search?limit=10 HTTP/1.1" 400 50
::1 - - [17/Dec/2020:17:42:10 +0000] "GET /api/Employee/User/search?limit=10 HTTP/1.1" 200 29
::1 - - [17/Dec/2020:17:42:40 +0000] "GET /api/Employee/User/search?limit=10 HTTP/1.1" 200 29
::1 - - [17/Dec/2020:17:43:02 +0000] "GET /api/Employee/User/search?limit=10 HTTP/1.1" 200 29
::1 - - [17/Dec/2020:17:43:24 +0000] "GET /api/Employee/User/search?limit=10 HTTP/1.1" 200 8294
::1 - - [17/Dec/2020:17:44:42 +0000] "GET /api/Employee/User/search?limit=10 HTTP/1.1" 200 8294
::1 - - [17/Dec/2020:17:50:19 +0000] "GET /api/Employee/User/search?limit=10 HTTP/1.1" 200 8294
::1 - - [17/Dec/2020:17:57:21 +0000] "GET /api/Employee/User/search?limit=10 HTTP/1.1" 200 8274
::1 - - [17/Dec/2020:17:57:43 +0000] "GET /api/Employee/User/search?limit=10 HTTP/1.1" 200 8274
::1 - - [17/Dec/2020:18:03:19 +0000] "GET /api/Employee/User/search?limit=10 HTTP/1.1" 200 8274
::1 - - [17/Dec/2020:18:04:33 +0000] "GET /api/Employee/User/search?limit=10 HTTP/1.1" 200 8274
::1 - - [17/Dec/2020:18:05:13 +0000] "GET /api/Employee/User/search?limit=10 HTTP/1.1" 200 12433
::1 - - [17/Dec/2020:18:06:27 +0000] "GET /api/Employee/User/search?limit=30 HTTP/1.1" 200 29
::1 - - [17/Dec/2020:18:06:43 +0000] "GET /api/Employee/User/search?limit=30 HTTP/1.1" 200 9689
::1 - - [17/Dec/2020:18:29:02 +0000] "GET /api/Employee/User/search?limit=30 HTTP/1.1" 400 50
::1 - - [17/Dec/2020:18:29:56 +0000] "GET /api/Employee/User/search?limit=30 HTTP/1.1" 400 50
::1 - - [17/Dec/2020:18:31:37 +0000] "GET /api/Employee/User/search?limit=30 HTTP/1.1" 400 50
::1 - - [17/Dec/2020:18:32:08 +0000] "GET /api/Employee/User/search?limit=30 HTTP/1.1" 400 50
::1 - - [17/Dec/2020:18:32:21 +0000] "GET /api/Employee/User/search?limit=30 HTTP/1.1" 400 50
::1 - - [17/Dec/2020:18:32:58 +0000] "GET /api/Employee/User/search?limit=30 HTTP/1.1" 400 50
::1 - - [17/Dec/2020:18:48:30 +0000] "GET /api/Employee/User/search?limit=30 HTTP/1.1" 200 2759
::1 - - [17/Dec/2020:18:49:06 +0000] "GET /api/Employee/User/search?limit=30 HTTP/1.1" 200 3329
::1 - - [17/Dec/2020:18:49:51 +0000] "GET /api/Employee/User/search?limit=30 HTTP/1.1" 200 4020
::1 - - [17/Dec/2020:18:50:40 +0000] "GET /api/Employee/User/search?limit=30 HTTP/1.1" 200 2150
::1 - - [17/Dec/2020:18:51:17 +0000] "GET /api/Employee/User/search?limit=30 HTTP/1.1" 200 4020
::1 - - [17/Dec/2020:18:56:44 +0000] "GET /api/Employee/User/search?limit=30 HTTP/1.1" 200 1945
::1 - - [17/Dec/2020:18:57:30 +0000] "GET /api/Employee/User/search?limit=30 HTTP/1.1" 200 2150
::1 - - [17/Dec/2020:18:58:50 +0000] "GET /api/Employee/User/search?limit=30 HTTP/1.1" 200 4369
::1 - - [17/Dec/2020:18:59:40 +0000] "GET /api/Employee/User/search?limit=30 HTTP/1.1" 200 4020
::1 - - [17/Dec/2020:19:08:16 +0000] "GET /api/Employee/User/search?name=tes%20al&limit=30 HTTP/1.1" 200 29
::1 - - [17/Dec/2020:19:12:52 +0000] "GET /api/Employee/User/search?name=tes%20&limit=30 HTTP/1.1" 200 29
::1 - - [17/Dec/2020:19:13:13 +0000] "GET /api/Employee/User/search?name=tes&limit=30 HTTP/1.1" 200 29
::1 - - [17/Dec/2020:19:14:16 +0000] "GET /api/Employee/User/search?name=tes&limit=30 HTTP/1.1" 200 29
::1 - - [17/Dec/2020:19:15:32 +0000] "GET /api/Employee/User/search?limit=30 HTTP/1.1" 200 4369
::1 - - [17/Dec/2020:19:25:28 +0000] "GET /api/Employee/User/search?limit=30 HTTP/1.1" 200 29
::1 - - [17/Dec/2020:19:26:33 +0000] "GET /api/Employee/User/search?limit=30 HTTP/1.1" 200 4369
::1 - - [17/Dec/2020:19:27:09 +0000] "GET /api/Employee/User/search?limit=30 HTTP/1.1" 200 571
::1 - - [17/Dec/2020:19:27:59 +0000] "GET /api/Employee/User/search?limit=30 HTTP/1.1" 400 50
::1 - - [17/Dec/2020:19:28:32 +0000] "GET /api/Employee/User/search?limit=30 HTTP/1.1" 200 29
::1 - - [17/Dec/2020:19:28:47 +0000] "GET /api/Employee/User/search?limit=30 HTTP/1.1" 200 29
::1 - - [17/Dec/2020:19:29:19 +0000] "GET /api/Employee/User/search?limit=30 HTTP/1.1" 200 29
::1 - - [17/Dec/2020:19:29:37 +0000] "GET /api/Employee/User/search?limit=30 HTTP/1.1" 200 29
::1 - - [17/Dec/2020:19:30:15 +0000] "GET /api/Employee/User/search?limit=30 HTTP/1.1" 200 29
::1 - - [17/Dec/2020:19:31:06 +0000] "GET /api/Employee/User/search?limit=30 HTTP/1.1" 200 29
::1 - - [17/Dec/2020:19:31:19 +0000] "GET /api/Employee/User/search?limit=30 HTTP/1.1" 200 4369
::1 - - [17/Dec/2020:19:33:11 +0000] "GET /api/Employee/User/search?limit=30 HTTP/1.1" 200 4369
::1 - - [17/Dec/2020:19:33:14 +0000] "GET /api/Employee/User/search?name=tes&limit=30 HTTP/1.1" 200 29
::1 - - [17/Dec/2020:19:33:49 +0000] "GET /api/Employee/User/search?limit=30 HTTP/1.1" 200 4369
::1 - - [17/Dec/2020:19:34:26 +0000] "GET /api/Employee/User/search?limit=30 HTTP/1.1" 200 15602
::1 - - [17/Dec/2020:19:35:34 +0000] "GET /api/Employee/User/search?name=tes&limit=30 HTTP/1.1" 200 2218
::1 - - [17/Dec/2020:19:36:02 +0000] "GET /api/Employee/User/search?name=tes&limit=30 HTTP/1.1" 200 571
::1 - - [17/Dec/2020:19:36:37 +0000] "GET /api/Employee/User/search?name=tes&limit=30 HTTP/1.1" 200 29
::1 - - [17/Dec/2020:19:37:59 +0000] "GET /api/Employee/User/search?name=tes&limit=30 HTTP/1.1" 200 29
::1 - - [17/Dec/2020:19:39:28 +0000] "GET /api/Employee/User/search?name=tes&limit=30 HTTP/1.1" 200 29
::1 - - [17/Dec/2020:19:40:36 +0000] "GET /api/Employee/User/search?name=tes&limit=30 HTTP/1.1" 200 29
::1 - - [17/Dec/2020:19:41:32 +0000] "GET /api/Employee/User/search?name=tes&limit=30 HTTP/1.1" 200 29
::1 - - [17/Dec/2020:19:42:07 +0000] "GET /api/Employee/User/search?name=tes&limit=30 HTTP/1.1" 400 50
::1 - - [17/Dec/2020:19:42:52 +0000] "GET /api/Employee/User/search?name=tes&limit=30 HTTP/1.1" 400 50
::1 - - [17/Dec/2020:19:43:21 +0000] "GET /api/Employee/User/search?name=tes&limit=30 HTTP/1.1" 200 29
::1 - - [17/Dec/2020:19:44:20 +0000] "GET /api/Employee/User/search?name=tes&limit=30 HTTP/1.1" 200 29
::1 - - [17/Dec/2020:19:44:30 +0000] "GET /api/Employee/User/search?name=kaleab&limit=30 HTTP/1.1" 200 571
::1 - - [17/Dec/2020:19:44:40 +0000] "GET /api/Employee/User/search?name=tesfaye&limit=30 HTTP/1.1" 200 29
::1 - - [17/Dec/2020:19:44:45 +0000] "GET /api/Employee/User/search?name=Tes&limit=30 HTTP/1.1" 200 29
::1 - - [17/Dec/2020:19:44:50 +0000] "GET /api/Employee/User/search?name=Tesfaye&limit=30 HTTP/1.1" 200 29
::1 - - [17/Dec/2020:19:45:11 +0000] "GET /api/Employee/User/search?limit=30 HTTP/1.1" 200 4369
::1 - - [17/Dec/2020:19:45:50 +0000] "GET /api/Employee/User/search?name=kal&limit=30 HTTP/1.1" 200 1100
::1 - - [17/Dec/2020:19:47:25 +0000] "GET /api/Employee/User/search?name=kal&limit=30 HTTP/1.1" 200 1100
::1 - - [17/Dec/2020:19:51:09 +0000] "GET /api/Employee/User/search?name=kal&limit=30 HTTP/1.1" 200 1100
