::1 - - [18/Dec/2020:21:07:09 +0000] "GET /api/User/analysis HTTP/1.1" 304 -
::1 - - [18/Dec/2020:21:08:10 +0000] "GET /api/User/analysis HTTP/1.1" 304 -
::1 - - [18/Dec/2020:21:08:44 +0000] "GET /api/User/analysis HTTP/1.1" 304 -
::1 - - [18/Dec/2020:21:09:19 +0000] "GET /api/User/analysis HTTP/1.1" 304 -
::1 - - [18/Dec/2020:21:10:38 +0000] "GET /api/User/analysis HTTP/1.1" 304 -
::1 - - [18/Dec/2020:21:11:00 +0000] "GET /api/User/analysis HTTP/1.1" 304 -
::1 - - [18/Dec/2020:21:11:21 +0000] "GET /api/User/analysis HTTP/1.1" 304 -
::1 - - [18/Dec/2020:21:11:38 +0000] "GET /api/User/analysis HTTP/1.1" 304 -
::1 - - [18/Dec/2020:21:12:16 +0000] "GET /api/User/analysis HTTP/1.1" 304 -
::1 - - [18/Dec/2020:21:13:39 +0000] "GET /api/User/analysis HTTP/1.1" 304 -
::1 - - [18/Dec/2020:21:13:44 +0000] "GET /api/User/analysis HTTP/1.1" 304 -
::1 - - [18/Dec/2020:21:14:06 +0000] "GET /api/User/analysis HTTP/1.1" 304 -
::1 - - [19/Dec/2020:06:55:17 +0000] "GET /api/User/analysis HTTP/1.1" 304 -
::1 - - [19/Dec/2020:07:00:11 +0000] "POST /api/User/Employee/login HTTP/1.1" 200 374
::1 - - [19/Dec/2020:07:00:39 +0000] "POST /api/User/Employee/login HTTP/1.1" 400 50
::1 - - [19/Dec/2020:07:01:01 +0000] "POST /api/User/Employee/login HTTP/1.1" 200 53
::1 - - [19/Dec/2020:07:05:44 +0000] "GET /api/User/analysis HTTP/1.1" 200 119
::1 - - [19/Dec/2020:07:06:05 +0000] "GET /api/User/analysis HTTP/1.1" 304 -
::1 - - [19/Dec/2020:07:11:57 +0000] "GET /api/User/analysis HTTP/1.1" 304 -
::1 - - [19/Dec/2020:07:12:08 +0000] "GET /api/User/analysis HTTP/1.1" 304 -
::1 - - [19/Dec/2020:07:15:03 +0000] "GET /api/User/analysis HTTP/1.1" 304 -
::1 - - [19/Dec/2020:07:15:09 +0000] "GET /api/User/analysis HTTP/1.1" 304 -
::1 - - [19/Dec/2020:07:15:31 +0000] "GET /api/User/analysis HTTP/1.1" 304 -
::1 - - [19/Dec/2020:07:19:41 +0000] "GET /api/User/analysis HTTP/1.1" 304 -
::1 - - [19/Dec/2020:07:19:46 +0000] "GET /api/User/analysis HTTP/1.1" 304 -
::1 - - [19/Dec/2020:07:20:07 +0000] "GET /api/User/analysis HTTP/1.1" 304 -
::1 - - [19/Dec/2020:07:20:12 +0000] "GET /api/User/analysis HTTP/1.1" 304 -
::1 - - [19/Dec/2020:07:22:16 +0000] "GET /api/User/analysis HTTP/1.1" 304 -
::1 - - [19/Dec/2020:07:22:21 +0000] "GET /api/User/analysis HTTP/1.1" 304 -
::1 - - [19/Dec/2020:07:22:39 +0000] "GET /api/User/analysis HTTP/1.1" 304 -
::1 - - [19/Dec/2020:07:24:34 +0000] "GET /api/User/analysis HTTP/1.1" 304 -
::1 - - [19/Dec/2020:07:24:39 +0000] "GET /api/User/analysis HTTP/1.1" 304 -
::1 - - [19/Dec/2020:07:24:57 +0000] "GET /api/User/analysis HTTP/1.1" 304 -
::1 - - [19/Dec/2020:07:25:00 +0000] "GET /api/User/analysis HTTP/1.1" 304 -
::1 - - [19/Dec/2020:07:25:08 +0000] "GET /api/User/analysis HTTP/1.1" 304 -
::1 - - [19/Dec/2020:07:25:47 +0000] "GET /api/User/analysis HTTP/1.1" 304 -
::1 - - [19/Dec/2020:07:25:50 +0000] "GET /api/User/analysis HTTP/1.1" 304 -
::1 - - [19/Dec/2020:07:26:15 +0000] "GET /api/User/analysis HTTP/1.1" 304 -
::1 - - [19/Dec/2020:07:26:18 +0000] "GET /api/User/analysis HTTP/1.1" 304 -
::1 - - [19/Dec/2020:07:26:25 +0000] "GET /api/User/analysis HTTP/1.1" 304 -
::1 - - [19/Dec/2020:07:26:33 +0000] "GET /api/User/analysis HTTP/1.1" 304 -
::1 - - [19/Dec/2020:07:26:46 +0000] "GET /api/User/analysis HTTP/1.1" 304 -
::1 - - [19/Dec/2020:07:26:50 +0000] "GET /api/User/analysis HTTP/1.1" 304 -
::1 - - [19/Dec/2020:07:27:21 +0000] "GET /api/User/analysis HTTP/1.1" 304 -
::1 - - [19/Dec/2020:07:28:16 +0000] "GET /api/User/analysis HTTP/1.1" 304 -
::1 - - [19/Dec/2020:07:33:14 +0000] "GET /api/User/analysis HTTP/1.1" 304 -
::1 - - [19/Dec/2020:07:33:19 +0000] "GET /api/User/analysis HTTP/1.1" 304 -
::1 - - [19/Dec/2020:07:35:46 +0000] "GET /api/User/analysis HTTP/1.1" 304 -
::ffff:127.0.0.1 - - [19/Dec/2020:07:36:06 +0000] "GET /api/User/analysis HTTP/1.1" 304 -
::1 - - [19/Dec/2020:07:36:34 +0000] "GET /api/User/analysis HTTP/1.1" 304 -
::1 - - [19/Dec/2020:07:36:46 +0000] "GET /api/User/analysis HTTP/1.1" 304 -
::1 - - [19/Dec/2020:07:36:51 +0000] "GET /api/User/analysis HTTP/1.1" 304 -
::1 - - [19/Dec/2020:07:37:11 +0000] "GET /api/User/analysis HTTP/1.1" 304 -
::1 - - [19/Dec/2020:07:37:30 +0000] "GET /api/User/analysis HTTP/1.1" 304 -
::1 - - [19/Dec/2020:07:38:26 +0000] "GET /api/User/analysis HTTP/1.1" 304 -
::1 - - [19/Dec/2020:07:38:38 +0000] "GET /api/User/analysis HTTP/1.1" 304 -
::1 - - [19/Dec/2020:07:39:06 +0000] "GET /api/User/analysis HTTP/1.1" 304 -
::1 - - [19/Dec/2020:07:39:10 +0000] "GET /api/User/analysis HTTP/1.1" 304 -
::1 - - [19/Dec/2020:07:39:29 +0000] "GET /api/User/analysis HTTP/1.1" 304 -
::1 - - [19/Dec/2020:07:39:53 +0000] "GET /api/User/analysis HTTP/1.1" 304 -
::1 - - [19/Dec/2020:07:43:05 +0000] "GET /api/User/analysis HTTP/1.1" 304 -
::1 - - [19/Dec/2020:07:43:12 +0000] "GET /api/User/analysis HTTP/1.1" 304 -
::1 - - [19/Dec/2020:07:43:18 +0000] "GET /api/User/analysis HTTP/1.1" 304 -
::1 - - [19/Dec/2020:07:46:01 +0000] "GET /api/User/analysis HTTP/1.1" 304 -
::1 - - [19/Dec/2020:07:46:06 +0000] "GET /api/User/analysis HTTP/1.1" 304 -
::1 - - [19/Dec/2020:07:49:20 +0000] "GET /api/User/analysis HTTP/1.1" 304 -
::1 - - [19/Dec/2020:07:49:25 +0000] "GET /api/User/analysis HTTP/1.1" 304 -
::1 - - [19/Dec/2020:07:49:57 +0000] "GET /api/User/analysis HTTP/1.1" 304 -
::1 - - [19/Dec/2020:07:50:01 +0000] "GET /api/User/analysis HTTP/1.1" 304 -
::1 - - [19/Dec/2020:07:51:27 +0000] "GET /api/User/analysis HTTP/1.1" 304 -
::1 - - [19/Dec/2020:07:51:37 +0000] "GET /api/User/analysis HTTP/1.1" 304 -
::1 - - [19/Dec/2020:07:51:52 +0000] "GET /api/User/analysis HTTP/1.1" 304 -
::1 - - [19/Dec/2020:07:51:56 +0000] "GET /api/User/analysis HTTP/1.1" 304 -
::1 - - [19/Dec/2020:07:53:14 +0000] "GET /api/User/analysis HTTP/1.1" 304 -
::1 - - [19/Dec/2020:07:53:20 +0000] "GET /api/User/analysis HTTP/1.1" 304 -
::1 - - [19/Dec/2020:07:54:21 +0000] "GET /api/User/analysis HTTP/1.1" 304 -
::1 - - [19/Dec/2020:08:03:55 +0000] "GET /api/User/analysis HTTP/1.1" 304 -
::1 - - [19/Dec/2020:08:09:08 +0000] "GET /api/User/analysis HTTP/1.1" 200 208
::1 - - [19/Dec/2020:08:10:02 +0000] "GET /api/User/analysis HTTP/1.1" 304 -
::1 - - [19/Dec/2020:08:11:17 +0000] "GET /api/User/analysis HTTP/1.1" 304 -
::1 - - [19/Dec/2020:08:14:19 +0000] "GET /api/User/analysis HTTP/1.1" 304 -
::1 - - [19/Dec/2020:08:14:57 +0000] "GET /api/User/analysis HTTP/1.1" 304 -
::1 - - [19/Dec/2020:08:15:30 +0000] "GET /api/User/analysis HTTP/1.1" 400 50
::1 - - [19/Dec/2020:08:16:52 +0000] "GET /api/User/analysis HTTP/1.1" 200 54
::1 - - [19/Dec/2020:08:18:44 +0000] "GET /api/User/analysis HTTP/1.1" 200 106
::1 - - [19/Dec/2020:08:51:06 +0000] "GET /api/User/analysis HTTP/1.1" 304 -
::1 - - [19/Dec/2020:08:51:52 +0000] "GET /api/User/analysis HTTP/1.1" 400 50
::1 - - [19/Dec/2020:08:53:44 +0000] "GET /api/User/analysis HTTP/1.1" 200 54
::1 - - [19/Dec/2020:08:54:24 +0000] "GET /api/User/analysis HTTP/1.1" 400 50
::1 - - [19/Dec/2020:08:55:02 +0000] "GET /api/User/analysis HTTP/1.1" 400 50
::1 - - [19/Dec/2020:08:57:17 +0000] "GET /api/User/analysis HTTP/1.1" 200 54
::1 - - [19/Dec/2020:08:57:55 +0000] "GET /api/User/analysis HTTP/1.1" 304 -
::1 - - [19/Dec/2020:08:58:39 +0000] "GET /api/User/analysis HTTP/1.1" 304 -
::1 - - [19/Dec/2020:08:59:17 +0000] "GET /api/User/analysis HTTP/1.1" 304 -
::1 - - [19/Dec/2020:08:59:56 +0000] "GET /api/User/analysis HTTP/1.1" 400 50
::1 - - [19/Dec/2020:09:00:15 +0000] "GET /api/User/analysis HTTP/1.1" 200 54
::1 - - [19/Dec/2020:09:00:59 +0000] "GET /api/User/analysis HTTP/1.1" 304 -
::1 - - [19/Dec/2020:09:01:27 +0000] "GET /api/User/analysis HTTP/1.1" 200 208
::1 - - [19/Dec/2020:09:03:12 +0000] "GET /api/User/analysis HTTP/1.1" 200 156
::1 - - [19/Dec/2020:09:03:31 +0000] "GET /api/User/analysis HTTP/1.1" 304 -
::1 - - [19/Dec/2020:09:22:41 +0000] "GET /api/User/analysis HTTP/1.1" 200 78
::1 - - [19/Dec/2020:09:22:47 +0000] "GET /api/User/analysis HTTP/1.1" 304 -
::1 - - [19/Dec/2020:09:26:08 +0000] "GET /api/User/analysis HTTP/1.1" 304 -
::1 - - [19/Dec/2020:09:26:14 +0000] "GET /api/User/analysis HTTP/1.1" 304 -
::1 - - [19/Dec/2020:09:27:09 +0000] "GET /api/User/analysis HTTP/1.1" 304 -
::1 - - [19/Dec/2020:09:27:56 +0000] "GET /api/User/analysis HTTP/1.1" 200 96
::1 - - [19/Dec/2020:09:32:36 +0000] "GET /api/User/analysis HTTP/1.1" 200 100
::1 - - [19/Dec/2020:09:33:36 +0000] "GET /api/User/analysis HTTP/1.1" 400 50
::1 - - [19/Dec/2020:10:24:27 +0000] "GET /api/User/analysis HTTP/1.1" 200 102
::1 - - [19/Dec/2020:10:25:42 +0000] "GET /api/User/analysis HTTP/1.1" 200 104
::1 - - [19/Dec/2020:10:28:09 +0000] "GET /api/User/analysis HTTP/1.1" 200 104
::1 - - [19/Dec/2020:10:29:56 +0000] "GET /api/User/analysis HTTP/1.1" 200 104
::1 - - [19/Dec/2020:10:47:24 +0000] "GET /api/User/analysis HTTP/1.1" 200 106
::1 - - [19/Dec/2020:10:48:44 +0000] "GET /api/User/analysis HTTP/1.1" 200 80
::1 - - [19/Dec/2020:10:49:39 +0000] "GET /api/User/analysis HTTP/1.1" 200 106
::1 - - [19/Dec/2020:10:50:16 +0000] "GET /api/User/analysis HTTP/1.1" 200 80
::1 - - [19/Dec/2020:10:51:05 +0000] "GET /api/User/analysis HTTP/1.1" 200 106
::1 - - [19/Dec/2020:10:52:21 +0000] "GET /api/User/analysis HTTP/1.1" 200 106
::1 - - [19/Dec/2020:10:52:46 +0000] "GET /api/User/analysis HTTP/1.1" 200 158
::1 - - [19/Dec/2020:10:53:59 +0000] "GET /api/User/analysis HTTP/1.1" 400 50
::1 - - [19/Dec/2020:10:54:17 +0000] "GET /api/User/analysis HTTP/1.1" 200 1202
::1 - - [19/Dec/2020:10:55:05 +0000] "GET /api/User/analysis HTTP/1.1" 200 106
::1 - - [19/Dec/2020:10:55:28 +0000] "GET /api/User/analysis HTTP/1.1" 200 106
::1 - - [19/Dec/2020:11:27:12 +0000] "GET /api/User/analysis HTTP/1.1" 200 106
::1 - - [19/Dec/2020:11:27:57 +0000] "GET /api/User/analysis HTTP/1.1" 200 106
::1 - - [19/Dec/2020:11:29:20 +0000] "GET /api/User/analysis HTTP/1.1" 200 106
::1 - - [19/Dec/2020:11:34:24 +0000] "GET /api/User/analysis HTTP/1.1" 200 106
::1 - - [19/Dec/2020:11:40:43 +0000] "GET /api/User/analysis HTTP/1.1" 200 106
::1 - - [19/Dec/2020:11:41:41 +0000] "GET /api/User/analysis HTTP/1.1" 200 106
::1 - - [19/Dec/2020:11:42:45 +0000] "GET /api/User/analysis HTTP/1.1" 200 106
::1 - - [19/Dec/2020:11:43:14 +0000] "GET /api/User/analysis HTTP/1.1" 200 54
::1 - - [19/Dec/2020:11:44:00 +0000] "GET /api/User/analysis HTTP/1.1" 200 106
::1 - - [19/Dec/2020:11:45:38 +0000] "GET /api/User/analysis HTTP/1.1" 200 158
::1 - - [19/Dec/2020:11:48:10 +0000] "GET /api/User/analysis HTTP/1.1" 200 106
::1 - - [19/Dec/2020:11:52:14 +0000] "GET /api/User/analysis HTTP/1.1" 200 106
::1 - - [19/Dec/2020:11:53:34 +0000] "GET /api/User/analysis HTTP/1.1" 200 106
::1 - - [19/Dec/2020:11:55:11 +0000] "GET /api/User/analysis HTTP/1.1" 200 106
::1 - - [19/Dec/2020:11:56:08 +0000] "GET /api/User/analysis HTTP/1.1" 200 106
::1 - - [19/Dec/2020:11:58:29 +0000] "GET /api/User/analysis HTTP/1.1" 200 106
::1 - - [19/Dec/2020:11:58:42 +0000] "GET /api/User/analysis HTTP/1.1" 200 106
::1 - - [19/Dec/2020:11:59:25 +0000] "GET /api/User/analysis HTTP/1.1" 200 106
::1 - - [19/Dec/2020:11:59:46 +0000] "GET /api/User/analysis HTTP/1.1" 200 106
::1 - - [19/Dec/2020:12:03:53 +0000] "GET /api/User/analysis HTTP/1.1" 200 106
::1 - - [19/Dec/2020:12:04:27 +0000] "GET /api/User/analysis HTTP/1.1" 400 50
::1 - - [19/Dec/2020:12:05:32 +0000] "GET /api/User/analysis HTTP/1.1" 200 106
::1 - - [19/Dec/2020:12:07:01 +0000] "GET /api/User/analysis HTTP/1.1" 200 106
::1 - - [19/Dec/2020:12:07:57 +0000] "GET /api/User/analysis HTTP/1.1" 200 106
::1 - - [19/Dec/2020:12:09:52 +0000] "GET /api/User/analysis HTTP/1.1" 200 207
::1 - - [19/Dec/2020:12:17:36 +0000] "GET /api/User/analysis HTTP/1.1" 200 207
::1 - - [19/Dec/2020:12:24:58 +0000] "GET /api/User/analysis HTTP/1.1" 304 -
::1 - - [19/Dec/2020:12:25:02 +0000] "GET /api/User/analysis HTTP/1.1" 304 -
::1 - - [19/Dec/2020:12:25:30 +0000] "GET /api/User/analysis HTTP/1.1" 304 -
::1 - - [19/Dec/2020:12:25:38 +0000] "GET /api/User/analysis HTTP/1.1" 304 -
::1 - - [19/Dec/2020:12:26:15 +0000] "GET /api/User/analysis HTTP/1.1" 304 -
::1 - - [19/Dec/2020:12:27:25 +0000] "GET /api/User/analysis HTTP/1.1" 304 -
::1 - - [19/Dec/2020:12:29:59 +0000] "GET /api/User/analysis HTTP/1.1" 304 -
::1 - - [19/Dec/2020:12:30:04 +0000] "GET /api/User/analysis HTTP/1.1" 304 -
::1 - - [19/Dec/2020:12:31:00 +0000] "GET /api/User/analysis HTTP/1.1" 304 -
::1 - - [19/Dec/2020:12:31:03 +0000] "GET /api/User/analysis HTTP/1.1" 304 -
::1 - - [19/Dec/2020:12:41:30 +0000] "GET /api/User/analysis HTTP/1.1" 200 941
::1 - - [19/Dec/2020:12:41:38 +0000] "GET /api/User/analysis HTTP/1.1" 200 933
::1 - - [19/Dec/2020:12:41:43 +0000] "GET /api/User/analysis HTTP/1.1" 200 945
::1 - - [19/Dec/2020:12:41:46 +0000] "GET /api/User/analysis HTTP/1.1" 200 931
::1 - - [19/Dec/2020:12:43:55 +0000] "GET /api/User/analysis HTTP/1.1" 200 947
::ffff:127.0.0.1 - - [19/Dec/2020:12:44:07 +0000] "GET /api/User/analysis HTTP/1.1" 200 943
::1 - - [19/Dec/2020:12:44:13 +0000] "GET /api/User/analysis HTTP/1.1" 200 923
::1 - - [19/Dec/2020:12:44:32 +0000] "GET /api/User/analysis HTTP/1.1" 200 943
::1 - - [19/Dec/2020:12:45:19 +0000] "GET /api/User/analysis HTTP/1.1" 200 937
::1 - - [19/Dec/2020:12:50:45 +0000] "GET /api/User/analysis HTTP/1.1" 200 885
::1 - - [19/Dec/2020:12:51:05 +0000] "GET /api/User/analysis HTTP/1.1" 200 897
::1 - - [19/Dec/2020:12:51:06 +0000] "GET /api/User/analysis2 HTTP/1.1" 400 50
::1 - - [19/Dec/2020:12:51:16 +0000] "GET /api/User/analysis2 HTTP/1.1" 400 50
::1 - - [19/Dec/2020:12:51:16 +0000] "GET /api/User/analysis HTTP/1.1" 200 883
::1 - - [19/Dec/2020:12:52:11 +0000] "GET /api/User/analysis2 HTTP/1.1" 400 50
::1 - - [19/Dec/2020:12:52:11 +0000] "GET /api/User/analysis HTTP/1.1" 200 909
::1 - - [19/Dec/2020:12:52:54 +0000] "GET /api/User/analysis2 HTTP/1.1" 400 50
::1 - - [19/Dec/2020:12:53:47 +0000] "GET /api/User/analysis2 HTTP/1.1" 200 119
::1 - - [19/Dec/2020:12:53:47 +0000] "GET /api/User/analysis HTTP/1.1" 200 893
::1 - - [19/Dec/2020:12:54:35 +0000] "GET /api/User/analysis2 HTTP/1.1" 304 -
::1 - - [19/Dec/2020:12:54:35 +0000] "GET /api/User/analysis HTTP/1.1" 200 879
::1 - - [19/Dec/2020:12:55:13 +0000] "GET /api/User/analysis2 HTTP/1.1" 304 -
::1 - - [19/Dec/2020:12:55:21 +0000] "GET /api/User/analysis2 HTTP/1.1" 304 -
::1 - - [19/Dec/2020:12:55:21 +0000] "GET /api/User/analysis HTTP/1.1" 200 903
::1 - - [19/Dec/2020:12:56:01 +0000] "GET /api/User/analysis HTTP/1.1" 200 903
::1 - - [19/Dec/2020:12:56:08 +0000] "GET /api/User/analysis2 HTTP/1.1" 304 -
::1 - - [19/Dec/2020:12:56:08 +0000] "GET /api/User/analysis HTTP/1.1" 200 895
::1 - - [19/Dec/2020:12:56:52 +0000] "GET /api/User/analysis HTTP/1.1" 200 885
::1 - - [19/Dec/2020:12:56:56 +0000] "GET /api/User/analysis2 HTTP/1.1" 304 -
::1 - - [19/Dec/2020:12:56:56 +0000] "GET /api/User/analysis HTTP/1.1" 200 903
::1 - - [19/Dec/2020:12:57:44 +0000] "GET /api/User/analysis2 HTTP/1.1" 304 -
::1 - - [19/Dec/2020:12:57:48 +0000] "GET /api/User/analysis2 HTTP/1.1" 304 -
::1 - - [19/Dec/2020:12:57:48 +0000] "GET /api/User/analysis HTTP/1.1" 200 889
::1 - - [19/Dec/2020:13:00:12 +0000] "GET /api/User/analysis2 HTTP/1.1" 304 -
::1 - - [19/Dec/2020:13:00:18 +0000] "GET /api/User/analysis2 HTTP/1.1" 304 -
::1 - - [19/Dec/2020:13:00:18 +0000] "GET /api/User/analysis HTTP/1.1" 200 901
::1 - - [19/Dec/2020:13:00:36 +0000] "GET /api/User/analysis2 HTTP/1.1" 304 -
::1 - - [19/Dec/2020:13:00:56 +0000] "GET /api/User/analysis HTTP/1.1" 200 883
::1 - - [19/Dec/2020:13:01:00 +0000] "GET /api/User/analysis2 HTTP/1.1" 304 -
::1 - - [19/Dec/2020:13:01:00 +0000] "GET /api/User/analysis HTTP/1.1" 200 879
::1 - - [19/Dec/2020:13:01:46 +0000] "GET /api/User/analysis HTTP/1.1" 200 893
::1 - - [19/Dec/2020:13:01:49 +0000] "GET /api/User/analysis2 HTTP/1.1" 304 -
::1 - - [19/Dec/2020:13:01:49 +0000] "GET /api/User/analysis HTTP/1.1" 200 887
::1 - - [19/Dec/2020:13:17:19 +0000] "GET /api/User/analysis HTTP/1.1" 200 875
::1 - - [19/Dec/2020:13:17:26 +0000] "GET /api/User/analysis2 HTTP/1.1" 304 -
::1 - - [19/Dec/2020:13:17:26 +0000] "GET /api/User/analysis HTTP/1.1" 200 907
::1 - - [19/Dec/2020:13:18:05 +0000] "GET /api/User/analysis HTTP/1.1" 200 901
::1 - - [19/Dec/2020:13:18:11 +0000] "GET /api/User/analysis2 HTTP/1.1" 304 -
::1 - - [19/Dec/2020:13:18:11 +0000] "GET /api/User/analysis HTTP/1.1" 200 895
::1 - - [19/Dec/2020:13:20:24 +0000] "GET /api/User/analysis2 HTTP/1.1" 304 -
::1 - - [19/Dec/2020:13:21:40 +0000] "GET /api/User/analysis2 HTTP/1.1" 304 -
::1 - - [19/Dec/2020:13:24:01 +0000] "GET /api/User/analysis2 HTTP/1.1" 304 -
::1 - - [19/Dec/2020:13:24:30 +0000] "GET /api/User/analysis HTTP/1.1" 200 885
::1 - - [19/Dec/2020:13:24:43 +0000] "GET /api/User/analysis2 HTTP/1.1" 304 -
::1 - - [19/Dec/2020:13:24:43 +0000] "GET /api/User/analysis HTTP/1.1" 200 897
::1 - - [19/Dec/2020:13:25:09 +0000] "GET /api/User/analysis HTTP/1.1" 200 903
::1 - - [19/Dec/2020:13:25:20 +0000] "GET /api/User/analysis2 HTTP/1.1" 304 -
::1 - - [19/Dec/2020:13:25:20 +0000] "GET /api/User/analysis HTTP/1.1" 200 893
::1 - - [19/Dec/2020:13:25:35 +0000] "GET /api/User/analysis2 HTTP/1.1" 304 -
::1 - - [19/Dec/2020:13:25:35 +0000] "GET /api/User/analysis HTTP/1.1" 200 899
::1 - - [19/Dec/2020:13:25:54 +0000] "GET /api/User/analysis2 HTTP/1.1" 304 -
::1 - - [19/Dec/2020:13:25:54 +0000] "GET /api/User/analysis HTTP/1.1" 200 901
::1 - - [19/Dec/2020:13:26:17 +0000] "GET /api/User/analysis2 HTTP/1.1" 304 -
::1 - - [19/Dec/2020:13:26:17 +0000] "GET /api/User/analysis HTTP/1.1" 200 889
::1 - - [19/Dec/2020:13:26:44 +0000] "GET /api/User/analysis2 HTTP/1.1" 304 -
::1 - - [19/Dec/2020:13:26:44 +0000] "GET /api/User/analysis HTTP/1.1" 200 899
::1 - - [19/Dec/2020:13:41:16 +0000] "GET /api/User/analysis?type=month HTTP/1.1" - -
::1 - - [19/Dec/2020:13:41:31 +0000] "GET /api/User/analysis2?type=month HTTP/1.1" 200 119
::1 - - [19/Dec/2020:13:41:40 +0000] "GET /api/User/analysis?type=month HTTP/1.1" 200 143
::1 - - [19/Dec/2020:13:43:02 +0000] "GET /api/User/analysis?type=month HTTP/1.1" 200 97
::1 - - [19/Dec/2020:13:43:21 +0000] "GET /api/User/analysis?type=month HTTP/1.1" 200 97
::1 - - [19/Dec/2020:13:43:33 +0000] "GET /api/User/analysis?type=month HTTP/1.1" 200 199
::1 - - [19/Dec/2020:13:44:22 +0000] "GET /api/User/analysis?type=month HTTP/1.1" 200 454
::1 - - [19/Dec/2020:13:45:07 +0000] "GET /api/User/analysis?type=month HTTP/1.1" 200 723
::1 - - [19/Dec/2020:13:45:27 +0000] "GET /api/User/analysis?type=month HTTP/1.1" 200 670
::1 - - [19/Dec/2020:13:45:47 +0000] "GET /api/User/analysis?type=month HTTP/1.1" 200 764
::1 - - [19/Dec/2020:13:46:02 +0000] "GET /api/User/analysis?type=month HTTP/1.1" 200 772
::1 - - [19/Dec/2020:13:46:24 +0000] "GET /api/User/analysis?type=month HTTP/1.1" 200 648
::1 - - [19/Dec/2020:13:47:13 +0000] "GET /api/User/analysis?type=month HTTP/1.1" 200 770
::1 - - [19/Dec/2020:13:48:27 +0000] "GET /api/User/analysis?type=month HTTP/1.1" 200 772
::1 - - [19/Dec/2020:13:48:45 +0000] "GET /api/User/analysis?type=month HTTP/1.1" 200 1449
::1 - - [19/Dec/2020:13:49:01 +0000] "GET /api/User/analysis?type=month HTTP/1.1" 200 760
::1 - - [19/Dec/2020:13:49:52 +0000] "GET /api/User/analysis?type=month HTTP/1.1" 200 764
::1 - - [19/Dec/2020:13:50:57 +0000] "GET /api/User/analysis?type=month HTTP/1.1" 200 776
::1 - - [19/Dec/2020:13:53:06 +0000] "GET /api/User/analysis?type=month HTTP/1.1" 200 1478
::1 - - [19/Dec/2020:13:53:52 +0000] "GET /api/User/analysis?type=month HTTP/1.1" 200 1482
::1 - - [19/Dec/2020:13:54:15 +0000] "GET /api/User/analysis?type=month HTTP/1.1" 200 1482
::1 - - [19/Dec/2020:13:54:35 +0000] "GET /api/User/analysis?type=month HTTP/1.1" 400 50
::1 - - [19/Dec/2020:13:56:34 +0000] "GET /api/User/analysis?type=month HTTP/1.1" 200 1443
::1 - - [19/Dec/2020:13:59:14 +0000] "GET /api/User/analysis?type=month HTTP/1.1" 200 1390
::1 - - [19/Dec/2020:14:00:10 +0000] "GET /api/User/analysis?type=month HTTP/1.1" 200 1394
::1 - - [19/Dec/2020:14:01:31 +0000] "GET /api/User/analysis?type=month HTTP/1.1" 200 1412
::1 - - [19/Dec/2020:14:02:25 +0000] "GET /api/User/analysis?type=month HTTP/1.1" 200 872
::1 - - [19/Dec/2020:14:03:25 +0000] "GET /api/User/analysis?type=month HTTP/1.1" 200 894
::1 - - [19/Dec/2020:14:06:54 +0000] "GET /api/User/analysis?type=month HTTP/1.1" 400 50
::1 - - [19/Dec/2020:14:07:09 +0000] "GET /api/User/analysis?type=month HTTP/1.1" 200 180
::1 - - [19/Dec/2020:14:07:36 +0000] "GET /api/User/analysis?type=month HTTP/1.1" 200 180
::1 - - [19/Dec/2020:14:24:41 +0000] "GET /api/User/analysis?type=month HTTP/1.1" 200 180
::1 - - [19/Dec/2020:14:27:07 +0000] "GET /api/User/analysis?type=month HTTP/1.1" 400 50
::1 - - [19/Dec/2020:14:27:19 +0000] "GET /api/User/analysis?type=month HTTP/1.1" 200 180
::1 - - [19/Dec/2020:14:30:39 +0000] "GET /api/User/analysis?type=month HTTP/1.1" 200 173
::1 - - [19/Dec/2020:14:31:57 +0000] "GET /api/User/analysis?type=month HTTP/1.1" 200 173
::1 - - [19/Dec/2020:14:32:33 +0000] "GET /api/User/analysis?type=month HTTP/1.1" 200 173
::1 - - [19/Dec/2020:14:32:49 +0000] "GET /api/User/analysis?type=month HTTP/1.1" 200 173
::1 - - [19/Dec/2020:14:33:00 +0000] "GET /api/User/analysis?type=month HTTP/1.1" 200 180
::1 - - [19/Dec/2020:14:33:44 +0000] "GET /api/User/analysis?type=month HTTP/1.1" 200 182
::1 - - [19/Dec/2020:14:34:40 +0000] "GET /api/User/analysis?type=month HTTP/1.1" 200 182
::1 - - [19/Dec/2020:14:34:52 +0000] "GET /api/User/analysis?type=month HTTP/1.1" 200 182
::1 - - [19/Dec/2020:14:36:00 +0000] "GET /api/User/analysis?type=month HTTP/1.1" 200 183
::1 - - [19/Dec/2020:14:36:40 +0000] "GET /api/User/analysis?type=month HTTP/1.1" 200 97
::1 - - [19/Dec/2020:14:36:57 +0000] "GET /api/User/analysis?type=month HTTP/1.1" 200 183
::1 - - [19/Dec/2020:14:37:18 +0000] "GET /api/User/analysis?type=month HTTP/1.1" 200 183
::1 - - [19/Dec/2020:14:37:32 +0000] "GET /api/User/analysis?type=month HTTP/1.1" 200 190
::1 - - [19/Dec/2020:14:38:12 +0000] "GET /api/User/analysis?type=month HTTP/1.1" 200 167
::1 - - [19/Dec/2020:14:39:12 +0000] "GET /api/User/analysis?type=month HTTP/1.1" 200 167
::1 - - [19/Dec/2020:14:40:26 +0000] "GET /api/User/analysis?type=month HTTP/1.1" 200 610
::1 - - [19/Dec/2020:14:41:04 +0000] "GET /api/User/analysis?type=month HTTP/1.1" 200 624
::1 - - [19/Dec/2020:14:41:27 +0000] "GET /api/User/analysis?type=month HTTP/1.1" 200 620
::1 - - [19/Dec/2020:14:42:38 +0000] "GET /api/User/analysis?type=month HTTP/1.1" 200 624
::1 - - [19/Dec/2020:14:43:14 +0000] "GET /api/User/analysis?type=month HTTP/1.1" 200 614
::1 - - [19/Dec/2020:14:45:46 +0000] "GET /api/User/analysis2 HTTP/1.1" 304 -
::1 - - [19/Dec/2020:14:45:46 +0000] "GET /api/User/analysis?type=date HTTP/1.1" 200 17545
::1 - - [19/Dec/2020:14:47:04 +0000] "GET /api/User/analysis?type=month HTTP/1.1" 200 614
::ffff:127.0.0.1 - - [19/Dec/2020:14:47:35 +0000] "GET /api/User/analysis2 HTTP/1.1" 304 -
::ffff:127.0.0.1 - - [19/Dec/2020:14:47:35 +0000] "GET /api/User/analysis?type=month HTTP/1.1" 200 620
::ffff:127.0.0.1 - - [19/Dec/2020:14:47:52 +0000] "GET /api/User/analysis2 HTTP/1.1" 304 -
::1 - - [19/Dec/2020:14:47:52 +0000] "GET /api/User/analysis?type=month HTTP/1.1" 200 624
::1 - - [19/Dec/2020:18:29:34 +0000] "GET /api/User/analysis3 HTTP/1.1" 200 81
::1 - - [19/Dec/2020:18:31:03 +0000] "GET /api/User/analysis3 HTTP/1.1" 200 106
::1 - - [19/Dec/2020:18:34:09 +0000] "GET /api/User/analysis3 HTTP/1.1" 200 80
::1 - - [19/Dec/2020:18:37:13 +0000] "GET /api/User/analysis3 HTTP/1.1" 200 80
::1 - - [19/Dec/2020:18:38:00 +0000] "GET /api/User/analysis3 HTTP/1.1" 200 80
::1 - - [19/Dec/2020:20:01:25 +0000] "GET /api/User/analysis4 HTTP/1.1" 200 187
::1 - - [19/Dec/2020:20:03:37 +0000] "GET /api/User/analysis4 HTTP/1.1" 400 50
::1 - - [19/Dec/2020:20:04:31 +0000] "GET /api/User/analysis4 HTTP/1.1" 200 84
::1 - - [19/Dec/2020:20:05:26 +0000] "GET /api/User/analysis4 HTTP/1.1" 200 84
::1 - - [19/Dec/2020:20:07:42 +0000] "GET /api/User/analysis4 HTTP/1.1" 200 84
::1 - - [19/Dec/2020:20:13:47 +0000] "GET /api/User/analysis5 HTTP/1.1" 200 97
::1 - - [19/Dec/2020:20:14:23 +0000] "GET /api/User/analysis5 HTTP/1.1" 200 97
::1 - - [19/Dec/2020:20:16:36 +0000] "GET /api/User/analysis5 HTTP/1.1" 200 97
::1 - - [19/Dec/2020:20:17:06 +0000] "GET /api/User/analysis5 HTTP/1.1" 200 97
::1 - - [19/Dec/2020:20:18:35 +0000] "GET /api/User/analysis5?type=month HTTP/1.1" 200 616
::1 - - [19/Dec/2020:20:19:42 +0000] "GET /api/User/analysis5?type=month HTTP/1.1" 200 612
::1 - - [19/Dec/2020:20:20:28 +0000] "GET /api/User/analysis5?type=month HTTP/1.1" 200 626
::1 - - [19/Dec/2020:20:21:06 +0000] "GET /api/User/analysis5?type=month HTTP/1.1" 200 630
::1 - - [19/Dec/2020:20:21:38 +0000] "GET /api/User/analysis5?type=month HTTP/1.1" 200 676
::1 - - [19/Dec/2020:20:22:04 +0000] "GET /api/User/analysis5?type=month HTTP/1.1" 200 773
::1 - - [19/Dec/2020:20:24:31 +0000] "GET /api/User/analysis5?type=month HTTP/1.1" 200 781
::1 - - [19/Dec/2020:20:24:54 +0000] "GET /api/User/analysis5?type=month HTTP/1.1" 400 50
::1 - - [19/Dec/2020:20:25:07 +0000] "GET /api/User/analysis5?type=month HTTP/1.1" 200 785
::1 - - [19/Dec/2020:20:31:20 +0000] "GET /api/User/analysis5?type=month HTTP/1.1" 200 789
::1 - - [19/Dec/2020:20:37:15 +0000] "GET /api/User/analysis5?type=month HTTP/1.1" 200 724
::1 - - [19/Dec/2020:20:43:11 +0000] "GET /api/User/analysis6?type=month HTTP/1.1" 200 730
::1 - - [19/Dec/2020:20:43:35 +0000] "GET /api/User/analysis6?type=month HTTP/1.1" 400 50
::1 - - [19/Dec/2020:20:43:55 +0000] "GET /api/User/analysis6?type=month HTTP/1.1" 200 100
::1 - - [19/Dec/2020:20:47:13 +0000] "GET /api/User/analysis7?type=month HTTP/1.1" 200 100
::1 - - [19/Dec/2020:20:47:28 +0000] "GET /api/User/analysis7?type=month HTTP/1.1" 400 50
::1 - - [19/Dec/2020:20:48:00 +0000] "GET /api/User/analysis7?type=month HTTP/1.1" 200 54
::1 - - [19/Dec/2020:20:48:27 +0000] "GET /api/User/analysis7?type=month HTTP/1.1" 200 54
::1 - - [19/Dec/2020:20:48:54 +0000] "GET /api/User/analysis7?type=month HTTP/1.1" 200 3732
::1 - - [19/Dec/2020:20:49:04 +0000] "GET /api/User/analysis7?type=month HTTP/1.1" 200 105
::1 - - [19/Dec/2020:20:50:25 +0000] "GET /api/User/analysis7?type=month HTTP/1.1" 200 82
::1 - - [19/Dec/2020:20:51:37 +0000] "GET /api/User/analysis6?type=month HTTP/1.1" 200 74
::1 - - [19/Dec/2020:20:52:28 +0000] "GET /api/User/analysis6?type=month HTTP/1.1" 400 50
::1 - - [19/Dec/2020:20:52:42 +0000] "GET /api/User/analysis6?type=month HTTP/1.1" 200 77
