::1 - - [21/Oct/2020:11:10:58 +0000] "GET /api/Employee/Customer/Refill_Balance?_id=5f7df89529b7f741bc315e57 HTTP/1.1" 401 -
::1 - - [21/Oct/2020:11:11:08 +0000] "POST /api/Employee/login HTTP/1.1" 200 375
::1 - - [21/Oct/2020:11:11:26 +0000] "GET /api/Employee/Customer/Refill_Balance?_id=5f7df89529b7f741bc315e57 HTTP/1.1" 404 175
::1 - - [21/Oct/2020:11:12:57 +0000] "POST /api/Employee/Customer/Refill_Balance?_id=5f7df89529b7f741bc315e57 HTTP/1.1" 400 50
::1 - - [21/Oct/2020:11:20:00 +0000] "POST /api/Employee/Customer/Refill_Balance?_id=5f7df89529b7f741bc315e57 HTTP/1.1" 200 90
::1 - - [21/Oct/2020:11:21:03 +0000] "POST /api/Employee/Customer/Refill_Balance?_id=5f7df89529b7f741bc315e57 HTTP/1.1" 200 90
::1 - - [21/Oct/2020:11:21:40 +0000] "POST /api/Employee/Customer/Refill_Balance?_id=5f7df89529b7f741bc315e57 HTTP/1.1" 200 90
::1 - - [21/Oct/2020:11:24:27 +0000] "POST /api/Employee/Customer/Refill_Balance?_id=5f7df89529b7f741bc315e57 HTTP/1.1" 200 70
::1 - - [21/Oct/2020:11:25:45 +0000] "POST /api/Employee/Customer/Refill_Balance?_id=5f7df89529b7f741bc315e57 HTTP/1.1" 400 50
::1 - - [21/Oct/2020:11:27:00 +0000] "POST /api/Employee/Customer/Refill_Balance?_id=5f7df89529b7f741bc315e57 HTTP/1.1" 400 50
::1 - - [21/Oct/2020:11:29:15 +0000] "POST /api/Employee/Customer/Refill_Balance?_id=5f7df89529b7f741bc315e57 HTTP/1.1" 400 50
::1 - - [21/Oct/2020:11:32:10 +0000] "POST /api/Employee/Customer/Refill_Balance?_id=5f7df89529b7f741bc315e57 HTTP/1.1" 200 97
::1 - - [21/Oct/2020:11:36:26 +0000] "POST /api/Employee/Customer/Refill_Balance?_id=5f7df89529b7f741bc315e57 HTTP/1.1" 200 74
::1 - - [21/Oct/2020:11:37:48 +0000] "POST /api/Employee/Customer/Refill_Balance?_id=5f7dfa6f1fa720232896d2c1 HTTP/1.1" 200 58
::1 - - [21/Oct/2020:11:42:48 +0000] "POST /api/Employee/Customer/Refill_Balance?_id=5f7dfa6f1fa720232896d2c1 HTTP/1.1" 400 50
::1 - - [21/Oct/2020:11:44:39 +0000] "POST /api/Employee/Customer/Refill_Balance?_id=5f7dfa6f1fa720232896d2c1 HTTP/1.1" 400 50
::1 - - [21/Oct/2020:11:45:23 +0000] "POST /api/Employee/Customer/Refill_Balance?_id=5f7dfa6f1fa720232896d2c1 HTTP/1.1" 400 73
::1 - - [21/Oct/2020:11:46:45 +0000] "POST /api/Employee/Customer/Refill_Balance?_id=5f7dfa6f1fa720232896d2c1 HTTP/1.1" 400 50
::1 - - [21/Oct/2020:11:47:20 +0000] "POST /api/Employee/Customer/Refill_Balance?_id=5f7dfa6f1fa720232896d2c1 HTTP/1.1" 200 58
::1 - - [21/Oct/2020:11:58:41 +0000] "POST /api/Employee/Customer/Refill_Balance?_id=5f7dfa6f1fa720232896d2c1 HTTP/1.1" 400 50
::1 - - [21/Oct/2020:11:59:01 +0000] "POST /api/Employee/Customer/Refill_Balance?_id=5f7dfa6f1fa720232896d2c1 HTTP/1.1" 200 91
::1 - - [21/Oct/2020:11:59:48 +0000] "POST /api/Employee/Customer/Refill_Balance?_id=5f7dfa6f1fa720232896d2c1 HTTP/1.1" 200 91
::1 - - [21/Oct/2020:12:00:28 +0000] "POST /api/Employee/Customer/Refill_Balance?_id=5f7dfa6f1fa720232896d2c1 HTTP/1.1" 200 91
::1 - - [21/Oct/2020:12:00:52 +0000] "POST /api/Employee/Customer/Refill_Balance?_id=5f7dfa6f1fa720232896d2c1 HTTP/1.1" 200 91
::1 - - [21/Oct/2020:12:01:05 +0000] "POST /api/Employee/Customer/Refill_Balance?_id=5f7dfa6f1fa720232896d2c1 HTTP/1.1" 200 91
::1 - - [21/Oct/2020:12:01:36 +0000] "POST /api/Employee/Customer/Refill_Balance?_id=5f7dfa6f1fa720232896d2c1 HTTP/1.1" 200 91
::1 - - [21/Oct/2020:12:02:04 +0000] "POST /api/Employee/Customer/Refill_Balance?_id=5f7dfa6f1fa720232896d2c1 HTTP/1.1" 200 75
::1 - - [21/Oct/2020:12:03:52 +0000] "POST /api/Employee/Customer/Refill_Balance?_id=5f7dfa6f1fa720232896d2c1 HTTP/1.1" 200 91
::1 - - [21/Oct/2020:12:12:40 +0000] "POST /api/Employee/Customer/Refill_Balance?_id=5f7dfa6f1fa720232896d2c1 HTTP/1.1" 200 91
::1 - - [21/Oct/2020:12:13:43 +0000] "POST /api/Employee/Customer/Refill_Balance?_id=5f7dfa6f1fa720232896d2c1 HTTP/1.1" 200 91
::1 - - [21/Oct/2020:12:49:45 +0000] "POST /api/Employee/Customer/register HTTP/1.1" 400 50
::1 - - [21/Oct/2020:12:54:13 +0000] "POST /api/Employee/Customer/register HTTP/1.1" 200 66
::1 - - [21/Oct/2020:12:54:44 +0000] "POST /api/Employee/Customer/register HTTP/1.1" 200 60
::1 - - [21/Oct/2020:12:55:41 +0000] "POST /api/Employee/Customer/register HTTP/1.1" 200 60
::1 - - [21/Oct/2020:12:56:23 +0000] "POST /api/Employee/Customer/register HTTP/1.1" 200 148
::1 - - [21/Oct/2020:13:01:06 +0000] "POST /api/Employee/Customer/register HTTP/1.1" 200 60
::1 - - [21/Oct/2020:13:05:16 +0000] "POST /api/Employee/Customer/register HTTP/1.1" 200 102
::1 - - [21/Oct/2020:13:05:32 +0000] "POST /api/Employee/Customer/register HTTP/1.1" 200 60
