::1 - - [22/Oct/2020:12:26:00 +0000] "POST /api/Employee/Customer/register HTTP/1.1" 401 -
::1 - - [22/Oct/2020:12:26:06 +0000] "POST /api/Employee/login HTTP/1.1" 200 375
::1 - - [22/Oct/2020:12:26:27 +0000] "POST /api/Employee/Customer/register HTTP/1.1" 200 60
::1 - - [22/Oct/2020:12:27:12 +0000] "POST /api/Employee/Customer/register HTTP/1.1" 200 60
::1 - - [22/Oct/2020:12:39:10 +0000] "GET /api/Employee/Customer/view_Wallet_Transaction?_id=5f7dfa6f1fa720232896d2c1 HTTP/1.1" 401 -
::1 - - [22/Oct/2020:12:39:19 +0000] "GET /api/Employee/Customer/view_Wallet_Transaction?_id=5f7dfa6f1fa720232896d2c1 HTTP/1.1" 401 -
::1 - - [22/Oct/2020:12:40:36 +0000] "GET /api/Employee/Customer/view_Wallet_Transaction?_id=5f7dfa6f1fa720232896d2c1 HTTP/1.1" 400 50
::1 - - [22/Oct/2020:12:43:29 +0000] "GET /api/Employee/Customer/view_Wallet_Transaction?_id=5f7dfa6f1fa720232896d2c1 HTTP/1.1" - -
::1 - - [22/Oct/2020:12:48:10 +0000] "GET /api/Employee/Customer/view_Wallet_Transaction?_id=5f7dfa6f1fa720232896d2c1 HTTP/1.1" - -
::1 - - [22/Oct/2020:12:49:43 +0000] "GET /api/Employee/Customer/view_Wallet_Transaction?_id=5f7dfa6f1fa720232896d2c1 HTTP/1.1" - -
::1 - - [22/Oct/2020:12:55:14 +0000] "GET /api/Employee/Customer/view_Wallet_Transaction?_id=5f7dfa6f1fa720232896d2c1 HTTP/1.1" 200 87
::1 - - [22/Oct/2020:12:55:44 +0000] "GET /api/Employee/Customer/view_Wallet_Transaction?_id=5f7dfa6f1fa720232896d2c1 HTTP/1.1" 200 87
::1 - - [22/Oct/2020:12:56:15 +0000] "GET /api/Employee/Customer/view_Wallet_Transaction?_id=5f7dfa6f1fa720232896d2c1 HTTP/1.1" 200 87
::1 - - [22/Oct/2020:12:56:43 +0000] "GET /api/Employee/Customer/view_Wallet_Transaction?_id=5f7dfa6f1fa720232896d2c1 HTTP/1.1" 200 87
::1 - - [22/Oct/2020:12:58:05 +0000] "GET /api/Employee/Customer/view_Wallet_Transaction?_id=5f7dfa6f1fa720232896d2c1 HTTP/1.1" - -
::1 - - [22/Oct/2020:12:58:29 +0000] "GET /api/Employee/Customer/view_Wallet_Transaction?_id=5f7dfa6f1fa720232896d2c1 HTTP/1.1" - -
::1 - - [22/Oct/2020:13:00:16 +0000] "GET /api/Employee/Customer/view_Wallet_Transaction?_id=5f7dfa6f1fa720232896d2c1 HTTP/1.1" - -
::1 - - [22/Oct/2020:13:00:35 +0000] "GET /api/Employee/Customer/view_Wallet_Transaction?_id=5f7dfa6f1fa720232896d2c1 HTTP/1.1" 400 50
::1 - - [22/Oct/2020:13:01:08 +0000] "GET /api/Employee/Customer/view_Wallet_Transaction?_id=5f7dfa6f1fa720232896d2c1 HTTP/1.1" 400 50
::1 - - [22/Oct/2020:13:01:58 +0000] "GET /api/Employee/Customer/view_Wallet_Transaction?_id=5f7dfa6f1fa720232896d2c1 HTTP/1.1" 400 50
::1 - - [22/Oct/2020:13:02:33 +0000] "GET /api/Employee/Customer/view_Wallet_Transaction?_id=5f9031123b6aca48642b3cd9 HTTP/1.1" 200 87
::1 - - [22/Oct/2020:13:03:18 +0000] "GET /api/Employee/Customer/view_Wallet_Transaction?_id=5f9031123b6aca48642b3cd9 HTTP/1.1" 200 87
::1 - - [22/Oct/2020:13:03:56 +0000] "GET /api/Employee/Customer/view_Wallet_Transaction?_id=5f9031123b6aca48642b3cd9 HTTP/1.1" 200 87
::1 - - [22/Oct/2020:13:04:13 +0000] "GET /api/Employee/Customer/view_Wallet_Transaction?_id=5f9031123b6aca48642b3cd9 HTTP/1.1" 200 87
::1 - - [22/Oct/2020:13:04:38 +0000] "GET /api/Employee/Customer/view_Wallet_Transaction?_id=5f9031123b6aca48642b3cd9 HTTP/1.1" 200 87
::1 - - [22/Oct/2020:13:05:20 +0000] "GET /api/Employee/Customer/view_Wallet_Transaction?_id=5f9031123b6aca48642b3cd9 HTTP/1.1" 200 87
::1 - - [22/Oct/2020:13:06:21 +0000] "GET /api/Employee/Customer/view_Wallet_Transaction?_id=5f9031123b6aca48642b3cd9 HTTP/1.1" 200 87
::1 - - [22/Oct/2020:13:06:41 +0000] "GET /api/Employee/Customer/view_Wallet_Transaction?_id=5f9031123b6aca48642b3cd9 HTTP/1.1" 200 87
::1 - - [22/Oct/2020:13:08:42 +0000] "GET /api/Employee/Customer/view_Wallet_Transaction?_id=5f9031123b6aca48642b3cd9 HTTP/1.1" 200 87
::1 - - [22/Oct/2020:13:10:59 +0000] "GET /api/Employee/Customer/view_Wallet_Transaction?_id=5f9031123b6aca48642b3cd9 HTTP/1.1" 200 87
::1 - - [22/Oct/2020:13:12:59 +0000] "GET /api/Employee/Customer/view_Wallet_Transaction?_id=5f9031123b6aca48642b3cd9 HTTP/1.1" 200 87
::1 - - [22/Oct/2020:13:14:04 +0000] "GET /api/Employee/Customer/view_Wallet_Transaction?_id=5f9031123b6aca48642b3cd9 HTTP/1.1" 200 87
::1 - - [22/Oct/2020:13:14:40 +0000] "GET /api/Employee/Customer/view_Wallet_Transaction?_id=5f9031123b6aca48642b3cd9 HTTP/1.1" 200 87
::1 - - [22/Oct/2020:13:15:38 +0000] "GET /api/Employee/Customer/view_Wallet_Transaction?_id=5f9031123b6aca48642b3cd9 HTTP/1.1" 200 87
::1 - - [22/Oct/2020:13:15:53 +0000] "GET /api/Employee/Customer/view_Wallet_Transaction?_id=5f9031123b6aca48642b3cd9 HTTP/1.1" 200 87
::1 - - [22/Oct/2020:13:16:44 +0000] "GET /api/Employee/Customer/view_Wallet_Transaction?_id=5f9031123b6aca48642b3cd9 HTTP/1.1" 200 87
::1 - - [22/Oct/2020:13:17:15 +0000] "GET /api/Employee/Customer/view_Wallet_Transaction?_id=5f9031123b6aca48642b3cd9 HTTP/1.1" 200 87
::1 - - [22/Oct/2020:13:18:37 +0000] "GET /api/Employee/Customer/view_Wallet_Transaction?_id=5f9031123b6aca48642b3cd9 HTTP/1.1" 400 50
::1 - - [22/Oct/2020:13:18:53 +0000] "GET /api/Employee/Customer/view_Wallet_Transaction?_id=5f9031123b6aca48642b3cd9 HTTP/1.1" 200 87
::1 - - [22/Oct/2020:13:19:38 +0000] "GET /api/Employee/Customer/view_Wallet_Transaction?_id=5f9031123b6aca48642b3cd9 HTTP/1.1" 200 1618
::1 - - [22/Oct/2020:13:20:13 +0000] "GET /api/Employee/Customer/view_Wallet_Transaction?_id=5f9031123b6aca48642b3cd9 HTTP/1.1" 200 1618
::1 - - [22/Oct/2020:13:23:44 +0000] "GET /api/Employee/Customer/view_Wallet_Transaction?_id=5f9031123b6aca48642b3cd9 HTTP/1.1" 200 1618
::1 - - [22/Oct/2020:13:25:06 +0000] "GET /api/Employee/Customer/view_Wallet_Transaction?_id=5f7dce2359aaf004985f98eb HTTP/1.1" 200 29
::1 - - [22/Oct/2020:13:25:56 +0000] "GET /api/Employee/Customer/view_Wallet_Transaction?_id=5f7dce2359aaf004985f98eb HTTP/1.1" 200 49
::1 - - [22/Oct/2020:13:43:13 +0000] "GET /api/Employee/Customer/Reset_Account?_id=5f902fcdf1e945313cb46ae4 HTTP/1.1" 404 174
::1 - - [22/Oct/2020:13:43:43 +0000] "POST /api/Employee/Customer/Reset_Account?_id=5f902fcdf1e945313cb46ae4 HTTP/1.1" 200 79
::1 - - [22/Oct/2020:13:44:29 +0000] "POST /api/Employee/Customer/Reset_Account?_id=5f902fcdf1e945313cb46ae4 HTTP/1.1" 200 79
::1 - - [22/Oct/2020:13:46:11 +0000] "POST /api/Employee/Customer/Reset_Account?_id=5f902fcdf1e945313cb46ae4 HTTP/1.1" 200 79
::1 - - [22/Oct/2020:13:47:09 +0000] "POST /api/Employee/Customer/Reset_Account?_id=5f902fcdf1e945313cb46ae4 HTTP/1.1" 200 85
::1 - - [22/Oct/2020:13:52:05 +0000] "POST /api/Employee/Customer/deactivate_credential?_id=5f902fcdf1e945313cb46ae4 HTTP/1.1" - -
::1 - - [22/Oct/2020:13:53:14 +0000] "POST /api/Employee/Customer/deactivate_credential?_id=5f902fcdf1e945313cb46ae4 HTTP/1.1" - -
::1 - - [22/Oct/2020:13:53:43 +0000] "POST /api/Employee/Customer/deactivate_credential?_id=5f902fcdf1e945313cb46ae4 HTTP/1.1" - -
::1 - - [22/Oct/2020:13:54:31 +0000] "POST /api/Employee/Customer/deactivate_credential?_id=5f902fcdf1e945313cb46ae4 HTTP/1.1" - -
::1 - - [22/Oct/2020:13:55:02 +0000] "POST /api/Employee/Customer/deactivate_credential?_id=5f902fcdf1e945313cb46ae4 HTTP/1.1" 400 50
