::1 - - [10/Nov/2020:04:41:43 +0000] "POST /api/User/Employee/login HTTP/1.1" 200 375
::1 - - [10/Nov/2020:04:42:04 +0000] "GET /api/Employee/Route/draw_route HTTP/1.1" - -
::1 - - [10/Nov/2020:04:45:32 +0000] "GET /api/Employee/Route/draw_route HTTP/1.1" - -
::1 - - [10/Nov/2020:05:17:09 +0000] "GET /api/Employee/Route/draw_route HTTP/1.1" - -
::1 - - [10/Nov/2020:05:42:51 +0000] "GET /api/Employee/Route/draw_route HTTP/1.1" 400 50
::1 - - [10/Nov/2020:05:45:28 +0000] "GET /api/Employee/Route/draw_route HTTP/1.1" - -
::1 - - [10/Nov/2020:05:50:27 +0000] "GET /api/Employee/Route/draw_route HTTP/1.1" - -
::1 - - [10/Nov/2020:06:13:17 +0000] "GET /api/Employee/Route/draw_route HTTP/1.1" - -
::1 - - [10/Nov/2020:06:15:03 +0000] "GET /api/Employee/Route/draw_route HTTP/1.1" - -
::1 - - [10/Nov/2020:06:19:33 +0000] "GET /api/Employee/Route/draw_route HTTP/1.1" - -
::1 - - [10/Nov/2020:06:21:17 +0000] "GET /api/Employee/Route/draw_route HTTP/1.1" - -
::1 - - [10/Nov/2020:06:23:43 +0000] "GET /api/Employee/Route/draw_route HTTP/1.1" - -
::1 - - [10/Nov/2020:06:48:37 +0000] "GET /api/Employee/Route/draw_route HTTP/1.1" - -
::1 - - [10/Nov/2020:07:01:57 +0000] "GET /api/Employee/Route/draw_route HTTP/1.1" - -
::1 - - [10/Nov/2020:09:01:49 +0000] "GET /api/Employee/Route/draw_route HTTP/1.1" 200 15005
::1 - - [10/Nov/2020:09:02:38 +0000] "GET /api/Employee/Route/draw_route HTTP/1.1" 200 15005
::1 - - [10/Nov/2020:09:24:00 +0000] "GET /api/Employee/Route/draw_route HTTP/1.1" 200 15005
::1 - - [10/Nov/2020:09:48:01 +0000] "POST /api/Employee/Route/register HTTP/1.1" 401 -
::1 - - [10/Nov/2020:09:48:19 +0000] "POST /api/Employee/Route/register HTTP/1.1" 400 50
::1 - - [10/Nov/2020:09:51:23 +0000] "POST /api/Employee/Route/register HTTP/1.1" 400 50
::1 - - [10/Nov/2020:09:51:37 +0000] "POST /api/Employee/Route/register HTTP/1.1" 200 333
::1 - - [10/Nov/2020:09:52:46 +0000] "POST /api/Employee/Route/register HTTP/1.1" 200 360
::1 - - [10/Nov/2020:09:54:02 +0000] "POST /api/Employee/Route/register HTTP/1.1" 200 360
::1 - - [10/Nov/2020:09:54:34 +0000] "POST /api/Employee/Route/register HTTP/1.1" 200 360
::1 - - [10/Nov/2020:09:55:23 +0000] "POST /api/Employee/Route/register HTTP/1.1" 200 360
::1 - - [10/Nov/2020:09:55:38 +0000] "POST /api/Employee/Route/register HTTP/1.1" 200 360
::1 - - [10/Nov/2020:09:56:04 +0000] "POST /api/Employee/Route/register HTTP/1.1" 200 360
::1 - - [10/Nov/2020:09:56:28 +0000] "POST /api/Employee/Route/register HTTP/1.1" 200 360
::1 - - [10/Nov/2020:09:57:03 +0000] "POST /api/Employee/Route/register HTTP/1.1" 200 360
::1 - - [10/Nov/2020:09:58:12 +0000] "POST /api/Employee/Route/register HTTP/1.1" 200 360
::1 - - [10/Nov/2020:09:59:15 +0000] "POST /api/Employee/Route/register HTTP/1.1" 200 618
::1 - - [10/Nov/2020:09:59:51 +0000] "POST /api/Employee/Route/register HTTP/1.1" 200 629
::1 - - [10/Nov/2020:10:01:38 +0000] "POST /api/Employee/Route/register HTTP/1.1" 200 629
::1 - - [10/Nov/2020:10:04:41 +0000] "POST /api/Employee/Route/register HTTP/1.1" 200 64
::1 - - [10/Nov/2020:10:05:30 +0000] "POST /api/Employee/Route/register HTTP/1.1" 200 63
::1 - - [10/Nov/2020:10:08:52 +0000] "POST /api/Employee/Route/register HTTP/1.1" 200 63
::1 - - [10/Nov/2020:10:10:14 +0000] "POST /api/Employee/Route/register HTTP/1.1" 400 50
::1 - - [10/Nov/2020:10:12:11 +0000] "GET /api/Employee/Route/draw_route HTTP/1.1" 200 6955
::1 - - [10/Nov/2020:10:12:41 +0000] "POST /api/Employee/Route/register HTTP/1.1" 200 64
::1 - - [10/Nov/2020:10:13:12 +0000] "POST /api/Employee/Route/register HTTP/1.1" 200 63
::1 - - [20/Nov/2020:09:31:22 +0000] "POST /api/User/Customer/login HTTP/1.1" 200 674
::1 - - [20/Nov/2020:09:31:57 +0000] "POST /api/Machine/Ticket/buy HTTP/1.1" 400 50
::1 - - [20/Nov/2020:09:32:35 +0000] "POST /api/Machine/Ticket/buy HTTP/1.1" - -
::1 - - [20/Nov/2020:09:37:50 +0000] "POST /api/Machine/Ticket/buy HTTP/1.1" - -
::1 - - [20/Nov/2020:09:41:30 +0000] "POST /api/Machine/Ticket/buy HTTP/1.1" - -
::1 - - [20/Nov/2020:09:41:44 +0000] "POST /api/Machine/Ticket/buy HTTP/1.1" - -
::1 - - [20/Nov/2020:09:48:02 +0000] "POST /api/Machine/Ticket/buy HTTP/1.1" - -
::1 - - [20/Nov/2020:10:11:01 +0000] "POST /api/Machine/Ticket/buy HTTP/1.1" - -
::1 - - [20/Nov/2020:10:20:02 +0000] "POST /api/Machine/Ticket/buy HTTP/1.1" - -
::1 - - [20/Nov/2020:10:23:38 +0000] "POST /api/Machine/Ticket/buy HTTP/1.1" - -
::1 - - [20/Nov/2020:10:47:50 +0000] "POST /api/Machine/Ticket/buy HTTP/1.1" - -
::1 - - [20/Nov/2020:10:56:13 +0000] "POST /api/Machine/Ticket/buy HTTP/1.1" 400 50
::1 - - [20/Nov/2020:11:02:36 +0000] "POST /api/Machine/Ticket/buy HTTP/1.1" - -
::1 - - [20/Nov/2020:11:05:07 +0000] "POST /api/Machine/Ticket/buy HTTP/1.1" - -
::1 - - [20/Nov/2020:11:08:13 +0000] "POST /api/Machine/Ticket/buy HTTP/1.1" - -
::1 - - [20/Nov/2020:11:27:21 +0000] "POST /api/Machine/Ticket/buy HTTP/1.1" - -
::1 - - [20/Nov/2020:11:32:49 +0000] "POST /api/Machine/Ticket/buy HTTP/1.1" - -
::1 - - [20/Nov/2020:11:40:27 +0000] "POST /api/Machine/Ticket/buy HTTP/1.1" 401 -
::1 - - [20/Nov/2020:11:41:25 +0000] "POST /api/Machine/Ticket/buy HTTP/1.1" 401 -
::1 - - [20/Nov/2020:11:41:32 +0000] "POST /api/User/Customer/login HTTP/1.1" 200 674
::1 - - [20/Nov/2020:11:44:54 +0000] "POST /api/Machine/Ticket/buy HTTP/1.1" - -
::1 - - [20/Nov/2020:11:50:55 +0000] "POST /api/Machine/Ticket/buy HTTP/1.1" - -
::1 - - [20/Nov/2020:11:55:08 +0000] "POST /api/Machine/Ticket/buy HTTP/1.1" - -
::1 - - [20/Nov/2020:12:20:54 +0000] "POST /api/Machine/Ticket/buy HTTP/1.1" - -
::1 - - [20/Nov/2020:12:49:28 +0000] "POST /api/Machine/Ticket/buy HTTP/1.1" - -
::1 - - [20/Nov/2020:12:56:19 +0000] "POST /api/Machine/Ticket/buy HTTP/1.1" - -
::1 - - [24/Nov/2020:18:42:36 +0000] "POST /api/User/Employee/login HTTP/1.1" 200 375
::1 - - [24/Nov/2020:18:48:37 +0000] "GET /api/Employee/Fare/register HTTP/1.1" 404 165
::1 - - [24/Nov/2020:18:49:51 +0000] "POST /api/Employee/Fare/register HTTP/1.1" 200 125
::1 - - [24/Nov/2020:18:51:12 +0000] "POST /api/Employee/Fare/register HTTP/1.1" 200 63
::1 - - [24/Nov/2020:18:52:15 +0000] "POST /api/Employee/Fare/register HTTP/1.1" 400 50
::1 - - [24/Nov/2020:18:53:15 +0000] "POST /api/Employee/Fare/register HTTP/1.1" 200 63
::1 - - [24/Nov/2020:18:53:29 +0000] "POST /api/Employee/Fare/register HTTP/1.1" 200 72
::1 - - [24/Nov/2020:19:02:23 +0000] "POST /api/Employee/Fare/find?limit=1&fare_Id=fr1209875643 HTTP/1.1" 404 162
::1 - - [24/Nov/2020:19:02:28 +0000] "GET /api/Employee/Fare/find?limit=1&fare_Id=fr1209875643 HTTP/1.1" 400 50
::1 - - [24/Nov/2020:19:03:15 +0000] "GET /api/Employee/Fare/find?limit=1&fare_Id=fr1209875643 HTTP/1.1" 400 50
::1 - - [24/Nov/2020:19:03:48 +0000] "GET /api/Employee/Fare/find?limit=1&fare_Id=fr1209875643 HTTP/1.1" 400 50
::1 - - [24/Nov/2020:19:04:10 +0000] "GET /api/Employee/Fare/find?limit=1&fare_Id=fr1209875643 HTTP/1.1" 200 233
::1 - - [24/Nov/2020:19:04:39 +0000] "GET /api/Employee/Fare/find?limit=1&fare_Id=fr1209875643 HTTP/1.1" 200 684
::1 - - [24/Nov/2020:19:05:06 +0000] "GET /api/Employee/Fare/find?limit=1&_id=5fbd56a90672ad3b6c8800df HTTP/1.1" 200 684
::1 - - [24/Nov/2020:19:05:12 +0000] "GET /api/Employee/Fare/find?limit=1&_id=5fbd56a90672ad3b6c8800d HTTP/1.1" 400 50
::1 - - [24/Nov/2020:19:05:35 +0000] "GET /api/Employee/Fare/find?limit=1&fare_Id=fr120987564 HTTP/1.1" 200 47
::1 - - [24/Nov/2020:19:07:05 +0000] "GET /api/Employee/Fare/find?limit=1&_id=5fbd56a90672ad3b6c8800df HTTP/1.1" 200 684
::1 - - [24/Nov/2020:19:08:44 +0000] "POST /api/Employee/Fare/update?_id=5fbd56a90672ad3b6c8800df HTTP/1.1" 400 50
::1 - - [24/Nov/2020:19:09:56 +0000] "POST /api/Employee/Fare/update?_id=5fbd56a90672ad3b6c8800df HTTP/1.1" 200 69
::1 - - [24/Nov/2020:19:12:08 +0000] "POST /api/Employee/Fare/register HTTP/1.1" 200 72
::1 - - [24/Nov/2020:19:31:49 +0000] "POST /api/User/Customer/login HTTP/1.1" 200 674
::1 - - [24/Nov/2020:19:34:03 +0000] "GET /api/Customer/Ticket/buy HTTP/1.1" 404 162
::1 - - [24/Nov/2020:19:34:10 +0000] "POST /api/Customer/Ticket/buy HTTP/1.1" - -
::1 - - [24/Nov/2020:19:34:40 +0000] "POST /api/Customer/Ticket/buy HTTP/1.1" - -
::1 - - [24/Nov/2020:19:35:07 +0000] "POST /api/Employee/Fare/register HTTP/1.1" 200 72
::1 - - [24/Nov/2020:19:35:43 +0000] "POST /api/Customer/Ticket/buy HTTP/1.1" - -
::1 - - [24/Nov/2020:19:36:39 +0000] "POST /api/Customer/Ticket/buy HTTP/1.1" 200 256
::1 - - [24/Nov/2020:19:57:56 +0000] "POST /api/User/Machine/login HTTP/1.1" 200 545
::1 - - [24/Nov/2020:19:58:31 +0000] "GET /api/Machine/Transaction/register HTTP/1.1" 404 171
::1 - - [24/Nov/2020:19:58:36 +0000] "POST /api/Machine/Transaction/register HTTP/1.1" 200 63
::1 - - [24/Nov/2020:19:59:37 +0000] "POST /api/Machine/Transaction/register HTTP/1.1" 200 63
::1 - - [24/Nov/2020:20:03:21 +0000] "POST /api/Machine/Transaction/register HTTP/1.1" 400 50
::1 - - [24/Nov/2020:20:06:59 +0000] "POST /api/Machine/Transaction/register HTTP/1.1" 200 58
::1 - - [24/Nov/2020:20:07:27 +0000] "POST /api/Machine/Transaction/register HTTP/1.1" 200 58
::1 - - [24/Nov/2020:20:08:01 +0000] "POST /api/Machine/Transaction/register HTTP/1.1" 200 58
::1 - - [24/Nov/2020:20:08:28 +0000] "POST /api/Machine/Transaction/register HTTP/1.1" 200 58
::1 - - [24/Nov/2020:20:09:14 +0000] "POST /api/Machine/Transaction/register HTTP/1.1" 400 50
