::1 - - [26/Oct/2020:14:00:36 +0000] "POST /api/Employee/login HTTP/1.1" 500 4190
::1 - - [26/Oct/2020:14:01:02 +0000] "POST /api/Employee/login HTTP/1.1" 200 380
::1 - - [26/Oct/2020:16:06:44 +0000] "GET /api/Customer/login HTTP/1.1" 500 2276
::1 - - [26/Oct/2020:16:06:49 +0000] "POST /api/Customer/login HTTP/1.1" 500 4190
::1 - - [26/Oct/2020:16:09:57 +0000] "POST /api//User/Employee/login HTTP/1.1" 500 4190
::1 - - [26/Oct/2020:16:10:09 +0000] "POST /api/User/Employee/login HTTP/1.1" 500 4190
::1 - - [26/Oct/2020:16:10:43 +0000] "POST /api/User/Employee/login HTTP/1.1" 500 4190
::1 - - [26/Oct/2020:16:11:26 +0000] "POST /api/User/Employee/login HTTP/1.1" 500 4190
::1 - - [26/Oct/2020:16:12:15 +0000] "POST /api/User/Employee/login HTTP/1.1" 500 3793
::1 - - [26/Oct/2020:16:12:37 +0000] "POST /api/User/Employee/login HTTP/1.1" 200 380
::1 - - [26/Oct/2020:16:13:34 +0000] "POST /api/User/Employee/login HTTP/1.1" 200 380
::1 - - [26/Oct/2020:16:14:20 +0000] "POST /api/User/Employee/login HTTP/1.1" 200 380
::1 - - [26/Oct/2020:16:15:17 +0000] "POST /api/User/Customer/login HTTP/1.1" 200 51
::1 - - [26/Oct/2020:16:15:56 +0000] "POST /api/User/Customer/login HTTP/1.1" 200 51
::1 - - [26/Oct/2020:16:17:01 +0000] "POST /api/User/Customer/login HTTP/1.1" 200 70
::1 - - [26/Oct/2020:16:17:29 +0000] "POST /api/User/Customer/login HTTP/1.1" 200 666
::1 - - [26/Oct/2020:16:18:37 +0000] "POST /api/User/Customer/login HTTP/1.1" 200 666
::1 - - [26/Oct/2020:16:25:12 +0000] "POST /api/User/Customer/login HTTP/1.1" 200 666
::1 - - [26/Oct/2020:16:30:52 +0000] "GET /api/Customer/view_Wallet_Transaction HTTP/1.1" 401 -
::1 - - [26/Oct/2020:16:32:27 +0000] "POST /api/User/Customer/login HTTP/1.1" 200 666
::1 - - [26/Oct/2020:16:32:44 +0000] "GET /api/Customer/view_Wallet_Transaction HTTP/1.1" 200 31
::1 - - [26/Oct/2020:16:40:34 +0000] "GET /api/Customer/view_Wallet_Transaction HTTP/1.1" 401 -
::1 - - [26/Oct/2020:16:41:23 +0000] "POST /api/User/Customer/login HTTP/1.1" 404 163
::1 - - [26/Oct/2020:16:42:29 +0000] "POST /api/User/Customer/login HTTP/1.1" 200 666
::1 - - [26/Oct/2020:16:43:13 +0000] "POST /api/User/Customer/login HTTP/1.1" 200 666
::1 - - [26/Oct/2020:16:44:52 +0000] "GET /api/User/Customer/refresh_Token HTTP/1.1" 404 170
::1 - - [26/Oct/2020:16:45:14 +0000] "GET /api/User/Customer/refresh_Token HTTP/1.1" - -
::1 - - [26/Oct/2020:16:47:55 +0000] "GET /api/User/Customer/refresh_Token HTTP/1.1" - -
::1 - - [26/Oct/2020:16:49:14 +0000] "GET /api/User/Customer/refresh_Token HTTP/1.1" - -
::1 - - [26/Oct/2020:16:52:34 +0000] "GET /api/User/Customer/refresh_Token HTTP/1.1" 400 50
::1 - - [26/Oct/2020:16:53:47 +0000] "GET /api/User/Customer/refresh_Token HTTP/1.1" 400 50
::1 - - [26/Oct/2020:16:54:56 +0000] "GET /api/User/Customer/refresh_Token HTTP/1.1" 400 50
::1 - - [26/Oct/2020:16:56:06 +0000] "GET /api/User/Customer/refresh_Token HTTP/1.1" 400 50
::1 - - [26/Oct/2020:16:56:46 +0000] "GET /api/User/Customer/refresh_Token HTTP/1.1" 400 50
::1 - - [26/Oct/2020:16:57:14 +0000] "GET /api/User/Customer/refresh_Token HTTP/1.1" 200 55
::1 - - [26/Oct/2020:17:29:48 +0000] "GET /api/User/Customer/refresh_Token HTTP/1.1" 200 371
::1 - - [26/Oct/2020:17:30:10 +0000] "GET /api/Customer/view_Wallet_Transaction HTTP/1.1" 401 -
::1 - - [26/Oct/2020:17:30:15 +0000] "GET /api/Customer/view_Wallet_Transaction HTTP/1.1" 200 31
::1 - - [26/Oct/2020:17:34:05 +0000] "POST /api/User/Customer/login HTTP/1.1" 200 680
::1 - - [26/Oct/2020:17:34:15 +0000] "POST /api/User/Customer/login HTTP/1.1" 200 680
::1 - - [26/Oct/2020:17:34:28 +0000] "GET /api/Customer/view_Wallet_Transaction HTTP/1.1" 200 34
::1 - - [26/Oct/2020:17:34:44 +0000] "GET /api/User/Customer/refresh_Token HTTP/1.1" 200 380
::1 - - [26/Oct/2020:17:35:00 +0000] "GET /api/Customer/view_Wallet_Transaction HTTP/1.1" 200 34
::1 - - [30/Oct/2020:07:37:42 +0000] "POST /api/User/Customer/login HTTP/1.1" 200 680
::1 - - [30/Oct/2020:07:39:23 +0000] "POST /api/User/Customer/login HTTP/1.1" 200 680
::1 - - [30/Oct/2020:07:40:17 +0000] "GET /api/User/Customer/refresh_Token HTTP/1.1" 400 50
::1 - - [30/Oct/2020:07:41:02 +0000] "GET /api/User/Customer/refresh_Token HTTP/1.1" 400 50
::1 - - [30/Oct/2020:07:52:33 +0000] "GET /api/User/Machine/login HTTP/1.1" 404 161
::1 - - [30/Oct/2020:07:52:40 +0000] "POST /api/User/Machine/login HTTP/1.1" 400 50
::1 - - [30/Oct/2020:07:53:28 +0000] "POST /api/User/Machine/login HTTP/1.1" 400 50
::1 - - [30/Oct/2020:07:54:02 +0000] "POST /api/User/Machine/login HTTP/1.1" 200 559
::1 - - [30/Oct/2020:07:56:46 +0000] "GET /api/User/Machine/refresh_Token HTTP/1.1" 400 50
::1 - - [30/Oct/2020:07:57:28 +0000] "GET /api/User/Machine/refresh_Token HTTP/1.1" 200 55
::1 - - [30/Oct/2020:07:58:36 +0000] "GET /api/User/Machine/refresh_Token HTTP/1.1" 200 55
::1 - - [30/Oct/2020:07:59:33 +0000] "GET /api/User/Machine/refresh_Token HTTP/1.1" 400 50
::1 - - [30/Oct/2020:08:02:02 +0000] "GET /api/User/Machine/refresh_Token HTTP/1.1" 200 208
::1 - - [30/Oct/2020:08:02:53 +0000] "GET /api/User/Machine/refresh_Token HTTP/1.1" 200 305
::1 - - [30/Oct/2020:08:15:50 +0000] "POST /api/User/Customer/login HTTP/1.1" 200 680
::1 - - [30/Oct/2020:08:16:42 +0000] "GET /api/Customer/find_Wallet HTTP/1.1" 200 376
::1 - - [30/Oct/2020:08:20:30 +0000] "GET /api/Customer/find_Wallet HTTP/1.1" 401 -
::1 - - [30/Oct/2020:08:21:07 +0000] "POST /api/User/Customer/login HTTP/1.1" 200 680
::1 - - [30/Oct/2020:08:21:20 +0000] "GET /api/Customer/find_Wallet HTTP/1.1" 200 376
::1 - - [30/Oct/2020:08:22:02 +0000] "GET /api/Customer/find_Wallet HTTP/1.1" 200 376
::1 - - [30/Oct/2020:08:29:01 +0000] "GET /api/Customer/find_Wallet HTTP/1.1" 401 -
::1 - - [30/Oct/2020:08:29:22 +0000] "POST /api/User/Customer/login HTTP/1.1" 200 680
::1 - - [30/Oct/2020:08:29:35 +0000] "GET /api/Customer/find_Wallet HTTP/1.1" 200 368
::1 - - [30/Oct/2020:08:30:20 +0000] "GET /api/Customer/find_Wallet HTTP/1.1" 200 131
::1 - - [30/Oct/2020:08:31:11 +0000] "GET /api/Customer/find_Wallet HTTP/1.1" 401 -
::1 - - [30/Oct/2020:08:31:49 +0000] "GET /api/Customer/find_Wallet HTTP/1.1" 401 -
::1 - - [30/Oct/2020:08:31:55 +0000] "POST /api/User/Customer/login HTTP/1.1" 200 680
::1 - - [30/Oct/2020:08:32:24 +0000] "GET /api/Customer/find_Wallet HTTP/1.1" 200 123
::1 - - [30/Oct/2020:08:34:31 +0000] "GET /api/Customer/view_Wallet_Transaction HTTP/1.1" 400 50
::1 - - [30/Oct/2020:08:39:24 +0000] "GET /api/Customer/view_Wallet_Transaction HTTP/1.1" 400 50
::1 - - [30/Oct/2020:08:42:17 +0000] "GET /api/Customer/view_Wallet_Transaction HTTP/1.1" 200 1618
::1 - - [30/Oct/2020:08:56:21 +0000] "POST /api/User/Customer/login HTTP/1.1" 200 666
::1 - - [30/Oct/2020:08:56:44 +0000] "GET /api/Customer/view_Wallet_Transaction HTTP/1.1" 200 49
::1 - - [30/Oct/2020:14:36:19 +0000] "POST /api/User/Employee/login HTTP/1.1" 200 380
::1 - - [30/Oct/2020:14:36:38 +0000] "POST /api/Employee/Customer/Refill_Balance?_id=5f7dfa6f1fa720232896d2c1 HTTP/1.1" 200 204
::1 - - [30/Oct/2020:14:37:24 +0000] "POST /api/Employee/Customer/Refill_Balance?_id=5f7dce2359aaf004985f98ec HTTP/1.1" 200 204
::1 - - [30/Oct/2020:14:38:35 +0000] "POST /api/Employee/Customer/Refill_Balance?_id=5f7dce2359aaf004985f98ec HTTP/1.1" 200 204
::1 - - [30/Oct/2020:14:39:30 +0000] "POST /api/Employee/Customer/Refill_Balance?_id=5f7dce2359aaf004985f98ec HTTP/1.1" 200 204
::1 - - [30/Oct/2020:14:39:45 +0000] "POST /api/Employee/Customer/Refill_Balance?_id=5f7dce2359aaf004985f98ec HTTP/1.1" 200 204
::1 - - [30/Oct/2020:14:40:23 +0000] "POST /api/Employee/Customer/Refill_Balance?_id=5f7dce2359aaf004985f98ec HTTP/1.1" 200 87
::1 - - [30/Oct/2020:14:41:33 +0000] "POST /api/Employee/Customer/Refill_Balance?_id=5f7dce2359aaf004985f98ec HTTP/1.1" 200 91
::1 - - [30/Oct/2020:14:42:22 +0000] "POST /api/Employee/Customer/Refill_Balance?_id=5f7dce2359aaf004985f98ec HTTP/1.1" 200 91
::1 - - [30/Oct/2020:14:43:03 +0000] "POST /api/Employee/Customer/Refill_Balance?_id=5f7dce2359aaf004985f98ec HTTP/1.1" 200 98
::1 - - [30/Oct/2020:14:44:07 +0000] "POST /api/Employee/Customer/Refill_Balance?_id=5f7dce2359aaf004985f98ec HTTP/1.1" 200 98
::1 - - [30/Oct/2020:14:48:22 +0000] "POST /api/Employee/Customer/Refill_Balance?_id=5f7dce2359aaf004985f98ec HTTP/1.1" 200 98
::1 - - [30/Oct/2020:15:16:48 +0000] "POST /api/Customer/Ticket/Buy HTTP/1.1" 401 -
::1 - - [30/Oct/2020:15:17:22 +0000] "POST /api/User/Customer/login HTTP/1.1" 200 666
::1 - - [30/Oct/2020:15:17:41 +0000] "POST /api/Customer/Ticket/Buy HTTP/1.1" 400 50
::1 - - [30/Oct/2020:15:18:24 +0000] "POST /api/Customer/Ticket/Buy HTTP/1.1" 400 50
::1 - - [30/Oct/2020:15:20:36 +0000] "POST /api/Customer/Ticket/Buy HTTP/1.1" 400 50
::1 - - [30/Oct/2020:15:21:23 +0000] "POST /api/Customer/Ticket/Buy HTTP/1.1" 400 50
::1 - - [30/Oct/2020:15:22:15 +0000] "POST /api/Customer/Ticket/Buy HTTP/1.1" 400 50
::1 - - [30/Oct/2020:15:22:39 +0000] "POST /api/Customer/Ticket/Buy HTTP/1.1" 400 50
::1 - - [30/Oct/2020:15:23:21 +0000] "POST /api/Customer/Ticket/Buy HTTP/1.1" 400 50
::1 - - [30/Oct/2020:15:23:35 +0000] "POST /api/Customer/Ticket/Buy HTTP/1.1" 400 50
::1 - - [30/Oct/2020:15:23:49 +0000] "POST /api/Customer/Ticket/Buy HTTP/1.1" 400 50
::1 - - [30/Oct/2020:15:24:19 +0000] "POST /api/Customer/Ticket/Buy HTTP/1.1" 200 50
::1 - - [30/Oct/2020:15:25:32 +0000] "POST /api/Customer/Ticket/Buy HTTP/1.1" 200 50
::1 - - [30/Oct/2020:15:26:21 +0000] "POST /api/Customer/Ticket/Buy HTTP/1.1" 400 50
::1 - - [30/Oct/2020:15:27:01 +0000] "POST /api/Customer/Ticket/Buy HTTP/1.1" 400 50
::1 - - [30/Oct/2020:15:28:08 +0000] "POST /api/Customer/Ticket/Buy HTTP/1.1" 200 110
::1 - - [30/Oct/2020:15:29:07 +0000] "POST /api/Customer/Ticket/Buy HTTP/1.1" 200 50
::1 - - [30/Oct/2020:15:29:28 +0000] "POST /api/Customer/Ticket/Buy HTTP/1.1" 200 50
::1 - - [30/Oct/2020:15:29:44 +0000] "POST /api/Customer/Ticket/Buy HTTP/1.1" 200 50
::1 - - [30/Oct/2020:15:30:17 +0000] "POST /api/Customer/Ticket/Buy HTTP/1.1" 200 74
::1 - - [30/Oct/2020:15:31:31 +0000] "POST /api/Customer/Ticket/Buy HTTP/1.1" 200 162
::1 - - [30/Oct/2020:15:33:45 +0000] "POST /api/Customer/Ticket/Buy HTTP/1.1" 200 162
::1 - - [30/Oct/2020:15:35:27 +0000] "POST /api/Customer/Ticket/Buy HTTP/1.1" 200 162
::1 - - [30/Oct/2020:15:36:18 +0000] "POST /api/Customer/Ticket/Buy HTTP/1.1" 200 162
::1 - - [30/Oct/2020:15:36:57 +0000] "POST /api/Customer/Ticket/Buy HTTP/1.1" 200 162
::1 - - [30/Oct/2020:15:37:53 +0000] "POST /api/Customer/Ticket/Buy HTTP/1.1" 200 162
::1 - - [30/Oct/2020:15:39:37 +0000] "POST /api/Customer/Ticket/Buy HTTP/1.1" 200 162
::1 - - [30/Oct/2020:15:40:32 +0000] "POST /api/Customer/Ticket/Buy HTTP/1.1" 200 162
::1 - - [30/Oct/2020:15:43:07 +0000] "POST /api/Customer/Ticket/Buy HTTP/1.1" 400 50
::1 - - [30/Oct/2020:15:44:45 +0000] "POST /api/Customer/Ticket/Buy HTTP/1.1" 400 50
