::1 - - [12/Oct/2020:12:20:35 +0000] "POST /api/Employee/Customer/update?_id=5f7df89529b7f741bc315e56 HTTP/1.1" 200 66
::1 - - [12/Oct/2020:12:22:06 +0000] "POST /api/Employee/Customer/update?_id=5f7df89529b7f741bc315e56 HTTP/1.1" 200 66
::1 - - [12/Oct/2020:12:27:33 +0000] "POST /api/Employee/Customer/update?_id=5f7df89529b7f741bc315e56 HTTP/1.1" 200 66
::1 - - [12/Oct/2020:12:28:10 +0000] "POST /api/Employee/Customer/update?_id=5f7df89529b7f741bc315e56 HTTP/1.1" 200 66
::1 - - [12/Oct/2020:12:45:35 +0000] "POST /api/Employee/Customer/update?_id=5f7df89529b7f741bc315e56 HTTP/1.1" 200 66
::1 - - [13/Oct/2020:07:21:57 +0000] "POST /api/Employee/login HTTP/1.1" 200 380
::1 - - [13/Oct/2020:08:01:59 +0000] "POST /api/Employee/Customer/update?_id=5f7df89529b7f741bc315e56 HTTP/1.1" 401 -
::1 - - [14/Oct/2020:10:49:48 +0000] "POST /api/Employee/login HTTP/1.1" 200 375
::1 - - [14/Oct/2020:10:50:11 +0000] "GET /api/Employee/machine/register HTTP/1.1" 404 168
::1 - - [14/Oct/2020:10:50:15 +0000] "POST /api/Employee/machine/register HTTP/1.1" 200 65
::1 - - [14/Oct/2020:10:52:04 +0000] "POST /api/Employee/machine/register HTTP/1.1" 200 64
::1 - - [14/Oct/2020:10:52:25 +0000] "POST /api/Employee/machine/register HTTP/1.1" 200 65
::1 - - [14/Oct/2020:10:53:17 +0000] "POST /api/Employee/machine/register HTTP/1.1" 200 65
::1 - - [14/Oct/2020:10:53:40 +0000] "POST /api/Employee/machine/register HTTP/1.1" 200 65
::1 - - [14/Oct/2020:10:54:04 +0000] "POST /api/Employee/machine/register HTTP/1.1" 200 65
::1 - - [14/Oct/2020:10:54:27 +0000] "POST /api/Employee/machine/register HTTP/1.1" 200 65
::1 - - [14/Oct/2020:10:54:47 +0000] "POST /api/Employee/machine/register HTTP/1.1" 200 65
::1 - - [14/Oct/2020:10:55:17 +0000] "POST /api/Employee/machine/register HTTP/1.1" 200 65
::1 - - [14/Oct/2020:10:55:58 +0000] "POST /api/Employee/machine/register HTTP/1.1" 200 65
::1 - - [14/Oct/2020:10:56:08 +0000] "POST /api/Employee/machine/register HTTP/1.1" 200 65
::1 - - [14/Oct/2020:10:56:16 +0000] "POST /api/Employee/machine/register HTTP/1.1" 200 65
::1 - - [14/Oct/2020:10:57:12 +0000] "POST /api/Employee/machine/search?limit=5 HTTP/1.1" 404 167
::1 - - [14/Oct/2020:10:57:16 +0000] "GET /api/Employee/machine/search?limit=5 HTTP/1.1" 200 71
::1 - - [14/Oct/2020:10:57:22 +0000] "GET /api/Employee/machine/search?limit=5 HTTP/1.1" 200 71
::1 - - [14/Oct/2020:10:58:03 +0000] "GET /api/Employee/machine/search?limit=5 HTTP/1.1" 200 625
::1 - - [14/Oct/2020:10:58:10 +0000] "GET /api/Employee/machine/search?limit=5&_id=5f86d93ea16bdc077878b6df HTTP/1.1" 200 141
::1 - - [14/Oct/2020:10:59:53 +0000] "GET /api/Employee/machine/update?_id=5f86d93ea16bdc077878b6df HTTP/1.1" 404 166
::1 - - [14/Oct/2020:10:59:58 +0000] "POST /api/Employee/machine/update?_id=5f86d93ea16bdc077878b6df HTTP/1.1" 200 70
::1 - - [14/Oct/2020:11:00:35 +0000] "POST /api/Employee/machine/update?_id=5f86d93ea16bdc077878b6df HTTP/1.1" 200 70
::1 - - [14/Oct/2020:11:02:44 +0000] "POST /api/Employee/machine/update?_id=5f86d93ea16bdc077878b6df HTTP/1.1" 400 50
::1 - - [14/Oct/2020:11:04:17 +0000] "POST /api/Employee/machine/update?_id=5f86d93ea16bdc077878b6df HTTP/1.1" 200 64
::1 - - [14/Oct/2020:11:04:28 +0000] "POST /api/Employee/machine/update?_id=5f86d93ea16bdc077878b6df HTTP/1.1" 200 70
::1 - - [14/Oct/2020:11:28:09 +0000] "POST /api/Employee/login HTTP/1.1" 200 378
::1 - - [14/Oct/2020:11:29:18 +0000] "POST /ASP/register/bus HTTP/1.1" 404 156
::1 - - [14/Oct/2020:11:30:32 +0000] "POST /api/Employee/Bus/register HTTP/1.1" 400 50
::1 - - [14/Oct/2020:11:32:33 +0000] "POST /api/Employee/Bus/register HTTP/1.1" 200 60
::1 - - [14/Oct/2020:11:32:39 +0000] "POST /api/Employee/Bus/register HTTP/1.1" 200 67
::1 - - [14/Oct/2020:11:36:39 +0000] "POST /api/Employee/Bus/register HTTP/1.1" 200 71
::1 - - [14/Oct/2020:11:37:53 +0000] "POST /api/Employee/Bus/register HTTP/1.1" 200 30
::1 - - [14/Oct/2020:11:38:49 +0000] "POST /api/Employee/Bus/register HTTP/1.1" 200 30
::1 - - [14/Oct/2020:11:39:18 +0000] "POST /api/Employee/Bus/register HTTP/1.1" 200 30
::1 - - [14/Oct/2020:11:39:32 +0000] "POST /api/Employee/Bus/register HTTP/1.1" 200 30
::1 - - [14/Oct/2020:11:40:00 +0000] "POST /api/Employee/Bus/register HTTP/1.1" 200 30
::1 - - [14/Oct/2020:11:40:39 +0000] "POST /api/Employee/Bus/register HTTP/1.1" 200 30
::1 - - [14/Oct/2020:11:41:23 +0000] "POST /api/Employee/Bus/register HTTP/1.1" 200 63
::1 - - [14/Oct/2020:11:42:05 +0000] "POST /api/Employee/Bus/register HTTP/1.1" 200 63
::1 - - [14/Oct/2020:11:42:27 +0000] "POST /api/Employee/Bus/register HTTP/1.1" 200 30
::1 - - [14/Oct/2020:11:42:49 +0000] "POST /api/Employee/Bus/register HTTP/1.1" 200 30
::1 - - [14/Oct/2020:11:43:41 +0000] "POST /api/Employee/Bus/register HTTP/1.1" 200 30
::1 - - [14/Oct/2020:11:44:08 +0000] "POST /api/Employee/Bus/register HTTP/1.1" 200 30
::1 - - [14/Oct/2020:11:44:50 +0000] "POST /api/Employee/Bus/register HTTP/1.1" 200 30
::1 - - [14/Oct/2020:11:45:46 +0000] "POST /api/Employee/Bus/register HTTP/1.1" 200 30
::1 - - [14/Oct/2020:11:46:21 +0000] "POST /api/Employee/Bus/register HTTP/1.1" 200 30
::1 - - [14/Oct/2020:11:48:57 +0000] "POST /api/Employee/Bus/register HTTP/1.1" 200 30
::1 - - [14/Oct/2020:11:59:54 +0000] "POST /api/Employee/machine/register?_id=5f86d93ea16bdc077878b6df HTTP/1.1" 200 64
::1 - - [14/Oct/2020:12:00:01 +0000] "POST /api/Employee/machine/register?_id=5f86d93ea16bdc077878b6df HTTP/1.1" 200 65
::1 - - [14/Oct/2020:12:00:22 +0000] "POST /api/Employee/Bus/register HTTP/1.1" 200 30
::ffff:127.0.0.1 - - [14/Oct/2020:12:02:45 +0000] "POST /api/Employee/Bus/register HTTP/1.1" 400 50
::1 - - [14/Oct/2020:12:02:57 +0000] "POST /api/Employee/Bus/register HTTP/1.1" 200 30
::1 - - [14/Oct/2020:12:03:26 +0000] "POST /api/Employee/Bus/register HTTP/1.1" 200 30
::1 - - [14/Oct/2020:12:05:38 +0000] "POST /api/Employee/Bus/register HTTP/1.1" 200 30
::1 - - [14/Oct/2020:12:08:26 +0000] "POST /api/Employee/Bus/register HTTP/1.1" 200 30
::1 - - [14/Oct/2020:12:11:52 +0000] "POST /api/Employee/Bus/register HTTP/1.1" 200 30
::1 - - [14/Oct/2020:12:13:47 +0000] "POST /api/Employee/Bus/register HTTP/1.1" 400 50
::1 - - [14/Oct/2020:12:14:49 +0000] "POST /api/Employee/Bus/register HTTP/1.1" 400 50
::1 - - [14/Oct/2020:12:15:06 +0000] "POST /api/Employee/Bus/register HTTP/1.1" 400 50
::1 - - [14/Oct/2020:12:15:26 +0000] "POST /api/Employee/Bus/register HTTP/1.1" 400 50
::1 - - [14/Oct/2020:12:16:17 +0000] "POST /api/Employee/Bus/register HTTP/1.1" 400 50
::1 - - [14/Oct/2020:12:18:20 +0000] "POST /api/Employee/Bus/register HTTP/1.1" 200 67
::1 - - [14/Oct/2020:12:19:08 +0000] "POST /api/Employee/Bus/register HTTP/1.1" 200 58
::1 - - [14/Oct/2020:12:21:12 +0000] "POST /api/Employee/Bus/register HTTP/1.1" 200 58
::1 - - [14/Oct/2020:12:21:44 +0000] "POST /api/Employee/Bus/register HTTP/1.1" 200 58
::1 - - [14/Oct/2020:12:23:56 +0000] "POST /api/Employee/Bus/register HTTP/1.1" 200 73
::1 - - [14/Oct/2020:12:24:07 +0000] "POST /api/Employee/Bus/register HTTP/1.1" 200 58
::1 - - [14/Oct/2020:12:25:08 +0000] "POST /api/Employee/Bus/register HTTP/1.1" 200 73
::1 - - [14/Oct/2020:12:25:35 +0000] "POST /api/Employee/Bus/register HTTP/1.1" 200 67
::1 - - [14/Oct/2020:12:26:07 +0000] "POST /api/Employee/Bus/register HTTP/1.1" 200 67
::1 - - [14/Oct/2020:12:29:11 +0000] "POST /api/Employee/Bus/update?_id=5f5bd9fa92920610c05455c4 HTTP/1.1" 200 71
::1 - - [14/Oct/2020:12:29:49 +0000] "POST /api/Employee/Bus/update?_id=5f5bd9fa92920610c05455c4 HTTP/1.1" 200 71
::1 - - [14/Oct/2020:13:32:41 +0000] "GET /api/Employee/Customer/find_Wallet?limit=5 HTTP/1.1" 401 -
::1 - - [14/Oct/2020:13:33:57 +0000] "POST /api/Employee/login HTTP/1.1" 200 375
::1 - - [14/Oct/2020:13:34:12 +0000] "GET /api/Employee/Customer/find_Wallet?limit=5 HTTP/1.1" 400 50
::1 - - [14/Oct/2020:13:34:37 +0000] "GET /api/Employee/Customer/find_Wallet?limit=5 HTTP/1.1" 400 50
::1 - - [14/Oct/2020:13:35:03 +0000] "GET /api/Employee/Customer/find_Wallet?limit=5 HTTP/1.1" 200 1082
::1 - - [14/Oct/2020:13:35:23 +0000] "GET /api/Employee/Customer/find_Wallet?_id=5f7df89529b7f741bc315e57&limit=5 HTTP/1.1" 200 383
