::1 - - [18/Dec/2020:11:57:55 +0000] "POST /api/User/Employee/login HTTP/1.1" 400 50
::1 - - [18/Dec/2020:11:58:01 +0000] "POST /api/User/Employee/login HTTP/1.1" 400 50
::1 - - [18/Dec/2020:12:00:03 +0000] "POST /api/User/Employee/login HTTP/1.1" 400 50
::1 - - [18/Dec/2020:12:01:21 +0000] "POST /api/User/Employee/login HTTP/1.1" 200 325
::1 - - [18/Dec/2020:12:01:25 +0000] "POST /api/Customer/Ticket/buy HTTP/1.1" 401 -
::1 - - [18/Dec/2020:12:02:15 +0000] "POST /api/User/Employee/login HTTP/1.1" 200 325
::1 - - [18/Dec/2020:12:05:25 +0000] "POST /api/User/Employee/login HTTP/1.1" 200 374
::1 - - [18/Dec/2020:12:05:32 +0000] "GET /api/Employee/User/search?limit=21 HTTP/1.1" 200 4369
::1 - - [18/Dec/2020:12:05:32 +0000] "GET /api/Employee/User/search?limit=21 HTTP/1.1" 304 -
::1 - - [18/Dec/2020:12:05:34 +0000] "GET /api/Employee/User/search?name=kaleab&limit=1 HTTP/1.1" 200 571
::1 - - [18/Dec/2020:12:05:52 +0000] "GET /api/Employee/User/search?limit=21 HTTP/1.1" 304 -
::1 - - [18/Dec/2020:12:05:52 +0000] "GET /api/Employee/User/search?limit=21 HTTP/1.1" 304 -
::1 - - [18/Dec/2020:12:05:54 +0000] "GET /api/Employee/User/search?name=Tekalegn&limit=1 HTTP/1.1" 200 557
::1 - - [18/Dec/2020:12:05:59 +0000] "GET /api/Employee/User/search?name=Tekalegn&limit=1 HTTP/1.1" 304 -
::1 - - [18/Dec/2020:12:06:07 +0000] "GET /api/Employee/User/search?limit=21 HTTP/1.1" 304 -
::1 - - [18/Dec/2020:12:06:07 +0000] "GET /api/Employee/User/search?limit=21 HTTP/1.1" 304 -
::1 - - [18/Dec/2020:12:06:09 +0000] "GET /api/Employee/User/search?name=Tekalegn&limit=1 HTTP/1.1" 304 -
::1 - - [18/Dec/2020:16:44:07 +0000] "POST /api/User/analysis HTTP/1.1" 404 157
::1 - - [18/Dec/2020:16:44:13 +0000] "GET /api/User/analysis HTTP/1.1" 400 50
::1 - - [18/Dec/2020:16:44:51 +0000] "GET /api/User/analysis HTTP/1.1" 400 50
::1 - - [18/Dec/2020:16:45:15 +0000] "GET /api/User/analysis HTTP/1.1" 400 50
::1 - - [18/Dec/2020:16:45:34 +0000] "GET /api/User/analysis HTTP/1.1" 200 60
::1 - - [18/Dec/2020:16:52:39 +0000] "GET /api/User/analysis HTTP/1.1" 400 50
::1 - - [18/Dec/2020:16:53:00 +0000] "GET /api/User/analysis HTTP/1.1" 400 50
::1 - - [18/Dec/2020:16:54:02 +0000] "GET /api/User/analysis HTTP/1.1" 200 2263
::1 - - [18/Dec/2020:16:54:39 +0000] "GET /api/User/analysis HTTP/1.1" 200 153
::1 - - [18/Dec/2020:16:55:21 +0000] "GET /api/User/analysis HTTP/1.1" 200 160
::1 - - [18/Dec/2020:16:57:44 +0000] "GET /api/User/analysis HTTP/1.1" 400 50
::1 - - [18/Dec/2020:16:58:07 +0000] "GET /api/User/analysis HTTP/1.1" 400 50
::1 - - [18/Dec/2020:16:58:26 +0000] "GET /api/User/analysis HTTP/1.1" 200 160
::1 - - [18/Dec/2020:16:59:49 +0000] "GET /api/User/analysis HTTP/1.1" 200 231
::1 - - [18/Dec/2020:17:00:27 +0000] "GET /api/User/analysis HTTP/1.1" 200 240
::1 - - [18/Dec/2020:17:00:55 +0000] "GET /api/User/analysis HTTP/1.1" 200 162
::1 - - [18/Dec/2020:17:04:32 +0000] "GET /api/User/analysis HTTP/1.1" 200 29
::1 - - [18/Dec/2020:17:04:55 +0000] "GET /api/User/analysis HTTP/1.1" 200 29
::1 - - [18/Dec/2020:17:05:06 +0000] "GET /api/User/analysis HTTP/1.1" 200 29
::1 - - [18/Dec/2020:17:10:55 +0000] "GET /api/User/analysis HTTP/1.1" 200 2272
::1 - - [18/Dec/2020:17:11:28 +0000] "GET /api/User/analysis HTTP/1.1" 200 2266
::1 - - [18/Dec/2020:17:11:49 +0000] "GET /api/User/analysis HTTP/1.1" 200 156
::1 - - [18/Dec/2020:17:12:36 +0000] "GET /api/User/analysis HTTP/1.1" 200 3739
::1 - - [18/Dec/2020:17:13:49 +0000] "GET /api/User/analysis HTTP/1.1" 200 98
::1 - - [18/Dec/2020:17:14:30 +0000] "GET /api/User/analysis HTTP/1.1" 200 3739
::1 - - [18/Dec/2020:17:17:06 +0000] "GET /api/User/analysis HTTP/1.1" 200 369
::1 - - [18/Dec/2020:18:04:06 +0000] "GET /api/User/analysis HTTP/1.1" 200 255
::1 - - [18/Dec/2020:18:19:31 +0000] "GET /api/User/analysis HTTP/1.1" 200 129
::1 - - [18/Dec/2020:18:23:01 +0000] "GET /api/User/analysis HTTP/1.1" 200 129
::1 - - [18/Dec/2020:18:23:56 +0000] "GET /api/User/analysis HTTP/1.1" 200 155
::1 - - [18/Dec/2020:18:36:50 +0000] "GET /api/User/analysis HTTP/1.1" 200 155
::1 - - [18/Dec/2020:18:56:29 +0000] "GET /api/User/analysis HTTP/1.1" 304 -
::1 - - [18/Dec/2020:18:56:36 +0000] "GET /api/User/analysis HTTP/1.1" 304 -
::1 - - [18/Dec/2020:18:57:38 +0000] "GET /api/User/analysis HTTP/1.1" 304 -
::1 - - [18/Dec/2020:18:57:42 +0000] "GET /api/User/analysis HTTP/1.1" 304 -
::1 - - [18/Dec/2020:18:58:35 +0000] "GET /api/User/analysis HTTP/1.1" 304 -
::1 - - [18/Dec/2020:18:58:39 +0000] "GET /api/User/analysis HTTP/1.1" 304 -
::1 - - [18/Dec/2020:19:05:55 +0000] "GET /api/User/analysis HTTP/1.1" 304 -
::1 - - [18/Dec/2020:19:06:04 +0000] "GET /api/User/analysis HTTP/1.1" 304 -
::1 - - [18/Dec/2020:19:06:27 +0000] "GET /api/User/analysis HTTP/1.1" 304 -
::1 - - [18/Dec/2020:19:06:31 +0000] "GET /api/User/analysis HTTP/1.1" 304 -
::1 - - [18/Dec/2020:19:08:23 +0000] "GET /api/User/analysis HTTP/1.1" 304 -
::1 - - [18/Dec/2020:19:08:28 +0000] "GET /api/User/analysis HTTP/1.1" 304 -
::1 - - [18/Dec/2020:19:09:41 +0000] "GET /api/User/analysis HTTP/1.1" 304 -
::1 - - [18/Dec/2020:19:09:45 +0000] "GET /api/User/analysis HTTP/1.1" 304 -
::1 - - [18/Dec/2020:19:10:30 +0000] "GET /api/User/analysis HTTP/1.1" 304 -
::1 - - [18/Dec/2020:19:10:34 +0000] "GET /api/User/analysis HTTP/1.1" 304 -
::1 - - [18/Dec/2020:19:10:49 +0000] "GET /api/User/analysis HTTP/1.1" 304 -
::1 - - [18/Dec/2020:19:12:24 +0000] "GET /api/User/analysis HTTP/1.1" 304 -
::1 - - [18/Dec/2020:19:12:28 +0000] "GET /api/User/analysis HTTP/1.1" 304 -
::1 - - [18/Dec/2020:19:12:54 +0000] "GET /api/User/analysis HTTP/1.1" 304 -
::1 - - [18/Dec/2020:19:12:59 +0000] "GET /api/User/analysis HTTP/1.1" 304 -
::1 - - [18/Dec/2020:19:13:11 +0000] "GET /api/User/analysis HTTP/1.1" 304 -
::1 - - [18/Dec/2020:19:13:16 +0000] "GET /api/User/analysis HTTP/1.1" 304 -
::1 - - [18/Dec/2020:19:13:42 +0000] "GET /api/User/analysis HTTP/1.1" 304 -
::1 - - [18/Dec/2020:19:13:47 +0000] "GET /api/User/analysis HTTP/1.1" 304 -
::1 - - [18/Dec/2020:19:14:04 +0000] "GET /api/User/analysis HTTP/1.1" 304 -
::1 - - [18/Dec/2020:19:14:09 +0000] "GET /api/User/analysis HTTP/1.1" 304 -
::1 - - [18/Dec/2020:19:14:30 +0000] "GET /api/User/analysis HTTP/1.1" 304 -
::1 - - [18/Dec/2020:19:14:33 +0000] "GET /api/User/analysis HTTP/1.1" 304 -
::1 - - [18/Dec/2020:19:14:54 +0000] "GET /api/User/analysis HTTP/1.1" 304 -
::1 - - [18/Dec/2020:19:14:56 +0000] "GET /api/User/analysis HTTP/1.1" 304 -
::1 - - [18/Dec/2020:19:16:14 +0000] "GET /api/User/analysis HTTP/1.1" 304 -
::1 - - [18/Dec/2020:19:16:18 +0000] "GET /api/User/analysis HTTP/1.1" 304 -
::1 - - [18/Dec/2020:19:16:33 +0000] "GET /api/User/analysis HTTP/1.1" 304 -
::1 - - [18/Dec/2020:19:16:40 +0000] "GET /api/User/analysis HTTP/1.1" 304 -
::1 - - [18/Dec/2020:19:16:56 +0000] "GET /api/User/analysis HTTP/1.1" 304 -
::1 - - [18/Dec/2020:19:17:02 +0000] "GET /api/User/analysis HTTP/1.1" 304 -
::1 - - [18/Dec/2020:19:17:48 +0000] "GET /api/User/analysis HTTP/1.1" 304 -
::1 - - [18/Dec/2020:19:17:52 +0000] "GET /api/User/analysis HTTP/1.1" 304 -
::1 - - [18/Dec/2020:19:22:57 +0000] "GET /api/User/analysis HTTP/1.1" 304 -
::1 - - [18/Dec/2020:19:23:02 +0000] "GET /api/User/analysis HTTP/1.1" 304 -
::1 - - [18/Dec/2020:19:24:50 +0000] "GET /api/User/analysis HTTP/1.1" 304 -
::1 - - [18/Dec/2020:19:24:55 +0000] "GET /api/User/analysis HTTP/1.1" 304 -
::1 - - [18/Dec/2020:19:25:17 +0000] "GET /api/User/analysis HTTP/1.1" 304 -
::1 - - [18/Dec/2020:19:25:20 +0000] "GET /api/User/analysis HTTP/1.1" 304 -
::1 - - [18/Dec/2020:19:25:39 +0000] "GET /api/User/analysis HTTP/1.1" 304 -
::1 - - [18/Dec/2020:19:25:41 +0000] "GET /api/User/analysis HTTP/1.1" 304 -
::1 - - [18/Dec/2020:19:28:15 +0000] "GET /api/User/analysis HTTP/1.1" 304 -
::1 - - [18/Dec/2020:19:28:22 +0000] "GET /api/User/analysis HTTP/1.1" 304 -
::1 - - [18/Dec/2020:19:28:35 +0000] "GET /api/User/analysis HTTP/1.1" 304 -
::1 - - [18/Dec/2020:19:28:40 +0000] "GET /api/User/analysis HTTP/1.1" 304 -
::1 - - [18/Dec/2020:19:37:50 +0000] "GET /api/User/analysis HTTP/1.1" 304 -
::1 - - [18/Dec/2020:19:38:19 +0000] "GET /api/User/analysis HTTP/1.1" 304 -
::1 - - [18/Dec/2020:19:38:22 +0000] "GET /api/User/analysis HTTP/1.1" 304 -
::ffff:127.0.0.1 - - [18/Dec/2020:19:39:51 +0000] "GET /api/User/analysis HTTP/1.1" 304 -
::ffff:127.0.0.1 - - [18/Dec/2020:19:40:24 +0000] "GET /api/User/analysis HTTP/1.1" 304 -
::1 - - [18/Dec/2020:19:40:28 +0000] "GET /api/User/analysis HTTP/1.1" 304 -
::1 - - [18/Dec/2020:19:40:50 +0000] "GET /api/User/analysis HTTP/1.1" 304 -
::1 - - [18/Dec/2020:19:41:38 +0000] "GET /api/User/analysis HTTP/1.1" 304 -
::ffff:127.0.0.1 - - [18/Dec/2020:19:41:58 +0000] "GET /api/User/analysis HTTP/1.1" 304 -
::ffff:127.0.0.1 - - [18/Dec/2020:19:42:01 +0000] "GET /api/User/analysis HTTP/1.1" 304 -
::1 - - [18/Dec/2020:19:42:06 +0000] "GET /api/User/analysis HTTP/1.1" 304 -
::1 - - [18/Dec/2020:19:42:14 +0000] "GET /api/User/analysis HTTP/1.1" 304 -
::1 - - [18/Dec/2020:19:42:18 +0000] "GET /api/User/analysis HTTP/1.1" 304 -
::1 - - [18/Dec/2020:19:44:09 +0000] "GET /api/User/analysis HTTP/1.1" 304 -
::1 - - [18/Dec/2020:19:44:16 +0000] "GET /api/User/analysis HTTP/1.1" 304 -
::1 - - [18/Dec/2020:19:44:32 +0000] "GET /api/User/analysis HTTP/1.1" 304 -
::1 - - [18/Dec/2020:19:44:36 +0000] "GET /api/User/analysis HTTP/1.1" 304 -
::1 - - [18/Dec/2020:19:45:19 +0000] "GET /api/User/analysis HTTP/1.1" 304 -
::1 - - [18/Dec/2020:19:45:24 +0000] "GET /api/User/analysis HTTP/1.1" 304 -
::1 - - [18/Dec/2020:19:45:28 +0000] "GET /api/User/analysis HTTP/1.1" 304 -
::1 - - [18/Dec/2020:19:47:00 +0000] "GET /api/User/analysis HTTP/1.1" 304 -
::1 - - [18/Dec/2020:19:47:32 +0000] "GET /api/User/analysis HTTP/1.1" 304 -
::1 - - [18/Dec/2020:19:47:39 +0000] "GET /api/User/analysis HTTP/1.1" 304 -
::1 - - [18/Dec/2020:19:47:51 +0000] "GET /api/User/analysis HTTP/1.1" 304 -
::1 - - [18/Dec/2020:19:47:56 +0000] "GET /api/User/analysis HTTP/1.1" 304 -
::1 - - [18/Dec/2020:19:48:10 +0000] "GET /api/User/analysis HTTP/1.1" 304 -
::1 - - [18/Dec/2020:19:48:13 +0000] "GET /api/User/analysis HTTP/1.1" 304 -
::1 - - [18/Dec/2020:19:54:10 +0000] "GET /api/User/analysis HTTP/1.1" 304 -
::1 - - [18/Dec/2020:19:54:29 +0000] "GET /api/User/analysis HTTP/1.1" 304 -
::1 - - [18/Dec/2020:19:54:32 +0000] "GET /api/User/analysis HTTP/1.1" 304 -
::1 - - [18/Dec/2020:19:54:39 +0000] "GET /api/User/analysis HTTP/1.1" 304 -
::1 - - [18/Dec/2020:19:55:38 +0000] "GET /api/User/analysis HTTP/1.1" 304 -
::1 - - [18/Dec/2020:19:55:44 +0000] "GET /api/User/analysis HTTP/1.1" 304 -
::1 - - [18/Dec/2020:19:57:22 +0000] "GET /api/User/analysis HTTP/1.1" 304 -
::1 - - [18/Dec/2020:19:57:28 +0000] "GET /api/User/analysis HTTP/1.1" 304 -
::1 - - [18/Dec/2020:20:02:28 +0000] "GET /api/User/analysis HTTP/1.1" 304 -
::1 - - [18/Dec/2020:20:02:33 +0000] "GET /api/User/analysis HTTP/1.1" 304 -
::1 - - [18/Dec/2020:20:03:07 +0000] "GET /api/User/analysis HTTP/1.1" 304 -
::1 - - [18/Dec/2020:20:03:13 +0000] "GET /api/User/analysis HTTP/1.1" 304 -
::1 - - [18/Dec/2020:20:03:25 +0000] "GET /api/User/analysis HTTP/1.1" 304 -
::1 - - [18/Dec/2020:20:04:34 +0000] "GET /api/User/analysis HTTP/1.1" 304 -
::1 - - [18/Dec/2020:20:04:40 +0000] "GET /api/User/analysis HTTP/1.1" 304 -
::1 - - [18/Dec/2020:20:05:08 +0000] "GET /api/User/analysis HTTP/1.1" 304 -
::1 - - [18/Dec/2020:20:05:14 +0000] "GET /api/User/analysis HTTP/1.1" 304 -
::ffff:127.0.0.1 - - [18/Dec/2020:20:11:07 +0000] "GET /api/User/analysis HTTP/1.1" 304 -
::ffff:127.0.0.1 - - [18/Dec/2020:20:11:10 +0000] "GET /api/User/analysis HTTP/1.1" 304 -
::1 - - [18/Dec/2020:20:11:26 +0000] "GET /api/User/analysis HTTP/1.1" 304 -
::1 - - [18/Dec/2020:20:11:30 +0000] "GET /api/User/analysis HTTP/1.1" 304 -
::1 - - [18/Dec/2020:20:13:42 +0000] "GET /api/User/analysis HTTP/1.1" 304 -
::1 - - [18/Dec/2020:20:13:47 +0000] "GET /api/User/analysis HTTP/1.1" 304 -
::1 - - [18/Dec/2020:20:13:51 +0000] "GET /api/User/analysis HTTP/1.1" 304 -
::ffff:127.0.0.1 - - [18/Dec/2020:20:16:24 +0000] "GET /api/User/analysis HTTP/1.1" 304 -
::ffff:127.0.0.1 - - [18/Dec/2020:20:17:21 +0000] "GET /api/User/analysis HTTP/1.1" 304 -
::1 - - [18/Dec/2020:20:17:27 +0000] "GET /api/User/analysis HTTP/1.1" 304 -
::1 - - [18/Dec/2020:20:19:58 +0000] "GET /api/User/analysis HTTP/1.1" 304 -
::1 - - [18/Dec/2020:20:20:02 +0000] "GET /api/User/analysis HTTP/1.1" 304 -
::1 - - [18/Dec/2020:20:20:30 +0000] "GET /api/User/analysis HTTP/1.1" 304 -
::1 - - [18/Dec/2020:20:20:33 +0000] "GET /api/User/analysis HTTP/1.1" 304 -
::1 - - [18/Dec/2020:20:23:24 +0000] "GET /api/User/analysis HTTP/1.1" 304 -
::1 - - [18/Dec/2020:20:23:30 +0000] "GET /api/User/analysis HTTP/1.1" 304 -
::1 - - [18/Dec/2020:20:25:13 +0000] "GET /api/User/analysis HTTP/1.1" 304 -
::1 - - [18/Dec/2020:20:25:19 +0000] "GET /api/User/analysis HTTP/1.1" 304 -
::1 - - [18/Dec/2020:20:28:40 +0000] "GET /api/User/analysis HTTP/1.1" 304 -
::1 - - [18/Dec/2020:20:28:44 +0000] "GET /api/User/analysis HTTP/1.1" 304 -
::1 - - [18/Dec/2020:20:30:18 +0000] "GET /api/User/analysis HTTP/1.1" 304 -
::1 - - [18/Dec/2020:20:30:22 +0000] "GET /api/User/analysis HTTP/1.1" 304 -
::1 - - [18/Dec/2020:20:30:52 +0000] "GET /api/User/analysis HTTP/1.1" 304 -
::1 - - [18/Dec/2020:20:30:56 +0000] "GET /api/User/analysis HTTP/1.1" 304 -
::1 - - [18/Dec/2020:20:37:22 +0000] "GET /api/User/analysis HTTP/1.1" 304 -
::ffff:127.0.0.1 - - [18/Dec/2020:20:38:04 +0000] "GET /api/User/analysis HTTP/1.1" 304 -
::ffff:127.0.0.1 - - [18/Dec/2020:20:40:36 +0000] "GET /api/User/analysis HTTP/1.1" 304 -
::1 - - [18/Dec/2020:20:41:42 +0000] "GET /api/User/analysis HTTP/1.1" 304 -
::1 - - [18/Dec/2020:20:41:47 +0000] "GET /api/User/analysis HTTP/1.1" 304 -
::1 - - [18/Dec/2020:20:42:09 +0000] "GET /api/User/analysis HTTP/1.1" 304 -
::1 - - [18/Dec/2020:20:42:14 +0000] "GET /api/User/analysis HTTP/1.1" 304 -
::1 - - [18/Dec/2020:20:44:23 +0000] "GET /api/User/analysis HTTP/1.1" 304 -
::1 - - [18/Dec/2020:20:44:26 +0000] "GET /api/User/analysis HTTP/1.1" 304 -
::1 - - [18/Dec/2020:20:46:52 +0000] "GET /api/User/analysis HTTP/1.1" 304 -
::1 - - [18/Dec/2020:20:46:57 +0000] "GET /api/User/analysis HTTP/1.1" 304 -
::1 - - [18/Dec/2020:20:47:21 +0000] "GET /api/User/analysis HTTP/1.1" 304 -
::1 - - [18/Dec/2020:20:47:26 +0000] "GET /api/User/analysis HTTP/1.1" 304 -
::1 - - [18/Dec/2020:20:47:43 +0000] "GET /api/User/analysis HTTP/1.1" 304 -
::1 - - [18/Dec/2020:20:47:47 +0000] "GET /api/User/analysis HTTP/1.1" 304 -
::1 - - [18/Dec/2020:20:48:54 +0000] "GET /api/User/analysis HTTP/1.1" 304 -
::1 - - [18/Dec/2020:20:49:21 +0000] "GET /api/User/analysis HTTP/1.1" 304 -
::1 - - [18/Dec/2020:20:50:36 +0000] "GET /api/User/analysis HTTP/1.1" 304 -
::1 - - [18/Dec/2020:20:52:48 +0000] "GET /api/User/analysis HTTP/1.1" 304 -
::1 - - [18/Dec/2020:20:57:22 +0000] "GET /api/User/analysis HTTP/1.1" 304 -
::1 - - [18/Dec/2020:20:57:37 +0000] "GET /api/User/analysis HTTP/1.1" 304 -
