::1 - - [19/Dec/2020:21:21:57 +0000] "GET /api/User/analysis8?type=month HTTP/1.1" 400 50
::1 - - [19/Dec/2020:21:23:45 +0000] "GET /api/User/analysis8?type=month HTTP/1.1" 400 50
::1 - - [19/Dec/2020:21:26:30 +0000] "GET /api/User/analysis8?type=month HTTP/1.1" 400 50
::1 - - [19/Dec/2020:21:28:01 +0000] "GET /api/User/analysis8?type=month HTTP/1.1" 400 50
::1 - - [19/Dec/2020:21:29:02 +0000] "GET /api/User/analysis8?type=month HTTP/1.1" 400 50
::1 - - [19/Dec/2020:21:29:44 +0000] "GET /api/User/analysis8?type=month HTTP/1.1" 400 50
::1 - - [19/Dec/2020:21:33:52 +0000] "GET /api/User/analysis8?type=month HTTP/1.1" 200 143
::1 - - [19/Dec/2020:21:36:31 +0000] "GET /api/User/analysis8?type=month HTTP/1.1" 400 50
::1 - - [19/Dec/2020:21:37:22 +0000] "GET /api/User/analysis8?type=month HTTP/1.1" 200 143
::1 - - [19/Dec/2020:21:37:53 +0000] "GET /api/User/analysis8?type=month HTTP/1.1" 200 143
::1 - - [19/Dec/2020:21:38:39 +0000] "GET /api/User/analysis8?type=month HTTP/1.1" 200 143
::1 - - [19/Dec/2020:21:46:23 +0000] "GET /api/User/analysis8?type=month HTTP/1.1" 200 143
::1 - - [19/Dec/2020:21:51:37 +0000] "GET /api/User/analysis8?type=month HTTP/1.1" 200 143
::1 - - [19/Dec/2020:21:52:17 +0000] "GET /api/User/analysis8?type=month HTTP/1.1" 200 143
::1 - - [19/Dec/2020:21:54:02 +0000] "GET /api/User/analysis8?type=month HTTP/1.1" 200 143
::1 - - [19/Dec/2020:21:54:29 +0000] "GET /api/User/analysis8?type=month HTTP/1.1" 200 143
::1 - - [19/Dec/2020:21:55:02 +0000] "GET /api/User/analysis8?type=month HTTP/1.1" 200 143
::1 - - [19/Dec/2020:21:58:09 +0000] "GET /api/User/analysis8?type=month HTTP/1.1" 200 143
::1 - - [19/Dec/2020:22:02:59 +0000] "GET /api/User/analysis8?type=month HTTP/1.1" 400 50
::1 - - [19/Dec/2020:22:03:57 +0000] "GET /api/User/analysis8?type=month HTTP/1.1" 200 143
::1 - - [19/Dec/2020:22:06:35 +0000] "GET /api/User/analysis8?type=month HTTP/1.1" 200 143
::1 - - [19/Dec/2020:22:07:45 +0000] "GET /api/User/analysis8?type=month HTTP/1.1" 200 143
::1 - - [19/Dec/2020:22:08:25 +0000] "GET /api/User/analysis8?type=month HTTP/1.1" 200 72
::1 - - [19/Dec/2020:22:09:10 +0000] "GET /api/User/analysis8?type=month HTTP/1.1" 200 82
::1 - - [19/Dec/2020:22:09:40 +0000] "GET /api/User/analysis8?type=month HTTP/1.1" 200 82
::1 - - [19/Dec/2020:22:12:44 +0000] "GET /api/User/analysis8?type=month HTTP/1.1" 200 82
::1 - - [20/Dec/2020:12:50:49 +0000] "GET /api/User/analysis9?type=month HTTP/1.1" 400 50
::1 - - [20/Dec/2020:12:51:50 +0000] "GET /api/User/analysis9?type=month HTTP/1.1" 400 50
::1 - - [20/Dec/2020:12:52:40 +0000] "GET /api/User/analysis9?type=month HTTP/1.1" 200 751
::1 - - [20/Dec/2020:12:53:18 +0000] "GET /api/User/analysis9?type=month HTTP/1.1" 200 169
::1 - - [20/Dec/2020:12:53:40 +0000] "GET /api/User/analysis9?type=month HTTP/1.1" 200 169
::1 - - [20/Dec/2020:12:54:00 +0000] "GET /api/User/analysis9?type=month HTTP/1.1" 200 180
::1 - - [20/Dec/2020:12:54:46 +0000] "GET /api/User/analysis9?type=month HTTP/1.1" 200 49
::1 - - [20/Dec/2020:12:55:30 +0000] "GET /api/User/analysis9?type=month HTTP/1.1" 200 179
::1 - - [20/Dec/2020:12:55:51 +0000] "GET /api/User/analysis9?type=month HTTP/1.1" 200 179
::1 - - [20/Dec/2020:12:57:37 +0000] "GET /api/User/analysis9?type=month HTTP/1.1" 200 49
::1 - - [20/Dec/2020:12:57:46 +0000] "GET /api/User/analysis9?type=month HTTP/1.1" 400 50
::1 - - [20/Dec/2020:12:58:01 +0000] "GET /api/User/analysis9?type=month HTTP/1.1" 400 50
::1 - - [20/Dec/2020:12:58:28 +0000] "GET /api/User/analysis9?type=month HTTP/1.1" 200 180
::1 - - [20/Dec/2020:13:04:32 +0000] "GET /api/User/analysis10?type=month HTTP/1.1" 200 126
::1 - - [20/Dec/2020:13:09:36 +0000] "GET /api/User/analysis11?type=month HTTP/1.1" 200 66
::1 - - [20/Dec/2020:13:10:12 +0000] "GET /api/User/analysis11?type=month HTTP/1.1" 200 85
::1 - - [20/Dec/2020:13:30:34 +0000] "GET /api/User/analysis12?type=month HTTP/1.1" 400 50
::1 - - [20/Dec/2020:13:31:09 +0000] "GET /api/User/analysis12?type=month HTTP/1.1" 200 161
::1 - - [20/Dec/2020:13:33:51 +0000] "GET /api/User/analysis12?type=month HTTP/1.1" 200 131
::1 - - [21/Dec/2020:12:02:20 +0000] "GET /api/User/analysis?type=month HTTP/1.1" 200 676
::1 - - [21/Dec/2020:12:02:20 +0000] "GET /api/User/analysis2 HTTP/1.1" 304 -
::ffff:127.0.0.1 - - [21/Dec/2020:12:08:01 +0000] "GET /api/User/analysis2 HTTP/1.1" 304 -
::ffff:127.0.0.1 - - [21/Dec/2020:12:08:01 +0000] "GET /api/User/analysis?type=month HTTP/1.1" 200 664
::1 - - [21/Dec/2020:12:12:02 +0000] "GET /api/User/analysis2 HTTP/1.1" 304 -
::1 - - [21/Dec/2020:12:12:02 +0000] "GET /api/User/analysis?type=month HTTP/1.1" 200 674
::1 - - [21/Dec/2020:12:12:02 +0000] "GET /api/User/analysis?type=month HTTP/1.1" 200 676
::1 - - [21/Dec/2020:12:12:15 +0000] "GET /api/User/analysis2 HTTP/1.1" 304 -
::1 - - [21/Dec/2020:12:12:15 +0000] "GET /api/User/analysis?type=month HTTP/1.1" 200 660
::1 - - [21/Dec/2020:12:12:15 +0000] "GET /api/User/analysis?type=month HTTP/1.1" 200 670
::1 - - [21/Dec/2020:12:12:36 +0000] "GET /api/User/analysis?type=month HTTP/1.1" 200 666
::1 - - [21/Dec/2020:12:12:43 +0000] "GET /api/User/analysis2 HTTP/1.1" 304 -
::1 - - [21/Dec/2020:12:12:43 +0000] "GET /api/User/analysis?type=month HTTP/1.1" 200 664
::1 - - [21/Dec/2020:12:12:43 +0000] "GET /api/User/analysis?type=month HTTP/1.1" 200 662
::1 - - [21/Dec/2020:12:14:08 +0000] "GET /api/User/analysis?type=month HTTP/1.1" 200 674
::1 - - [21/Dec/2020:12:15:25 +0000] "GET /api/User/analysis3 HTTP/1.1" 200 203
::1 - - [21/Dec/2020:12:15:45 +0000] "GET /api/User/analysis2 HTTP/1.1" 304 -
::1 - - [21/Dec/2020:12:15:45 +0000] "GET /api/User/analysis?type=month HTTP/1.1" 200 670
::1 - - [21/Dec/2020:12:15:45 +0000] "GET /api/User/analysis3 HTTP/1.1" 200 199
::1 - - [21/Dec/2020:12:16:03 +0000] "GET /api/User/analysis3 HTTP/1.1" 200 199
::1 - - [21/Dec/2020:12:18:50 +0000] "GET /api/User/analysis2 HTTP/1.1" 304 -
::1 - - [21/Dec/2020:12:18:50 +0000] "GET /api/User/analysis?type=month HTTP/1.1" 200 672
::1 - - [21/Dec/2020:12:18:50 +0000] "GET /api/User/analysis3 HTTP/1.1" 200 199
::1 - - [21/Dec/2020:12:18:50 +0000] "GET /api/User/analysis2 HTTP/1.1" 304 -
::1 - - [21/Dec/2020:12:19:04 +0000] "GET /api/User/analysis2 HTTP/1.1" 304 -
::1 - - [21/Dec/2020:12:19:04 +0000] "GET /api/User/analysis2 HTTP/1.1" 304 -
::1 - - [21/Dec/2020:12:19:04 +0000] "GET /api/User/analysis?type=month HTTP/1.1" 200 682
::1 - - [21/Dec/2020:12:19:04 +0000] "GET /api/User/analysis3 HTTP/1.1" 200 201
::ffff:127.0.0.1 - - [21/Dec/2020:12:21:03 +0000] "GET /api/User/analysis2 HTTP/1.1" 304 -
::ffff:127.0.0.1 - - [21/Dec/2020:12:21:03 +0000] "GET /api/User/analysis?type=month HTTP/1.1" 200 662
::1 - - [21/Dec/2020:12:21:03 +0000] "GET /api/User/analysis3 HTTP/1.1" 200 201
::1 - - [21/Dec/2020:12:21:03 +0000] "GET /api/User/analysis2 HTTP/1.1" 304 -
::1 - - [21/Dec/2020:12:21:20 +0000] "GET /api/User/analysis4 HTTP/1.1" 200 84
::1 - - [21/Dec/2020:12:21:31 +0000] "GET /api/User/analysis2 HTTP/1.1" 304 -
::1 - - [21/Dec/2020:12:21:31 +0000] "GET /api/User/analysis?type=month HTTP/1.1" 200 674
::1 - - [21/Dec/2020:12:21:31 +0000] "GET /api/User/analysis3 HTTP/1.1" 200 201
::1 - - [21/Dec/2020:12:21:31 +0000] "GET /api/User/analysis4 HTTP/1.1" 304 -
::1 - - [21/Dec/2020:12:23:08 +0000] "GET /api/User/analysis?type=month HTTP/1.1" 200 672
::1 - - [21/Dec/2020:12:23:08 +0000] "GET /api/User/analysis2 HTTP/1.1" 304 -
::1 - - [21/Dec/2020:12:23:08 +0000] "GET /api/User/analysis3 HTTP/1.1" 200 197
::1 - - [21/Dec/2020:12:23:08 +0000] "GET /api/User/analysis31 HTTP/1.1" 200 80
::1 - - [21/Dec/2020:12:23:11 +0000] "GET /api/User/analysis2 HTTP/1.1" 304 -
::1 - - [21/Dec/2020:12:23:12 +0000] "GET /api/User/analysis?type=month HTTP/1.1" 200 676
::1 - - [21/Dec/2020:12:23:12 +0000] "GET /api/User/analysis3 HTTP/1.1" 200 193
::1 - - [21/Dec/2020:12:23:12 +0000] "GET /api/User/analysis31 HTTP/1.1" 304 -
::1 - - [21/Dec/2020:12:27:20 +0000] "GET /api/User/analysis31 HTTP/1.1" 200 197
::1 - - [21/Dec/2020:12:27:57 +0000] "GET /api/User/analysis2 HTTP/1.1" 304 -
::1 - - [21/Dec/2020:12:27:57 +0000] "GET /api/User/analysis?type=month HTTP/1.1" 200 676
::1 - - [21/Dec/2020:12:27:57 +0000] "GET /api/User/analysis3 HTTP/1.1" 200 201
::1 - - [21/Dec/2020:12:27:57 +0000] "GET /api/User/analysis31 HTTP/1.1" 200 199
::1 - - [21/Dec/2020:12:28:02 +0000] "GET /api/User/analysis2 HTTP/1.1" 304 -
::1 - - [21/Dec/2020:12:28:02 +0000] "GET /api/User/analysis?type=month HTTP/1.1" 200 670
::1 - - [21/Dec/2020:12:28:03 +0000] "GET /api/User/analysis3 HTTP/1.1" 200 201
::1 - - [21/Dec/2020:12:28:03 +0000] "GET /api/User/analysis31 HTTP/1.1" 200 205
::1 - - [21/Dec/2020:12:28:07 +0000] "GET /api/User/analysis2 HTTP/1.1" 304 -
::1 - - [21/Dec/2020:12:28:07 +0000] "GET /api/User/analysis?type=month HTTP/1.1" 200 680
::1 - - [21/Dec/2020:12:28:07 +0000] "GET /api/User/analysis3 HTTP/1.1" 200 197
::1 - - [21/Dec/2020:12:28:07 +0000] "GET /api/User/analysis31 HTTP/1.1" 200 197
::1 - - [21/Dec/2020:12:30:02 +0000] "GET /api/User/analysis31 HTTP/1.1" 200 203
::1 - - [21/Dec/2020:12:30:25 +0000] "GET /api/User/analysis31 HTTP/1.1" 200 201
::1 - - [21/Dec/2020:12:30:31 +0000] "GET /api/User/analysis2 HTTP/1.1" 304 -
::1 - - [21/Dec/2020:12:30:31 +0000] "GET /api/User/analysis?type=month HTTP/1.1" 200 674
::1 - - [21/Dec/2020:12:30:32 +0000] "GET /api/User/analysis3 HTTP/1.1" 200 197
::1 - - [21/Dec/2020:12:30:32 +0000] "GET /api/User/analysis31 HTTP/1.1" 200 201
::1 - - [21/Dec/2020:12:33:21 +0000] "GET /api/User/analysis2 HTTP/1.1" 304 -
::1 - - [21/Dec/2020:12:33:21 +0000] "GET /api/User/analysis?type=month HTTP/1.1" 200 664
::1 - - [21/Dec/2020:12:33:21 +0000] "GET /api/User/analysis3 HTTP/1.1" 200 201
::1 - - [21/Dec/2020:12:33:21 +0000] "GET /api/User/analysis31 HTTP/1.1" 200 201
::1 - - [21/Dec/2020:12:33:29 +0000] "GET /api/User/analysis2 HTTP/1.1" 304 -
::1 - - [21/Dec/2020:12:33:29 +0000] "GET /api/User/analysis?type=month HTTP/1.1" 200 666
::1 - - [21/Dec/2020:12:33:29 +0000] "GET /api/User/analysis31 HTTP/1.1" 200 199
::1 - - [21/Dec/2020:12:33:29 +0000] "GET /api/User/analysis3 HTTP/1.1" 200 199
::1 - - [21/Dec/2020:12:33:53 +0000] "GET /api/User/analysis2 HTTP/1.1" 304 -
::1 - - [21/Dec/2020:12:33:53 +0000] "GET /api/User/analysis?type=month HTTP/1.1" 200 678
::1 - - [21/Dec/2020:12:33:53 +0000] "GET /api/User/analysis3 HTTP/1.1" 200 201
::1 - - [21/Dec/2020:12:33:53 +0000] "GET /api/User/analysis31 HTTP/1.1" 200 199
::1 - - [21/Dec/2020:12:34:14 +0000] "GET /api/User/analysis2 HTTP/1.1" 304 -
::1 - - [21/Dec/2020:12:34:14 +0000] "GET /api/User/analysis?type=month HTTP/1.1" 200 670
::1 - - [21/Dec/2020:12:34:14 +0000] "GET /api/User/analysis3 HTTP/1.1" 200 201
::1 - - [21/Dec/2020:12:34:14 +0000] "GET /api/User/analysis31 HTTP/1.1" 200 199
::1 - - [21/Dec/2020:12:34:19 +0000] "GET /api/User/analysis2 HTTP/1.1" 304 -
::1 - - [21/Dec/2020:12:34:19 +0000] "GET /api/User/analysis?type=month HTTP/1.1" 200 672
::1 - - [21/Dec/2020:12:34:19 +0000] "GET /api/User/analysis3 HTTP/1.1" 200 199
::1 - - [21/Dec/2020:12:34:19 +0000] "GET /api/User/analysis31 HTTP/1.1" 200 201
::1 - - [21/Dec/2020:12:35:06 +0000] "GET /api/User/analysis2 HTTP/1.1" 304 -
::1 - - [21/Dec/2020:12:35:06 +0000] "GET /api/User/analysis?type=month HTTP/1.1" 200 658
::1 - - [21/Dec/2020:12:35:06 +0000] "GET /api/User/analysis3 HTTP/1.1" 200 205
::1 - - [21/Dec/2020:12:35:06 +0000] "GET /api/User/analysis31 HTTP/1.1" 200 191
::1 - - [21/Dec/2020:12:38:08 +0000] "GET /api/User/analysis2 HTTP/1.1" 304 -
::1 - - [21/Dec/2020:12:38:08 +0000] "GET /api/User/analysis?type=month HTTP/1.1" 200 668
::1 - - [21/Dec/2020:12:38:08 +0000] "GET /api/User/analysis3 HTTP/1.1" 200 197
::1 - - [21/Dec/2020:12:38:08 +0000] "GET /api/User/analysis31 HTTP/1.1" 200 203
::1 - - [21/Dec/2020:12:38:24 +0000] "GET /api/User/analysis2 HTTP/1.1" 304 -
::1 - - [21/Dec/2020:12:38:24 +0000] "GET /api/User/analysis?type=month HTTP/1.1" 200 676
::1 - - [21/Dec/2020:12:38:24 +0000] "GET /api/User/analysis3 HTTP/1.1" 200 201
::1 - - [21/Dec/2020:12:38:24 +0000] "GET /api/User/analysis31 HTTP/1.1" 200 201
::1 - - [21/Dec/2020:12:39:03 +0000] "GET /api/User/analysis2 HTTP/1.1" 304 -
::1 - - [21/Dec/2020:12:39:03 +0000] "GET /api/User/analysis?type=month HTTP/1.1" 200 672
::1 - - [21/Dec/2020:12:39:03 +0000] "GET /api/User/analysis3 HTTP/1.1" 200 201
::1 - - [21/Dec/2020:12:39:03 +0000] "GET /api/User/analysis31 HTTP/1.1" 200 199
::1 - - [21/Dec/2020:12:39:30 +0000] "GET /api/User/analysis2 HTTP/1.1" 304 -
::1 - - [21/Dec/2020:12:39:30 +0000] "GET /api/User/analysis?type=month HTTP/1.1" 200 662
::1 - - [21/Dec/2020:12:39:30 +0000] "GET /api/User/analysis3 HTTP/1.1" 200 197
::1 - - [21/Dec/2020:12:39:30 +0000] "GET /api/User/analysis31 HTTP/1.1" 200 199
::1 - - [21/Dec/2020:12:39:47 +0000] "GET /api/User/analysis2 HTTP/1.1" 304 -
::1 - - [21/Dec/2020:12:39:47 +0000] "GET /api/User/analysis?type=month HTTP/1.1" 200 682
::1 - - [21/Dec/2020:12:39:48 +0000] "GET /api/User/analysis3 HTTP/1.1" 200 197
::1 - - [21/Dec/2020:12:39:48 +0000] "GET /api/User/analysis31 HTTP/1.1" 200 203
::1 - - [21/Dec/2020:12:40:53 +0000] "GET /api/User/analysis2 HTTP/1.1" 304 -
::1 - - [21/Dec/2020:12:40:53 +0000] "GET /api/User/analysis?type=month HTTP/1.1" 200 672
::1 - - [21/Dec/2020:12:40:53 +0000] "GET /api/User/analysis3 HTTP/1.1" 200 203
::1 - - [21/Dec/2020:12:40:53 +0000] "GET /api/User/analysis31 HTTP/1.1" 200 195
::1 - - [21/Dec/2020:12:41:38 +0000] "GET /api/User/analysis31 HTTP/1.1" 200 199
::1 - - [21/Dec/2020:12:41:42 +0000] "GET /api/User/analysis4 HTTP/1.1" 200 81
::1 - - [21/Dec/2020:12:49:41 +0000] "GET /api/User/analysis2 HTTP/1.1" 304 -
::1 - - [21/Dec/2020:12:49:41 +0000] "GET /api/User/analysis3 HTTP/1.1" 200 193
::1 - - [21/Dec/2020:12:49:41 +0000] "GET /api/User/analysis?type=month HTTP/1.1" 200 674
::1 - - [21/Dec/2020:12:49:41 +0000] "GET /api/User/analysis31 HTTP/1.1" 200 199
::1 - - [21/Dec/2020:12:49:41 +0000] "GET /api/User/analysis4 HTTP/1.1" 400 50
::1 - - [21/Dec/2020:12:50:22 +0000] "GET /api/User/analysis2 HTTP/1.1" 304 -
::1 - - [21/Dec/2020:12:50:22 +0000] "GET /api/User/analysis?type=month HTTP/1.1" 200 658
::1 - - [21/Dec/2020:12:50:22 +0000] "GET /api/User/analysis3 HTTP/1.1" 200 199
::1 - - [21/Dec/2020:12:50:22 +0000] "GET /api/User/analysis31 HTTP/1.1" 200 201
::1 - - [21/Dec/2020:12:50:23 +0000] "GET /api/User/analysis4 HTTP/1.1" 200 149
::1 - - [21/Dec/2020:12:51:09 +0000] "GET /api/User/analysis2 HTTP/1.1" 304 -
::1 - - [21/Dec/2020:12:51:09 +0000] "GET /api/User/analysis?type=month HTTP/1.1" 200 678
::1 - - [21/Dec/2020:12:51:09 +0000] "GET /api/User/analysis3 HTTP/1.1" 200 199
::1 - - [21/Dec/2020:12:51:09 +0000] "GET /api/User/analysis31 HTTP/1.1" 200 203
::1 - - [21/Dec/2020:12:51:09 +0000] "GET /api/User/analysis4 HTTP/1.1" 200 125
::ffff:127.0.0.1 - - [21/Dec/2020:12:55:21 +0000] "GET /api/User/analysis?type=month HTTP/1.1" 200 674
::ffff:127.0.0.1 - - [21/Dec/2020:12:55:21 +0000] "GET /api/User/analysis31 HTTP/1.1" 200 203
::ffff:127.0.0.1 - - [21/Dec/2020:12:55:21 +0000] "GET /api/User/analysis3 HTTP/1.1" 200 199
::ffff:127.0.0.1 - - [21/Dec/2020:12:55:21 +0000] "GET /api/User/analysis2 HTTP/1.1" 304 -
::ffff:127.0.0.1 - - [21/Dec/2020:12:55:21 +0000] "GET /api/User/analysis4 HTTP/1.1" 304 -
::1 - - [21/Dec/2020:12:57:36 +0000] "GET /api/User/analysis31 HTTP/1.1" 200 195
::1 - - [21/Dec/2020:12:57:44 +0000] "GET /api/User/analysis5 HTTP/1.1" 200 97
::1 - - [21/Dec/2020:12:58:01 +0000] "GET /api/User/analysis2 HTTP/1.1" 304 -
::1 - - [21/Dec/2020:12:58:01 +0000] "GET /api/User/analysis?type=month HTTP/1.1" 200 688
::1 - - [21/Dec/2020:12:58:01 +0000] "GET /api/User/analysis5 HTTP/1.1" 304 -
::1 - - [21/Dec/2020:12:58:01 +0000] "GET /api/User/analysis3 HTTP/1.1" 200 203
::1 - - [21/Dec/2020:12:58:01 +0000] "GET /api/User/analysis31 HTTP/1.1" 200 201
::1 - - [21/Dec/2020:12:58:01 +0000] "GET /api/User/analysis4 HTTP/1.1" 304 -
::1 - - [21/Dec/2020:12:58:26 +0000] "GET /api/User/analysis5 HTTP/1.1" 304 -
::1 - - [21/Dec/2020:12:59:18 +0000] "GET /api/User/analysis2 HTTP/1.1" 304 -
::1 - - [21/Dec/2020:12:59:18 +0000] "GET /api/User/analysis?type=month HTTP/1.1" 200 662
::1 - - [21/Dec/2020:12:59:18 +0000] "GET /api/User/analysis5 HTTP/1.1" 304 -
::1 - - [21/Dec/2020:12:59:18 +0000] "GET /api/User/analysis3 HTTP/1.1" 200 199
::1 - - [21/Dec/2020:12:59:18 +0000] "GET /api/User/analysis31 HTTP/1.1" 200 203
::1 - - [21/Dec/2020:12:59:18 +0000] "GET /api/User/analysis4 HTTP/1.1" 304 -
::1 - - [21/Dec/2020:12:59:59 +0000] "GET /api/User/analysis2 HTTP/1.1" 304 -
::1 - - [21/Dec/2020:12:59:59 +0000] "GET /api/User/analysis?type=month HTTP/1.1" 200 676
::1 - - [21/Dec/2020:12:59:59 +0000] "GET /api/User/analysis5 HTTP/1.1" 304 -
::1 - - [21/Dec/2020:12:59:59 +0000] "GET /api/User/analysis3 HTTP/1.1" 200 199
::1 - - [21/Dec/2020:12:59:59 +0000] "GET /api/User/analysis31 HTTP/1.1" 200 199
::1 - - [21/Dec/2020:12:59:59 +0000] "GET /api/User/analysis4 HTTP/1.1" 304 -
::1 - - [21/Dec/2020:13:01:07 +0000] "GET /api/User/analysis2 HTTP/1.1" 304 -
::1 - - [21/Dec/2020:13:01:07 +0000] "GET /api/User/analysis?type=month HTTP/1.1" 200 680
::1 - - [21/Dec/2020:13:01:07 +0000] "GET /api/User/analysis5 HTTP/1.1" 304 -
::1 - - [21/Dec/2020:13:01:07 +0000] "GET /api/User/analysis3 HTTP/1.1" 200 201
::1 - - [21/Dec/2020:13:01:07 +0000] "GET /api/User/analysis31 HTTP/1.1" 200 199
::1 - - [21/Dec/2020:13:01:07 +0000] "GET /api/User/analysis4 HTTP/1.1" 304 -
::ffff:127.0.0.1 - - [21/Dec/2020:13:03:12 +0000] "GET /api/User/analysis2 HTTP/1.1" 304 -
::ffff:127.0.0.1 - - [21/Dec/2020:13:03:12 +0000] "GET /api/User/analysis?type=month HTTP/1.1" 200 668
::ffff:127.0.0.1 - - [21/Dec/2020:13:03:12 +0000] "GET /api/User/analysis3 HTTP/1.1" 200 197
::ffff:127.0.0.1 - - [21/Dec/2020:13:03:12 +0000] "GET /api/User/analysis5?type=month HTTP/1.1" 200 201
::ffff:127.0.0.1 - - [21/Dec/2020:13:03:12 +0000] "GET /api/User/analysis4 HTTP/1.1" 304 -
::ffff:127.0.0.1 - - [21/Dec/2020:13:03:12 +0000] "GET /api/User/analysis31 HTTP/1.1" 200 195
::1 - - [21/Dec/2020:13:03:41 +0000] "GET /api/User/analysis5?type=month HTTP/1.1" 200 720
::1 - - [21/Dec/2020:13:03:57 +0000] "GET /api/User/analysis2 HTTP/1.1" 304 -
::1 - - [21/Dec/2020:13:03:57 +0000] "GET /api/User/analysis?type=month HTTP/1.1" 200 668
::1 - - [21/Dec/2020:13:03:57 +0000] "GET /api/User/analysis5?type=month HTTP/1.1" 200 730
::1 - - [21/Dec/2020:13:03:57 +0000] "GET /api/User/analysis3 HTTP/1.1" 200 197
::1 - - [21/Dec/2020:13:03:57 +0000] "GET /api/User/analysis31 HTTP/1.1" 200 201
::1 - - [21/Dec/2020:13:03:57 +0000] "GET /api/User/analysis4 HTTP/1.1" 304 -
::1 - - [21/Dec/2020:13:05:13 +0000] "GET /api/User/analysis2 HTTP/1.1" 304 -
::1 - - [21/Dec/2020:13:05:13 +0000] "GET /api/User/analysis?type=month HTTP/1.1" 200 674
::1 - - [21/Dec/2020:13:05:13 +0000] "GET /api/User/analysis5?type=month HTTP/1.1" 200 201
::1 - - [21/Dec/2020:13:05:13 +0000] "GET /api/User/analysis3 HTTP/1.1" 200 199
::1 - - [21/Dec/2020:13:05:13 +0000] "GET /api/User/analysis31 HTTP/1.1" 200 201
::1 - - [21/Dec/2020:13:05:13 +0000] "GET /api/User/analysis4 HTTP/1.1" 304 -
::1 - - [21/Dec/2020:13:06:35 +0000] "GET /api/User/analysis5?type=month HTTP/1.1" 200 728
::1 - - [21/Dec/2020:13:07:49 +0000] "GET /api/User/analysis5?type=month HTTP/1.1" 200 730
::1 - - [21/Dec/2020:13:08:05 +0000] "GET /api/User/analysis5?type=month HTTP/1.1" 200 718
::1 - - [21/Dec/2020:13:08:26 +0000] "GET /api/User/analysis5?type=month HTTP/1.1" 200 732
::1 - - [21/Dec/2020:13:08:41 +0000] "GET /api/User/analysis2 HTTP/1.1" 304 -
::1 - - [21/Dec/2020:13:08:41 +0000] "GET /api/User/analysis5?type=month HTTP/1.1" 200 716
::1 - - [21/Dec/2020:13:08:41 +0000] "GET /api/User/analysis3 HTTP/1.1" 200 201
::1 - - [21/Dec/2020:13:08:41 +0000] "GET /api/User/analysis?type=month HTTP/1.1" 200 97
::1 - - [21/Dec/2020:13:08:41 +0000] "GET /api/User/analysis4 HTTP/1.1" 304 -
::1 - - [21/Dec/2020:13:08:41 +0000] "GET /api/User/analysis31 HTTP/1.1" 200 201
::1 - - [21/Dec/2020:13:09:01 +0000] "GET /api/User/analysis5?type=month HTTP/1.1" 200 736
::1 - - [21/Dec/2020:13:09:59 +0000] "GET /api/User/analysis5?type=month HTTP/1.1" 200 728
::1 - - [21/Dec/2020:13:10:03 +0000] "GET /api/User/analysis2 HTTP/1.1" 304 -
::1 - - [21/Dec/2020:13:10:03 +0000] "GET /api/User/analysis?type=month HTTP/1.1" 200 678
::1 - - [21/Dec/2020:13:10:03 +0000] "GET /api/User/analysis5?type=month HTTP/1.1" 200 201
::1 - - [21/Dec/2020:13:10:03 +0000] "GET /api/User/analysis3 HTTP/1.1" 200 199
::1 - - [21/Dec/2020:13:10:03 +0000] "GET /api/User/analysis31 HTTP/1.1" 200 199
::1 - - [21/Dec/2020:13:10:03 +0000] "GET /api/User/analysis4 HTTP/1.1" 304 -
::1 - - [21/Dec/2020:13:10:28 +0000] "GET /api/User/analysis5?type=month HTTP/1.1" 200 730
::1 - - [21/Dec/2020:13:11:10 +0000] "GET /api/User/analysis5?type=month HTTP/1.1" 200 716
::1 - - [21/Dec/2020:13:11:27 +0000] "GET /api/User/analysis4 HTTP/1.1" 304 -
::1 - - [21/Dec/2020:13:12:03 +0000] "GET /api/User/analysis?type=month HTTP/1.1" 200 668
::1 - - [21/Dec/2020:13:20:07 +0000] "GET /api/User/analysis2 HTTP/1.1" 304 -
::1 - - [21/Dec/2020:13:20:07 +0000] "GET /api/User/analysis?type=month HTTP/1.1" 200 668
::1 - - [21/Dec/2020:13:20:07 +0000] "GET /api/User/analysis31 HTTP/1.1" 200 203
::1 - - [21/Dec/2020:13:20:07 +0000] "GET /api/User/analysis4 HTTP/1.1" 304 -
::1 - - [21/Dec/2020:13:20:07 +0000] "GET /api/User/analysis5?type=month HTTP/1.1" 200 195
::1 - - [21/Dec/2020:13:20:07 +0000] "GET /api/User/analysis3 HTTP/1.1" 200 199
::1 - - [21/Dec/2020:13:22:45 +0000] "GET /api/User/analysis2 HTTP/1.1" 304 -
::1 - - [21/Dec/2020:13:22:45 +0000] "GET /api/User/analysis?type=month HTTP/1.1" 200 670
::1 - - [21/Dec/2020:13:22:45 +0000] "GET /api/User/analysis5?type=month HTTP/1.1" 200 199
::1 - - [21/Dec/2020:13:22:45 +0000] "GET /api/User/analysis3 HTTP/1.1" 200 201
::1 - - [21/Dec/2020:13:22:45 +0000] "GET /api/User/analysis31 HTTP/1.1" 200 203
::1 - - [21/Dec/2020:13:22:45 +0000] "GET /api/User/analysis4 HTTP/1.1" 304 -
::1 - - [21/Dec/2020:13:22:50 +0000] "GET /api/User/analysis2 HTTP/1.1" 304 -
::1 - - [21/Dec/2020:13:22:50 +0000] "GET /api/User/analysis?type=month HTTP/1.1" 200 674
::1 - - [21/Dec/2020:13:22:50 +0000] "GET /api/User/analysis5?type=month HTTP/1.1" 200 199
::1 - - [21/Dec/2020:13:22:50 +0000] "GET /api/User/analysis3 HTTP/1.1" 200 203
::1 - - [21/Dec/2020:13:22:50 +0000] "GET /api/User/analysis31 HTTP/1.1" 200 199
::1 - - [21/Dec/2020:13:22:50 +0000] "GET /api/User/analysis4 HTTP/1.1" 304 -
::1 - - [21/Dec/2020:13:23:13 +0000] "GET /api/User/analysis2 HTTP/1.1" 304 -
::1 - - [21/Dec/2020:13:23:13 +0000] "GET /api/User/analysis?type=month HTTP/1.1" 200 668
::1 - - [21/Dec/2020:13:23:13 +0000] "GET /api/User/analysis5?type=month HTTP/1.1" 200 726
::1 - - [21/Dec/2020:13:23:13 +0000] "GET /api/User/analysis3 HTTP/1.1" 200 199
::1 - - [21/Dec/2020:13:23:13 +0000] "GET /api/User/analysis31 HTTP/1.1" 200 193
::1 - - [21/Dec/2020:13:23:13 +0000] "GET /api/User/analysis4 HTTP/1.1" 304 -
::1 - - [21/Dec/2020:13:23:43 +0000] "GET /api/User/analysis6 HTTP/1.1" 200 87
::1 - - [21/Dec/2020:13:24:06 +0000] "GET /api/User/analysis2 HTTP/1.1" 304 -
::1 - - [21/Dec/2020:13:24:06 +0000] "GET /api/User/analysis?type=month HTTP/1.1" 200 682
::1 - - [21/Dec/2020:13:24:06 +0000] "GET /api/User/analysis5?type=month HTTP/1.1" 200 201
::1 - - [21/Dec/2020:13:24:06 +0000] "GET /api/User/analysis31 HTTP/1.1" 200 195
::1 - - [21/Dec/2020:13:24:06 +0000] "GET /api/User/analysis3 HTTP/1.1" 200 199
::1 - - [21/Dec/2020:13:24:06 +0000] "GET /api/User/analysis4 HTTP/1.1" 304 -
::1 - - [21/Dec/2020:13:24:06 +0000] "GET /api/User/analysis6 HTTP/1.1" 304 -
::1 - - [21/Dec/2020:13:24:55 +0000] "GET /api/User/analysis6 HTTP/1.1" 304 -
::1 - - [21/Dec/2020:13:26:04 +0000] "GET /api/User/analysis5?type=month HTTP/1.1" 200 730
::1 - - [21/Dec/2020:13:26:13 +0000] "GET /api/User/analysis2 HTTP/1.1" 304 -
::1 - - [21/Dec/2020:13:26:13 +0000] "GET /api/User/analysis?type=month HTTP/1.1" 200 666
::1 - - [21/Dec/2020:13:26:13 +0000] "GET /api/User/analysis5?type=month HTTP/1.1" 200 199
::1 - - [21/Dec/2020:13:26:13 +0000] "GET /api/User/analysis3 HTTP/1.1" 200 203
::1 - - [21/Dec/2020:13:26:13 +0000] "GET /api/User/analysis31 HTTP/1.1" 200 201
::1 - - [21/Dec/2020:13:26:13 +0000] "GET /api/User/analysis4 HTTP/1.1" 304 -
::1 - - [21/Dec/2020:13:26:14 +0000] "GET /api/User/analysis6 HTTP/1.1" 304 -
::1 - - [21/Dec/2020:13:26:53 +0000] "GET /api/User/analysis2 HTTP/1.1" 304 -
::1 - - [21/Dec/2020:13:26:53 +0000] "GET /api/User/analysis?type=month HTTP/1.1" 200 678
::1 - - [21/Dec/2020:13:26:53 +0000] "GET /api/User/analysis3 HTTP/1.1" 200 201
::1 - - [21/Dec/2020:13:26:53 +0000] "GET /api/User/analysis5?type=month HTTP/1.1" 200 201
::1 - - [21/Dec/2020:13:26:53 +0000] "GET /api/User/analysis31 HTTP/1.1" 200 199
::1 - - [21/Dec/2020:13:26:53 +0000] "GET /api/User/analysis4 HTTP/1.1" 304 -
::1 - - [21/Dec/2020:13:26:53 +0000] "GET /api/User/analysis6 HTTP/1.1" 304 -
::1 - - [21/Dec/2020:13:27:45 +0000] "GET /api/User/analysis2 HTTP/1.1" 304 -
::1 - - [21/Dec/2020:13:27:45 +0000] "GET /api/User/analysis?type=month HTTP/1.1" 200 666
::1 - - [21/Dec/2020:13:27:45 +0000] "GET /api/User/analysis5?type=month HTTP/1.1" 200 195
::1 - - [21/Dec/2020:13:27:45 +0000] "GET /api/User/analysis3 HTTP/1.1" 200 203
::1 - - [21/Dec/2020:13:27:45 +0000] "GET /api/User/analysis31 HTTP/1.1" 200 203
::1 - - [21/Dec/2020:13:27:45 +0000] "GET /api/User/analysis4 HTTP/1.1" 304 -
::1 - - [21/Dec/2020:13:27:45 +0000] "GET /api/User/analysis6 HTTP/1.1" 304 -
::1 - - [21/Dec/2020:13:28:14 +0000] "GET /api/User/analysis2 HTTP/1.1" 304 -
::1 - - [21/Dec/2020:13:28:14 +0000] "GET /api/User/analysis?type=month HTTP/1.1" 200 664
::1 - - [21/Dec/2020:13:28:15 +0000] "GET /api/User/analysis5?type=month HTTP/1.1" 200 199
::1 - - [21/Dec/2020:13:28:15 +0000] "GET /api/User/analysis3 HTTP/1.1" 200 199
::1 - - [21/Dec/2020:13:28:15 +0000] "GET /api/User/analysis31 HTTP/1.1" 200 201
::1 - - [21/Dec/2020:13:28:15 +0000] "GET /api/User/analysis4 HTTP/1.1" 304 -
::1 - - [21/Dec/2020:13:28:15 +0000] "GET /api/User/analysis6 HTTP/1.1" 304 -
::1 - - [21/Dec/2020:13:29:21 +0000] "GET /api/User/analysis2 HTTP/1.1" 304 -
::1 - - [21/Dec/2020:13:29:21 +0000] "GET /api/User/analysis?type=month HTTP/1.1" 200 678
::1 - - [21/Dec/2020:13:29:21 +0000] "GET /api/User/analysis5?type=month HTTP/1.1" 200 197
::1 - - [21/Dec/2020:13:29:22 +0000] "GET /api/User/analysis3 HTTP/1.1" 200 197
::1 - - [21/Dec/2020:13:29:22 +0000] "GET /api/User/analysis31 HTTP/1.1" 200 199
::1 - - [21/Dec/2020:13:29:22 +0000] "GET /api/User/analysis4 HTTP/1.1" 304 -
::1 - - [21/Dec/2020:13:29:22 +0000] "GET /api/User/analysis6 HTTP/1.1" 304 -
::1 - - [21/Dec/2020:13:31:03 +0000] "GET /api/User/analysis2 HTTP/1.1" 304 -
::1 - - [21/Dec/2020:13:31:03 +0000] "GET /api/User/analysis?type=month HTTP/1.1" 200 676
::1 - - [21/Dec/2020:13:31:03 +0000] "GET /api/User/analysis5?type=month HTTP/1.1" 200 203
::1 - - [21/Dec/2020:13:31:03 +0000] "GET /api/User/analysis3 HTTP/1.1" 200 201
::1 - - [21/Dec/2020:13:31:04 +0000] "GET /api/User/analysis31 HTTP/1.1" 200 199
::1 - - [21/Dec/2020:13:31:04 +0000] "GET /api/User/analysis4 HTTP/1.1" 304 -
::1 - - [21/Dec/2020:13:31:04 +0000] "GET /api/User/analysis6 HTTP/1.1" 304 -
::1 - - [21/Dec/2020:13:32:09 +0000] "GET /api/User/analysis6?type=month HTTP/1.1" 200 87
::1 - - [21/Dec/2020:13:32:34 +0000] "GET /api/User/analysis5?type=month HTTP/1.1" 200 728
::1 - - [21/Dec/2020:13:33:43 +0000] "GET /api/User/analysis2 HTTP/1.1" 304 -
::1 - - [21/Dec/2020:13:33:43 +0000] "GET /api/User/analysis?type=month HTTP/1.1" 200 676
::1 - - [21/Dec/2020:13:33:43 +0000] "GET /api/User/analysis5?type=month HTTP/1.1" 200 199
::1 - - [21/Dec/2020:13:33:44 +0000] "GET /api/User/analysis3 HTTP/1.1" 200 199
::1 - - [21/Dec/2020:13:33:44 +0000] "GET /api/User/analysis31 HTTP/1.1" 200 199
::1 - - [21/Dec/2020:13:33:44 +0000] "GET /api/User/analysis4 HTTP/1.1" 304 -
::1 - - [21/Dec/2020:13:33:44 +0000] "GET /api/User/analysis6 HTTP/1.1" 304 -
::1 - - [21/Dec/2020:13:34:40 +0000] "GET /api/User/analysis2 HTTP/1.1" 304 -
::1 - - [21/Dec/2020:13:34:40 +0000] "GET /api/User/analysis?type=month HTTP/1.1" 200 660
::1 - - [21/Dec/2020:13:34:41 +0000] "GET /api/User/analysis5?type=month HTTP/1.1" 200 201
::1 - - [21/Dec/2020:13:34:41 +0000] "GET /api/User/analysis3 HTTP/1.1" 200 199
::1 - - [21/Dec/2020:13:34:41 +0000] "GET /api/User/analysis4 HTTP/1.1" 304 -
::1 - - [21/Dec/2020:13:34:41 +0000] "GET /api/User/analysis31 HTTP/1.1" 200 199
::1 - - [21/Dec/2020:13:34:41 +0000] "GET /api/User/analysis6 HTTP/1.1" 304 -
::1 - - [21/Dec/2020:13:36:34 +0000] "GET /api/User/analysis5?type=month HTTP/1.1" 200 722
::ffff:127.0.0.1 - - [21/Dec/2020:13:36:49 +0000] "GET /api/User/analysis5?type=month HTTP/1.1" 200 728
::ffff:127.0.0.1 - - [21/Dec/2020:13:36:53 +0000] "GET /api/User/analysis5?type=month HTTP/1.1" 200 726
::ffff:127.0.0.1 - - [21/Dec/2020:13:36:57 +0000] "GET /api/User/analysis5?type=month HTTP/1.1" 200 726
::1 - - [21/Dec/2020:13:37:43 +0000] "GET /api/User/analysis5?type=month HTTP/1.1" 200 726
::ffff:127.0.0.1 - - [21/Dec/2020:13:38:02 +0000] "GET /api/User/analysis?type=month HTTP/1.1" 200 662
::ffff:127.0.0.1 - - [21/Dec/2020:13:38:02 +0000] "GET /api/User/analysis2 HTTP/1.1" 304 -
::ffff:127.0.0.1 - - [21/Dec/2020:13:38:02 +0000] "GET /api/User/analysis3 HTTP/1.1" 200 205
::ffff:127.0.0.1 - - [21/Dec/2020:13:38:02 +0000] "GET /api/User/analysis5?type=month HTTP/1.1" 200 728
::ffff:127.0.0.1 - - [21/Dec/2020:13:38:02 +0000] "GET /api/User/analysis31 HTTP/1.1" 200 203
::ffff:127.0.0.1 - - [21/Dec/2020:13:38:02 +0000] "GET /api/User/analysis4 HTTP/1.1" 304 -
::ffff:127.0.0.1 - - [21/Dec/2020:13:38:02 +0000] "GET /api/User/analysis6 HTTP/1.1" 304 -
::1 - - [21/Dec/2020:13:38:20 +0000] "GET /api/User/analysis2 HTTP/1.1" 304 -
::1 - - [21/Dec/2020:13:38:20 +0000] "GET /api/User/analysis?type=month HTTP/1.1" 200 682
::1 - - [21/Dec/2020:13:38:20 +0000] "GET /api/User/analysis5?type=month HTTP/1.1" 200 720
::1 - - [21/Dec/2020:13:38:20 +0000] "GET /api/User/analysis3 HTTP/1.1" 200 203
::1 - - [21/Dec/2020:13:38:20 +0000] "GET /api/User/analysis31 HTTP/1.1" 200 201
::1 - - [21/Dec/2020:13:38:21 +0000] "GET /api/User/analysis4 HTTP/1.1" 304 -
::1 - - [21/Dec/2020:13:38:21 +0000] "GET /api/User/analysis6 HTTP/1.1" 304 -
::1 - - [21/Dec/2020:13:38:24 +0000] "GET /api/User/analysis2 HTTP/1.1" 304 -
::1 - - [21/Dec/2020:13:38:24 +0000] "GET /api/User/analysis?type=month HTTP/1.1" 200 672
::1 - - [21/Dec/2020:13:38:24 +0000] "GET /api/User/analysis5?type=month HTTP/1.1" 200 734
::1 - - [21/Dec/2020:13:38:24 +0000] "GET /api/User/analysis3 HTTP/1.1" 200 197
::1 - - [21/Dec/2020:13:38:24 +0000] "GET /api/User/analysis31 HTTP/1.1" 200 197
::1 - - [21/Dec/2020:13:38:24 +0000] "GET /api/User/analysis4 HTTP/1.1" 304 -
::1 - - [21/Dec/2020:13:38:24 +0000] "GET /api/User/analysis6 HTTP/1.1" 304 -
::1 - - [21/Dec/2020:13:39:24 +0000] "GET /api/User/analysis2 HTTP/1.1" 304 -
::1 - - [21/Dec/2020:13:39:24 +0000] "GET /api/User/analysis?type=month HTTP/1.1" 200 670
::1 - - [21/Dec/2020:13:39:24 +0000] "GET /api/User/analysis5?type=month HTTP/1.1" 200 728
::1 - - [21/Dec/2020:13:39:24 +0000] "GET /api/User/analysis3 HTTP/1.1" 200 197
::1 - - [21/Dec/2020:13:39:24 +0000] "GET /api/User/analysis31 HTTP/1.1" 200 205
::1 - - [21/Dec/2020:13:39:24 +0000] "GET /api/User/analysis4 HTTP/1.1" 304 -
::1 - - [21/Dec/2020:13:39:24 +0000] "GET /api/User/analysis6 HTTP/1.1" 304 -
::1 - - [21/Dec/2020:13:39:28 +0000] "GET /api/User/analysis2 HTTP/1.1" 304 -
::1 - - [21/Dec/2020:13:39:28 +0000] "GET /api/User/analysis?type=month HTTP/1.1" 200 674
::1 - - [21/Dec/2020:13:39:28 +0000] "GET /api/User/analysis5?type=month HTTP/1.1" 200 732
::1 - - [21/Dec/2020:13:39:28 +0000] "GET /api/User/analysis3 HTTP/1.1" 200 193
::1 - - [21/Dec/2020:13:39:28 +0000] "GET /api/User/analysis31 HTTP/1.1" 200 199
::1 - - [21/Dec/2020:13:39:28 +0000] "GET /api/User/analysis4 HTTP/1.1" 304 -
::1 - - [21/Dec/2020:13:39:28 +0000] "GET /api/User/analysis6 HTTP/1.1" 304 -
::1 - - [21/Dec/2020:13:39:32 +0000] "GET /api/User/analysis2 HTTP/1.1" 304 -
::1 - - [21/Dec/2020:13:39:32 +0000] "GET /api/User/analysis?type=month HTTP/1.1" 200 668
::1 - - [21/Dec/2020:13:39:32 +0000] "GET /api/User/analysis5?type=month HTTP/1.1" 200 718
::1 - - [21/Dec/2020:13:39:32 +0000] "GET /api/User/analysis3 HTTP/1.1" 200 203
::1 - - [21/Dec/2020:13:39:32 +0000] "GET /api/User/analysis31 HTTP/1.1" 200 199
::1 - - [21/Dec/2020:13:39:32 +0000] "GET /api/User/analysis4 HTTP/1.1" 304 -
::1 - - [21/Dec/2020:13:39:32 +0000] "GET /api/User/analysis6 HTTP/1.1" 304 -
::1 - - [21/Dec/2020:13:40:38 +0000] "GET /api/User/analysis?type=month HTTP/1.1" 200 668
::1 - - [21/Dec/2020:13:40:38 +0000] "GET /api/User/analysis2 HTTP/1.1" 304 -
::1 - - [21/Dec/2020:13:40:38 +0000] "GET /api/User/analysis31 HTTP/1.1" 200 201
::1 - - [21/Dec/2020:13:40:38 +0000] "GET /api/User/analysis4 HTTP/1.1" 304 -
::1 - - [21/Dec/2020:13:40:38 +0000] "GET /api/User/analysis5?type=month HTTP/1.1" 200 726
::1 - - [21/Dec/2020:13:40:38 +0000] "GET /api/User/analysis3 HTTP/1.1" 200 201
::1 - - [21/Dec/2020:13:40:38 +0000] "GET /api/User/analysis7 HTTP/1.1" 200 82
::1 - - [21/Dec/2020:13:44:14 +0000] "GET /api/User/analysis2 HTTP/1.1" 304 -
::1 - - [21/Dec/2020:13:44:14 +0000] "GET /api/User/analysis?type=month HTTP/1.1" 200 676
::1 - - [21/Dec/2020:13:44:14 +0000] "GET /api/User/analysis5?type=month HTTP/1.1" 200 730
::1 - - [21/Dec/2020:13:44:14 +0000] "GET /api/User/analysis3 HTTP/1.1" 200 201
::1 - - [21/Dec/2020:13:44:14 +0000] "GET /api/User/analysis31 HTTP/1.1" 200 201
::1 - - [21/Dec/2020:13:44:14 +0000] "GET /api/User/analysis4 HTTP/1.1" 304 -
::1 - - [21/Dec/2020:13:44:14 +0000] "GET /api/User/analysis7 HTTP/1.1" 304 -
::1 - - [21/Dec/2020:13:44:36 +0000] "GET /api/User/analysis7 HTTP/1.1" 304 -
::ffff:127.0.0.1 - - [21/Dec/2020:13:45:08 +0000] "GET /api/User/analysis7 HTTP/1.1" 304 -
::1 - - [21/Dec/2020:13:45:16 +0000] "GET /api/User/analysis2 HTTP/1.1" 304 -
::1 - - [21/Dec/2020:13:45:16 +0000] "GET /api/User/analysis?type=month HTTP/1.1" 200 660
::1 - - [21/Dec/2020:13:45:16 +0000] "GET /api/User/analysis5?type=month HTTP/1.1" 200 730
::1 - - [21/Dec/2020:13:45:16 +0000] "GET /api/User/analysis3 HTTP/1.1" 200 197
::1 - - [21/Dec/2020:13:45:16 +0000] "GET /api/User/analysis31 HTTP/1.1" 200 197
::1 - - [21/Dec/2020:13:45:16 +0000] "GET /api/User/analysis4 HTTP/1.1" 304 -
::1 - - [21/Dec/2020:13:45:16 +0000] "GET /api/User/analysis6 HTTP/1.1" 304 -
::1 - - [21/Dec/2020:13:45:16 +0000] "GET /api/User/analysis7 HTTP/1.1" 304 -
::1 - - [21/Dec/2020:13:45:25 +0000] "GET /api/User/analysis7 HTTP/1.1" 304 -
::1 - - [21/Dec/2020:14:14:20 +0000] "GET /api/User/analysis31 HTTP/1.1" 200 199
::1 - - [21/Dec/2020:14:14:20 +0000] "GET /api/User/analysis2 HTTP/1.1" 304 -
::1 - - [21/Dec/2020:14:14:20 +0000] "GET /api/User/analysis3 HTTP/1.1" 200 203
::1 - - [21/Dec/2020:14:14:20 +0000] "GET /api/User/analysis4 HTTP/1.1" 304 -
::1 - - [21/Dec/2020:14:14:20 +0000] "GET /api/User/analysis5?type=month HTTP/1.1" 200 724
::1 - - [21/Dec/2020:14:14:20 +0000] "GET /api/User/analysis?type=month HTTP/1.1" 200 672
::1 - - [21/Dec/2020:14:14:21 +0000] "GET /api/User/analysis7 HTTP/1.1" 304 -
::1 - - [21/Dec/2020:14:14:21 +0000] "GET /api/User/analysis6 HTTP/1.1" 304 -
::1 - - [21/Dec/2020:14:17:01 +0000] "GET /api/User/analysis2 HTTP/1.1" 304 -
::1 - - [21/Dec/2020:14:17:01 +0000] "GET /api/User/analysis?type=month HTTP/1.1" 200 674
::1 - - [21/Dec/2020:14:17:01 +0000] "GET /api/User/analysis5?type=month HTTP/1.1" 200 718
::1 - - [21/Dec/2020:14:17:01 +0000] "GET /api/User/analysis3 HTTP/1.1" 200 199
::1 - - [21/Dec/2020:14:17:01 +0000] "GET /api/User/analysis31 HTTP/1.1" 200 203
::1 - - [21/Dec/2020:14:17:01 +0000] "GET /api/User/analysis4 HTTP/1.1" 304 -
::1 - - [21/Dec/2020:14:17:01 +0000] "GET /api/User/analysis6 HTTP/1.1" 200 165
::1 - - [21/Dec/2020:14:17:01 +0000] "GET /api/User/analysis7 HTTP/1.1" 304 -
::1 - - [21/Dec/2020:14:17:45 +0000] "GET /api/User/analysis2 HTTP/1.1" 304 -
::1 - - [21/Dec/2020:14:17:45 +0000] "GET /api/User/analysis?type=month HTTP/1.1" 200 656
::1 - - [21/Dec/2020:14:17:45 +0000] "GET /api/User/analysis5?type=month HTTP/1.1" 200 728
::1 - - [21/Dec/2020:14:17:45 +0000] "GET /api/User/analysis3 HTTP/1.1" 200 201
::1 - - [21/Dec/2020:14:17:45 +0000] "GET /api/User/analysis31 HTTP/1.1" 200 199
::1 - - [21/Dec/2020:14:17:45 +0000] "GET /api/User/analysis4 HTTP/1.1" 304 -
::1 - - [21/Dec/2020:14:17:45 +0000] "GET /api/User/analysis6 HTTP/1.1" 200 163
::1 - - [21/Dec/2020:14:17:45 +0000] "GET /api/User/analysis7 HTTP/1.1" 400 50
::1 - - [21/Dec/2020:14:18:25 +0000] "GET /api/User/analysis2 HTTP/1.1" 304 -
::1 - - [21/Dec/2020:14:18:25 +0000] "GET /api/User/analysis?type=month HTTP/1.1" 200 674
::1 - - [21/Dec/2020:14:18:25 +0000] "GET /api/User/analysis5?type=month HTTP/1.1" 200 730
::1 - - [21/Dec/2020:14:18:25 +0000] "GET /api/User/analysis3 HTTP/1.1" 200 197
::1 - - [21/Dec/2020:14:18:25 +0000] "GET /api/User/analysis31 HTTP/1.1" 200 205
::1 - - [21/Dec/2020:14:18:25 +0000] "GET /api/User/analysis4 HTTP/1.1" 304 -
::1 - - [21/Dec/2020:14:18:25 +0000] "GET /api/User/analysis6 HTTP/1.1" 200 169
::1 - - [21/Dec/2020:14:18:25 +0000] "GET /api/User/analysis7 HTTP/1.1" 200 172
::1 - - [21/Dec/2020:14:21:15 +0000] "GET /api/User/analysis2 HTTP/1.1" 304 -
::1 - - [21/Dec/2020:14:21:15 +0000] "GET /api/User/analysis?type=month HTTP/1.1" 200 660
::1 - - [21/Dec/2020:14:21:15 +0000] "GET /api/User/analysis5?type=month HTTP/1.1" 200 740
::1 - - [21/Dec/2020:14:21:15 +0000] "GET /api/User/analysis3 HTTP/1.1" 200 197
::1 - - [21/Dec/2020:14:21:15 +0000] "GET /api/User/analysis4 HTTP/1.1" 304 -
::1 - - [21/Dec/2020:14:21:15 +0000] "GET /api/User/analysis31 HTTP/1.1" 200 197
::1 - - [21/Dec/2020:14:21:15 +0000] "GET /api/User/analysis6 HTTP/1.1" 200 169
::1 - - [21/Dec/2020:14:21:15 +0000] "GET /api/User/analysis7 HTTP/1.1" 200 170
::1 - - [21/Dec/2020:14:25:30 +0000] "GET /api/User/analysis2 HTTP/1.1" 304 -
::1 - - [21/Dec/2020:14:25:30 +0000] "GET /api/User/analysis?type=month HTTP/1.1" 200 670
::1 - - [21/Dec/2020:14:25:30 +0000] "GET /api/User/analysis5?type=month HTTP/1.1" 200 712
::1 - - [21/Dec/2020:14:25:30 +0000] "GET /api/User/analysis3 HTTP/1.1" 200 199
::1 - - [21/Dec/2020:14:25:30 +0000] "GET /api/User/analysis31 HTTP/1.1" 200 197
::1 - - [21/Dec/2020:14:25:30 +0000] "GET /api/User/analysis4 HTTP/1.1" 304 -
::1 - - [21/Dec/2020:14:25:30 +0000] "GET /api/User/analysis6 HTTP/1.1" 200 169
::1 - - [21/Dec/2020:14:25:30 +0000] "GET /api/User/analysis7 HTTP/1.1" 200 174
::1 - - [21/Dec/2020:14:25:30 +0000] "GET /api/User/analysis3 HTTP/1.1" 200 201
::1 - - [21/Dec/2020:14:26:25 +0000] "GET /api/User/analysis8 HTTP/1.1" 200 208
::1 - - [21/Dec/2020:14:28:03 +0000] "GET /api/User/analysis2 HTTP/1.1" 304 -
::1 - - [21/Dec/2020:14:28:03 +0000] "GET /api/User/analysis?type=month HTTP/1.1" 200 662
::1 - - [21/Dec/2020:14:28:03 +0000] "GET /api/User/analysis5?type=month HTTP/1.1" 200 726
::1 - - [21/Dec/2020:14:28:03 +0000] "GET /api/User/analysis3 HTTP/1.1" 200 203
::1 - - [21/Dec/2020:14:28:03 +0000] "GET /api/User/analysis4 HTTP/1.1" 304 -
::1 - - [21/Dec/2020:14:28:03 +0000] "GET /api/User/analysis31 HTTP/1.1" 200 201
::1 - - [21/Dec/2020:14:28:03 +0000] "GET /api/User/analysis6 HTTP/1.1" 200 167
::1 - - [21/Dec/2020:14:28:03 +0000] "GET /api/User/analysis7 HTTP/1.1" 200 174
::1 - - [21/Dec/2020:14:28:03 +0000] "GET /api/User/analysis8 HTTP/1.1" 200 206
::1 - - [21/Dec/2020:14:28:11 +0000] "GET /api/User/analysis2 HTTP/1.1" 304 -
::1 - - [21/Dec/2020:14:28:11 +0000] "GET /api/User/analysis?type=month HTTP/1.1" 200 670
::1 - - [21/Dec/2020:14:28:11 +0000] "GET /api/User/analysis5?type=month HTTP/1.1" 200 718
::1 - - [21/Dec/2020:14:28:11 +0000] "GET /api/User/analysis3 HTTP/1.1" 200 201
::1 - - [21/Dec/2020:14:28:11 +0000] "GET /api/User/analysis31 HTTP/1.1" 200 201
::1 - - [21/Dec/2020:14:28:11 +0000] "GET /api/User/analysis4 HTTP/1.1" 304 -
::1 - - [21/Dec/2020:14:28:11 +0000] "GET /api/User/analysis6 HTTP/1.1" 200 163
::1 - - [21/Dec/2020:14:28:11 +0000] "GET /api/User/analysis7 HTTP/1.1" 200 172
::1 - - [21/Dec/2020:14:28:11 +0000] "GET /api/User/analysis8 HTTP/1.1" 200 200
::1 - - [21/Dec/2020:14:29:57 +0000] "GET /api/User/analysis?type=month HTTP/1.1" 200 668
::1 - - [21/Dec/2020:14:29:57 +0000] "GET /api/User/analysis2 HTTP/1.1" 304 -
::1 - - [21/Dec/2020:14:29:57 +0000] "GET /api/User/analysis3 HTTP/1.1" 200 203
::1 - - [21/Dec/2020:14:29:57 +0000] "GET /api/User/analysis4 HTTP/1.1" 304 -
::1 - - [21/Dec/2020:14:29:57 +0000] "GET /api/User/analysis5?type=month HTTP/1.1" 200 728
::1 - - [21/Dec/2020:14:29:57 +0000] "GET /api/User/analysis31 HTTP/1.1" 200 197
::1 - - [21/Dec/2020:14:29:57 +0000] "GET /api/User/analysis6 HTTP/1.1" 200 167
::1 - - [21/Dec/2020:14:29:57 +0000] "GET /api/User/analysis7 HTTP/1.1" 200 170
::1 - - [21/Dec/2020:14:29:57 +0000] "GET /api/User/analysis8 HTTP/1.1" 200 206
::1 - - [21/Dec/2020:14:32:39 +0000] "GET /api/User/analysis12?type=month HTTP/1.1" 200 728
::1 - - [21/Dec/2020:14:34:23 +0000] "GET /api/User/analysis12?type=month HTTP/1.1" 200 724
::1 - - [21/Dec/2020:14:36:07 +0000] "GET /api/User/analysis12?type=month HTTP/1.1" 200 764
::1 - - [21/Dec/2020:14:44:37 +0000] "GET /api/User/analysis2 HTTP/1.1" 304 -
::1 - - [21/Dec/2020:14:44:37 +0000] "GET /api/User/analysis?type=month HTTP/1.1" 200 672
::1 - - [21/Dec/2020:14:44:38 +0000] "GET /api/User/analysis5?type=month HTTP/1.1" 200 732
::1 - - [21/Dec/2020:14:44:38 +0000] "GET /api/User/analysis3 HTTP/1.1" 200 201
::1 - - [21/Dec/2020:14:44:38 +0000] "GET /api/User/analysis31 HTTP/1.1" 200 199
::1 - - [21/Dec/2020:14:44:38 +0000] "GET /api/User/analysis4 HTTP/1.1" 304 -
::1 - - [21/Dec/2020:14:44:38 +0000] "GET /api/User/analysis6 HTTP/1.1" 200 167
::1 - - [21/Dec/2020:14:44:38 +0000] "GET /api/User/analysis7 HTTP/1.1" 200 170
::1 - - [21/Dec/2020:14:44:38 +0000] "GET /api/User/analysis8 HTTP/1.1" 200 202
::1 - - [21/Dec/2020:14:45:46 +0000] "GET /api/User/analysis2 HTTP/1.1" 304 -
::1 - - [21/Dec/2020:14:45:46 +0000] "GET /api/User/analysis?type=month HTTP/1.1" 200 664
::1 - - [21/Dec/2020:14:45:46 +0000] "GET /api/User/analysis5?type=month HTTP/1.1" 200 710
::1 - - [21/Dec/2020:14:45:46 +0000] "GET /api/User/analysis3 HTTP/1.1" 200 203
::1 - - [21/Dec/2020:14:45:46 +0000] "GET /api/User/analysis31 HTTP/1.1" 200 201
::1 - - [21/Dec/2020:14:45:46 +0000] "GET /api/User/analysis4 HTTP/1.1" 304 -
::1 - - [21/Dec/2020:14:45:47 +0000] "GET /api/User/analysis6 HTTP/1.1" 200 165
::1 - - [21/Dec/2020:14:45:47 +0000] "GET /api/User/analysis7 HTTP/1.1" 200 174
::1 - - [21/Dec/2020:14:45:47 +0000] "GET /api/User/analysis8 HTTP/1.1" 200 206
::1 - - [21/Dec/2020:14:45:47 +0000] "GET /api/User/analysis12 HTTP/1.1" 200 87
::1 - - [21/Dec/2020:14:45:55 +0000] "GET /api/User/analysis2 HTTP/1.1" 304 -
::1 - - [21/Dec/2020:14:45:55 +0000] "GET /api/User/analysis?type=month HTTP/1.1" 200 664
::1 - - [21/Dec/2020:14:45:55 +0000] "GET /api/User/analysis3 HTTP/1.1" 200 203
::1 - - [21/Dec/2020:14:45:55 +0000] "GET /api/User/analysis5?type=month HTTP/1.1" 200 716
::1 - - [21/Dec/2020:14:45:55 +0000] "GET /api/User/analysis31 HTTP/1.1" 200 201
::1 - - [21/Dec/2020:14:45:55 +0000] "GET /api/User/analysis4 HTTP/1.1" 304 -
::1 - - [21/Dec/2020:14:45:55 +0000] "GET /api/User/analysis6 HTTP/1.1" 200 169
::1 - - [21/Dec/2020:14:45:55 +0000] "GET /api/User/analysis7 HTTP/1.1" 200 174
::1 - - [21/Dec/2020:14:45:55 +0000] "GET /api/User/analysis8 HTTP/1.1" 200 200
::1 - - [21/Dec/2020:14:45:55 +0000] "GET /api/User/analysis12 HTTP/1.1" 304 -
::1 - - [21/Dec/2020:14:56:18 +0000] "GET /api/User/analysis12 HTTP/1.1" 304 -
::1 - - [21/Dec/2020:14:56:23 +0000] "GET /api/User/analysis2 HTTP/1.1" 304 -
::1 - - [21/Dec/2020:14:56:23 +0000] "GET /api/User/analysis5?type=month HTTP/1.1" 200 726
::1 - - [21/Dec/2020:14:56:23 +0000] "GET /api/User/analysis?type=month HTTP/1.1" 200 662
::1 - - [21/Dec/2020:14:56:23 +0000] "GET /api/User/analysis3 HTTP/1.1" 200 201
::1 - - [21/Dec/2020:14:56:23 +0000] "GET /api/User/analysis31 HTTP/1.1" 200 195
::1 - - [21/Dec/2020:14:56:23 +0000] "GET /api/User/analysis4 HTTP/1.1" 304 -
::1 - - [21/Dec/2020:14:56:23 +0000] "GET /api/User/analysis6 HTTP/1.1" 200 169
::1 - - [21/Dec/2020:14:56:23 +0000] "GET /api/User/analysis7 HTTP/1.1" 200 168
::1 - - [21/Dec/2020:14:56:23 +0000] "GET /api/User/analysis8 HTTP/1.1" 200 206
::1 - - [21/Dec/2020:14:56:23 +0000] "GET /api/User/analysis12 HTTP/1.1" 304 -
::ffff:127.0.0.1 - - [21/Dec/2020:14:57:22 +0000] "GET /api/User/analysis6 HTTP/1.1" 200 169
::ffff:127.0.0.1 - - [21/Dec/2020:14:57:22 +0000] "GET /api/User/analysis7 HTTP/1.1" 200 170
::ffff:127.0.0.1 - - [21/Dec/2020:14:57:22 +0000] "GET /api/User/analysis8 HTTP/1.1" 200 206
::ffff:127.0.0.1 - - [21/Dec/2020:14:57:22 +0000] "GET /api/User/analysis12?type=month HTTP/1.1" 200 766
::1 - - [21/Dec/2020:14:58:29 +0000] "GET /api/User/analysis2 HTTP/1.1" 304 -
::1 - - [21/Dec/2020:14:58:29 +0000] "GET /api/User/analysis?type=month HTTP/1.1" 200 664
::1 - - [21/Dec/2020:14:58:29 +0000] "GET /api/User/analysis5?type=month HTTP/1.1" 200 710
::1 - - [21/Dec/2020:14:58:29 +0000] "GET /api/User/analysis3 HTTP/1.1" 200 195
::1 - - [21/Dec/2020:14:58:29 +0000] "GET /api/User/analysis31 HTTP/1.1" 200 197
::1 - - [21/Dec/2020:14:58:29 +0000] "GET /api/User/analysis4 HTTP/1.1" 304 -
::1 - - [21/Dec/2020:14:58:29 +0000] "GET /api/User/analysis6 HTTP/1.1" 200 167
::1 - - [21/Dec/2020:14:58:29 +0000] "GET /api/User/analysis7 HTTP/1.1" 200 170
::1 - - [21/Dec/2020:14:58:29 +0000] "GET /api/User/analysis8 HTTP/1.1" 200 202
::1 - - [21/Dec/2020:14:58:29 +0000] "GET /api/User/analysis12?type=month HTTP/1.1" 200 774
::1 - - [21/Dec/2020:14:59:34 +0000] "GET /api/User/analysis5?type=month HTTP/1.1" 200 738
::1 - - [21/Dec/2020:14:59:38 +0000] "GET /api/User/analysis12?type=month HTTP/1.1" 200 772
::1 - - [21/Dec/2020:14:59:46 +0000] "GET /api/User/analysis2 HTTP/1.1" 304 -
::1 - - [21/Dec/2020:14:59:46 +0000] "GET /api/User/analysis?type=month HTTP/1.1" 200 684
::1 - - [21/Dec/2020:14:59:46 +0000] "GET /api/User/analysis5?type=month HTTP/1.1" 200 714
::1 - - [21/Dec/2020:14:59:46 +0000] "GET /api/User/analysis3 HTTP/1.1" 200 199
::1 - - [21/Dec/2020:14:59:46 +0000] "GET /api/User/analysis31 HTTP/1.1" 200 205
::1 - - [21/Dec/2020:14:59:46 +0000] "GET /api/User/analysis4 HTTP/1.1" 304 -
::1 - - [21/Dec/2020:14:59:46 +0000] "GET /api/User/analysis6 HTTP/1.1" 200 167
::1 - - [21/Dec/2020:14:59:46 +0000] "GET /api/User/analysis7 HTTP/1.1" 200 172
::1 - - [21/Dec/2020:14:59:46 +0000] "GET /api/User/analysis8 HTTP/1.1" 200 198
::1 - - [21/Dec/2020:14:59:46 +0000] "GET /api/User/analysis12?type=month HTTP/1.1" 200 784
::1 - - [21/Dec/2020:15:01:52 +0000] "GET /api/User/analysis2 HTTP/1.1" 304 -
::1 - - [21/Dec/2020:15:01:52 +0000] "GET /api/User/analysis?type=month HTTP/1.1" 200 674
::1 - - [21/Dec/2020:15:01:52 +0000] "GET /api/User/analysis5?type=month HTTP/1.1" 200 726
::1 - - [21/Dec/2020:15:01:52 +0000] "GET /api/User/analysis3 HTTP/1.1" 200 197
::1 - - [21/Dec/2020:15:01:52 +0000] "GET /api/User/analysis31 HTTP/1.1" 200 201
::1 - - [21/Dec/2020:15:01:52 +0000] "GET /api/User/analysis4 HTTP/1.1" 304 -
::1 - - [21/Dec/2020:15:01:52 +0000] "GET /api/User/analysis6 HTTP/1.1" 200 169
::1 - - [21/Dec/2020:15:01:52 +0000] "GET /api/User/analysis7 HTTP/1.1" 200 172
::1 - - [21/Dec/2020:15:01:52 +0000] "GET /api/User/analysis8 HTTP/1.1" 200 204
::1 - - [21/Dec/2020:15:01:52 +0000] "GET /api/User/analysis12?type=month HTTP/1.1" 200 776
::1 - - [21/Dec/2020:15:10:00 +0000] "GET /api/User/analysis2 HTTP/1.1" 304 -
::1 - - [21/Dec/2020:15:10:00 +0000] "GET /api/User/analysis?type=month HTTP/1.1" 200 676
::1 - - [21/Dec/2020:15:10:00 +0000] "GET /api/User/analysis5?type=month HTTP/1.1" 200 728
::ffff:127.0.0.1 - - [21/Dec/2020:15:10:00 +0000] "GET /api/User/analysis3 HTTP/1.1" 200 195
::ffff:127.0.0.1 - - [21/Dec/2020:15:10:00 +0000] "GET /api/User/analysis31 HTTP/1.1" 200 203
::1 - - [21/Dec/2020:15:10:00 +0000] "GET /api/User/analysis4 HTTP/1.1" 304 -
::ffff:127.0.0.1 - - [21/Dec/2020:15:10:00 +0000] "GET /api/User/analysis6 HTTP/1.1" 200 167
::1 - - [21/Dec/2020:15:10:00 +0000] "GET /api/User/analysis8 HTTP/1.1" 200 202
::ffff:127.0.0.1 - - [21/Dec/2020:15:10:00 +0000] "GET /api/User/analysis12?type=month HTTP/1.1" 200 778
::1 - - [21/Dec/2020:15:10:00 +0000] "GET /api/User/analysis7 HTTP/1.1" 200 172
::1 - - [21/Dec/2020:15:10:12 +0000] "GET /api/User/analysis2 HTTP/1.1" 304 -
::1 - - [21/Dec/2020:15:10:12 +0000] "GET /api/User/analysis?type=month HTTP/1.1" 200 668
::1 - - [21/Dec/2020:15:10:12 +0000] "GET /api/User/analysis5?type=month HTTP/1.1" 200 720
::1 - - [21/Dec/2020:15:10:12 +0000] "GET /api/User/analysis3 HTTP/1.1" 200 199
::1 - - [21/Dec/2020:15:10:12 +0000] "GET /api/User/analysis31 HTTP/1.1" 200 205
::1 - - [21/Dec/2020:15:10:12 +0000] "GET /api/User/analysis4 HTTP/1.1" 304 -
::1 - - [21/Dec/2020:15:10:12 +0000] "GET /api/User/analysis7 HTTP/1.1" 200 172
::1 - - [21/Dec/2020:15:10:12 +0000] "GET /api/User/analysis8 HTTP/1.1" 200 202
::1 - - [21/Dec/2020:15:10:13 +0000] "GET /api/User/analysis12?type=month HTTP/1.1" 200 778
::1 - - [21/Dec/2020:15:10:13 +0000] "GET /api/User/analysis6 HTTP/1.1" 200 165
::1 - - [21/Dec/2020:15:11:05 +0000] "GET /api/User/analysis9?type=month HTTP/1.1" 200 390
::1 - - [21/Dec/2020:15:11:44 +0000] "GET /api/User/analysis9?type=month HTTP/1.1" 200 382
::1 - - [21/Dec/2020:15:12:15 +0000] "GET /api/User/analysis9?type=month HTTP/1.1" 200 392
::1 - - [21/Dec/2020:15:12:28 +0000] "GET /api/User/analysis2 HTTP/1.1" 304 -
::1 - - [21/Dec/2020:15:12:28 +0000] "GET /api/User/analysis?type=month HTTP/1.1" 200 682
::1 - - [21/Dec/2020:15:12:28 +0000] "GET /api/User/analysis5?type=month HTTP/1.1" 200 730
::1 - - [21/Dec/2020:15:12:28 +0000] "GET /api/User/analysis3 HTTP/1.1" 200 199
::1 - - [21/Dec/2020:15:12:28 +0000] "GET /api/User/analysis31 HTTP/1.1" 200 197
::1 - - [21/Dec/2020:15:12:28 +0000] "GET /api/User/analysis4 HTTP/1.1" 304 -
::1 - - [21/Dec/2020:15:12:28 +0000] "GET /api/User/analysis9?type=month HTTP/1.1" 200 384
::1 - - [21/Dec/2020:15:12:28 +0000] "GET /api/User/analysis6 HTTP/1.1" 200 167
::1 - - [21/Dec/2020:15:12:28 +0000] "GET /api/User/analysis7 HTTP/1.1" 200 170
::1 - - [21/Dec/2020:15:12:28 +0000] "GET /api/User/analysis8 HTTP/1.1" 200 206
::1 - - [21/Dec/2020:15:12:28 +0000] "GET /api/User/analysis12?type=month HTTP/1.1" 200 782
::1 - - [21/Dec/2020:15:16:09 +0000] "GET /api/User/analysis2 HTTP/1.1" 304 -
::1 - - [21/Dec/2020:15:16:09 +0000] "GET /api/User/analysis5?type=month HTTP/1.1" 200 728
::1 - - [21/Dec/2020:15:16:09 +0000] "GET /api/User/analysis?type=month HTTP/1.1" 200 660
::1 - - [21/Dec/2020:15:16:09 +0000] "GET /api/User/analysis3 HTTP/1.1" 200 199
::1 - - [21/Dec/2020:15:16:09 +0000] "GET /api/User/analysis31 HTTP/1.1" 200 201
::1 - - [21/Dec/2020:15:16:10 +0000] "GET /api/User/analysis8 HTTP/1.1" 200 202
::1 - - [21/Dec/2020:15:16:10 +0000] "GET /api/User/analysis6 HTTP/1.1" 200 167
::1 - - [21/Dec/2020:15:16:10 +0000] "GET /api/User/analysis9?type=month HTTP/1.1" 200 384
::ffff:127.0.0.1 - - [21/Dec/2020:15:16:10 +0000] "GET /api/User/analysis4 HTTP/1.1" 304 -
::1 - - [21/Dec/2020:15:16:10 +0000] "GET /api/User/analysis7 HTTP/1.1" 200 174
::1 - - [21/Dec/2020:15:16:10 +0000] "GET /api/User/analysis12?type=month HTTP/1.1" 200 760
::1 - - [21/Dec/2020:15:40:33 +0000] "GET /api/User/analysis2 HTTP/1.1" 304 -
::1 - - [21/Dec/2020:15:40:33 +0000] "GET /api/User/analysis?type=month HTTP/1.1" 200 668
::1 - - [21/Dec/2020:15:40:34 +0000] "GET /api/User/analysis5?type=month HTTP/1.1" 200 720
::1 - - [21/Dec/2020:15:40:34 +0000] "GET /api/User/analysis31 HTTP/1.1" 200 197
::1 - - [21/Dec/2020:15:40:34 +0000] "GET /api/User/analysis3 HTTP/1.1" 200 199
::1 - - [21/Dec/2020:15:40:34 +0000] "GET /api/User/analysis9?type=month HTTP/1.1" 200 388
::1 - - [21/Dec/2020:15:40:34 +0000] "GET /api/User/analysis4 HTTP/1.1" 304 -
::1 - - [21/Dec/2020:15:40:34 +0000] "GET /api/User/analysis6 HTTP/1.1" 200 169
::1 - - [21/Dec/2020:15:40:34 +0000] "GET /api/User/analysis7 HTTP/1.1" 200 172
::1 - - [21/Dec/2020:15:40:34 +0000] "GET /api/User/analysis8 HTTP/1.1" 200 208
::1 - - [21/Dec/2020:15:40:34 +0000] "GET /api/User/analysis10?type=month HTTP/1.1" 200 252
::1 - - [21/Dec/2020:15:40:34 +0000] "GET /api/User/analysis12?type=month HTTP/1.1" 200 760
::1 - - [21/Dec/2020:15:41:02 +0000] "GET /api/User/analysis2 HTTP/1.1" 304 -
::1 - - [21/Dec/2020:15:41:02 +0000] "GET /api/User/analysis?type=month HTTP/1.1" 200 668
::1 - - [21/Dec/2020:15:41:02 +0000] "GET /api/User/analysis5?type=month HTTP/1.1" 200 710
::1 - - [21/Dec/2020:15:41:02 +0000] "GET /api/User/analysis3 HTTP/1.1" 200 199
::1 - - [21/Dec/2020:15:41:03 +0000] "GET /api/User/analysis31 HTTP/1.1" 200 205
::1 - - [21/Dec/2020:15:41:03 +0000] "GET /api/User/analysis4 HTTP/1.1" 304 -
::1 - - [21/Dec/2020:15:41:03 +0000] "GET /api/User/analysis9?type=month HTTP/1.1" 200 386
::1 - - [21/Dec/2020:15:41:03 +0000] "GET /api/User/analysis6 HTTP/1.1" 200 167
::1 - - [21/Dec/2020:15:41:03 +0000] "GET /api/User/analysis7 HTTP/1.1" 200 172
::1 - - [21/Dec/2020:15:41:03 +0000] "GET /api/User/analysis8 HTTP/1.1" 200 210
::1 - - [21/Dec/2020:15:41:03 +0000] "GET /api/User/analysis12?type=month HTTP/1.1" 200 774
::1 - - [21/Dec/2020:15:41:03 +0000] "GET /api/User/analysis10?type=month HTTP/1.1" 200 250
::1 - - [21/Dec/2020:17:26:31 +0000] "GET /api/User/analysis2 HTTP/1.1" 304 -
::1 - - [21/Dec/2020:17:26:31 +0000] "GET /api/User/analysis31 HTTP/1.1" 200 201
::1 - - [21/Dec/2020:17:26:31 +0000] "GET /api/User/analysis?type=month HTTP/1.1" 200 664
::1 - - [21/Dec/2020:17:26:31 +0000] "GET /api/User/analysis5?type=month HTTP/1.1" 200 718
::1 - - [21/Dec/2020:17:26:31 +0000] "GET /api/User/analysis3 HTTP/1.1" 200 203
::1 - - [21/Dec/2020:17:26:31 +0000] "GET /api/User/analysis9?type=month HTTP/1.1" 200 388
::1 - - [21/Dec/2020:17:26:31 +0000] "GET /api/User/analysis4 HTTP/1.1" 304 -
::1 - - [21/Dec/2020:17:26:31 +0000] "GET /api/User/analysis6 HTTP/1.1" 200 167
::1 - - [21/Dec/2020:17:26:31 +0000] "GET /api/User/analysis7 HTTP/1.1" 200 174
::1 - - [21/Dec/2020:17:26:31 +0000] "GET /api/User/analysis8 HTTP/1.1" 200 208
::1 - - [21/Dec/2020:17:26:31 +0000] "GET /api/User/analysis10?type=month HTTP/1.1" 200 250
::1 - - [21/Dec/2020:17:26:31 +0000] "GET /api/User/analysis12?type=month HTTP/1.1" 200 770
::1 - - [21/Dec/2020:17:48:42 +0000] "GET /api/User/analysis2 HTTP/1.1" 304 -
::1 - - [21/Dec/2020:17:48:42 +0000] "GET /api/User/analysis?type=month HTTP/1.1" 200 668
::1 - - [21/Dec/2020:17:48:42 +0000] "GET /api/User/analysis5?type=month HTTP/1.1" 200 730
::1 - - [21/Dec/2020:17:48:42 +0000] "GET /api/User/analysis3 HTTP/1.1" 200 201
::1 - - [21/Dec/2020:17:48:42 +0000] "GET /api/User/analysis9?type=month HTTP/1.1" 200 392
::1 - - [21/Dec/2020:17:48:42 +0000] "GET /api/User/analysis31 HTTP/1.1" 200 197
::1 - - [21/Dec/2020:17:48:42 +0000] "GET /api/User/analysis4 HTTP/1.1" 304 -
::1 - - [21/Dec/2020:17:48:42 +0000] "GET /api/User/analysis6 HTTP/1.1" 200 163
::1 - - [21/Dec/2020:17:48:42 +0000] "GET /api/User/analysis7 HTTP/1.1" 200 172
::1 - - [21/Dec/2020:17:48:42 +0000] "GET /api/User/analysis12?type=month HTTP/1.1" 200 786
::1 - - [21/Dec/2020:17:48:42 +0000] "GET /api/User/analysis8 HTTP/1.1" 200 204
::1 - - [21/Dec/2020:17:48:42 +0000] "GET /api/User/analysis10?type=month HTTP/1.1" 200 250
::1 - - [21/Dec/2020:17:48:47 +0000] "GET /api/User/analysis2 HTTP/1.1" 304 -
::1 - - [21/Dec/2020:17:48:47 +0000] "GET /api/User/analysis?type=month HTTP/1.1" 200 668
::1 - - [21/Dec/2020:17:48:47 +0000] "GET /api/User/analysis5?type=month HTTP/1.1" 200 730
::1 - - [21/Dec/2020:17:48:48 +0000] "GET /api/User/analysis3 HTTP/1.1" 200 197
::1 - - [21/Dec/2020:17:48:48 +0000] "GET /api/User/analysis9?type=month HTTP/1.1" 200 388
::1 - - [21/Dec/2020:17:48:48 +0000] "GET /api/User/analysis4 HTTP/1.1" 304 -
::1 - - [21/Dec/2020:17:48:48 +0000] "GET /api/User/analysis31 HTTP/1.1" 200 201
::1 - - [21/Dec/2020:17:48:48 +0000] "GET /api/User/analysis6 HTTP/1.1" 200 169
::1 - - [21/Dec/2020:17:48:48 +0000] "GET /api/User/analysis7 HTTP/1.1" 200 170
::1 - - [21/Dec/2020:17:48:48 +0000] "GET /api/User/analysis8 HTTP/1.1" 200 210
::1 - - [21/Dec/2020:17:48:48 +0000] "GET /api/User/analysis12?type=month HTTP/1.1" 200 768
::1 - - [21/Dec/2020:17:48:48 +0000] "GET /api/User/analysis10?type=month HTTP/1.1" 200 250
::1 - - [21/Dec/2020:19:22:15 +0000] "GET /api/User/analysis2 HTTP/1.1" 304 -
::1 - - [21/Dec/2020:19:22:15 +0000] "GET /api/User/analysis9?type=month HTTP/1.1" 200 392
::1 - - [21/Dec/2020:19:22:15 +0000] "GET /api/User/analysis3 HTTP/1.1" 200 201
::1 - - [21/Dec/2020:19:22:15 +0000] "GET /api/User/analysis6 HTTP/1.1" 200 167
::1 - - [21/Dec/2020:19:22:15 +0000] "GET /api/User/analysis5?type=month HTTP/1.1" 200 722
::1 - - [21/Dec/2020:19:22:15 +0000] "GET /api/User/analysis?type=month HTTP/1.1" 200 676
::1 - - [21/Dec/2020:19:22:15 +0000] "GET /api/User/analysis31 HTTP/1.1" 200 201
::1 - - [21/Dec/2020:19:22:15 +0000] "GET /api/User/analysis7 HTTP/1.1" 200 170
::1 - - [21/Dec/2020:19:22:15 +0000] "GET /api/User/analysis8 HTTP/1.1" 200 210
::1 - - [21/Dec/2020:19:22:15 +0000] "GET /api/User/analysis4 HTTP/1.1" 304 -
::1 - - [21/Dec/2020:19:22:15 +0000] "GET /api/User/analysis10?type=month HTTP/1.1" 200 244
::1 - - [21/Dec/2020:19:22:15 +0000] "GET /api/User/analysis12?type=month HTTP/1.1" 200 778
::1 - - [21/Dec/2020:19:24:39 +0000] "GET /api/User/analysis2 HTTP/1.1" 304 -
::1 - - [21/Dec/2020:19:24:39 +0000] "GET /api/User/analysis?type=month HTTP/1.1" 200 668
::1 - - [21/Dec/2020:19:24:39 +0000] "GET /api/User/analysis3 HTTP/1.1" 200 197
::1 - - [21/Dec/2020:19:24:39 +0000] "GET /api/User/analysis31 HTTP/1.1" 200 199
::1 - - [21/Dec/2020:19:24:39 +0000] "GET /api/User/analysis5?type=month HTTP/1.1" 200 718
::1 - - [21/Dec/2020:19:24:39 +0000] "GET /api/User/analysis9?type=month HTTP/1.1" 200 388
::1 - - [21/Dec/2020:19:24:39 +0000] "GET /api/User/analysis7 HTTP/1.1" 200 172
::1 - - [21/Dec/2020:19:24:39 +0000] "GET /api/User/analysis6 HTTP/1.1" 200 169
::1 - - [21/Dec/2020:19:24:39 +0000] "GET /api/User/analysis8 HTTP/1.1" 200 204
::1 - - [21/Dec/2020:19:24:39 +0000] "GET /api/User/analysis12?type=month HTTP/1.1" 200 758
::1 - - [21/Dec/2020:19:24:39 +0000] "GET /api/User/analysis10?type=month HTTP/1.1" 200 252
::1 - - [21/Dec/2020:19:24:39 +0000] "GET /api/User/analysis4 HTTP/1.1" 304 -
::1 - - [21/Dec/2020:19:28:45 +0000] "GET /api/User/analysis2 HTTP/1.1" 304 -
::1 - - [21/Dec/2020:19:28:46 +0000] "GET /api/User/analysis?type=month HTTP/1.1" 200 666
::1 - - [21/Dec/2020:19:28:46 +0000] "GET /api/User/analysis6 HTTP/1.1" 200 167
::1 - - [21/Dec/2020:19:28:46 +0000] "GET /api/User/analysis5?type=month HTTP/1.1" 200 734
::1 - - [21/Dec/2020:19:28:46 +0000] "GET /api/User/analysis3 HTTP/1.1" 200 199
::1 - - [21/Dec/2020:19:28:46 +0000] "GET /api/User/analysis31 HTTP/1.1" 200 203
::1 - - [21/Dec/2020:19:28:46 +0000] "GET /api/User/analysis9?type=month HTTP/1.1" 200 386
::1 - - [21/Dec/2020:19:28:46 +0000] "GET /api/User/analysis4 HTTP/1.1" 304 -
::1 - - [21/Dec/2020:19:28:46 +0000] "GET /api/User/analysis7 HTTP/1.1" 200 174
::1 - - [21/Dec/2020:19:28:46 +0000] "GET /api/User/analysis8 HTTP/1.1" 200 208
::1 - - [21/Dec/2020:19:28:46 +0000] "GET /api/User/analysis12?type=month HTTP/1.1" 200 768
::1 - - [21/Dec/2020:19:28:46 +0000] "GET /api/User/analysis10?type=month HTTP/1.1" 200 250
::1 - - [21/Dec/2020:19:37:37 +0000] "GET /api/User/analysis2 HTTP/1.1" 304 -
::1 - - [21/Dec/2020:19:37:37 +0000] "GET /api/User/analysis?type=month HTTP/1.1" 200 668
::1 - - [21/Dec/2020:19:37:37 +0000] "GET /api/User/analysis5?type=month HTTP/1.1" 200 728
::1 - - [21/Dec/2020:19:37:37 +0000] "GET /api/User/analysis3 HTTP/1.1" 200 203
::1 - - [21/Dec/2020:19:37:37 +0000] "GET /api/User/analysis31 HTTP/1.1" 200 203
::1 - - [21/Dec/2020:19:37:38 +0000] "GET /api/User/analysis9?type=month HTTP/1.1" 200 390
::1 - - [21/Dec/2020:19:37:38 +0000] "GET /api/User/analysis4 HTTP/1.1" 304 -
::1 - - [21/Dec/2020:19:37:38 +0000] "GET /api/User/analysis6 HTTP/1.1" 200 167
::1 - - [21/Dec/2020:19:37:38 +0000] "GET /api/User/analysis12?type=month HTTP/1.1" 200 784
::1 - - [21/Dec/2020:19:37:38 +0000] "GET /api/User/analysis8 HTTP/1.1" 200 206
::1 - - [21/Dec/2020:19:37:38 +0000] "GET /api/User/analysis10?type=month HTTP/1.1" 200 248
::1 - - [21/Dec/2020:19:37:38 +0000] "GET /api/User/analysis7 HTTP/1.1" 200 170
::1 - - [21/Dec/2020:19:37:53 +0000] "GET /api/User/analysis2 HTTP/1.1" 304 -
::1 - - [21/Dec/2020:19:37:53 +0000] "GET /api/User/analysis?type=month HTTP/1.1" 200 666
::1 - - [21/Dec/2020:19:37:53 +0000] "GET /api/User/analysis5?type=month HTTP/1.1" 200 718
::1 - - [21/Dec/2020:19:37:54 +0000] "GET /api/User/analysis3 HTTP/1.1" 200 203
::1 - - [21/Dec/2020:19:37:54 +0000] "GET /api/User/analysis31 HTTP/1.1" 200 201
::1 - - [21/Dec/2020:19:37:54 +0000] "GET /api/User/analysis9?type=month HTTP/1.1" 200 388
::1 - - [21/Dec/2020:19:37:54 +0000] "GET /api/User/analysis4 HTTP/1.1" 304 -
::1 - - [21/Dec/2020:19:37:54 +0000] "GET /api/User/analysis6 HTTP/1.1" 200 165
::1 - - [21/Dec/2020:19:37:54 +0000] "GET /api/User/analysis7 HTTP/1.1" 200 172
::1 - - [21/Dec/2020:19:37:54 +0000] "GET /api/User/analysis8 HTTP/1.1" 200 204
::1 - - [21/Dec/2020:19:37:54 +0000] "GET /api/User/analysis12?type=month HTTP/1.1" 200 776
::1 - - [21/Dec/2020:19:37:54 +0000] "GET /api/User/analysis10?type=month HTTP/1.1" 200 242
::1 - - [21/Dec/2020:19:39:11 +0000] "GET /api/User/analysis2 HTTP/1.1" 304 -
::1 - - [21/Dec/2020:19:39:11 +0000] "GET /api/User/analysis?type=month HTTP/1.1" 200 672
::1 - - [21/Dec/2020:19:39:11 +0000] "GET /api/User/analysis5?type=month HTTP/1.1" 200 734
::1 - - [21/Dec/2020:19:39:11 +0000] "GET /api/User/analysis3 HTTP/1.1" 200 197
::1 - - [21/Dec/2020:19:39:11 +0000] "GET /api/User/analysis31 HTTP/1.1" 200 205
::1 - - [21/Dec/2020:19:39:11 +0000] "GET /api/User/analysis9?type=month HTTP/1.1" 200 388
::1 - - [21/Dec/2020:19:39:11 +0000] "GET /api/User/analysis4 HTTP/1.1" 304 -
::1 - - [21/Dec/2020:19:39:11 +0000] "GET /api/User/analysis6 HTTP/1.1" 200 167
::1 - - [21/Dec/2020:19:39:11 +0000] "GET /api/User/analysis7 HTTP/1.1" 200 168
::1 - - [21/Dec/2020:19:39:11 +0000] "GET /api/User/analysis8 HTTP/1.1" 200 208
::1 - - [21/Dec/2020:19:39:11 +0000] "GET /api/User/analysis12?type=month HTTP/1.1" 200 782
::1 - - [21/Dec/2020:19:39:11 +0000] "GET /api/User/analysis10?type=month HTTP/1.1" 200 246
::1 - - [21/Dec/2020:19:51:37 +0000] "GET /api/User/analysis2 HTTP/1.1" 304 -
::1 - - [21/Dec/2020:19:51:37 +0000] "GET /api/User/analysis?type=month HTTP/1.1" 200 676
::1 - - [21/Dec/2020:19:51:37 +0000] "GET /api/User/analysis31 HTTP/1.1" 200 201
::1 - - [21/Dec/2020:19:51:38 +0000] "GET /api/User/analysis3 HTTP/1.1" 200 195
::1 - - [21/Dec/2020:19:51:38 +0000] "GET /api/User/analysis9?type=month HTTP/1.1" 200 388
::1 - - [21/Dec/2020:19:51:38 +0000] "GET /api/User/analysis5?type=month HTTP/1.1" 200 726
::1 - - [21/Dec/2020:19:51:38 +0000] "GET /api/User/analysis4 HTTP/1.1" 304 -
::1 - - [21/Dec/2020:19:51:38 +0000] "GET /api/User/analysis7 HTTP/1.1" 200 172
::1 - - [21/Dec/2020:19:51:38 +0000] "GET /api/User/analysis10?type=month HTTP/1.1" 200 250
::1 - - [21/Dec/2020:19:51:38 +0000] "GET /api/User/analysis6 HTTP/1.1" 200 169
::1 - - [21/Dec/2020:19:51:38 +0000] "GET /api/User/analysis12?type=month HTTP/1.1" 200 780
::1 - - [21/Dec/2020:19:51:38 +0000] "GET /api/User/analysis8 HTTP/1.1" 200 210
::1 - - [21/Dec/2020:19:52:02 +0000] "GET /api/User/analysis2 HTTP/1.1" 304 -
::1 - - [21/Dec/2020:19:52:02 +0000] "GET /api/User/analysis?type=month HTTP/1.1" 200 664
::1 - - [21/Dec/2020:19:52:02 +0000] "GET /api/User/analysis5?type=month HTTP/1.1" 200 730
::1 - - [21/Dec/2020:19:52:02 +0000] "GET /api/User/analysis3 HTTP/1.1" 200 197
::1 - - [21/Dec/2020:19:52:02 +0000] "GET /api/User/analysis9?type=month HTTP/1.1" 200 390
::1 - - [21/Dec/2020:19:52:02 +0000] "GET /api/User/analysis31 HTTP/1.1" 200 197
::1 - - [21/Dec/2020:19:52:02 +0000] "GET /api/User/analysis4 HTTP/1.1" 304 -
::1 - - [21/Dec/2020:19:52:02 +0000] "GET /api/User/analysis6 HTTP/1.1" 200 165
::1 - - [21/Dec/2020:19:52:02 +0000] "GET /api/User/analysis7 HTTP/1.1" 200 168
::1 - - [21/Dec/2020:19:52:02 +0000] "GET /api/User/analysis8 HTTP/1.1" 200 202
::1 - - [21/Dec/2020:19:52:02 +0000] "GET /api/User/analysis12?type=month HTTP/1.1" 200 772
::1 - - [21/Dec/2020:19:52:02 +0000] "GET /api/User/analysis10?type=month HTTP/1.1" 200 250
::1 - - [21/Dec/2020:19:52:07 +0000] "GET /api/User/analysis2 HTTP/1.1" 304 -
::1 - - [21/Dec/2020:19:52:07 +0000] "GET /api/User/analysis?type=month HTTP/1.1" 200 678
::1 - - [21/Dec/2020:19:52:07 +0000] "GET /api/User/analysis5?type=month HTTP/1.1" 200 732
::1 - - [21/Dec/2020:19:52:07 +0000] "GET /api/User/analysis3 HTTP/1.1" 200 203
::1 - - [21/Dec/2020:19:52:07 +0000] "GET /api/User/analysis31 HTTP/1.1" 200 203
::1 - - [21/Dec/2020:19:52:07 +0000] "GET /api/User/analysis9?type=month HTTP/1.1" 200 390
::1 - - [21/Dec/2020:19:52:07 +0000] "GET /api/User/analysis4 HTTP/1.1" 304 -
::1 - - [21/Dec/2020:19:52:07 +0000] "GET /api/User/analysis6 HTTP/1.1" 200 163
::1 - - [21/Dec/2020:19:52:07 +0000] "GET /api/User/analysis7 HTTP/1.1" 200 170
::1 - - [21/Dec/2020:19:52:07 +0000] "GET /api/User/analysis12?type=month HTTP/1.1" 200 768
::1 - - [21/Dec/2020:19:52:07 +0000] "GET /api/User/analysis10?type=month HTTP/1.1" 200 250
::1 - - [21/Dec/2020:19:52:07 +0000] "GET /api/User/analysis8 HTTP/1.1" 200 204
::1 - - [21/Dec/2020:19:54:45 +0000] "GET /api/User/analysis2 HTTP/1.1" 304 -
::1 - - [21/Dec/2020:19:54:45 +0000] "GET /api/User/analysis?type=month HTTP/1.1" 200 670
::1 - - [21/Dec/2020:19:54:46 +0000] "GET /api/User/analysis5?type=month HTTP/1.1" 200 728
::1 - - [21/Dec/2020:19:54:46 +0000] "GET /api/User/analysis4 HTTP/1.1" 304 -
::1 - - [21/Dec/2020:19:54:46 +0000] "GET /api/User/analysis31 HTTP/1.1" 200 199
::1 - - [21/Dec/2020:19:54:46 +0000] "GET /api/User/analysis3 HTTP/1.1" 200 203
::1 - - [21/Dec/2020:19:54:46 +0000] "GET /api/User/analysis9?type=month HTTP/1.1" 200 392
::1 - - [21/Dec/2020:19:54:46 +0000] "GET /api/User/analysis7 HTTP/1.1" 200 172
::1 - - [21/Dec/2020:19:54:46 +0000] "GET /api/User/analysis6 HTTP/1.1" 200 165
::1 - - [21/Dec/2020:19:54:46 +0000] "GET /api/User/analysis8 HTTP/1.1" 200 208
::1 - - [21/Dec/2020:19:54:46 +0000] "GET /api/User/analysis12?type=month HTTP/1.1" 200 766
::1 - - [21/Dec/2020:19:54:46 +0000] "GET /api/User/analysis10?type=month HTTP/1.1" 200 242
::1 - - [21/Dec/2020:19:54:52 +0000] "GET /api/User/analysis2 HTTP/1.1" 304 -
::1 - - [21/Dec/2020:19:54:52 +0000] "GET /api/User/analysis?type=month HTTP/1.1" 200 678
::1 - - [21/Dec/2020:19:54:52 +0000] "GET /api/User/analysis5?type=month HTTP/1.1" 200 716
::1 - - [21/Dec/2020:19:54:52 +0000] "GET /api/User/analysis3 HTTP/1.1" 200 197
::1 - - [21/Dec/2020:19:54:52 +0000] "GET /api/User/analysis9?type=month HTTP/1.1" 200 390
::1 - - [21/Dec/2020:19:54:52 +0000] "GET /api/User/analysis31 HTTP/1.1" 200 203
::1 - - [21/Dec/2020:19:54:52 +0000] "GET /api/User/analysis4 HTTP/1.1" 304 -
::1 - - [21/Dec/2020:19:54:52 +0000] "GET /api/User/analysis6 HTTP/1.1" 200 167
::1 - - [21/Dec/2020:19:54:52 +0000] "GET /api/User/analysis7 HTTP/1.1" 200 174
::1 - - [21/Dec/2020:19:54:52 +0000] "GET /api/User/analysis8 HTTP/1.1" 200 204
::1 - - [21/Dec/2020:19:54:52 +0000] "GET /api/User/analysis12?type=month HTTP/1.1" 200 782
::1 - - [21/Dec/2020:19:54:52 +0000] "GET /api/User/analysis10?type=month HTTP/1.1" 200 246
::1 - - [21/Dec/2020:19:55:07 +0000] "GET /api/User/analysis2 HTTP/1.1" 304 -
::1 - - [21/Dec/2020:19:55:07 +0000] "GET /api/User/analysis?type=month HTTP/1.1" 200 664
::1 - - [21/Dec/2020:19:55:07 +0000] "GET /api/User/analysis5?type=month HTTP/1.1" 200 722
::1 - - [21/Dec/2020:19:55:07 +0000] "GET /api/User/analysis3 HTTP/1.1" 200 197
::1 - - [21/Dec/2020:19:55:07 +0000] "GET /api/User/analysis9?type=month HTTP/1.1" 200 390
::1 - - [21/Dec/2020:19:55:07 +0000] "GET /api/User/analysis31 HTTP/1.1" 200 205
::1 - - [21/Dec/2020:19:55:07 +0000] "GET /api/User/analysis4 HTTP/1.1" 304 -
::1 - - [21/Dec/2020:19:55:07 +0000] "GET /api/User/analysis6 HTTP/1.1" 200 167
::1 - - [21/Dec/2020:19:55:07 +0000] "GET /api/User/analysis7 HTTP/1.1" 200 172
::1 - - [21/Dec/2020:19:55:07 +0000] "GET /api/User/analysis8 HTTP/1.1" 200 208
::1 - - [21/Dec/2020:19:55:07 +0000] "GET /api/User/analysis12?type=month HTTP/1.1" 200 774
::1 - - [21/Dec/2020:19:55:07 +0000] "GET /api/User/analysis10?type=month HTTP/1.1" 200 248
::1 - - [21/Dec/2020:19:56:31 +0000] "GET /api/User/analysis2 HTTP/1.1" 304 -
::1 - - [21/Dec/2020:19:56:31 +0000] "GET /api/User/analysis?type=month HTTP/1.1" 200 670
::1 - - [21/Dec/2020:19:56:31 +0000] "GET /api/User/analysis5?type=month HTTP/1.1" 200 728
::1 - - [21/Dec/2020:19:56:31 +0000] "GET /api/User/analysis3 HTTP/1.1" 200 203
::1 - - [21/Dec/2020:19:56:31 +0000] "GET /api/User/analysis9?type=month HTTP/1.1" 200 386
::1 - - [21/Dec/2020:19:56:31 +0000] "GET /api/User/analysis31 HTTP/1.1" 200 199
::1 - - [21/Dec/2020:19:56:31 +0000] "GET /api/User/analysis4 HTTP/1.1" 304 -
::1 - - [21/Dec/2020:19:56:31 +0000] "GET /api/User/analysis6 HTTP/1.1" 200 165
::1 - - [21/Dec/2020:19:56:31 +0000] "GET /api/User/analysis7 HTTP/1.1" 200 174
::1 - - [21/Dec/2020:19:56:31 +0000] "GET /api/User/analysis8 HTTP/1.1" 200 206
::1 - - [21/Dec/2020:19:56:31 +0000] "GET /api/User/analysis12?type=month HTTP/1.1" 200 782
::1 - - [21/Dec/2020:19:56:31 +0000] "GET /api/User/analysis10?type=month HTTP/1.1" 200 250
::1 - - [21/Dec/2020:19:56:36 +0000] "GET /api/User/analysis?type=month HTTP/1.1" 200 676
::1 - - [21/Dec/2020:19:56:36 +0000] "GET /api/User/analysis5?type=month HTTP/1.1" 200 726
::1 - - [21/Dec/2020:19:56:36 +0000] "GET /api/User/analysis2 HTTP/1.1" 304 -
::1 - - [21/Dec/2020:19:56:36 +0000] "GET /api/User/analysis3 HTTP/1.1" 200 199
::1 - - [21/Dec/2020:19:56:36 +0000] "GET /api/User/analysis31 HTTP/1.1" 200 203
::1 - - [21/Dec/2020:19:56:36 +0000] "GET /api/User/analysis9?type=month HTTP/1.1" 200 390
::1 - - [21/Dec/2020:19:56:36 +0000] "GET /api/User/analysis4 HTTP/1.1" 304 -
::1 - - [21/Dec/2020:19:56:36 +0000] "GET /api/User/analysis6 HTTP/1.1" 200 167
::1 - - [21/Dec/2020:19:56:36 +0000] "GET /api/User/analysis7 HTTP/1.1" 200 172
::1 - - [21/Dec/2020:19:56:36 +0000] "GET /api/User/analysis8 HTTP/1.1" 200 200
::1 - - [21/Dec/2020:19:56:36 +0000] "GET /api/User/analysis12?type=month HTTP/1.1" 200 780
::1 - - [21/Dec/2020:19:56:36 +0000] "GET /api/User/analysis10?type=month HTTP/1.1" 200 252
::1 - - [21/Dec/2020:19:58:10 +0000] "GET /api/User/analysis2 HTTP/1.1" 304 -
::1 - - [21/Dec/2020:19:58:11 +0000] "GET /api/User/analysis?type=month HTTP/1.1" 200 680
::1 - - [21/Dec/2020:19:58:11 +0000] "GET /api/User/analysis5?type=month HTTP/1.1" 200 710
::1 - - [21/Dec/2020:19:58:11 +0000] "GET /api/User/analysis3 HTTP/1.1" 200 201
::1 - - [21/Dec/2020:19:58:11 +0000] "GET /api/User/analysis9?type=month HTTP/1.1" 200 382
::1 - - [21/Dec/2020:19:58:11 +0000] "GET /api/User/analysis31 HTTP/1.1" 200 197
::1 - - [21/Dec/2020:19:58:11 +0000] "GET /api/User/analysis4 HTTP/1.1" 304 -
::1 - - [21/Dec/2020:19:58:11 +0000] "GET /api/User/analysis6 HTTP/1.1" 200 165
::1 - - [21/Dec/2020:19:58:11 +0000] "GET /api/User/analysis7 HTTP/1.1" 200 174
::1 - - [21/Dec/2020:19:58:11 +0000] "GET /api/User/analysis12?type=month HTTP/1.1" 200 778
::1 - - [21/Dec/2020:19:58:11 +0000] "GET /api/User/analysis8 HTTP/1.1" 200 204
::1 - - [21/Dec/2020:19:58:11 +0000] "GET /api/User/analysis10?type=month HTTP/1.1" 200 248
::1 - - [21/Dec/2020:19:58:19 +0000] "GET /api/User/analysis2 HTTP/1.1" 304 -
::1 - - [21/Dec/2020:19:58:19 +0000] "GET /api/User/analysis3 HTTP/1.1" 200 199
::1 - - [21/Dec/2020:19:58:19 +0000] "GET /api/User/analysis?type=month HTTP/1.1" 200 682
::1 - - [21/Dec/2020:19:58:19 +0000] "GET /api/User/analysis5?type=month HTTP/1.1" 200 726
::1 - - [21/Dec/2020:19:58:19 +0000] "GET /api/User/analysis4 HTTP/1.1" 304 -
::1 - - [21/Dec/2020:19:58:19 +0000] "GET /api/User/analysis9?type=month HTTP/1.1" 200 388
::1 - - [21/Dec/2020:19:58:19 +0000] "GET /api/User/analysis31 HTTP/1.1" 200 201
::1 - - [21/Dec/2020:19:58:19 +0000] "GET /api/User/analysis6 HTTP/1.1" 200 169
::1 - - [21/Dec/2020:19:58:19 +0000] "GET /api/User/analysis7 HTTP/1.1" 200 174
::1 - - [21/Dec/2020:19:58:19 +0000] "GET /api/User/analysis8 HTTP/1.1" 200 206
::1 - - [21/Dec/2020:19:58:19 +0000] "GET /api/User/analysis12?type=month HTTP/1.1" 200 770
::1 - - [21/Dec/2020:19:58:19 +0000] "GET /api/User/analysis10?type=month HTTP/1.1" 200 250
::1 - - [21/Dec/2020:20:11:01 +0000] "GET /api/User/analysis2 HTTP/1.1" 304 -
::1 - - [21/Dec/2020:20:11:01 +0000] "GET /api/User/analysis5?type=month HTTP/1.1" 200 728
::1 - - [21/Dec/2020:20:11:01 +0000] "GET /api/User/analysis?type=month HTTP/1.1" 200 672
::1 - - [21/Dec/2020:20:11:01 +0000] "GET /api/User/analysis3 HTTP/1.1" 200 203
::1 - - [21/Dec/2020:20:11:01 +0000] "GET /api/User/analysis9?type=month HTTP/1.1" 200 392
::1 - - [21/Dec/2020:20:11:02 +0000] "GET /api/User/analysis31 HTTP/1.1" 200 199
::1 - - [21/Dec/2020:20:11:02 +0000] "GET /api/User/analysis4 HTTP/1.1" 304 -
::1 - - [21/Dec/2020:20:11:02 +0000] "GET /api/User/analysis6 HTTP/1.1" 200 169
::1 - - [21/Dec/2020:20:11:02 +0000] "GET /api/User/analysis12?type=month HTTP/1.1" 200 778
::1 - - [21/Dec/2020:20:11:02 +0000] "GET /api/User/analysis10?type=month HTTP/1.1" 200 248
::1 - - [21/Dec/2020:20:11:02 +0000] "GET /api/User/analysis7 HTTP/1.1" 200 172
::1 - - [21/Dec/2020:20:11:02 +0000] "GET /api/User/analysis8 HTTP/1.1" 200 208
::1 - - [21/Dec/2020:20:11:07 +0000] "GET /api/User/analysis2 HTTP/1.1" 304 -
::1 - - [21/Dec/2020:20:11:07 +0000] "GET /api/User/analysis?type=month HTTP/1.1" 200 674
::1 - - [21/Dec/2020:20:11:07 +0000] "GET /api/User/analysis5?type=month HTTP/1.1" 200 718
::1 - - [21/Dec/2020:20:11:07 +0000] "GET /api/User/analysis3 HTTP/1.1" 200 203
::1 - - [21/Dec/2020:20:11:07 +0000] "GET /api/User/analysis31 HTTP/1.1" 200 197
::1 - - [21/Dec/2020:20:11:07 +0000] "GET /api/User/analysis4 HTTP/1.1" 304 -
::1 - - [21/Dec/2020:20:11:07 +0000] "GET /api/User/analysis9?type=month HTTP/1.1" 200 386
::1 - - [21/Dec/2020:20:11:07 +0000] "GET /api/User/analysis6 HTTP/1.1" 200 165
::1 - - [21/Dec/2020:20:11:07 +0000] "GET /api/User/analysis7 HTTP/1.1" 200 172
::1 - - [21/Dec/2020:20:11:07 +0000] "GET /api/User/analysis8 HTTP/1.1" 200 208
::1 - - [21/Dec/2020:20:11:07 +0000] "GET /api/User/analysis12?type=month HTTP/1.1" 200 770
::1 - - [21/Dec/2020:20:11:07 +0000] "GET /api/User/analysis10?type=month HTTP/1.1" 200 250
::1 - - [21/Dec/2020:20:15:51 +0000] "GET /api/User/analysis2 HTTP/1.1" 304 -
::1 - - [21/Dec/2020:20:15:51 +0000] "GET /api/User/analysis?type=month HTTP/1.1" 200 664
::1 - - [21/Dec/2020:20:15:51 +0000] "GET /api/User/analysis5?type=month HTTP/1.1" 200 732
::1 - - [21/Dec/2020:20:15:51 +0000] "GET /api/User/analysis3 HTTP/1.1" 200 193
::1 - - [21/Dec/2020:20:15:51 +0000] "GET /api/User/analysis31 HTTP/1.1" 200 201
::1 - - [21/Dec/2020:20:15:51 +0000] "GET /api/User/analysis4 HTTP/1.1" 304 -
::1 - - [21/Dec/2020:20:15:51 +0000] "GET /api/User/analysis6 HTTP/1.1" 200 169
::1 - - [21/Dec/2020:20:15:51 +0000] "GET /api/User/analysis9?type=month HTTP/1.1" 200 384
::1 - - [21/Dec/2020:20:15:51 +0000] "GET /api/User/analysis7 HTTP/1.1" 200 172
::1 - - [21/Dec/2020:20:15:51 +0000] "GET /api/User/analysis8 HTTP/1.1" 200 206
::1 - - [21/Dec/2020:20:15:51 +0000] "GET /api/User/analysis12?type=month HTTP/1.1" 200 782
::1 - - [21/Dec/2020:20:15:51 +0000] "GET /api/User/analysis10?type=month HTTP/1.1" 200 250
::1 - - [21/Dec/2020:20:15:57 +0000] "GET /api/User/analysis2 HTTP/1.1" 304 -
::1 - - [21/Dec/2020:20:15:57 +0000] "GET /api/User/analysis?type=month HTTP/1.1" 200 682
::1 - - [21/Dec/2020:20:15:57 +0000] "GET /api/User/analysis5?type=month HTTP/1.1" 200 728
::1 - - [21/Dec/2020:20:15:57 +0000] "GET /api/User/analysis3 HTTP/1.1" 200 199
::1 - - [21/Dec/2020:20:15:57 +0000] "GET /api/User/analysis9?type=month HTTP/1.1" 200 392
::1 - - [21/Dec/2020:20:15:57 +0000] "GET /api/User/analysis31 HTTP/1.1" 200 203
::1 - - [21/Dec/2020:20:15:57 +0000] "GET /api/User/analysis4 HTTP/1.1" 304 -
::1 - - [21/Dec/2020:20:15:57 +0000] "GET /api/User/analysis6 HTTP/1.1" 200 165
::1 - - [21/Dec/2020:20:15:57 +0000] "GET /api/User/analysis7 HTTP/1.1" 200 172
::1 - - [21/Dec/2020:20:15:57 +0000] "GET /api/User/analysis8 HTTP/1.1" 200 204
::1 - - [21/Dec/2020:20:15:57 +0000] "GET /api/User/analysis12?type=month HTTP/1.1" 200 774
::1 - - [21/Dec/2020:20:15:57 +0000] "GET /api/User/analysis10?type=month HTTP/1.1" 200 252
::1 - - [21/Dec/2020:20:16:56 +0000] "GET /api/User/analysis2 HTTP/1.1" 304 -
::1 - - [21/Dec/2020:20:16:56 +0000] "GET /api/User/analysis?type=month HTTP/1.1" 200 668
::1 - - [21/Dec/2020:20:16:56 +0000] "GET /api/User/analysis5?type=month HTTP/1.1" 200 734
::1 - - [21/Dec/2020:20:16:56 +0000] "GET /api/User/analysis3 HTTP/1.1" 200 203
::1 - - [21/Dec/2020:20:16:56 +0000] "GET /api/User/analysis9?type=month HTTP/1.1" 200 386
::1 - - [21/Dec/2020:20:16:56 +0000] "GET /api/User/analysis31 HTTP/1.1" 200 199
::1 - - [21/Dec/2020:20:16:56 +0000] "GET /api/User/analysis4 HTTP/1.1" 304 -
::1 - - [21/Dec/2020:20:16:56 +0000] "GET /api/User/analysis6 HTTP/1.1" 200 169
::1 - - [21/Dec/2020:20:16:56 +0000] "GET /api/User/analysis7 HTTP/1.1" 200 172
::1 - - [21/Dec/2020:20:16:56 +0000] "GET /api/User/analysis8 HTTP/1.1" 200 206
::1 - - [21/Dec/2020:20:16:56 +0000] "GET /api/User/analysis12?type=month HTTP/1.1" 200 776
::1 - - [21/Dec/2020:20:16:56 +0000] "GET /api/User/analysis10?type=month HTTP/1.1" 200 248
::1 - - [21/Dec/2020:20:17:02 +0000] "GET /api/User/analysis2 HTTP/1.1" 304 -
::1 - - [21/Dec/2020:20:17:02 +0000] "GET /api/User/analysis?type=month HTTP/1.1" 200 672
::1 - - [21/Dec/2020:20:17:02 +0000] "GET /api/User/analysis5?type=month HTTP/1.1" 200 724
::1 - - [21/Dec/2020:20:17:02 +0000] "GET /api/User/analysis3 HTTP/1.1" 200 205
::1 - - [21/Dec/2020:20:17:02 +0000] "GET /api/User/analysis31 HTTP/1.1" 200 201
::1 - - [21/Dec/2020:20:17:02 +0000] "GET /api/User/analysis4 HTTP/1.1" 304 -
::1 - - [21/Dec/2020:20:17:02 +0000] "GET /api/User/analysis9?type=month HTTP/1.1" 200 386
::1 - - [21/Dec/2020:20:17:02 +0000] "GET /api/User/analysis6 HTTP/1.1" 200 165
::1 - - [21/Dec/2020:20:17:02 +0000] "GET /api/User/analysis7 HTTP/1.1" 200 174
::1 - - [21/Dec/2020:20:17:02 +0000] "GET /api/User/analysis8 HTTP/1.1" 200 206
::1 - - [21/Dec/2020:20:17:02 +0000] "GET /api/User/analysis12?type=month HTTP/1.1" 200 764
::1 - - [21/Dec/2020:20:17:03 +0000] "GET /api/User/analysis10?type=month HTTP/1.1" 200 246
::1 - - [21/Dec/2020:20:32:22 +0000] "GET /api/User/analysis2 HTTP/1.1" 304 -
::1 - - [21/Dec/2020:20:32:22 +0000] "GET /api/User/analysis?type=month HTTP/1.1" 200 668
::1 - - [21/Dec/2020:20:32:22 +0000] "GET /api/User/analysis5?type=month HTTP/1.1" 200 730
::1 - - [21/Dec/2020:20:32:22 +0000] "GET /api/User/analysis3 HTTP/1.1" 200 203
::1 - - [21/Dec/2020:20:32:22 +0000] "GET /api/User/analysis31 HTTP/1.1" 200 199
::1 - - [21/Dec/2020:20:32:22 +0000] "GET /api/User/analysis9?type=month HTTP/1.1" 200 386
::1 - - [21/Dec/2020:20:32:22 +0000] "GET /api/User/analysis4 HTTP/1.1" 304 -
::1 - - [21/Dec/2020:20:32:22 +0000] "GET /api/User/analysis6 HTTP/1.1" 200 167
::1 - - [21/Dec/2020:20:32:22 +0000] "GET /api/User/analysis7 HTTP/1.1" 200 174
::1 - - [21/Dec/2020:20:32:22 +0000] "GET /api/User/analysis8 HTTP/1.1" 200 206
::1 - - [21/Dec/2020:20:32:22 +0000] "GET /api/User/analysis12?type=month HTTP/1.1" 200 778
::1 - - [21/Dec/2020:20:32:22 +0000] "GET /api/User/analysis10?type=month HTTP/1.1" 200 252
::1 - - [21/Dec/2020:20:35:51 +0000] "GET /api/User/analysis2 HTTP/1.1" 304 -
::1 - - [21/Dec/2020:20:35:51 +0000] "GET /api/User/analysis?type=month HTTP/1.1" 200 676
::1 - - [21/Dec/2020:20:35:51 +0000] "GET /api/User/analysis5?type=month HTTP/1.1" 200 722
::1 - - [21/Dec/2020:20:35:51 +0000] "GET /api/User/analysis3 HTTP/1.1" 200 201
::1 - - [21/Dec/2020:20:35:52 +0000] "GET /api/User/analysis9?type=month HTTP/1.1" 200 392
::1 - - [21/Dec/2020:20:35:52 +0000] "GET /api/User/analysis31 HTTP/1.1" 200 201
::1 - - [21/Dec/2020:20:35:52 +0000] "GET /api/User/analysis7 HTTP/1.1" 200 174
::1 - - [21/Dec/2020:20:35:52 +0000] "GET /api/User/analysis4 HTTP/1.1" 304 -
::1 - - [21/Dec/2020:20:35:52 +0000] "GET /api/User/analysis6 HTTP/1.1" 200 167
::1 - - [21/Dec/2020:20:35:52 +0000] "GET /api/User/analysis8 HTTP/1.1" 200 206
::1 - - [21/Dec/2020:20:35:52 +0000] "GET /api/User/analysis12?type=month HTTP/1.1" 200 770
::1 - - [21/Dec/2020:20:35:52 +0000] "GET /api/User/analysis10?type=month HTTP/1.1" 200 248
