::1 - - [25/Nov/2020:17:08:34 +0000] "POST /api/User/Machine/login HTTP/1.1" 200 545
::1 - - [25/Nov/2020:17:08:49 +0000] "POST /api/Machine/Transaction/register HTTP/1.1" 400 50
::1 - - [25/Nov/2020:17:09:17 +0000] "POST /api/Machine/Transaction/register HTTP/1.1" 400 50
::1 - - [25/Nov/2020:17:10:02 +0000] "POST /api/Machine/Transaction/register HTTP/1.1" 400 50
::1 - - [25/Nov/2020:17:10:27 +0000] "POST /api/Machine/Transaction/register HTTP/1.1" 400 50
::1 - - [25/Nov/2020:17:12:21 +0000] "POST /api/Machine/Transaction/register HTTP/1.1" 400 50
::1 - - [25/Nov/2020:17:14:24 +0000] "POST /api/Machine/Transaction/register HTTP/1.1" 200 62
::1 - - [25/Nov/2020:17:15:45 +0000] "POST /api/Machine/Transaction/register HTTP/1.1" 200 49
::1 - - [25/Nov/2020:17:16:13 +0000] "POST /api/Machine/Ticket/buy HTTP/1.1" 401 -
::1 - - [25/Nov/2020:17:16:20 +0000] "POST /api/User/Customer/login HTTP/1.1" 200 674
::1 - - [25/Nov/2020:17:16:39 +0000] "POST /api/Customer/Ticket/buy HTTP/1.1" 200 256
::1 - - [25/Nov/2020:17:17:02 +0000] "POST /api/Machine/Transaction/register HTTP/1.1" 400 50
::1 - - [25/Nov/2020:17:21:16 +0000] "POST /api/Machine/Transaction/register HTTP/1.1" 400 50
::1 - - [25/Nov/2020:17:21:52 +0000] "POST /api/Machine/Transaction/register HTTP/1.1" 400 50
::1 - - [25/Nov/2020:17:35:07 +0000] "POST /api/Machine/Transaction/register HTTP/1.1" 200 70
::1 - - [25/Nov/2020:17:35:48 +0000] "POST /api/Machine/Transaction/register HTTP/1.1" 200 70
::1 - - [25/Nov/2020:17:36:38 +0000] "POST /api/Machine/Transaction/register HTTP/1.1" 400 50
::1 - - [25/Nov/2020:17:49:29 +0000] "POST /api/Machine/Transaction/register HTTP/1.1" 400 50
::1 - - [25/Nov/2020:17:51:58 +0000] "POST /api/Machine/Transaction/register HTTP/1.1" 200 91
::1 - - [25/Nov/2020:17:53:10 +0000] "POST /api/Machine/Transaction/register HTTP/1.1" 200 91
::1 - - [25/Nov/2020:17:53:39 +0000] "POST /api/Machine/Transaction/register HTTP/1.1" 400 50
::1 - - [25/Nov/2020:17:54:19 +0000] "POST /api/Machine/Transaction/register HTTP/1.1" 200 91
::1 - - [25/Nov/2020:17:55:18 +0000] "POST /api/Machine/Transaction/register HTTP/1.1" 200 50
::1 - - [25/Nov/2020:17:56:15 +0000] "POST /api/Machine/Transaction/register HTTP/1.1" 200 50
::1 - - [30/Nov/2020:00:31:37 +0000] "POST /api/User/Employee/login HTTP/1.1" 200 375
::1 - - [30/Nov/2020:00:34:31 +0000] "GET /api/Employee/Bus/search?limit=30 HTTP/1.1" 400 50
::1 - - [30/Nov/2020:00:42:36 +0000] "GET /api/Employee/Bus/search?limit=30 HTTP/1.1" 400 50
::1 - - [30/Nov/2020:00:51:01 +0000] "GET /api/Employee/Bus/search?limit=30 HTTP/1.1" 400 50
::1 - - [30/Nov/2020:00:58:03 +0000] "GET /api/Employee/Bus/search?limit=30 HTTP/1.1" 400 50
::1 - - [30/Nov/2020:01:04:31 +0000] "GET /api/Employee/Bus/search?limit=30 HTTP/1.1" 400 50
::1 - - [30/Nov/2020:01:10:39 +0000] "GET /api/Employee/Bus/search?limit=30 HTTP/1.1" 400 50
::1 - - [30/Nov/2020:01:17:50 +0000] "GET /api/Employee/Bus/search?limit=30 HTTP/1.1" - -
::1 - - [30/Nov/2020:01:19:00 +0000] "GET /api/Employee/Bus/search?limit=30 HTTP/1.1" - -
::1 - - [30/Nov/2020:01:19:37 +0000] "GET /api/Employee/Bus/search?limit=30 HTTP/1.1" - -
::1 - - [30/Nov/2020:01:20:42 +0000] "GET /api/Employee/Bus/search?limit=30 HTTP/1.1" 200 388
::1 - - [30/Nov/2020:01:27:04 +0000] "GET /api/Employee/Bus/search?limit=30 HTTP/1.1" 200 70
::1 - - [30/Nov/2020:01:29:01 +0000] "GET /api/Employee/Bus/search?limit=30 HTTP/1.1" 200 70
::1 - - [30/Nov/2020:01:30:21 +0000] "GET /api/Employee/Bus/search?limit=30 HTTP/1.1" 200 149
::1 - - [30/Nov/2020:01:31:57 +0000] "GET /api/Employee/Bus/search?limit=30 HTTP/1.1" 200 46
