::1 - - [15/Dec/2020:17:39:52 +0000] "POST /api/User/Employee/login HTTP/1.1" 200 375
::1 - - [15/Dec/2020:17:41:21 +0000] "GET /api/User/Employee/login HTTP/1.1" 404 162
::1 - - [15/Dec/2020:17:41:26 +0000] "POST /api/User/Employee/login HTTP/1.1" 200 375
::1 - - [15/Dec/2020:17:41:45 +0000] "GET /api/Employee/Notification/check HTTP/1.1" 404 170
::1 - - [15/Dec/2020:17:48:08 +0000] "GET /api/Employee/Notification/check HTTP/1.1" 200 71
::1 - - [15/Dec/2020:17:49:23 +0000] "GET /api/Employee/Notification/check HTTP/1.1" 200 49
::1 - - [15/Dec/2020:17:49:58 +0000] "GET /api/Employee/Notification/register HTTP/1.1" 404 173
::1 - - [15/Dec/2020:17:50:04 +0000] "POST /api/Employee/Notification/register HTTP/1.1" 400 50
::1 - - [15/Dec/2020:17:50:59 +0000] "POST /api/Employee/Notification/register HTTP/1.1" 400 50
::1 - - [15/Dec/2020:17:51:32 +0000] "POST /api/Employee/Notification/register HTTP/1.1" 200 78
::1 - - [15/Dec/2020:17:51:52 +0000] "POST /api/Employee/Notification/register HTTP/1.1" 200 64
::1 - - [15/Dec/2020:17:53:15 +0000] "GET /api/Employee/Notification/check HTTP/1.1" 200 730
::1 - - [15/Dec/2020:18:43:19 +0000] "POST /api/Employee/Notification/register HTTP/1.1" 200 87
::1 - - [15/Dec/2020:18:43:31 +0000] "POST /api/Employee/Notification/register HTTP/1.1" 200 87
::1 - - [15/Dec/2020:18:44:53 +0000] "POST /api/Employee/Notification/register HTTP/1.1" 200 87
::1 - - [15/Dec/2020:18:45:16 +0000] "POST /api/Employee/Notification/register HTTP/1.1" 400 50
::1 - - [15/Dec/2020:18:45:46 +0000] "POST /api/Employee/Notification/register HTTP/1.1" 400 50
::1 - - [15/Dec/2020:18:46:43 +0000] "POST /api/Employee/Notification/register HTTP/1.1" 200 87
::1 - - [15/Dec/2020:18:47:03 +0000] "POST /api/Employee/Notification/register HTTP/1.1" 400 50
::1 - - [15/Dec/2020:18:47:25 +0000] "POST /api/Employee/Notification/register HTTP/1.1" 200 87
::1 - - [15/Dec/2020:19:16:34 +0000] "GET /api/Employee/Notification/check HTTP/1.1" 200 4337
::1 - - [15/Dec/2020:19:20:03 +0000] "POST /api/Employee/Notification/register HTTP/1.1" 200 64
::1 - - [15/Dec/2020:19:20:30 +0000] "POST /api/Employee/Notification/register HTTP/1.1" 400 50
::1 - - [15/Dec/2020:19:20:55 +0000] "POST /api/Employee/Notification/register HTTP/1.1" 400 50
::1 - - [15/Dec/2020:19:21:39 +0000] "POST /api/Employee/Notification/register HTTP/1.1" 200 87
::1 - - [15/Dec/2020:19:22:26 +0000] "POST /api/User/Employee/login HTTP/1.1" 200 375
::1 - - [15/Dec/2020:19:26:47 +0000] "POST /api/Employee/Notification/register HTTP/1.1" 200 87
::1 - - [15/Dec/2020:19:28:32 +0000] "POST /api/Employee/Notification/register HTTP/1.1" 200 94
::1 - - [15/Dec/2020:19:28:42 +0000] "POST /api/Employee/Notification/register HTTP/1.1" 200 60
::1 - - [15/Dec/2020:19:33:01 +0000] "POST /api/Employee/Notification/register HTTP/1.1" 200 66
::1 - - [15/Dec/2020:19:33:28 +0000] "POST /api/Employee/Notification/register HTTP/1.1" 200 87
::1 - - [15/Dec/2020:19:37:30 +0000] "POST /api/Employee/Notification/register HTTP/1.1" 200 87
::1 - - [15/Dec/2020:19:39:07 +0000] "POST /api/Employee/Notification/register HTTP/1.1" 200 87
::1 - - [15/Dec/2020:19:41:01 +0000] "POST /api/Employee/Notification/register HTTP/1.1" 200 87
::1 - - [15/Dec/2020:19:41:46 +0000] "POST /api/Employee/Notification/register HTTP/1.1" 200 94
::1 - - [15/Dec/2020:19:42:23 +0000] "POST /api/Employee/Notification/register HTTP/1.1" 200 87
::1 - - [15/Dec/2020:19:44:33 +0000] "POST /api/Employee/Notification/register HTTP/1.1" 200 87
::1 - - [15/Dec/2020:19:55:14 +0000] "POST /api/User/Employee/login HTTP/1.1" 200 374
::1 - - [15/Dec/2020:19:55:20 +0000] "POST /api/Employee/Notification/register HTTP/1.1" 200 87
::1 - - [15/Dec/2020:19:56:03 +0000] "POST /api/Employee/Notification/register HTTP/1.1" 200 87
::1 - - [15/Dec/2020:19:57:05 +0000] "POST /api/Employee/Notification/register HTTP/1.1" 200 87
::1 - - [15/Dec/2020:20:00:25 +0000] "POST /api/Employee/Notification/register HTTP/1.1" 200 87
::1 - - [15/Dec/2020:20:00:37 +0000] "POST /api/Employee/Notification/register HTTP/1.1" 200 87
::1 - - [15/Dec/2020:20:01:30 +0000] "POST /api/Employee/Notification/register HTTP/1.1" 200 87
::1 - - [15/Dec/2020:20:02:11 +0000] "POST /api/Employee/Notification/register HTTP/1.1" 200 87
::1 - - [15/Dec/2020:20:02:32 +0000] "POST /api/Employee/Notification/register HTTP/1.1" 200 87
::1 - - [15/Dec/2020:20:10:55 +0000] "POST /api/Employee/Notification/register HTTP/1.1" 200 64
::1 - - [15/Dec/2020:20:15:11 +0000] "POST /api/User/Employee/login HTTP/1.1" 200 374
::1 - - [15/Dec/2020:20:15:40 +0000] "POST /api/Employee/Notification/register HTTP/1.1" 200 87
::1 - - [15/Dec/2020:20:22:30 +0000] "POST /api/Employee/Notification/register HTTP/1.1" 200 87
::1 - - [15/Dec/2020:20:29:44 +0000] "POST /api/Employee/Notification/register HTTP/1.1" 200 99
::1 - - [15/Dec/2020:20:30:04 +0000] "POST /api/Employee/Notification/register HTTP/1.1" 200 87
::1 - - [15/Dec/2020:20:30:55 +0000] "POST /api/User/Employee/login HTTP/1.1" 200 379
::1 - - [15/Dec/2020:20:31:16 +0000] "POST /api/Employee/Notification/register HTTP/1.1" 200 64
::1 - - [15/Dec/2020:20:31:20 +0000] "POST /api/Employee/Notification/register HTTP/1.1" 200 87
::1 - - [16/Dec/2020:09:25:49 +0000] "POST /api/User/Employee/login HTTP/1.1" 200 379
::1 - - [16/Dec/2020:09:26:05 +0000] "GET /api/Employee/Notification/check HTTP/1.1" 200 810
::1 - - [16/Dec/2020:09:28:33 +0000] "GET /api/Employee/Notification/check HTTP/1.1" 200 810
::1 - - [16/Dec/2020:09:30:24 +0000] "GET /api/Employee/Notification/check HTTP/1.1" 200 550
::1 - - [16/Dec/2020:09:32:00 +0000] "GET /api/Employee/Notification/check HTTP/1.1" 200 550
::1 - - [16/Dec/2020:17:23:05 +0000] "GET /api/Employee/Notification/view HTTP/1.1" 200 550
::1 - - [16/Dec/2020:17:24:17 +0000] "GET /api/Employee/Notification/check HTTP/1.1" 200 292
::1 - - [16/Dec/2020:17:24:27 +0000] "GET /api/Employee/Notification/view HTTP/1.1" 200 549
::1 - - [16/Dec/2020:17:39:14 +0000] "GET /api/Employee/Notification/view?name=tesfa HTTP/1.1" 200 549
::1 - - [16/Dec/2020:17:40:11 +0000] "GET /api/Employee/Notification/find?name=tesfa HTTP/1.1" 404 169
::1 - - [16/Dec/2020:17:40:31 +0000] "GET /api/Employee/Notification/find?name=tesfa HTTP/1.1" 400 50
::1 - - [16/Dec/2020:17:46:42 +0000] "GET /api/Employee/Notification/find?name=tesfa HTTP/1.1" 400 50
::1 - - [16/Dec/2020:17:47:55 +0000] "GET /api/Employee/Notification/find?name=tesfa HTTP/1.1" 200 55
::1 - - [16/Dec/2020:17:56:24 +0000] "GET /api/Employee/Notification/find?name=tesfa HTTP/1.1" 200 55
::1 - - [16/Dec/2020:17:58:02 +0000] "GET /api/Employee/Notification/find?name=tesfa HTTP/1.1" 200 55
::1 - - [16/Dec/2020:17:58:34 +0000] "GET /api/Employee/Notification/find?name=tesfa HTTP/1.1" 200 196
::1 - - [16/Dec/2020:18:00:47 +0000] "GET /api/Employee/Notification/find?name=tesfa HTTP/1.1" 200 55
::1 - - [16/Dec/2020:18:01:43 +0000] "GET /api/Employee/Notification/find?_id=5e68cf120df6274b8c4c1789 HTTP/1.1" 200 359
::1 - - [16/Dec/2020:18:04:13 +0000] "GET /api/Employee/Notification/find?_id=5e68cf120df6274b8c4c1789&limit=20 HTTP/1.1" 200 705
::1 - - [16/Dec/2020:18:08:46 +0000] "POST /api/User/Employee/login HTTP/1.1" 200 374
::1 - - [16/Dec/2020:18:08:58 +0000] "GET /api/Employee/Notification/find?_id=5e68cf120df6274b8c4c1789&limit=20 HTTP/1.1" 200 1043
::1 - - [16/Dec/2020:18:14:51 +0000] "GET /api/Employee/Notification/session?session_Id=b156d9c1412e6115c5c6cb233dfe3bd7 HTTP/1.1" 404 172
::1 - - [16/Dec/2020:18:14:55 +0000] "POST /api/Employee/Notification/session?session_Id=b156d9c1412e6115c5c6cb233dfe3bd7 HTTP/1.1" 404 173
::1 - - [16/Dec/2020:18:15:06 +0000] "POST /api/Employee/Notification/mark?session_Id=b156d9c1412e6115c5c6cb233dfe3bd7 HTTP/1.1" 200 51
::1 - - [16/Dec/2020:18:15:33 +0000] "POST /api/Employee/Notification/mark?session_Id=b156d9c1412e6115c5c6cb233dfe3bd6 HTTP/1.1" 200 118
::1 - - [16/Dec/2020:18:31:23 +0000] "POST /api/User/Customer/login HTTP/1.1" 200 51
::1 - - [16/Dec/2020:18:31:37 +0000] "POST /api/User/Customer/login HTTP/1.1" 200 674
::1 - - [16/Dec/2020:18:32:04 +0000] "GET /api/Customer/HelpDesk/register HTTP/1.1" 404 169
::1 - - [16/Dec/2020:18:32:09 +0000] "POST /api/Customer/HelpDesk/register HTTP/1.1" 404 170
::1 - - [16/Dec/2020:18:39:07 +0000] "POST /api/Customer/HelpDesk/register HTTP/1.1" 404 170
::1 - - [16/Dec/2020:18:39:11 +0000] "POST /api/Customer/HelpDesk/register HTTP/1.1" 404 170
::1 - - [16/Dec/2020:18:39:28 +0000] "POST /api/Customer/HelpDesk/register HTTP/1.1" 200 107
::1 - - [16/Dec/2020:18:41:06 +0000] "POST /api/Customer/HelpDesk/register HTTP/1.1" 200 61
::1 - - [16/Dec/2020:18:45:26 +0000] "POST /api/Customer/HelpDesk/register HTTP/1.1" 200 61
::1 - - [16/Dec/2020:18:46:48 +0000] "POST /api/User/Customer/login HTTP/1.1" 200 51
::1 - - [16/Dec/2020:18:46:54 +0000] "POST /api/User/Customer/login HTTP/1.1" 200 680
::1 - - [16/Dec/2020:18:47:37 +0000] "POST /api/Customer/HelpDesk/register HTTP/1.1" 200 61
::1 - - [16/Dec/2020:18:50:52 +0000] "POST /api/Customer/HelpDesk/continue?_id=5fda54c2a31bce3fc4774891 HTTP/1.1" 404 170
::1 - - [16/Dec/2020:18:51:07 +0000] "POST /api/Customer/HelpDesk/continue?_id=5fda54c2a31bce3fc4774891 HTTP/1.1" 400 50
::1 - - [16/Dec/2020:18:53:24 +0000] "POST /api/Customer/HelpDesk/continue?session_Id=68f3bae06cf0c6867f20d6a060f4d931 HTTP/1.1" 400 50
::1 - - [16/Dec/2020:18:53:58 +0000] "POST /api/Customer/HelpDesk/continue?session_Id=68f3bae06cf0c6867f20d6a060f4d931 HTTP/1.1" 400 50
::1 - - [16/Dec/2020:18:54:54 +0000] "POST /api/Customer/HelpDesk/continue?session_Id=68f3bae06cf0c6867f20d6a060f4d931 HTTP/1.1" 400 50
::1 - - [16/Dec/2020:18:55:23 +0000] "POST /api/Customer/HelpDesk/continue?session_Id=68f3bae06cf0c6867f20d6a060f4d931 HTTP/1.1" 400 50
::1 - - [16/Dec/2020:18:56:01 +0000] "POST /api/Customer/HelpDesk/continue?session_Id=68f3bae06cf0c6867f20d6a060f4d931 HTTP/1.1" 200 124
::1 - - [16/Dec/2020:19:43:56 +0000] "POST /api/Customer/HelpDesk/continue?session_Id=68f3bae06cf0c6867f20d6a060f4d931 HTTP/1.1" 400 50
::1 - - [16/Dec/2020:19:44:47 +0000] "POST /api/Customer/HelpDesk/continue?session_Id=68f3bae06cf0c6867f20d6a060f4d931 HTTP/1.1" 400 50
::1 - - [16/Dec/2020:19:45:02 +0000] "POST /api/Customer/HelpDesk/continue?session_Id=68f3bae06cf0c6867f20d6a060f4d931 HTTP/1.1" 400 50
::1 - - [16/Dec/2020:19:45:39 +0000] "POST /api/Customer/HelpDesk/continue?session_Id=68f3bae06cf0c6867f20d6a060f4d931 HTTP/1.1" 400 50
::1 - - [16/Dec/2020:19:46:35 +0000] "POST /api/Customer/HelpDesk/continue?session_Id=68f3bae06cf0c6867f20d6a060f4d931 HTTP/1.1" 200 64
::1 - - [16/Dec/2020:19:47:12 +0000] "POST /api/Customer/HelpDesk/continue?session_Id=68f3bae06cf0c6867f20d6a060f4d931 HTTP/1.1" 200 64
::1 - - [16/Dec/2020:19:49:33 +0000] "POST /api/Customer/HelpDesk/continue?session_Id=68f3bae06cf0c6867f20d6a060f4d931 HTTP/1.1" 200 64
::1 - - [16/Dec/2020:19:50:00 +0000] "POST /api/Customer/HelpDesk/continue?session_Id=68f3bae06cf0c6867f20d6a060f4d931 HTTP/1.1" 400 50
::1 - - [16/Dec/2020:19:51:36 +0000] "POST /api/Customer/HelpDesk/continue?session_Id=68f3bae06cf0c6867f20d6a060f4d931 HTTP/1.1" 400 50
::1 - - [16/Dec/2020:19:52:12 +0000] "POST /api/Customer/HelpDesk/continue?session_Id=68f3bae06cf0c6867f20d6a060f4d931 HTTP/1.1" 200 61
::1 - - [16/Dec/2020:20:00:38 +0000] "GET /api/Employee/HelpDesk/mark?session_Id=68f3bae06cf0c6867f20d6a060f4d931 HTTP/1.1" 401 -
::1 - - [16/Dec/2020:20:03:03 +0000] "POST /api/User/Employee/login HTTP/1.1" 200 377
::1 - - [16/Dec/2020:20:03:15 +0000] "GET /api/Employee/HelpDesk/mark?session_Id=68f3bae06cf0c6867f20d6a060f4d931 HTTP/1.1" 404 165
::1 - - [16/Dec/2020:20:03:19 +0000] "POST /api/Employee/HelpDesk/mark?session_Id=68f3bae06cf0c6867f20d6a060f4d931 HTTP/1.1" 200 71
::1 - - [16/Dec/2020:20:14:45 +0000] "POST /api/Employee/HelpDesk/mark?_id=5fda54c2a31bce3fc4774891 HTTP/1.1" 200 71
::1 - - [16/Dec/2020:20:15:01 +0000] "POST /api/Customer/HelpDesk/continue?_id=5fda54c2a31bce3fc4774891 HTTP/1.1" 200 63
::1 - - [16/Dec/2020:20:15:23 +0000] "POST /api/Customer/HelpDesk/continue?_id=5fda54c2a31bce3fc4774891 HTTP/1.1" 200 63
::1 - - [16/Dec/2020:20:15:54 +0000] "POST /api/Customer/HelpDesk/continue?_id=5fda54c2a31bce3fc4774891 HTTP/1.1" 200 63
::1 - - [16/Dec/2020:20:42:18 +0000] "POST /api/Customer/HelpDesk/continue?session_Id=68f3bae06cf0c6867f20d6a060f4d931 HTTP/1.1" 200 63
::1 - - [16/Dec/2020:20:42:54 +0000] "POST /api/Customer/HelpDesk/continue?session_Id=68f3bae06cf0c6867f20d6a060f4d931 HTTP/1.1" 200 61
::1 - - [16/Dec/2020:20:44:05 +0000] "POST /api/Customer/HelpDesk/continue?session_Id=68f3bae06cf0c6867f20d6a060f4d931 HTTP/1.1" 200 61
::1 - - [16/Dec/2020:20:45:25 +0000] "POST /api/Customer/HelpDesk/continue?session_Id=68f3bae06cf0c6867f20d6a060f4d931 HTTP/1.1" 200 89
::1 - - [16/Dec/2020:20:46:33 +0000] "POST /api/Customer/HelpDesk/continue?session_Id=68f3bae06cf0c6867f20d6a060f4d931 HTTP/1.1" 200 89
::1 - - [16/Dec/2020:20:47:13 +0000] "POST /api/Customer/HelpDesk/continue?session_Id=68f3bae06cf0c6867f20d6a060f4d931 HTTP/1.1" 401 -
::1 - - [16/Dec/2020:20:47:21 +0000] "POST /api/User/Customer/login HTTP/1.1" 200 680
::1 - - [16/Dec/2020:20:47:32 +0000] "POST /api/Customer/HelpDesk/continue?session_Id=68f3bae06cf0c6867f20d6a060f4d931 HTTP/1.1" 200 89
::1 - - [16/Dec/2020:20:48:12 +0000] "POST /api/Customer/HelpDesk/continue?session_Id=68f3bae06cf0c6867f20d6a060f4d931 HTTP/1.1" 400 50
::1 - - [16/Dec/2020:20:48:34 +0000] "POST /api/Customer/HelpDesk/continue?session_Id=68f3bae06cf0c6867f20d6a060f4d931 HTTP/1.1" 400 50
::1 - - [16/Dec/2020:20:49:30 +0000] "POST /api/Customer/HelpDesk/continue?session_Id=68f3bae06cf0c6867f20d6a060f4d931 HTTP/1.1" 200 75
::1 - - [16/Dec/2020:20:50:07 +0000] "POST /api/Customer/HelpDesk/continue?session_Id=68f3bae06cf0c6867f20d6a060f4d931 HTTP/1.1" 200 61
::1 - - [16/Dec/2020:20:52:27 +0000] "POST /api/Employee/HelpDesk/mark?session_Id=68f3bae06cf0c6867f20d6a060f4d931 HTTP/1.1" 200 66
::1 - - [16/Dec/2020:20:53:54 +0000] "POST /api/Employee/HelpDesk/assign?session_Id=68f3bae06cf0c6867f20d6a060f4d931 HTTP/1.1" 404 168
::1 - - [16/Dec/2020:20:54:15 +0000] "POST /api/Employee/HelpDesk/assign?session_Id=68f3bae06cf0c6867f20d6a060f4d931 HTTP/1.1" 200 81
::1 - - [16/Dec/2020:20:56:24 +0000] "POST /api/Employee/HelpDesk/assign?session_Id=68f3bae06cf0c6867f20d6a060f4d931 HTTP/1.1" 200 60
::1 - - [16/Dec/2020:20:56:55 +0000] "POST /api/Employee/HelpDesk/assign?session_Id=68f3bae06cf0c6867f20d6a060f4d931 HTTP/1.1" 200 115
::1 - - [16/Dec/2020:20:57:45 +0000] "POST /api/Employee/HelpDesk/assign?session_Id=68f3bae06cf0c6867f20d6a060f4d931 HTTP/1.1" 200 109
::1 - - [16/Dec/2020:20:58:13 +0000] "POST /api/Customer/HelpDesk/continue?session_Id=68f3bae06cf0c6867f20d6a060f4d931 HTTP/1.1" 200 61
