::1 - - [18/Jan/2021:21:04:29 +0000] "GET /api/Employee/Notification/get_custom_notification?limit=15&type=sender HTTP/1.1" 200 1196
::1 - - [18/Jan/2021:21:04:36 +0000] "GET /api/Employee/Notification/get_custom_notification?limit=15&type=reciever HTTP/1.1" 200 1235
::1 - - [18/Jan/2021:21:04:37 +0000] "GET /api/Employee/Notification/get_custom_notification?limit=15&type=sender HTTP/1.1" 304 -
::1 - - [18/Jan/2021:21:09:45 +0000] "GET /api/Employee/Notification/get_custom_notification?limit=15&type=sender HTTP/1.1" 400 50
::1 - - [18/Jan/2021:21:10:49 +0000] "GET /api/Employee/Notification/get_custom_notification?limit=15&type=sender HTTP/1.1" 400 50
::1 - - [18/Jan/2021:21:11:30 +0000] "GET /api/Employee/Notification/get_custom_notification?limit=15&type=sender HTTP/1.1" 200 607
::1 - - [18/Jan/2021:21:11:44 +0000] "GET /api/Employee/Notification/find?limit=15&session_Id=b156d9c1412e6115c5c6cb233dfe3bd7 HTTP/1.1" 304 -
::1 - - [18/Jan/2021:21:11:44 +0000] "POST /api/Employee/Notification/mark?session_Id=b156d9c1412e6115c5c6cb233dfe3bd7 HTTP/1.1" 200 51
::1 - - [18/Jan/2021:21:11:49 +0000] "GET /api/Employee/Notification/get_custom_notification?limit=15&type=reciever HTTP/1.1" 304 -
::1 - - [18/Jan/2021:21:11:51 +0000] "GET /api/Employee/Notification/find?limit=15&session_Id=b156d9c1412e6115c5c6cb233dfe3bd6 HTTP/1.1" 200 609
::1 - - [18/Jan/2021:21:11:51 +0000] "POST /api/Employee/Notification/mark?session_Id=b156d9c1412e6115c5c6cb233dfe3bd6 HTTP/1.1" 200 118
::1 - - [18/Jan/2021:21:11:53 +0000] "GET /api/Employee/Notification/find?limit=15&session_Id=c695e5476e317d10e71a5181b4008801 HTTP/1.1" 200 650
::1 - - [18/Jan/2021:21:11:53 +0000] "POST /api/Employee/Notification/mark?session_Id=c695e5476e317d10e71a5181b4008801 HTTP/1.1" 200 118
::1 - - [18/Jan/2021:21:11:54 +0000] "GET /api/Employee/Notification/find?limit=15&session_Id=b156d9c1412e6115c5c6cb233dfe3bd6 HTTP/1.1" 200 609
::1 - - [18/Jan/2021:21:11:55 +0000] "POST /api/Employee/Notification/mark?session_Id=b156d9c1412e6115c5c6cb233dfe3bd6 HTTP/1.1" 200 118
::1 - - [18/Jan/2021:21:12:32 +0000] "GET /api/Employee/Notification/get_custom_notification?limit=15&type=sender HTTP/1.1" 304 -
::1 - - [18/Jan/2021:21:15:32 +0000] "GET /api/Employee/Notification/get_custom_notification?limit=15&type=reciever HTTP/1.1" 200 1235
::1 - - [18/Jan/2021:21:15:35 +0000] "GET /api/Employee/Notification/get_custom_notification?limit=15&type=sender HTTP/1.1" 304 -
::1 - - [18/Jan/2021:21:17:19 +0000] "GET /api/Employee/Notification/get_custom_notification?limit=15&type=sender HTTP/1.1" 304 -
::1 - - [18/Jan/2021:21:17:51 +0000] "GET /api/Employee/Notification/get_custom_notification?limit=15&type=sender HTTP/1.1" 304 -
::1 - - [18/Jan/2021:21:19:06 +0000] "GET /api/Employee/Notification/get_custom_notification?limit=15&type=reciever HTTP/1.1" 304 -
::1 - - [18/Jan/2021:21:19:09 +0000] "GET /api/Employee/Notification/get_custom_notification?limit=15&type=sender HTTP/1.1" 304 -
::1 - - [18/Jan/2021:21:20:11 +0000] "GET /api/Employee/Notification/get_custom_notification?limit=15&type=sender HTTP/1.1" 304 -
::1 - - [18/Jan/2021:21:20:14 +0000] "GET /api/Employee/Notification/get_custom_notification?limit=15&type=reciever HTTP/1.1" 304 -
::1 - - [18/Jan/2021:21:20:15 +0000] "GET /api/Employee/Notification/get_custom_notification?limit=15&type=sender HTTP/1.1" 304 -
::1 - - [18/Jan/2021:21:20:53 +0000] "GET /api/Employee/Notification/get_custom_notification?limit=15&type=reciever HTTP/1.1" 304 -
::1 - - [18/Jan/2021:21:21:20 +0000] "GET /api/Employee/Notification/get_custom_notification?limit=15&type=sender HTTP/1.1" 304 -
::1 - - [18/Jan/2021:21:22:07 +0000] "GET /api/Employee/Notification/find?limit=15&session_Id=b156d9c1412e6115c5c6cb233dfe3bd7 HTTP/1.1" 304 -
::1 - - [18/Jan/2021:21:22:07 +0000] "POST /api/Employee/Notification/mark?session_Id=b156d9c1412e6115c5c6cb233dfe3bd7 HTTP/1.1" 200 51
::1 - - [18/Jan/2021:21:24:11 +0000] "GET /api/Employee/Notification/get_custom_notification?limit=15&type=sender HTTP/1.1" 304 -
::1 - - [18/Jan/2021:21:24:13 +0000] "GET /api/Employee/Notification/find?limit=15&session_Id=b156d9c1412e6115c5c6cb233dfe3bd7 HTTP/1.1" 304 -
::1 - - [18/Jan/2021:21:24:13 +0000] "POST /api/Employee/Notification/mark?session_Id=b156d9c1412e6115c5c6cb233dfe3bd7 HTTP/1.1" 200 51
::1 - - [18/Jan/2021:21:24:19 +0000] "GET /api/Employee/Notification/get_custom_notification?limit=15&type=reciever HTTP/1.1" 304 -
::1 - - [18/Jan/2021:21:24:20 +0000] "GET /api/Employee/Notification/find?limit=15&session_Id=b156d9c1412e6115c5c6cb233dfe3bd6 HTTP/1.1" 200 609
::1 - - [18/Jan/2021:21:24:20 +0000] "POST /api/Employee/Notification/mark?session_Id=b156d9c1412e6115c5c6cb233dfe3bd6 HTTP/1.1" 200 118
::1 - - [18/Jan/2021:21:24:21 +0000] "GET /api/Employee/Notification/find?limit=15&session_Id=c695e5476e317d10e71a5181b4008801 HTTP/1.1" 200 650
::1 - - [18/Jan/2021:21:24:21 +0000] "POST /api/Employee/Notification/mark?session_Id=c695e5476e317d10e71a5181b4008801 HTTP/1.1" 200 118
::1 - - [18/Jan/2021:21:24:22 +0000] "GET /api/Employee/Notification/find?limit=15&session_Id=b156d9c1412e6115c5c6cb233dfe3bd6 HTTP/1.1" 200 609
::1 - - [18/Jan/2021:21:24:23 +0000] "POST /api/Employee/Notification/mark?session_Id=b156d9c1412e6115c5c6cb233dfe3bd6 HTTP/1.1" 200 118
::1 - - [18/Jan/2021:21:24:24 +0000] "GET /api/Employee/Notification/get_custom_notification?limit=15&type=sender HTTP/1.1" 304 -
::1 - - [18/Jan/2021:21:24:25 +0000] "GET /api/Employee/Notification/get_custom_notification?limit=15&type=reciever HTTP/1.1" 200 1235
::1 - - [18/Jan/2021:21:24:26 +0000] "GET /api/Employee/Notification/find?limit=15&session_Id=b156d9c1412e6115c5c6cb233dfe3bd6 HTTP/1.1" 200 609
::1 - - [18/Jan/2021:21:24:26 +0000] "POST /api/Employee/Notification/mark?session_Id=b156d9c1412e6115c5c6cb233dfe3bd6 HTTP/1.1" 200 118
::1 - - [18/Jan/2021:21:24:28 +0000] "GET /api/Employee/Notification/get_custom_notification?limit=15&type=sender HTTP/1.1" 304 -
::1 - - [18/Jan/2021:21:25:48 +0000] "GET /api/Employee/Notification/get_custom_notification?limit=15&type=sender HTTP/1.1" 304 -
::1 - - [18/Jan/2021:21:26:11 +0000] "GET /api/Employee/Notification/get_custom_notification?limit=15&type=sender HTTP/1.1" 304 -
::1 - - [18/Jan/2021:21:26:15 +0000] "GET /api/Employee/Notification/get_custom_notification?limit=15&type=reciever HTTP/1.1" 200 1235
::1 - - [18/Jan/2021:21:26:17 +0000] "GET /api/Employee/Notification/find?limit=15&session_Id=b156d9c1412e6115c5c6cb233dfe3bd6 HTTP/1.1" 200 609
::1 - - [18/Jan/2021:21:26:18 +0000] "POST /api/Employee/Notification/mark?session_Id=b156d9c1412e6115c5c6cb233dfe3bd6 HTTP/1.1" 200 118
::1 - - [18/Jan/2021:21:26:50 +0000] "GET /api/Employee/Notification/get_custom_notification?limit=15&type=reciever HTTP/1.1" 200 1235
::1 - - [18/Jan/2021:21:26:53 +0000] "GET /api/Employee/Notification/get_custom_notification?limit=15&type=sender HTTP/1.1" 304 -
::1 - - [18/Jan/2021:21:28:25 +0000] "GET /api/Employee/Notification/get_custom_notification?limit=15&type=reciever HTTP/1.1" 304 -
::1 - - [18/Jan/2021:21:28:32 +0000] "GET /api/Employee/Notification/get_custom_notification?limit=15&type=sender HTTP/1.1" 304 -
::1 - - [18/Jan/2021:21:28:57 +0000] "GET /api/Employee/Notification/get_custom_notification?limit=15&type=reciever HTTP/1.1" 304 -
::1 - - [18/Jan/2021:21:31:09 +0000] "GET /api/Employee/Notification/get_custom_notification?limit=15&type=sender HTTP/1.1" 200 651
::1 - - [18/Jan/2021:21:32:19 +0000] "GET /api/Employee/Notification/get_custom_notification?limit=15&type=sender HTTP/1.1" 304 -
::1 - - [18/Jan/2021:21:34:42 +0000] "GET /api/Employee/Notification/get_custom_notification?limit=15&type=sender HTTP/1.1" 304 -
::1 - - [18/Jan/2021:21:34:53 +0000] "GET /api/Employee/Notification/get_custom_notification?limit=15&type=reciever HTTP/1.1" 200 1279
::1 - - [18/Jan/2021:21:34:54 +0000] "GET /api/Employee/Notification/get_custom_notification?limit=15&type=sender HTTP/1.1" 304 -
::1 - - [18/Jan/2021:21:35:38 +0000] "GET /api/Employee/Notification/get_custom_notification?limit=15&type=reciever HTTP/1.1" 304 -
::1 - - [18/Jan/2021:21:35:40 +0000] "GET /api/Employee/Notification/get_custom_notification?limit=15&type=sender HTTP/1.1" 304 -
::1 - - [18/Jan/2021:21:35:45 +0000] "GET /api/Employee/Notification/find?limit=15&session_Id=b156d9c1412e6115c5c6cb233dfe3bd7 HTTP/1.1" 304 -
::1 - - [18/Jan/2021:21:35:45 +0000] "POST /api/Employee/Notification/mark?session_Id=b156d9c1412e6115c5c6cb233dfe3bd7 HTTP/1.1" 200 51
::1 - - [18/Jan/2021:21:35:48 +0000] "GET /api/Employee/Notification/get_custom_notification?limit=15&type=reciever HTTP/1.1" 304 -
::1 - - [18/Jan/2021:21:35:49 +0000] "GET /api/Employee/Notification/find?limit=15&session_Id=b156d9c1412e6115c5c6cb233dfe3bd6 HTTP/1.1" 200 609
::1 - - [18/Jan/2021:21:35:50 +0000] "POST /api/Employee/Notification/mark?session_Id=b156d9c1412e6115c5c6cb233dfe3bd6 HTTP/1.1" 200 118
::1 - - [18/Jan/2021:21:35:52 +0000] "GET /api/Employee/Notification/find?limit=15&session_Id=c695e5476e317d10e71a5181b4008801 HTTP/1.1" 200 650
::1 - - [18/Jan/2021:21:35:52 +0000] "POST /api/Employee/Notification/mark?session_Id=c695e5476e317d10e71a5181b4008801 HTTP/1.1" 200 118
::1 - - [18/Jan/2021:21:35:57 +0000] "GET /api/Employee/Notification/get_custom_notification?limit=15&type=sender HTTP/1.1" 304 -
::1 - - [18/Jan/2021:21:35:58 +0000] "GET /api/Employee/Notification/view HTTP/1.1" 200 1858
::1 - - [18/Jan/2021:21:45:30 +0000] "GET /api/Employee/Notification/get_custom_notification?limit=15&type=sender HTTP/1.1" 304 -
::1 - - [18/Jan/2021:21:45:34 +0000] "GET /api/Employee/Notification/get_custom_notification?limit=15&type=reciever HTTP/1.1" 200 1279
::1 - - [18/Jan/2021:21:45:37 +0000] "GET /api/Employee/Notification/find?limit=15&session_Id=b156d9c1412e6115c5c6cb233dfe3bd6 HTTP/1.1" 200 609
::1 - - [18/Jan/2021:21:45:37 +0000] "POST /api/Employee/Notification/mark?session_Id=b156d9c1412e6115c5c6cb233dfe3bd6 HTTP/1.1" 200 118
::1 - - [18/Jan/2021:21:45:55 +0000] "POST /api/Employee/Notification/register HTTP/1.1" 200 99
::1 - - [18/Jan/2021:21:47:19 +0000] "POST /api/Employee/Notification/register HTTP/1.1" 400 50
::1 - - [18/Jan/2021:21:47:41 +0000] "POST /api/Employee/Notification/register HTTP/1.1" 200 99
::1 - - [18/Jan/2021:21:48:35 +0000] "POST /api/Employee/Notification/register HTTP/1.1" 200 87
::1 - - [18/Jan/2021:21:49:34 +0000] "GET /api/Employee/Notification/get_custom_notification?limit=15&type=sender HTTP/1.1" 200 1247
::1 - - [18/Jan/2021:21:49:37 +0000] "GET /api/Employee/Notification/get_custom_notification?limit=15&type=reciever HTTP/1.1" 200 1279
::1 - - [18/Jan/2021:21:49:38 +0000] "GET /api/Employee/Notification/get_custom_notification?limit=15&type=sender HTTP/1.1" 304 -
::1 - - [18/Jan/2021:21:49:39 +0000] "GET /api/Employee/Notification/find?limit=15&session_Id=b156d9c1412e6115c5c6cb233dfe3bd6 HTTP/1.1" 200 1207
::1 - - [18/Jan/2021:21:49:39 +0000] "POST /api/Employee/Notification/mark?session_Id=b156d9c1412e6115c5c6cb233dfe3bd6 HTTP/1.1" 200 118
::1 - - [18/Jan/2021:21:49:42 +0000] "GET /api/Employee/Notification/view HTTP/1.1" 200 1858
::1 - - [18/Jan/2021:21:49:43 +0000] "GET /api/Employee/Notification/find?limit=15&session_Id=b156d9c1412e6115c5c6cb233dfe3bd7 HTTP/1.1" 304 -
::1 - - [18/Jan/2021:21:49:44 +0000] "POST /api/Employee/Notification/mark?session_Id=b156d9c1412e6115c5c6cb233dfe3bd7 HTTP/1.1" 200 51
::1 - - [18/Jan/2021:21:49:45 +0000] "GET /api/Employee/Notification/find?limit=15&session_Id=b156d9c1412e6115c5c6cb233dfe3bd6 HTTP/1.1" 200 1207
::1 - - [18/Jan/2021:21:49:45 +0000] "POST /api/Employee/Notification/mark?session_Id=b156d9c1412e6115c5c6cb233dfe3bd6 HTTP/1.1" 200 118
::1 - - [18/Jan/2021:21:49:45 +0000] "GET /api/Employee/Notification/find?limit=15&session_Id=c695e5476e317d10e71a5181b4008801 HTTP/1.1" 200 650
::1 - - [18/Jan/2021:21:49:45 +0000] "POST /api/Employee/Notification/mark?session_Id=c695e5476e317d10e71a5181b4008801 HTTP/1.1" 200 118
::1 - - [18/Jan/2021:21:49:59 +0000] "POST /api/Employee/Notification/register HTTP/1.1" 200 87
::1 - - [18/Jan/2021:21:50:15 +0000] "GET /api/Employee/Notification/get_custom_notification?limit=15&type=sender HTTP/1.1" 200 1846
::1 - - [18/Jan/2021:21:50:16 +0000] "GET /api/Employee/Notification/get_custom_notification?limit=15&type=reciever HTTP/1.1" 200 1279
::1 - - [18/Jan/2021:21:50:17 +0000] "GET /api/Employee/Notification/get_custom_notification?limit=15&type=sender HTTP/1.1" 304 -
::1 - - [18/Jan/2021:21:50:19 +0000] "GET /api/Employee/Notification/view HTTP/1.1" 200 1858
::1 - - [18/Jan/2021:21:56:24 +0000] "GET /api/Employee/Notification/get_custom_notification?limit=15&type=reciever HTTP/1.1" 304 -
::1 - - [18/Jan/2021:21:56:26 +0000] "GET /api/Employee/Notification/find?limit=15&session_Id=b156d9c1412e6115c5c6cb233dfe3bd6 HTTP/1.1" 200 1207
::1 - - [18/Jan/2021:21:56:26 +0000] "POST /api/Employee/Notification/mark?session_Id=b156d9c1412e6115c5c6cb233dfe3bd6 HTTP/1.1" 200 118
::1 - - [18/Jan/2021:21:56:49 +0000] "POST /api/Employee/Notification/register HTTP/1.1" 200 87
::1 - - [18/Jan/2021:21:57:24 +0000] "GET /api/Employee/Notification/find?limit=15&session_Id=c695e5476e317d10e71a5181b4008801 HTTP/1.1" 200 1251
::1 - - [18/Jan/2021:21:57:25 +0000] "POST /api/Employee/Notification/mark?session_Id=c695e5476e317d10e71a5181b4008801 HTTP/1.1" 200 118
::1 - - [18/Jan/2021:21:57:25 +0000] "GET /api/Employee/Notification/find?limit=15&session_Id=b156d9c1412e6115c5c6cb233dfe3bd6 HTTP/1.1" 200 1207
::1 - - [18/Jan/2021:21:57:26 +0000] "POST /api/Employee/Notification/mark?session_Id=b156d9c1412e6115c5c6cb233dfe3bd6 HTTP/1.1" 200 118
::1 - - [18/Jan/2021:21:59:36 +0000] "GET /api/Employee/Notification/get_custom_notification?limit=15&type=sender HTTP/1.1" 304 -
::1 - - [18/Jan/2021:21:59:38 +0000] "GET /api/Employee/Notification/find?limit=15&session_Id=b156d9c1412e6115c5c6cb233dfe3bd6 HTTP/1.1" 200 1207
::1 - - [18/Jan/2021:21:59:38 +0000] "POST /api/Employee/Notification/mark?session_Id=b156d9c1412e6115c5c6cb233dfe3bd6 HTTP/1.1" 200 118
::1 - - [18/Jan/2021:21:59:56 +0000] "POST /api/Employee/Notification/register HTTP/1.1" 200 87
::1 - - [18/Jan/2021:22:02:05 +0000] "POST /api/Employee/Notification/register HTTP/1.1" 200 87
::1 - - [18/Jan/2021:22:10:26 +0000] "GET /api/Employee/Notification/get_custom_notification?limit=15&type=sender HTTP/1.1" 200 2420
::1 - - [18/Jan/2021:22:10:28 +0000] "GET /api/Employee/Notification/find?limit=15&session_Id=c695e5476e317d10e71a5181b4008801 HTTP/1.1" 200 1251
::1 - - [18/Jan/2021:22:10:29 +0000] "POST /api/Employee/Notification/mark?session_Id=c695e5476e317d10e71a5181b4008801 HTTP/1.1" 200 118
::1 - - [18/Jan/2021:22:11:05 +0000] "POST /api/Employee/Notification/register HTTP/1.1" 200 87
::1 - - [18/Jan/2021:22:16:28 +0000] "GET /api/Employee/Notification/get_custom_notification?limit=15&type=sender HTTP/1.1" 304 -
::1 - - [18/Jan/2021:22:19:37 +0000] "GET /api/Employee/Notification/get_custom_notification?limit=15&type=reciever HTTP/1.1" 200 1279
::1 - - [18/Jan/2021:22:19:47 +0000] "GET /api/Employee/Notification/get_custom_notification?limit=15&type=reciever HTTP/1.1" 304 -
::1 - - [18/Jan/2021:22:19:50 +0000] "GET /api/Employee/Notification/find?limit=15&session_Id=b156d9c1412e6115c5c6cb233dfe3bd6 HTTP/1.1" 200 2355
::1 - - [18/Jan/2021:22:19:51 +0000] "POST /api/Employee/Notification/mark?session_Id=b156d9c1412e6115c5c6cb233dfe3bd6 HTTP/1.1" 200 118
::1 - - [18/Jan/2021:22:20:05 +0000] "GET /api/Employee/Notification/find?limit=15&session_Id=c695e5476e317d10e71a5181b4008801 HTTP/1.1" 200 1910
::1 - - [18/Jan/2021:22:20:06 +0000] "POST /api/Employee/Notification/mark?session_Id=c695e5476e317d10e71a5181b4008801 HTTP/1.1" 200 118
::1 - - [18/Jan/2021:22:20:10 +0000] "GET /api/Employee/Notification/find?limit=15&session_Id=c695e5476e317d10e71a5181b4008801 HTTP/1.1" 200 1910
::1 - - [18/Jan/2021:22:20:10 +0000] "POST /api/Employee/Notification/mark?session_Id=c695e5476e317d10e71a5181b4008801 HTTP/1.1" 200 118
::1 - - [18/Jan/2021:22:20:11 +0000] "GET /api/Employee/Notification/find?limit=15&session_Id=c695e5476e317d10e71a5181b4008801 HTTP/1.1" 200 1910
::1 - - [18/Jan/2021:22:20:11 +0000] "POST /api/Employee/Notification/mark?session_Id=c695e5476e317d10e71a5181b4008801 HTTP/1.1" 200 118
::1 - - [18/Jan/2021:22:20:23 +0000] "GET /api/Employee/Notification/get_custom_notification?limit=15&type=sender HTTP/1.1" 304 -
::1 - - [18/Jan/2021:22:20:50 +0000] "GET /api/Employee/Notification/view HTTP/1.1" 200 2432
::1 - - [18/Jan/2021:22:20:51 +0000] "GET /api/Employee/Notification/get_custom_notification?limit=15&type=sender HTTP/1.1" 304 -
::1 - - [18/Jan/2021:22:21:42 +0000] "GET /api/Employee/Notification/view HTTP/1.1" 304 -
::1 - - [18/Jan/2021:22:21:43 +0000] "GET /api/Employee/Notification/get_custom_notification?limit=15&type=sender HTTP/1.1" 304 -
::1 - - [18/Jan/2021:22:23:01 +0000] "GET /api/Employee/Notification/view HTTP/1.1" 304 -
::1 - - [18/Jan/2021:22:23:02 +0000] "GET /api/Employee/Notification/get_custom_notification?limit=15&type=sender HTTP/1.1" 304 -
::1 - - [18/Jan/2021:22:23:32 +0000] "GET /api/Employee/Notification/view HTTP/1.1" 304 -
::1 - - [18/Jan/2021:22:23:33 +0000] "GET /api/Employee/Notification/get_custom_notification?limit=15&type=sender HTTP/1.1" 304 -
::1 - - [18/Jan/2021:22:24:52 +0000] "GET /api/Employee/Notification/get_custom_notification?limit=15&type=sender HTTP/1.1" 400 50
::1 - - [18/Jan/2021:22:25:39 +0000] "GET /api/Employee/Notification/view HTTP/1.1" 304 -
::1 - - [18/Jan/2021:22:25:43 +0000] "GET /api/Employee/Notification/get_custom_notification?limit=15&type=sender HTTP/1.1" 200 2420
::1 - - [18/Jan/2021:22:26:41 +0000] "GET /api/Employee/Notification/view HTTP/1.1" 304 -
::1 - - [18/Jan/2021:22:26:43 +0000] "GET /api/Employee/Notification/get_custom_notification?limit=15&type=sender HTTP/1.1" 304 -
::1 - - [18/Jan/2021:22:27:08 +0000] "GET /api/Employee/Notification/view HTTP/1.1" 304 -
::1 - - [18/Jan/2021:22:27:09 +0000] "GET /api/Employee/Notification/get_custom_notification?limit=15&type=sender HTTP/1.1" 304 -
::1 - - [18/Jan/2021:22:40:07 +0000] "GET /api/Employee/Notification/get_custom_notification?limit=15&type=sender HTTP/1.1" 200 142
::1 - - [18/Jan/2021:22:48:46 +0000] "GET /api/Employee/Notification/get_custom_notification?limit=15&type=sender HTTP/1.1" 200 107
::1 - - [18/Jan/2021:22:49:37 +0000] "GET /api/Employee/Notification/view HTTP/1.1" 304 -
::1 - - [18/Jan/2021:22:52:42 +0000] "GET /api/Employee/Notification/get_custom_notification?limit=15&type=sender HTTP/1.1" 200 1846
::1 - - [18/Jan/2021:22:52:44 +0000] "GET /api/Employee/Notification/get_custom_notification?limit=15&type=reciever HTTP/1.1" 200 1279
::1 - - [18/Jan/2021:22:52:47 +0000] "GET /api/Employee/Notification/view HTTP/1.1" 304 -
::1 - - [18/Jan/2021:22:52:49 +0000] "GET /api/Employee/Notification/get_custom_notification?limit=15&type=sender HTTP/1.1" 304 -
::1 - - [18/Jan/2021:22:53:11 +0000] "GET /api/Employee/Notification/view HTTP/1.1" 304 -
::1 - - [18/Jan/2021:22:53:13 +0000] "GET /api/Employee/Notification/get_custom_notification?limit=15&type=sender HTTP/1.1" 200 2420
::1 - - [18/Jan/2021:22:53:18 +0000] "GET /api/Employee/Notification/find?limit=15&session_Id=b156d9c1412e6115c5c6cb233dfe3bd6 HTTP/1.1" 200 2355
::1 - - [18/Jan/2021:22:53:19 +0000] "POST /api/Employee/Notification/mark?session_Id=b156d9c1412e6115c5c6cb233dfe3bd6 HTTP/1.1" 200 118
::1 - - [18/Jan/2021:22:53:22 +0000] "GET /api/Employee/Notification/find?limit=15&session_Id=c695e5476e317d10e71a5181b4008801 HTTP/1.1" 200 1910
::1 - - [18/Jan/2021:22:53:22 +0000] "POST /api/Employee/Notification/mark?session_Id=c695e5476e317d10e71a5181b4008801 HTTP/1.1" 200 118
::1 - - [18/Jan/2021:22:53:38 +0000] "GET /api/Employee/Notification/get_custom_notification?limit=15&type=sender HTTP/1.1" 200 1846
::1 - - [18/Jan/2021:22:53:40 +0000] "GET /api/Employee/Notification/find?limit=15&session_Id=b156d9c1412e6115c5c6cb233dfe3bd7 HTTP/1.1" 304 -
::1 - - [18/Jan/2021:22:53:40 +0000] "POST /api/Employee/Notification/mark?session_Id=b156d9c1412e6115c5c6cb233dfe3bd7 HTTP/1.1" 200 51
::1 - - [18/Jan/2021:22:53:44 +0000] "GET /api/Employee/Notification/find?limit=15&session_Id=b156d9c1412e6115c5c6cb233dfe3bd6 HTTP/1.1" 200 2355
::1 - - [18/Jan/2021:22:53:44 +0000] "POST /api/Employee/Notification/mark?session_Id=b156d9c1412e6115c5c6cb233dfe3bd6 HTTP/1.1" 200 118
::1 - - [18/Jan/2021:22:53:47 +0000] "GET /api/Employee/Notification/find?limit=15&session_Id=c695e5476e317d10e71a5181b4008801 HTTP/1.1" 200 1910
::1 - - [18/Jan/2021:22:53:47 +0000] "POST /api/Employee/Notification/mark?session_Id=c695e5476e317d10e71a5181b4008801 HTTP/1.1" 200 118
::1 - - [18/Jan/2021:22:53:50 +0000] "GET /api/Employee/Notification/view HTTP/1.1" 200 2432
::1 - - [18/Jan/2021:22:54:36 +0000] "GET /api/Employee/Notification/get_custom_notification?limit=15&type=sender HTTP/1.1" 304 -
::1 - - [18/Jan/2021:22:54:37 +0000] "GET /api/Employee/Notification/get_custom_notification?limit=15&type=reciever HTTP/1.1" 200 1279
::1 - - [18/Jan/2021:22:54:38 +0000] "GET /api/Employee/Notification/view HTTP/1.1" 200 1858
::1 - - [18/Jan/2021:22:54:40 +0000] "GET /api/Employee/Notification/get_custom_notification?limit=15&type=sender HTTP/1.1" 304 -
::1 - - [18/Jan/2021:22:54:41 +0000] "GET /api/Employee/Notification/get_custom_notification?limit=15&type=reciever HTTP/1.1" 304 -
::1 - - [18/Jan/2021:22:54:42 +0000] "GET /api/Employee/Notification/view HTTP/1.1" 304 -
::1 - - [18/Jan/2021:22:54:45 +0000] "GET /api/Employee/Notification/get_custom_notification?limit=15&type=sender HTTP/1.1" 304 -
::1 - - [18/Jan/2021:22:54:46 +0000] "GET /api/Employee/Notification/get_custom_notification?limit=15&type=reciever HTTP/1.1" 304 -
::1 - - [18/Jan/2021:22:54:47 +0000] "GET /api/Employee/Notification/view HTTP/1.1" 304 -
::1 - - [18/Jan/2021:22:54:48 +0000] "GET /api/Employee/Notification/get_custom_notification?limit=15&type=sender HTTP/1.1" 304 -
::1 - - [18/Jan/2021:22:54:48 +0000] "GET /api/Employee/Notification/get_custom_notification?limit=15&type=reciever HTTP/1.1" 304 -
::1 - - [18/Jan/2021:22:56:28 +0000] "GET /api/Employee/Notification/view HTTP/1.1" 304 -
::1 - - [18/Jan/2021:22:57:54 +0000] "GET /api/Employee/Notification/view HTTP/1.1" 304 -
::1 - - [18/Jan/2021:23:06:32 +0000] "GET /api/Employee/Notification/view HTTP/1.1" 304 -
::1 - - [18/Jan/2021:23:06:33 +0000] "GET /api/Employee/Notification/view HTTP/1.1" 304 -
::1 - - [18/Jan/2021:23:06:34 +0000] "GET /api/Employee/Notification/view HTTP/1.1" 304 -
::1 - - [18/Jan/2021:23:09:24 +0000] "GET /api/Employee/Notification/view HTTP/1.1" 304 -
::1 - - [18/Jan/2021:23:09:25 +0000] "GET /api/Employee/Notification/find?limit=15&session_Id=b156d9c1412e6115c5c6cb233dfe3bd7 HTTP/1.1" 304 -
::1 - - [18/Jan/2021:23:09:25 +0000] "POST /api/Employee/Notification/mark?session_Id=b156d9c1412e6115c5c6cb233dfe3bd7 HTTP/1.1" 200 51
::1 - - [18/Jan/2021:23:09:26 +0000] "GET /api/Employee/Notification/get_custom_notification?limit=15&type=sender HTTP/1.1" 304 -
::1 - - [18/Jan/2021:23:09:28 +0000] "GET /api/Employee/Notification/get_custom_notification?limit=15&type=reciever HTTP/1.1" 304 -
::1 - - [18/Jan/2021:23:09:29 +0000] "GET /api/Employee/Notification/view HTTP/1.1" 304 -
::1 - - [18/Jan/2021:23:10:16 +0000] "GET /api/Employee/Notification/view HTTP/1.1" 304 -
::1 - - [18/Jan/2021:23:10:54 +0000] "GET /api/Employee/Notification/view HTTP/1.1" 304 -
::1 - - [18/Jan/2021:23:11:27 +0000] "GET /api/Employee/Notification/get_custom_notification?limit=15&type=sender HTTP/1.1" 304 -
::1 - - [18/Jan/2021:23:11:27 +0000] "GET /api/Employee/Notification/get_custom_notification?limit=15&type=reciever HTTP/1.1" 304 -
::1 - - [18/Jan/2021:23:11:29 +0000] "GET /api/Employee/Notification/view HTTP/1.1" 304 -
::1 - - [18/Jan/2021:23:15:57 +0000] "GET /api/Employee/Notification/view HTTP/1.1" 304 -
::1 - - [18/Jan/2021:23:15:58 +0000] "GET /api/Employee/Notification/find?limit=15&session_Id=b156d9c1412e6115c5c6cb233dfe3bd7 HTTP/1.1" 304 -
::1 - - [18/Jan/2021:23:15:58 +0000] "POST /api/Employee/Notification/mark?session_Id=b156d9c1412e6115c5c6cb233dfe3bd7 HTTP/1.1" 200 51
::1 - - [18/Jan/2021:23:16:00 +0000] "GET /api/Employee/Notification/find?limit=15&session_Id=b156d9c1412e6115c5c6cb233dfe3bd6 HTTP/1.1" 200 2355
::1 - - [18/Jan/2021:23:16:00 +0000] "POST /api/Employee/Notification/mark?session_Id=b156d9c1412e6115c5c6cb233dfe3bd6 HTTP/1.1" 200 118
::1 - - [18/Jan/2021:23:16:04 +0000] "GET /api/Employee/Notification/get_custom_notification?limit=15&type=sender HTTP/1.1" 304 -
::1 - - [18/Jan/2021:23:16:05 +0000] "GET /api/Employee/Notification/get_custom_notification?limit=15&type=reciever HTTP/1.1" 200 1279
::1 - - [18/Jan/2021:23:16:06 +0000] "GET /api/Employee/Notification/find?limit=15&session_Id=c695e5476e317d10e71a5181b4008801 HTTP/1.1" 200 1910
::1 - - [18/Jan/2021:23:16:06 +0000] "POST /api/Employee/Notification/mark?session_Id=c695e5476e317d10e71a5181b4008801 HTTP/1.1" 200 118
::1 - - [19/Jan/2021:05:55:04 +0000] "GET /api/Employee/Notification/view HTTP/1.1" 401 -
::1 - - [19/Jan/2021:05:55:11 +0000] "GET /api/Employee/Notification/view HTTP/1.1" 401 -
::1 - - [19/Jan/2021:05:55:13 +0000] "GET /api/Employee/Notification/get_custom_notification?limit=15&type=sender HTTP/1.1" 401 -
::1 - - [19/Jan/2021:05:55:13 +0000] "GET /api/Employee/Notification/view HTTP/1.1" 401 -
::1 - - [19/Jan/2021:05:55:14 +0000] "GET /api/Employee/Notification/get_custom_notification?limit=15&type=sender HTTP/1.1" 401 -
::1 - - [19/Jan/2021:05:55:15 +0000] "GET /api/Employee/Notification/view HTTP/1.1" 401 -
::1 - - [19/Jan/2021:05:56:14 +0000] "POST /api/User/customer HTTP/1.1" 200 205
::1 - - [19/Jan/2021:05:56:15 +0000] "POST /api/User/transaction HTTP/1.1" 200 833
::1 - - [19/Jan/2021:05:56:15 +0000] "POST /api/User/customer HTTP/1.1" 200 425
::1 - - [19/Jan/2021:05:56:15 +0000] "POST /api/User/customer HTTP/1.1" 200 214
::1 - - [19/Jan/2021:05:56:15 +0000] "POST /api/User/employee HTTP/1.1" 200 400
::1 - - [19/Jan/2021:05:56:15 +0000] "POST /api/User/transaction HTTP/1.1" 200 791
::1 - - [19/Jan/2021:05:56:15 +0000] "POST /api/User/transaction HTTP/1.1" 200 206
::1 - - [19/Jan/2021:05:56:15 +0000] "POST /api/User/transaction HTTP/1.1" 200 171
::1 - - [19/Jan/2021:05:56:15 +0000] "POST /api/User/transaction HTTP/1.1" 200 172
::1 - - [19/Jan/2021:05:56:15 +0000] "POST /api/User/transaction HTTP/1.1" 200 208
::1 - - [19/Jan/2021:05:56:15 +0000] "POST /api/User/transaction HTTP/1.1" 200 817
::1 - - [19/Jan/2021:05:56:15 +0000] "POST /api/User/bus HTTP/1.1" 200 250
::1 - - [19/Jan/2021:06:14:09 +0000] "POST /api/User/customer HTTP/1.1" 200 216
::1 - - [19/Jan/2021:06:14:09 +0000] "POST /api/User/transaction HTTP/1.1" 200 795
::1 - - [19/Jan/2021:06:14:09 +0000] "POST /api/User/transaction HTTP/1.1" 200 833
::1 - - [19/Jan/2021:06:14:09 +0000] "POST /api/User/customer HTTP/1.1" 200 199
::1 - - [19/Jan/2021:06:14:09 +0000] "POST /api/User/transaction HTTP/1.1" 200 210
::1 - - [19/Jan/2021:06:14:09 +0000] "POST /api/User/employee HTTP/1.1" 200 386
::1 - - [19/Jan/2021:06:14:09 +0000] "POST /api/User/transaction HTTP/1.1" 200 153
::1 - - [19/Jan/2021:06:14:09 +0000] "POST /api/User/transaction HTTP/1.1" 200 165
::1 - - [19/Jan/2021:06:14:09 +0000] "POST /api/User/transaction HTTP/1.1" 200 829
::1 - - [19/Jan/2021:06:14:09 +0000] "POST /api/User/transaction HTTP/1.1" 200 172
::1 - - [19/Jan/2021:06:14:09 +0000] "POST /api/User/transaction HTTP/1.1" 200 206
::1 - - [19/Jan/2021:06:14:10 +0000] "POST /api/User/customer HTTP/1.1" 200 425
::1 - - [19/Jan/2021:06:14:10 +0000] "POST /api/User/bus HTTP/1.1" 200 252
::1 - - [19/Jan/2021:06:14:10 +0000] "POST /api/User/transaction HTTP/1.1" 200 209
::1 - - [19/Jan/2021:06:15:59 +0000] "POST /api/User/transaction HTTP/1.1" 200 151
::1 - - [19/Jan/2021:06:15:59 +0000] "POST /api/User/transaction HTTP/1.1" 200 209
::1 - - [19/Jan/2021:06:16:17 +0000] "POST /api/User/transaction HTTP/1.1" 200 155
::1 - - [19/Jan/2021:06:16:17 +0000] "POST /api/User/transaction HTTP/1.1" 200 209
::1 - - [19/Jan/2021:06:16:29 +0000] "POST /api/User/transaction HTTP/1.1" 200 155
::1 - - [19/Jan/2021:06:16:30 +0000] "POST /api/User/customer HTTP/1.1" 200 220
::1 - - [19/Jan/2021:06:16:30 +0000] "POST /api/User/transaction HTTP/1.1" 200 789
::1 - - [19/Jan/2021:06:16:30 +0000] "POST /api/User/customer HTTP/1.1" 200 205
::1 - - [19/Jan/2021:06:16:30 +0000] "POST /api/User/transaction HTTP/1.1" 200 837
::1 - - [19/Jan/2021:06:16:30 +0000] "POST /api/User/transaction HTTP/1.1" 200 208
::1 - - [19/Jan/2021:06:16:30 +0000] "POST /api/User/employee HTTP/1.1" 200 396
::1 - - [19/Jan/2021:06:16:31 +0000] "POST /api/User/customer HTTP/1.1" 200 419
::1 - - [19/Jan/2021:06:16:31 +0000] "POST /api/User/transaction HTTP/1.1" 200 169
::1 - - [19/Jan/2021:06:16:31 +0000] "POST /api/User/transaction HTTP/1.1" 200 174
::1 - - [19/Jan/2021:06:16:31 +0000] "POST /api/User/bus HTTP/1.1" 200 250
::1 - - [19/Jan/2021:06:16:31 +0000] "POST /api/User/transaction HTTP/1.1" 200 206
::1 - - [19/Jan/2021:06:16:31 +0000] "POST /api/User/transaction HTTP/1.1" 200 835
::1 - - [19/Jan/2021:06:16:31 +0000] "POST /api/User/transaction HTTP/1.1" 200 205
::1 - - [19/Jan/2021:06:17:11 +0000] "POST /api/User/transaction HTTP/1.1" 200 147
::1 - - [19/Jan/2021:06:17:11 +0000] "POST /api/User/customer HTTP/1.1" 200 214
::1 - - [19/Jan/2021:06:17:11 +0000] "POST /api/User/transaction HTTP/1.1" 200 779
::1 - - [19/Jan/2021:06:17:11 +0000] "POST /api/User/transaction HTTP/1.1" 200 807
::1 - - [19/Jan/2021:06:17:11 +0000] "POST /api/User/customer HTTP/1.1" 200 203
::1 - - [19/Jan/2021:06:17:11 +0000] "POST /api/User/employee HTTP/1.1" 200 390
::1 - - [19/Jan/2021:06:17:11 +0000] "POST /api/User/transaction HTTP/1.1" 200 206
::1 - - [19/Jan/2021:06:17:11 +0000] "POST /api/User/customer HTTP/1.1" 200 415
::1 - - [19/Jan/2021:06:17:11 +0000] "POST /api/User/transaction HTTP/1.1" 200 169
::1 - - [19/Jan/2021:06:17:11 +0000] "POST /api/User/transaction HTTP/1.1" 200 172
::1 - - [19/Jan/2021:06:17:11 +0000] "POST /api/User/transaction HTTP/1.1" 200 202
::1 - - [19/Jan/2021:06:17:11 +0000] "POST /api/User/transaction HTTP/1.1" 200 841
::1 - - [19/Jan/2021:06:17:11 +0000] "POST /api/User/bus HTTP/1.1" 200 246
::1 - - [19/Jan/2021:06:17:11 +0000] "POST /api/User/transaction HTTP/1.1" 200 207
::1 - - [19/Jan/2021:06:18:24 +0000] "POST /api/User/transaction HTTP/1.1" 200 153
::1 - - [19/Jan/2021:06:18:24 +0000] "POST /api/User/transaction HTTP/1.1" 200 207
::1 - - [19/Jan/2021:06:19:31 +0000] "POST /api/User/customer HTTP/1.1" 200 214
::1 - - [19/Jan/2021:06:19:31 +0000] "POST /api/User/transaction HTTP/1.1" 200 151
::1 - - [19/Jan/2021:06:19:31 +0000] "POST /api/User/transaction HTTP/1.1" 200 783
::1 - - [19/Jan/2021:06:19:31 +0000] "POST /api/User/transaction HTTP/1.1" 200 835
::1 - - [19/Jan/2021:06:19:31 +0000] "POST /api/User/customer HTTP/1.1" 200 199
::1 - - [19/Jan/2021:06:19:31 +0000] "POST /api/User/employee HTTP/1.1" 200 392
::1 - - [19/Jan/2021:06:19:31 +0000] "POST /api/User/transaction HTTP/1.1" 200 202
::1 - - [19/Jan/2021:06:19:31 +0000] "POST /api/User/customer HTTP/1.1" 200 425
::1 - - [19/Jan/2021:06:19:31 +0000] "POST /api/User/transaction HTTP/1.1" 200 169
::1 - - [19/Jan/2021:06:19:31 +0000] "POST /api/User/transaction HTTP/1.1" 200 206
::1 - - [19/Jan/2021:06:19:32 +0000] "POST /api/User/transaction HTTP/1.1" 200 176
::1 - - [19/Jan/2021:06:19:32 +0000] "POST /api/User/transaction HTTP/1.1" 200 837
::1 - - [19/Jan/2021:06:19:32 +0000] "POST /api/User/bus HTTP/1.1" 200 250
::1 - - [19/Jan/2021:06:19:32 +0000] "POST /api/User/transaction HTTP/1.1" 200 203
::1 - - [19/Jan/2021:06:19:55 +0000] "POST /api/User/transaction HTTP/1.1" 200 155
::1 - - [19/Jan/2021:06:19:55 +0000] "POST /api/User/transaction HTTP/1.1" 200 207
::1 - - [19/Jan/2021:06:20:07 +0000] "POST /api/User/transaction HTTP/1.1" 200 153
::1 - - [19/Jan/2021:06:20:07 +0000] "POST /api/User/customer HTTP/1.1" 200 218
::1 - - [19/Jan/2021:06:20:08 +0000] "POST /api/User/customer HTTP/1.1" 200 203
::1 - - [19/Jan/2021:06:20:08 +0000] "POST /api/User/transaction HTTP/1.1" 200 775
::1 - - [19/Jan/2021:06:20:08 +0000] "POST /api/User/transaction HTTP/1.1" 200 835
::1 - - [19/Jan/2021:06:20:08 +0000] "POST /api/User/employee HTTP/1.1" 200 390
::1 - - [19/Jan/2021:06:20:08 +0000] "POST /api/User/transaction HTTP/1.1" 200 206
::1 - - [19/Jan/2021:06:20:08 +0000] "POST /api/User/customer HTTP/1.1" 200 431
::1 - - [19/Jan/2021:06:20:08 +0000] "POST /api/User/transaction HTTP/1.1" 200 169
::1 - - [19/Jan/2021:06:20:08 +0000] "POST /api/User/transaction HTTP/1.1" 200 833
::1 - - [19/Jan/2021:06:20:08 +0000] "POST /api/User/transaction HTTP/1.1" 200 172
::1 - - [19/Jan/2021:06:20:08 +0000] "POST /api/User/transaction HTTP/1.1" 200 204
::1 - - [19/Jan/2021:06:20:08 +0000] "POST /api/User/bus HTTP/1.1" 200 250
::1 - - [19/Jan/2021:06:20:08 +0000] "POST /api/User/transaction HTTP/1.1" 200 207
::1 - - [19/Jan/2021:06:20:34 +0000] "POST /api/User/transaction HTTP/1.1" 200 153
::1 - - [19/Jan/2021:06:20:35 +0000] "POST /api/User/transaction HTTP/1.1" 200 207
::1 - - [19/Jan/2021:06:20:42 +0000] "POST /api/User/transaction HTTP/1.1" 200 151
::1 - - [19/Jan/2021:06:20:42 +0000] "POST /api/User/customer HTTP/1.1" 200 216
::1 - - [19/Jan/2021:06:20:43 +0000] "POST /api/User/transaction HTTP/1.1" 200 775
::1 - - [19/Jan/2021:06:20:43 +0000] "POST /api/User/transaction HTTP/1.1" 200 825
::1 - - [19/Jan/2021:06:20:43 +0000] "POST /api/User/customer HTTP/1.1" 200 203
::1 - - [19/Jan/2021:06:20:43 +0000] "POST /api/User/transaction HTTP/1.1" 200 206
::1 - - [19/Jan/2021:06:20:43 +0000] "POST /api/User/employee HTTP/1.1" 200 396
::1 - - [19/Jan/2021:06:20:43 +0000] "POST /api/User/customer HTTP/1.1" 200 423
::1 - - [19/Jan/2021:06:20:43 +0000] "POST /api/User/transaction HTTP/1.1" 200 165
::1 - - [19/Jan/2021:06:20:43 +0000] "POST /api/User/transaction HTTP/1.1" 200 176
::1 - - [19/Jan/2021:06:20:43 +0000] "POST /api/User/transaction HTTP/1.1" 200 208
::1 - - [19/Jan/2021:06:20:43 +0000] "POST /api/User/transaction HTTP/1.1" 200 831
::1 - - [19/Jan/2021:06:20:43 +0000] "POST /api/User/bus HTTP/1.1" 200 248
::1 - - [19/Jan/2021:06:20:43 +0000] "POST /api/User/transaction HTTP/1.1" 200 201
::1 - - [19/Jan/2021:06:20:59 +0000] "POST /api/User/transaction HTTP/1.1" 200 149
::1 - - [19/Jan/2021:06:20:59 +0000] "POST /api/User/transaction HTTP/1.1" 200 205
::1 - - [19/Jan/2021:06:21:06 +0000] "POST /api/User/transaction HTTP/1.1" 200 151
::1 - - [19/Jan/2021:06:21:06 +0000] "POST /api/User/customer HTTP/1.1" 200 216
::1 - - [19/Jan/2021:06:21:06 +0000] "POST /api/User/transaction HTTP/1.1" 200 783
::1 - - [19/Jan/2021:06:21:06 +0000] "POST /api/User/transaction HTTP/1.1" 200 837
::1 - - [19/Jan/2021:06:21:06 +0000] "POST /api/User/customer HTTP/1.1" 200 203
::1 - - [19/Jan/2021:06:21:06 +0000] "POST /api/User/employee HTTP/1.1" 200 390
::1 - - [19/Jan/2021:06:21:06 +0000] "POST /api/User/transaction HTTP/1.1" 200 210
::1 - - [19/Jan/2021:06:21:06 +0000] "POST /api/User/customer HTTP/1.1" 200 417
::1 - - [19/Jan/2021:06:21:06 +0000] "POST /api/User/transaction HTTP/1.1" 200 171
::1 - - [19/Jan/2021:06:21:06 +0000] "POST /api/User/transaction HTTP/1.1" 200 174
::1 - - [19/Jan/2021:06:21:06 +0000] "POST /api/User/transaction HTTP/1.1" 200 208
::1 - - [19/Jan/2021:06:21:06 +0000] "POST /api/User/transaction HTTP/1.1" 200 819
::1 - - [19/Jan/2021:06:21:06 +0000] "POST /api/User/bus HTTP/1.1" 200 246
::1 - - [19/Jan/2021:06:21:06 +0000] "POST /api/User/transaction HTTP/1.1" 200 205
::1 - - [19/Jan/2021:06:21:26 +0000] "POST /api/User/transaction HTTP/1.1" 200 153
::1 - - [19/Jan/2021:06:21:26 +0000] "POST /api/User/transaction HTTP/1.1" 200 205
::1 - - [19/Jan/2021:06:21:45 +0000] "POST /api/User/transaction HTTP/1.1" 200 153
::1 - - [19/Jan/2021:06:21:45 +0000] "POST /api/User/transaction HTTP/1.1" 200 209
::1 - - [19/Jan/2021:06:23:56 +0000] "POST /api/User/transaction HTTP/1.1" 200 151
::1 - - [19/Jan/2021:06:23:56 +0000] "POST /api/User/transaction HTTP/1.1" 200 203
::1 - - [19/Jan/2021:06:26:42 +0000] "POST /api/User/transaction HTTP/1.1" 200 151
::1 - - [19/Jan/2021:06:26:43 +0000] "POST /api/User/transaction HTTP/1.1" 200 203
::1 - - [19/Jan/2021:06:28:21 +0000] "POST /api/User/customer HTTP/1.1" 200 431
::1 - - [19/Jan/2021:11:09:51 +0000] "POST /api/User/Employee/login HTTP/1.1" 200 799
::1 - - [19/Jan/2021:13:15:24 +0000] "POST /api/User/transaction HTTP/1.1" 200 153
::1 - - [19/Jan/2021:13:15:33 +0000] "POST /api/User/Employee/login HTTP/1.1" 200 799
::1 - - [19/Jan/2021:13:16:47 +0000] "POST /api/User/transaction HTTP/1.1" 200 147
::1 - - [19/Jan/2021:13:20:57 +0000] "POST /api/User/transaction HTTP/1.1" 200 149
::1 - - [19/Jan/2021:13:20:57 +0000] "POST /api/User/transaction HTTP/1.1" 200 831
::1 - - [19/Jan/2021:13:20:57 +0000] "POST /api/User/transaction HTTP/1.1" 200 793
::1 - - [19/Jan/2021:13:20:57 +0000] "POST /api/User/customer HTTP/1.1" 200 218
::1 - - [19/Jan/2021:13:20:57 +0000] "POST /api/User/customer HTTP/1.1" 200 201
::1 - - [19/Jan/2021:13:20:57 +0000] "POST /api/User/employee HTTP/1.1" 200 396
::1 - - [19/Jan/2021:13:20:57 +0000] "POST /api/User/transaction HTTP/1.1" 200 210
::1 - - [19/Jan/2021:13:20:57 +0000] "POST /api/User/transaction HTTP/1.1" 200 169
::1 - - [19/Jan/2021:13:20:57 +0000] "POST /api/User/bus HTTP/1.1" 200 254
::1 - - [19/Jan/2021:13:20:57 +0000] "POST /api/User/transaction HTTP/1.1" 200 835
::1 - - [19/Jan/2021:13:20:57 +0000] "POST /api/User/transaction HTTP/1.1" 200 174
::1 - - [19/Jan/2021:13:20:57 +0000] "POST /api/User/transaction HTTP/1.1" 200 210
::1 - - [19/Jan/2021:13:20:57 +0000] "POST /api/User/customer HTTP/1.1" 200 425
::1 - - [19/Jan/2021:13:24:09 +0000] "POST /api/User/transaction HTTP/1.1" 200 151
::1 - - [19/Jan/2021:13:24:09 +0000] "POST /api/User/customer HTTP/1.1" 200 216
::1 - - [19/Jan/2021:13:24:09 +0000] "POST /api/User/transaction HTTP/1.1" 200 773
::1 - - [19/Jan/2021:13:24:09 +0000] "POST /api/User/customer HTTP/1.1" 200 201
::1 - - [19/Jan/2021:13:24:09 +0000] "POST /api/User/employee HTTP/1.1" 200 396
::1 - - [19/Jan/2021:13:24:09 +0000] "POST /api/User/transaction HTTP/1.1" 200 823
::1 - - [19/Jan/2021:13:24:09 +0000] "POST /api/User/transaction HTTP/1.1" 200 208
::1 - - [19/Jan/2021:13:24:09 +0000] "POST /api/User/customer HTTP/1.1" 200 417
::1 - - [19/Jan/2021:13:24:09 +0000] "POST /api/User/transaction HTTP/1.1" 200 171
::1 - - [19/Jan/2021:13:24:09 +0000] "POST /api/User/transaction HTTP/1.1" 200 174
::1 - - [19/Jan/2021:13:24:09 +0000] "POST /api/User/transaction HTTP/1.1" 200 204
::1 - - [19/Jan/2021:13:24:09 +0000] "POST /api/User/transaction HTTP/1.1" 200 833
::1 - - [19/Jan/2021:13:24:09 +0000] "POST /api/User/bus HTTP/1.1" 200 246
::1 - - [19/Jan/2021:13:24:09 +0000] "POST /api/User/transaction HTTP/1.1" 200 199
::1 - - [19/Jan/2021:13:25:29 +0000] "POST /api/User/transaction HTTP/1.1" 200 147
::1 - - [19/Jan/2021:13:25:30 +0000] "POST /api/User/customer HTTP/1.1" 200 216
::1 - - [19/Jan/2021:13:25:30 +0000] "POST /api/User/transaction HTTP/1.1" 200 208
::1 - - [19/Jan/2021:13:25:30 +0000] "POST /api/User/transaction HTTP/1.1" 200 833
::1 - - [19/Jan/2021:13:25:30 +0000] "POST /api/User/transaction HTTP/1.1" 200 785
::1 - - [19/Jan/2021:13:25:30 +0000] "POST /api/User/employee HTTP/1.1" 200 392
::1 - - [19/Jan/2021:13:25:30 +0000] "POST /api/User/customer HTTP/1.1" 200 201
::1 - - [19/Jan/2021:13:25:30 +0000] "POST /api/User/customer HTTP/1.1" 200 427
::1 - - [19/Jan/2021:13:25:30 +0000] "POST /api/User/transaction HTTP/1.1" 200 172
::1 - - [19/Jan/2021:13:25:30 +0000] "POST /api/User/transaction HTTP/1.1" 200 167
::1 - - [19/Jan/2021:13:25:30 +0000] "POST /api/User/transaction HTTP/1.1" 200 208
::1 - - [19/Jan/2021:13:25:30 +0000] "POST /api/User/transaction HTTP/1.1" 200 839
::1 - - [19/Jan/2021:13:25:30 +0000] "POST /api/User/bus HTTP/1.1" 200 250
::1 - - [19/Jan/2021:13:25:30 +0000] "POST /api/User/transaction HTTP/1.1" 200 209
::1 - - [19/Jan/2021:13:28:30 +0000] "POST /api/User/transaction HTTP/1.1" 200 153
::1 - - [19/Jan/2021:13:29:04 +0000] "POST /api/User/transaction HTTP/1.1" 200 151
::1 - - [19/Jan/2021:13:29:04 +0000] "POST /api/User/customer HTTP/1.1" 200 216
::1 - - [19/Jan/2021:13:29:04 +0000] "POST /api/User/transaction HTTP/1.1" 200 781
::1 - - [19/Jan/2021:13:29:04 +0000] "POST /api/User/transaction HTTP/1.1" 200 837
::1 - - [19/Jan/2021:13:29:04 +0000] "POST /api/User/employee HTTP/1.1" 200 392
::1 - - [19/Jan/2021:13:29:04 +0000] "POST /api/User/customer HTTP/1.1" 200 197
::1 - - [19/Jan/2021:13:29:04 +0000] "POST /api/User/transaction HTTP/1.1" 200 202
::1 - - [19/Jan/2021:13:29:04 +0000] "POST /api/User/customer HTTP/1.1" 200 419
::1 - - [19/Jan/2021:13:29:04 +0000] "POST /api/User/transaction HTTP/1.1" 200 169
::1 - - [19/Jan/2021:13:29:04 +0000] "POST /api/User/transaction HTTP/1.1" 200 172
::1 - - [19/Jan/2021:13:29:04 +0000] "POST /api/User/transaction HTTP/1.1" 200 202
::1 - - [19/Jan/2021:13:29:04 +0000] "POST /api/User/transaction HTTP/1.1" 200 823
::1 - - [19/Jan/2021:13:29:04 +0000] "POST /api/User/bus HTTP/1.1" 200 250
::1 - - [19/Jan/2021:13:29:04 +0000] "POST /api/User/transaction HTTP/1.1" 200 207
::1 - - [19/Jan/2021:13:30:19 +0000] "POST /api/User/transaction HTTP/1.1" 200 203
::1 - - [19/Jan/2021:13:30:44 +0000] "POST /api/User/transaction HTTP/1.1" 200 211
::1 - - [19/Jan/2021:13:30:57 +0000] "POST /api/User/customer HTTP/1.1" 200 212
::1 - - [19/Jan/2021:13:30:57 +0000] "POST /api/User/transaction HTTP/1.1" 200 781
::1 - - [19/Jan/2021:13:30:57 +0000] "POST /api/User/transaction HTTP/1.1" 200 153
::1 - - [19/Jan/2021:13:30:57 +0000] "POST /api/User/transaction HTTP/1.1" 200 835
::1 - - [19/Jan/2021:13:30:57 +0000] "POST /api/User/customer HTTP/1.1" 200 199
::1 - - [19/Jan/2021:13:30:57 +0000] "POST /api/User/transaction HTTP/1.1" 200 206
::1 - - [19/Jan/2021:13:30:57 +0000] "POST /api/User/employee HTTP/1.1" 200 396
::1 - - [19/Jan/2021:13:30:57 +0000] "POST /api/User/customer HTTP/1.1" 200 419
::1 - - [19/Jan/2021:13:30:57 +0000] "POST /api/User/transaction HTTP/1.1" 200 171
::1 - - [19/Jan/2021:13:30:57 +0000] "POST /api/User/transaction HTTP/1.1" 200 174
::1 - - [19/Jan/2021:13:30:57 +0000] "POST /api/User/transaction HTTP/1.1" 200 208
::1 - - [19/Jan/2021:13:30:57 +0000] "POST /api/User/transaction HTTP/1.1" 200 831
::1 - - [19/Jan/2021:13:30:57 +0000] "POST /api/User/bus HTTP/1.1" 200 252
::1 - - [19/Jan/2021:13:30:57 +0000] "POST /api/User/transaction HTTP/1.1" 200 201
::1 - - [19/Jan/2021:13:31:25 +0000] "POST /api/User/transaction HTTP/1.1" 200 153
::1 - - [19/Jan/2021:13:31:41 +0000] "POST /api/User/transaction HTTP/1.1" 200 149
::1 - - [19/Jan/2021:13:36:13 +0000] "POST /api/User/transaction HTTP/1.1" 200 153
::1 - - [19/Jan/2021:13:36:13 +0000] "POST /api/User/customer HTTP/1.1" 200 216
::1 - - [19/Jan/2021:13:36:13 +0000] "POST /api/User/transaction HTTP/1.1" 200 825
::1 - - [19/Jan/2021:13:36:13 +0000] "POST /api/User/transaction HTTP/1.1" 200 767
::1 - - [19/Jan/2021:13:36:13 +0000] "POST /api/User/customer HTTP/1.1" 200 201
::1 - - [19/Jan/2021:13:36:13 +0000] "POST /api/User/customer HTTP/1.1" 200 205
::1 - - [19/Jan/2021:13:36:13 +0000] "POST /api/User/employee HTTP/1.1" 200 390
::1 - - [19/Jan/2021:13:36:13 +0000] "POST /api/User/transaction HTTP/1.1" 200 212
::1 - - [19/Jan/2021:13:36:14 +0000] "POST /api/User/customer HTTP/1.1" 200 427
::1 - - [19/Jan/2021:13:36:14 +0000] "POST /api/User/transaction HTTP/1.1" 200 167
::1 - - [19/Jan/2021:13:36:14 +0000] "POST /api/User/transaction HTTP/1.1" 200 174
::1 - - [19/Jan/2021:13:36:14 +0000] "POST /api/User/transaction HTTP/1.1" 200 210
::1 - - [19/Jan/2021:13:36:14 +0000] "POST /api/User/transaction HTTP/1.1" 200 825
::1 - - [19/Jan/2021:13:36:14 +0000] "POST /api/User/bus HTTP/1.1" 200 248
::1 - - [19/Jan/2021:13:36:14 +0000] "POST /api/User/transaction HTTP/1.1" 200 209
::1 - - [19/Jan/2021:13:36:34 +0000] "POST /api/User/customer HTTP/1.1" 200 201
::1 - - [19/Jan/2021:13:37:16 +0000] "POST /api/User/customer HTTP/1.1" 200 201
::1 - - [19/Jan/2021:13:37:43 +0000] "POST /api/User/customer HTTP/1.1" 200 205
::1 - - [19/Jan/2021:13:37:59 +0000] "POST /api/User/customer HTTP/1.1" 200 205
::1 - - [19/Jan/2021:13:38:42 +0000] "POST /api/User/customer HTTP/1.1" 200 207
::1 - - [19/Jan/2021:13:46:47 +0000] "POST /api/User/transaction HTTP/1.1" 200 153
::1 - - [19/Jan/2021:13:46:47 +0000] "POST /api/User/transaction HTTP/1.1" 200 783
::1 - - [19/Jan/2021:13:46:47 +0000] "POST /api/User/customer HTTP/1.1" 200 216
::1 - - [19/Jan/2021:13:46:47 +0000] "POST /api/User/customer HTTP/1.1" 200 199
::1 - - [19/Jan/2021:13:46:47 +0000] "POST /api/User/transaction HTTP/1.1" 200 833
::1 - - [19/Jan/2021:13:46:47 +0000] "POST /api/User/customer HTTP/1.1" 200 203
::1 - - [19/Jan/2021:13:46:47 +0000] "POST /api/User/transaction HTTP/1.1" 200 210
::1 - - [19/Jan/2021:13:46:47 +0000] "POST /api/User/employee HTTP/1.1" 200 394
::1 - - [19/Jan/2021:13:46:47 +0000] "POST /api/User/customer HTTP/1.1" 200 421
::1 - - [19/Jan/2021:13:46:47 +0000] "POST /api/User/transaction HTTP/1.1" 200 167
::1 - - [19/Jan/2021:13:46:47 +0000] "POST /api/User/transaction HTTP/1.1" 200 172
::1 - - [19/Jan/2021:13:46:47 +0000] "POST /api/User/transaction HTTP/1.1" 200 206
::1 - - [19/Jan/2021:13:46:47 +0000] "POST /api/User/transaction HTTP/1.1" 200 819
::1 - - [19/Jan/2021:13:46:47 +0000] "POST /api/User/transaction HTTP/1.1" 200 205
::1 - - [19/Jan/2021:13:46:48 +0000] "POST /api/User/bus HTTP/1.1" 200 246
::1 - - [19/Jan/2021:13:46:58 +0000] "POST /api/User/transaction HTTP/1.1" 200 153
::1 - - [19/Jan/2021:13:46:58 +0000] "POST /api/User/customer HTTP/1.1" 200 214
::1 - - [19/Jan/2021:13:46:58 +0000] "POST /api/User/transaction HTTP/1.1" 200 783
::1 - - [19/Jan/2021:13:46:58 +0000] "POST /api/User/customer HTTP/1.1" 200 201
::1 - - [19/Jan/2021:13:46:58 +0000] "POST /api/User/transaction HTTP/1.1" 200 839
::1 - - [19/Jan/2021:13:46:58 +0000] "POST /api/User/customer HTTP/1.1" 200 205
::1 - - [19/Jan/2021:13:46:58 +0000] "POST /api/User/transaction HTTP/1.1" 200 208
::1 - - [19/Jan/2021:13:46:58 +0000] "POST /api/User/employee HTTP/1.1" 200 384
::1 - - [19/Jan/2021:13:46:58 +0000] "POST /api/User/customer HTTP/1.1" 200 427
::1 - - [19/Jan/2021:13:46:58 +0000] "POST /api/User/transaction HTTP/1.1" 200 169
::1 - - [19/Jan/2021:13:46:58 +0000] "POST /api/User/transaction HTTP/1.1" 200 174
::1 - - [19/Jan/2021:13:46:58 +0000] "POST /api/User/transaction HTTP/1.1" 200 206
::1 - - [19/Jan/2021:13:46:58 +0000] "POST /api/User/transaction HTTP/1.1" 200 837
::1 - - [19/Jan/2021:13:46:58 +0000] "POST /api/User/bus HTTP/1.1" 200 242
::1 - - [19/Jan/2021:13:46:58 +0000] "POST /api/User/transaction HTTP/1.1" 200 205
::1 - - [19/Jan/2021:13:48:33 +0000] "POST /api/User/transaction HTTP/1.1" 200 829
::1 - - [19/Jan/2021:13:48:33 +0000] "POST /api/User/transaction HTTP/1.1" 200 151
::1 - - [19/Jan/2021:13:48:33 +0000] "POST /api/User/transaction HTTP/1.1" 200 208
::1 - - [19/Jan/2021:13:48:33 +0000] "POST /api/User/transaction HTTP/1.1" 200 169
::1 - - [19/Jan/2021:13:48:33 +0000] "POST /api/User/transaction HTTP/1.1" 200 176
::1 - - [19/Jan/2021:13:48:33 +0000] "POST /api/User/transaction HTTP/1.1" 200 204
::1 - - [19/Jan/2021:13:48:33 +0000] "POST /api/User/transaction HTTP/1.1" 200 817
::1 - - [19/Jan/2021:13:48:33 +0000] "POST /api/User/transaction HTTP/1.1" 200 205
::1 - - [19/Jan/2021:13:48:33 +0000] "POST /api/User/customer HTTP/1.1" 200 214
::1 - - [19/Jan/2021:13:48:33 +0000] "POST /api/User/transaction HTTP/1.1" 200 771
::1 - - [19/Jan/2021:13:48:33 +0000] "POST /api/User/employee HTTP/1.1" 200 388
::1 - - [19/Jan/2021:13:48:33 +0000] "POST /api/User/customer HTTP/1.1" 200 205
::1 - - [19/Jan/2021:13:48:33 +0000] "POST /api/User/customer HTTP/1.1" 200 199
::1 - - [19/Jan/2021:13:48:33 +0000] "POST /api/User/customer HTTP/1.1" 200 423
::1 - - [19/Jan/2021:13:48:33 +0000] "POST /api/User/bus HTTP/1.1" 200 250
::1 - - [19/Jan/2021:13:48:55 +0000] "POST /api/User/customer HTTP/1.1" 200 779
::1 - - [19/Jan/2021:13:50:32 +0000] "POST /api/User/transaction HTTP/1.1" 200 144
::1 - - [19/Jan/2021:13:51:16 +0000] "POST /api/User/customer HTTP/1.1" 200 777
::1 - - [19/Jan/2021:13:51:16 +0000] "POST /api/User/transaction HTTP/1.1" 200 155
::1 - - [19/Jan/2021:13:51:16 +0000] "POST /api/User/customer HTTP/1.1" 200 216
::1 - - [19/Jan/2021:13:51:16 +0000] "POST /api/User/transaction HTTP/1.1" 200 829
::1 - - [19/Jan/2021:13:51:16 +0000] "POST /api/User/customer HTTP/1.1" 200 201
::1 - - [19/Jan/2021:13:51:16 +0000] "POST /api/User/transaction HTTP/1.1" 200 787
::1 - - [19/Jan/2021:13:51:16 +0000] "POST /api/User/customer HTTP/1.1" 200 205
::1 - - [19/Jan/2021:13:51:16 +0000] "POST /api/User/employee HTTP/1.1" 200 396
::1 - - [19/Jan/2021:13:51:16 +0000] "POST /api/User/transaction HTTP/1.1" 200 146
::1 - - [19/Jan/2021:13:51:17 +0000] "POST /api/User/customer HTTP/1.1" 200 425
::1 - - [19/Jan/2021:13:51:17 +0000] "POST /api/User/transaction HTTP/1.1" 200 165
::1 - - [19/Jan/2021:13:51:17 +0000] "POST /api/User/transaction HTTP/1.1" 200 176
::1 - - [19/Jan/2021:13:51:17 +0000] "POST /api/User/transaction HTTP/1.1" 200 208
::1 - - [19/Jan/2021:13:51:17 +0000] "POST /api/User/bus HTTP/1.1" 200 252
::1 - - [19/Jan/2021:13:51:17 +0000] "POST /api/User/transaction HTTP/1.1" 200 821
::1 - - [19/Jan/2021:13:51:17 +0000] "POST /api/User/transaction HTTP/1.1" 200 207
::1 - - [19/Jan/2021:13:51:39 +0000] "POST /api/User/transaction HTTP/1.1" 200 142
::1 - - [19/Jan/2021:13:52:43 +0000] "POST /api/User/customer HTTP/1.1" 200 785
::1 - - [19/Jan/2021:13:52:43 +0000] "POST /api/User/transaction HTTP/1.1" 200 151
::1 - - [19/Jan/2021:13:52:43 +0000] "POST /api/User/customer HTTP/1.1" 200 210
::1 - - [19/Jan/2021:13:52:43 +0000] "POST /api/User/transaction HTTP/1.1" 200 781
::1 - - [19/Jan/2021:13:52:43 +0000] "POST /api/User/transaction HTTP/1.1" 200 827
::1 - - [19/Jan/2021:13:52:43 +0000] "POST /api/User/customer HTTP/1.1" 200 197
::1 - - [19/Jan/2021:13:52:43 +0000] "POST /api/User/customer HTTP/1.1" 200 201
::1 - - [19/Jan/2021:13:52:43 +0000] "POST /api/User/employee HTTP/1.1" 200 398
::1 - - [19/Jan/2021:13:52:43 +0000] "POST /api/User/transaction HTTP/1.1" 200 148
::1 - - [19/Jan/2021:13:52:43 +0000] "POST /api/User/customer HTTP/1.1" 200 421
::1 - - [19/Jan/2021:13:52:43 +0000] "POST /api/User/transaction HTTP/1.1" 200 169
::1 - - [19/Jan/2021:13:52:43 +0000] "POST /api/User/transaction HTTP/1.1" 200 174
::1 - - [19/Jan/2021:13:52:43 +0000] "POST /api/User/transaction HTTP/1.1" 200 210
::1 - - [19/Jan/2021:13:52:43 +0000] "POST /api/User/transaction HTTP/1.1" 200 839
::1 - - [19/Jan/2021:13:52:43 +0000] "POST /api/User/bus HTTP/1.1" 200 248
::1 - - [19/Jan/2021:13:52:43 +0000] "POST /api/User/transaction HTTP/1.1" 200 207
::1 - - [19/Jan/2021:13:52:47 +0000] "POST /api/User/machine HTTP/1.1" 200 211
::1 - - [19/Jan/2021:13:53:08 +0000] "POST /api/User/transaction HTTP/1.1" 200 153
::1 - - [19/Jan/2021:13:53:08 +0000] "POST /api/User/customer HTTP/1.1" 200 201
::1 - - [19/Jan/2021:13:53:08 +0000] "POST /api/User/customer HTTP/1.1" 200 785
::1 - - [19/Jan/2021:13:53:08 +0000] "POST /api/User/customer HTTP/1.1" 200 425
::1 - - [19/Jan/2021:13:53:08 +0000] "POST /api/User/transaction HTTP/1.1" 200 167
::1 - - [19/Jan/2021:13:53:08 +0000] "POST /api/User/transaction HTTP/1.1" 200 172
::1 - - [19/Jan/2021:13:53:08 +0000] "POST /api/User/transaction HTTP/1.1" 200 210
::1 - - [19/Jan/2021:13:53:08 +0000] "POST /api/User/transaction HTTP/1.1" 200 825
::1 - - [19/Jan/2021:13:53:08 +0000] "POST /api/User/transaction HTTP/1.1" 200 203
::1 - - [19/Jan/2021:13:53:08 +0000] "POST /api/User/customer HTTP/1.1" 200 216
::1 - - [19/Jan/2021:13:53:08 +0000] "POST /api/User/transaction HTTP/1.1" 200 827
::1 - - [19/Jan/2021:13:53:08 +0000] "POST /api/User/transaction HTTP/1.1" 200 779
::1 - - [19/Jan/2021:13:53:08 +0000] "POST /api/User/employee HTTP/1.1" 200 388
::1 - - [19/Jan/2021:13:53:08 +0000] "POST /api/User/customer HTTP/1.1" 200 205
::1 - - [19/Jan/2021:13:53:08 +0000] "POST /api/User/machine HTTP/1.1" 200 203
::1 - - [19/Jan/2021:13:53:08 +0000] "POST /api/User/bus HTTP/1.1" 200 254
::1 - - [19/Jan/2021:13:53:24 +0000] "POST /api/User/machine HTTP/1.1" 200 213
::1 - - [19/Jan/2021:14:01:11 +0000] "POST /api/User/customer HTTP/1.1" 200 775
::1 - - [19/Jan/2021:14:01:26 +0000] "POST /api/User/customer HTTP/1.1" 200 785
::1 - - [19/Jan/2021:14:01:26 +0000] "POST /api/User/transaction HTTP/1.1" 200 153
::1 - - [19/Jan/2021:14:01:27 +0000] "POST /api/User/customer HTTP/1.1" 200 216
::1 - - [19/Jan/2021:14:01:27 +0000] "POST /api/User/transaction HTTP/1.1" 200 777
::1 - - [19/Jan/2021:14:01:27 +0000] "POST /api/User/customer HTTP/1.1" 200 205
::1 - - [19/Jan/2021:14:01:27 +0000] "POST /api/User/transaction HTTP/1.1" 200 827
::1 - - [19/Jan/2021:14:01:27 +0000] "POST /api/User/customer HTTP/1.1" 200 203
::1 - - [19/Jan/2021:14:01:27 +0000] "POST /api/User/employee HTTP/1.1" 200 396
::1 - - [19/Jan/2021:14:01:27 +0000] "POST /api/User/customer HTTP/1.1" 200 771
::1 - - [19/Jan/2021:14:01:27 +0000] "POST /api/User/machine HTTP/1.1" 200 213
::1 - - [19/Jan/2021:14:01:27 +0000] "POST /api/User/customer HTTP/1.1" 200 417
::1 - - [19/Jan/2021:14:01:27 +0000] "POST /api/User/transaction HTTP/1.1" 200 165
::1 - - [19/Jan/2021:14:01:27 +0000] "POST /api/User/transaction HTTP/1.1" 200 174
::1 - - [19/Jan/2021:14:01:27 +0000] "POST /api/User/transaction HTTP/1.1" 200 210
::1 - - [19/Jan/2021:14:01:27 +0000] "POST /api/User/transaction HTTP/1.1" 200 829
::1 - - [19/Jan/2021:14:01:27 +0000] "POST /api/User/bus HTTP/1.1" 200 250
::1 - - [19/Jan/2021:14:01:27 +0000] "POST /api/User/transaction HTTP/1.1" 200 207
::1 - - [19/Jan/2021:14:01:52 +0000] "POST /api/User/customer HTTP/1.1" 200 779
::1 - - [19/Jan/2021:14:02:00 +0000] "POST /api/User/customer HTTP/1.1" 200 767
::1 - - [19/Jan/2021:14:02:00 +0000] "POST /api/User/transaction HTTP/1.1" 200 153
::1 - - [19/Jan/2021:14:02:00 +0000] "POST /api/User/customer HTTP/1.1" 200 427
::1 - - [19/Jan/2021:14:02:00 +0000] "POST /api/User/transaction HTTP/1.1" 200 167
::1 - - [19/Jan/2021:14:02:00 +0000] "POST /api/User/transaction HTTP/1.1" 200 172
::1 - - [19/Jan/2021:14:02:00 +0000] "POST /api/User/transaction HTTP/1.1" 200 210
::1 - - [19/Jan/2021:14:02:00 +0000] "POST /api/User/transaction HTTP/1.1" 200 827
::1 - - [19/Jan/2021:14:02:00 +0000] "POST /api/User/transaction HTTP/1.1" 200 207
::1 - - [19/Jan/2021:14:02:00 +0000] "POST /api/User/customer HTTP/1.1" 200 216
::1 - - [19/Jan/2021:14:02:00 +0000] "POST /api/User/transaction HTTP/1.1" 200 777
::1 - - [19/Jan/2021:14:02:00 +0000] "POST /api/User/customer HTTP/1.1" 200 205
::1 - - [19/Jan/2021:14:02:00 +0000] "POST /api/User/transaction HTTP/1.1" 200 827
::1 - - [19/Jan/2021:14:02:00 +0000] "POST /api/User/customer HTTP/1.1" 200 199
::1 - - [19/Jan/2021:14:02:00 +0000] "POST /api/User/employee HTTP/1.1" 200 380
::1 - - [19/Jan/2021:14:02:00 +0000] "POST /api/User/machine HTTP/1.1" 200 211
::1 - - [19/Jan/2021:14:02:00 +0000] "POST /api/User/customer HTTP/1.1" 200 791
::1 - - [19/Jan/2021:14:02:00 +0000] "POST /api/User/bus HTTP/1.1" 200 250
::ffff:192.168.137.249 - - [20/Jan/2021:11:50:06 +0000] "GET /api/User/Employee/login HTTP/1.1" 404 162
::ffff:192.168.137.249 - - [20/Jan/2021:11:50:11 +0000] "GET /api/User/Employee/login HTTP/1.1" 404 162
192.168.137.249 - - [20/Jan/2021:11:56:02 +0000] "GET /api/User/Employee/login HTTP/1.1" 404 162
192.168.137.249 - - [20/Jan/2021:11:56:03 +0000] "GET /api/User/Employee/login HTTP/1.1" 404 162
192.168.137.249 - - [20/Jan/2021:11:56:05 +0000] "GET /api/User/Employee/login HTTP/1.1" 404 162
192.168.137.249 - - [20/Jan/2021:11:56:06 +0000] "GET /api/User/Employee/login HTTP/1.1" 404 162
192.168.137.249 - - [20/Jan/2021:11:56:07 +0000] "GET /api/User/Employee/login HTTP/1.1" 404 162
192.168.137.249 - - [20/Jan/2021:11:56:08 +0000] "GET /api/User/Employee/login HTTP/1.1" 404 162
::1 - - [20/Jan/2021:12:12:36 +0000] "GET /api/Employee/Notification/view HTTP/1.1" 401 -
::1 - - [20/Jan/2021:12:12:41 +0000] "GET /api/Employee/Notification/get_custom_notification?limit=15&type=sender HTTP/1.1" 401 -
::1 - - [20/Jan/2021:12:12:41 +0000] "GET /api/Employee/Notification/get_custom_notification?limit=15&type=reciever HTTP/1.1" 401 -
::1 - - [20/Jan/2021:12:21:33 +0000] "GET /api/Employee/Notification/view HTTP/1.1" 401 -
::1 - - [20/Jan/2021:12:21:35 +0000] "GET /api/Employee/Notification/get_custom_notification?limit=15&type=sender HTTP/1.1" 401 -
::1 - - [20/Jan/2021:12:21:36 +0000] "GET /api/Employee/Notification/get_custom_notification?limit=15&type=reciever HTTP/1.1" 401 -
::1 - - [20/Jan/2021:12:21:47 +0000] "GET /api/Employee/Notification/get_custom_notification?limit=15&type=reciever HTTP/1.1" 401 -
::1 - - [20/Jan/2021:12:21:47 +0000] "GET /api/Employee/Notification/get_custom_notification?limit=15&type=sender HTTP/1.1" 401 -
::1 - - [20/Jan/2021:12:21:48 +0000] "GET /api/Employee/Notification/view HTTP/1.1" 401 -
::1 - - [20/Jan/2021:12:21:48 +0000] "GET /api/Employee/Notification/get_custom_notification?limit=15&type=sender HTTP/1.1" 401 -
::1 - - [20/Jan/2021:12:21:49 +0000] "GET /api/Employee/Notification/get_custom_notification?limit=15&type=reciever HTTP/1.1" 401 -
::1 - - [20/Jan/2021:12:39:58 +0000] "GET /api/Employee/Notification/get_custom_notification?limit=15&type=sender HTTP/1.1" 401 -
::1 - - [20/Jan/2021:12:39:59 +0000] "GET /api/Employee/Notification/get_custom_notification?limit=15&type=reciever HTTP/1.1" 401 -
::1 - - [20/Jan/2021:12:41:08 +0000] "GET /api/Employee/Notification/get_custom_notification?limit=15&type=sender HTTP/1.1" 401 -
::1 - - [20/Jan/2021:12:41:09 +0000] "GET /api/Employee/Notification/get_custom_notification?limit=15&type=reciever HTTP/1.1" 401 -
::1 - - [20/Jan/2021:12:41:12 +0000] "GET /api/Employee/Notification/view HTTP/1.1" 401 -
::1 - - [20/Jan/2021:12:42:27 +0000] "POST /api/User/Employee/login HTTP/1.1" 200 799
::1 - - [20/Jan/2021:12:43:43 +0000] "GET /api/Employee/Notification/view HTTP/1.1" 200 1858
::1 - - [20/Jan/2021:12:44:55 +0000] "GET /api/Employee/Notification/find?limit=15&session_Id=b156d9c1412e6115c5c6cb233dfe3bd7 HTTP/1.1" 200 1196
::1 - - [20/Jan/2021:12:44:55 +0000] "POST /api/Employee/Notification/mark?session_Id=b156d9c1412e6115c5c6cb233dfe3bd7 HTTP/1.1" 200 51
::1 - - [20/Jan/2021:12:44:59 +0000] "GET /api/Employee/Notification/find?limit=15&session_Id=b156d9c1412e6115c5c6cb233dfe3bd6 HTTP/1.1" 200 2355
::1 - - [20/Jan/2021:12:44:59 +0000] "POST /api/Employee/Notification/mark?session_Id=b156d9c1412e6115c5c6cb233dfe3bd6 HTTP/1.1" 200 118
::1 - - [20/Jan/2021:12:45:00 +0000] "GET /api/Employee/Notification/find?limit=15&session_Id=c695e5476e317d10e71a5181b4008801 HTTP/1.1" 200 1910
::1 - - [20/Jan/2021:12:45:00 +0000] "POST /api/Employee/Notification/mark?session_Id=c695e5476e317d10e71a5181b4008801 HTTP/1.1" 200 118
::1 - - [20/Jan/2021:12:45:02 +0000] "GET /api/Employee/Notification/get_custom_notification?limit=15&type=sender HTTP/1.1" 200 1846
::1 - - [20/Jan/2021:12:45:03 +0000] "GET /api/Employee/Notification/get_custom_notification?limit=15&type=reciever HTTP/1.1" 200 1279
::1 - - [20/Jan/2021:12:45:06 +0000] "GET /api/Employee/Notification/get_custom_notification?limit=15&type=reciever HTTP/1.1" 304 -
::1 - - [20/Jan/2021:12:45:08 +0000] "GET /api/Employee/Notification/get_custom_notification?limit=15&type=sender HTTP/1.1" 304 -
::1 - - [20/Jan/2021:12:45:09 +0000] "GET /api/Employee/Notification/view HTTP/1.1" 200 1858
::1 - - [20/Jan/2021:12:45:11 +0000] "GET /api/Employee/Notification/get_custom_notification?limit=15&type=reciever HTTP/1.1" 304 -
::1 - - [20/Jan/2021:12:46:05 +0000] "GET /api/Employee/Notification/find?limit=15&session_Id=b156d9c1412e6115c5c6cb233dfe3bd6 HTTP/1.1" 200 2355
::1 - - [20/Jan/2021:12:46:05 +0000] "POST /api/Employee/Notification/mark?session_Id=b156d9c1412e6115c5c6cb233dfe3bd6 HTTP/1.1" 200 118
::1 - - [20/Jan/2021:12:46:06 +0000] "GET /api/Employee/Notification/get_custom_notification?limit=15&type=sender HTTP/1.1" 304 -
::1 - - [20/Jan/2021:12:46:09 +0000] "GET /api/Employee/Notification/find?limit=15&session_Id=b156d9c1412e6115c5c6cb233dfe3bd7 HTTP/1.1" 304 -
::1 - - [20/Jan/2021:12:46:09 +0000] "POST /api/Employee/Notification/mark?session_Id=b156d9c1412e6115c5c6cb233dfe3bd7 HTTP/1.1" 200 51
::1 - - [20/Jan/2021:12:46:11 +0000] "GET /api/Employee/Notification/find?limit=15&session_Id=c695e5476e317d10e71a5181b4008801 HTTP/1.1" 200 1910
::1 - - [20/Jan/2021:12:46:11 +0000] "POST /api/Employee/Notification/mark?session_Id=c695e5476e317d10e71a5181b4008801 HTTP/1.1" 200 118
::1 - - [20/Jan/2021:12:46:12 +0000] "GET /api/Employee/Notification/view HTTP/1.1" 200 1858
::1 - - [20/Jan/2021:12:46:15 +0000] "GET /api/Employee/Notification/find?limit=15&session_Id=b156d9c1412e6115c5c6cb233dfe3bd6 HTTP/1.1" 200 2355
::1 - - [20/Jan/2021:12:46:15 +0000] "POST /api/Employee/Notification/mark?session_Id=b156d9c1412e6115c5c6cb233dfe3bd6 HTTP/1.1" 200 118
::1 - - [20/Jan/2021:12:46:15 +0000] "GET /api/Employee/Notification/find?limit=15&session_Id=b156d9c1412e6115c5c6cb233dfe3bd7 HTTP/1.1" 304 -
::1 - - [20/Jan/2021:12:46:16 +0000] "POST /api/Employee/Notification/mark?session_Id=b156d9c1412e6115c5c6cb233dfe3bd7 HTTP/1.1" 200 51
::1 - - [20/Jan/2021:12:49:28 +0000] "GET /api/Employee/Notification/view HTTP/1.1" 200 1858
::1 - - [20/Jan/2021:12:49:33 +0000] "GET /api/Employee/Notification/get_custom_notification?limit=15&type=sender HTTP/1.1" 304 -
::1 - - [20/Jan/2021:12:49:34 +0000] "GET /api/Employee/Notification/get_custom_notification?limit=15&type=reciever HTTP/1.1" 200 1279
::1 - - [20/Jan/2021:12:51:06 +0000] "GET /api/Employee/Notification/view HTTP/1.1" 304 -
::1 - - [20/Jan/2021:12:53:40 +0000] "GET /api/Employee/Notification/view HTTP/1.1" 304 -
::1 - - [20/Jan/2021:12:56:47 +0000] "GET /api/Employee/Notification/view HTTP/1.1" 304 -
::1 - - [20/Jan/2021:12:56:50 +0000] "GET /api/Employee/Notification/get_custom_notification?limit=15&type=sender HTTP/1.1" 304 -
::1 - - [20/Jan/2021:12:56:51 +0000] "GET /api/Employee/Notification/get_custom_notification?limit=15&type=reciever HTTP/1.1" 304 -
::1 - - [20/Jan/2021:12:56:56 +0000] "GET /api/Employee/Notification/view HTTP/1.1" 304 -
::1 - - [20/Jan/2021:12:57:29 +0000] "GET /api/Employee/Notification/view HTTP/1.1" 304 -
::1 - - [20/Jan/2021:12:58:49 +0000] "GET /api/Employee/Notification/view HTTP/1.1" 304 -
::1 - - [20/Jan/2021:12:58:57 +0000] "GET /api/Employee/Notification/view HTTP/1.1" 304 -
::1 - - [20/Jan/2021:12:59:31 +0000] "GET /api/Employee/Notification/view HTTP/1.1" 304 -
::1 - - [20/Jan/2021:13:00:07 +0000] "GET /api/Employee/Notification/view HTTP/1.1" 304 -
::1 - - [20/Jan/2021:13:02:16 +0000] "GET /api/Employee/Notification/view HTTP/1.1" 304 -
::1 - - [20/Jan/2021:13:03:00 +0000] "GET /api/Employee/Notification/view HTTP/1.1" 304 -
::1 - - [20/Jan/2021:13:04:14 +0000] "GET /api/Employee/Notification/view HTTP/1.1" 304 -
::1 - - [20/Jan/2021:13:04:53 +0000] "GET /api/Employee/Notification/view HTTP/1.1" 304 -
::1 - - [20/Jan/2021:13:05:41 +0000] "GET /api/Employee/Notification/view HTTP/1.1" 304 -
::1 - - [20/Jan/2021:13:10:16 +0000] "GET /api/Employee/Notification/view HTTP/1.1" 304 -
::1 - - [20/Jan/2021:13:14:47 +0000] "GET /api/Employee/Notification/view HTTP/1.1" 304 -
::1 - - [20/Jan/2021:13:17:45 +0000] "GET /api/Employee/Notification/view HTTP/1.1" 304 -
::1 - - [20/Jan/2021:13:19:13 +0000] "POST /api/Employee/Notification/register HTTP/1.1" 400 50
::1 - - [20/Jan/2021:13:20:53 +0000] "GET /api/Employee/Notification/view HTTP/1.1" 304 -
::1 - - [20/Jan/2021:13:21:35 +0000] "POST /api/Employee/Notification/register HTTP/1.1" 200 87
::1 - - [20/Jan/2021:13:21:47 +0000] "GET /api/Employee/Notification/get_custom_notification?limit=15&type=sender HTTP/1.1" 200 2422
::1 - - [20/Jan/2021:13:21:53 +0000] "GET /api/Employee/Notification/find?limit=15&session_Id=5829a40cb3854d0109dfeaf699d0b29d HTTP/1.1" 200 602
::1 - - [20/Jan/2021:13:21:53 +0000] "POST /api/Employee/Notification/mark?session_Id=5829a40cb3854d0109dfeaf699d0b29d HTTP/1.1" 200 51
::1 - - [20/Jan/2021:13:23:58 +0000] "POST /api/Employee/Notification/register HTTP/1.1" 400 50
::1 - - [20/Jan/2021:13:24:52 +0000] "POST /api/Employee/Notification/register HTTP/1.1" 200 60
::1 - - [20/Jan/2021:13:25:21 +0000] "POST /api/Employee/Notification/register HTTP/1.1" 200 60
::1 - - [20/Jan/2021:13:26:36 +0000] "POST /api/Employee/Notification/register HTTP/1.1" 200 60
::1 - - [20/Jan/2021:13:28:23 +0000] "POST /api/Employee/Notification/register HTTP/1.1" 200 60
::1 - - [20/Jan/2021:13:28:53 +0000] "POST /api/Employee/Notification/register HTTP/1.1" 400 50
::1 - - [20/Jan/2021:13:30:07 +0000] "POST /api/Employee/Notification/register HTTP/1.1" 200 60
::1 - - [20/Jan/2021:13:30:24 +0000] "POST /api/Employee/Notification/register HTTP/1.1" 200 60
::1 - - [20/Jan/2021:13:31:06 +0000] "GET /api/Employee/Notification/view HTTP/1.1" 200 2434
::1 - - [20/Jan/2021:13:31:30 +0000] "POST /api/Employee/Notification/register HTTP/1.1" 200 60
::1 - - [20/Jan/2021:13:31:49 +0000] "POST /api/Employee/Notification/register HTTP/1.1" 200 87
::1 - - [20/Jan/2021:13:31:57 +0000] "GET /api/Employee/Notification/get_custom_notification?limit=15&type=sender HTTP/1.1" 200 3001
::1 - - [20/Jan/2021:13:31:58 +0000] "GET /api/Employee/Notification/find?limit=15&session_Id=72d3db499d46e8199d2bf4bf7ebe906b HTTP/1.1" 200 605
::1 - - [20/Jan/2021:13:31:59 +0000] "POST /api/Employee/Notification/mark?session_Id=72d3db499d46e8199d2bf4bf7ebe906b HTTP/1.1" 200 51
::1 - - [20/Jan/2021:13:32:22 +0000] "GET /api/Employee/Notification/view HTTP/1.1" 200 3013
::1 - - [20/Jan/2021:13:32:37 +0000] "GET /api/Employee/Notification/view HTTP/1.1" 304 -
::1 - - [20/Jan/2021:13:32:44 +0000] "GET /api/Employee/Notification/find?limit=15&session_Id=72d3db499d46e8199d2bf4bf7ebe906b HTTP/1.1" 304 -
::1 - - [20/Jan/2021:13:32:44 +0000] "POST /api/Employee/Notification/mark?session_Id=72d3db499d46e8199d2bf4bf7ebe906b HTTP/1.1" 200 51
::1 - - [20/Jan/2021:13:32:45 +0000] "GET /api/Employee/Notification/find?limit=15&session_Id=5829a40cb3854d0109dfeaf699d0b29d HTTP/1.1" 304 -
::1 - - [20/Jan/2021:13:32:46 +0000] "POST /api/Employee/Notification/mark?session_Id=5829a40cb3854d0109dfeaf699d0b29d HTTP/1.1" 200 51
::1 - - [20/Jan/2021:13:32:46 +0000] "GET /api/Employee/Notification/find?limit=15&session_Id=c695e5476e317d10e71a5181b4008801 HTTP/1.1" 200 1910
::1 - - [20/Jan/2021:13:32:46 +0000] "POST /api/Employee/Notification/mark?session_Id=c695e5476e317d10e71a5181b4008801 HTTP/1.1" 200 118
::1 - - [20/Jan/2021:13:32:47 +0000] "GET /api/Employee/Notification/find?limit=15&session_Id=b156d9c1412e6115c5c6cb233dfe3bd6 HTTP/1.1" 200 2355
::1 - - [20/Jan/2021:13:32:47 +0000] "POST /api/Employee/Notification/mark?session_Id=b156d9c1412e6115c5c6cb233dfe3bd6 HTTP/1.1" 200 118
::1 - - [20/Jan/2021:13:32:48 +0000] "GET /api/Employee/Notification/find?limit=15&session_Id=b156d9c1412e6115c5c6cb233dfe3bd7 HTTP/1.1" 304 -
::1 - - [20/Jan/2021:13:32:49 +0000] "POST /api/Employee/Notification/mark?session_Id=b156d9c1412e6115c5c6cb233dfe3bd7 HTTP/1.1" 200 51
::1 - - [20/Jan/2021:13:32:49 +0000] "GET /api/Employee/Notification/find?limit=15&session_Id=b156d9c1412e6115c5c6cb233dfe3bd6 HTTP/1.1" 200 2355
::1 - - [20/Jan/2021:13:32:50 +0000] "POST /api/Employee/Notification/mark?session_Id=b156d9c1412e6115c5c6cb233dfe3bd6 HTTP/1.1" 200 118
::1 - - [20/Jan/2021:13:32:50 +0000] "GET /api/Employee/Notification/find?limit=15&session_Id=c695e5476e317d10e71a5181b4008801 HTTP/1.1" 200 1910
::1 - - [20/Jan/2021:13:32:50 +0000] "POST /api/Employee/Notification/mark?session_Id=c695e5476e317d10e71a5181b4008801 HTTP/1.1" 200 118
::1 - - [20/Jan/2021:13:33:10 +0000] "GET /api/Employee/Notification/get_custom_notification?limit=15&type=reciever HTTP/1.1" 200 1279
::ffff:127.0.0.1 - - [20/Jan/2021:13:55:55 +0000] "GET /api/Employee/Notification/view HTTP/1.1" 200 3013
::1 - - [20/Jan/2021:13:57:09 +0000] "GET /api/Employee/Notification/view HTTP/1.1" 304 -
::1 - - [20/Jan/2021:13:57:13 +0000] "GET /api/Employee/Notification/get_custom_notification?limit=15&type=sender HTTP/1.1" 304 -
::1 - - [20/Jan/2021:13:57:14 +0000] "GET /api/Employee/Notification/get_custom_notification?limit=15&type=reciever HTTP/1.1" 304 -
::1 - - [20/Jan/2021:13:57:16 +0000] "GET /api/Employee/Notification/view HTTP/1.1" 304 -
::1 - - [20/Jan/2021:13:57:17 +0000] "GET /api/Employee/Notification/find?limit=15&session_Id=b156d9c1412e6115c5c6cb233dfe3bd7 HTTP/1.1" 304 -
::1 - - [20/Jan/2021:13:57:18 +0000] "POST /api/Employee/Notification/mark?session_Id=b156d9c1412e6115c5c6cb233dfe3bd7 HTTP/1.1" 200 51
::1 - - [20/Jan/2021:13:57:18 +0000] "GET /api/Employee/Notification/find?limit=15&session_Id=b156d9c1412e6115c5c6cb233dfe3bd6 HTTP/1.1" 200 2355
::1 - - [20/Jan/2021:13:57:18 +0000] "POST /api/Employee/Notification/mark?session_Id=b156d9c1412e6115c5c6cb233dfe3bd6 HTTP/1.1" 200 118
::1 - - [20/Jan/2021:13:57:19 +0000] "GET /api/Employee/Notification/find?limit=15&session_Id=c695e5476e317d10e71a5181b4008801 HTTP/1.1" 200 1910
::1 - - [20/Jan/2021:13:57:19 +0000] "POST /api/Employee/Notification/mark?session_Id=c695e5476e317d10e71a5181b4008801 HTTP/1.1" 200 118
::1 - - [20/Jan/2021:17:02:56 +0000] "GET /api/User/Employee/login HTTP/1.1" 404 162
::1 - - [20/Jan/2021:17:03:16 +0000] "POST /api/User/Employee/login HTTP/1.1" 200 799
::1 - - [20/Jan/2021:17:05:10 +0000] "GET /api/User/ll HTTP/1.1" 200 6
::1 - - [20/Jan/2021:17:05:10 +0000] "GET /favicon.ico HTTP/1.1" 404 150
::ffff:192.168.137.1 - - [20/Jan/2021:17:14:42 +0000] "GET /api/User/ll HTTP/1.1" 200 6
::ffff:192.168.137.1 - - [20/Jan/2021:17:14:43 +0000] "GET /favicon.ico HTTP/1.1" 404 150
::ffff:192.168.137.1 - - [20/Jan/2021:17:15:34 +0000] "GET /api/User/ll HTTP/1.1" 304 -
