::1 - - [22/Dec/2020:13:56:56 +0000] "GET /api/User/analysis13?type=month HTTP/1.1" 200 724
::1 - - [22/Dec/2020:13:57:20 +0000] "GET /api/User/analysis13?type=month HTTP/1.1" 200 714
::1 - - [22/Dec/2020:13:57:59 +0000] "GET /api/User/analysis13?type=month HTTP/1.1" 200 730
::1 - - [22/Dec/2020:13:58:11 +0000] "GET /api/User/analysis13?type=month HTTP/1.1" 200 734
::1 - - [22/Dec/2020:13:58:32 +0000] "GET /api/User/analysis13?type=month HTTP/1.1" 200 724
::1 - - [22/Dec/2020:14:17:13 +0000] "GET /api/User/analysis13?type=month HTTP/1.1" 200 738
::1 - - [22/Dec/2020:14:20:40 +0000] "GET /api/User/analysis13?type=month HTTP/1.1" 200 153
::1 - - [22/Dec/2020:14:22:50 +0000] "GET /api/User/analysis14?type=month HTTP/1.1" 200 87
::1 - - [22/Dec/2020:14:23:20 +0000] "GET /api/User/analysis14?type=month HTTP/1.1" 200 154
::1 - - [22/Dec/2020:14:24:56 +0000] "GET /api/User/analysis14?type=month HTTP/1.1" 200 152
::1 - - [22/Dec/2020:14:27:39 +0000] "GET /api/User/analysis14?type=month HTTP/1.1" 200 201
::1 - - [22/Dec/2020:14:27:51 +0000] "GET /api/User/analysis14?type=month HTTP/1.1" 200 205
::1 - - [22/Dec/2020:14:28:08 +0000] "GET /api/User/analysis14?type=month HTTP/1.1" 200 199
::1 - - [22/Dec/2020:14:29:15 +0000] "GET /api/User/analysis14?type=month HTTP/1.1" 200 203
::1 - - [22/Dec/2020:14:29:33 +0000] "GET /api/User/analysis14?type=month HTTP/1.1" 200 203
::1 - - [22/Dec/2020:14:29:44 +0000] "GET /api/User/analysis14?type=month HTTP/1.1" 200 201
::1 - - [22/Dec/2020:14:29:58 +0000] "GET /api/User/analysis14?type=month HTTP/1.1" 200 203
::1 - - [22/Dec/2020:14:30:05 +0000] "GET /api/User/analysis14?type=month HTTP/1.1" 200 207
::1 - - [22/Dec/2020:14:32:13 +0000] "GET /api/User/analysis15?type=month HTTP/1.1" 200 85
::1 - - [22/Dec/2020:15:24:31 +0000] "GET /api/User/analysis5?type=month HTTP/1.1" 200 716
::1 - - [22/Dec/2020:15:24:31 +0000] "GET /api/User/analysis?type=month HTTP/1.1" 200 664
::1 - - [22/Dec/2020:15:24:31 +0000] "GET /api/User/analysis3 HTTP/1.1" 200 193
::1 - - [22/Dec/2020:15:24:31 +0000] "GET /api/User/analysis2 HTTP/1.1" 304 -
::1 - - [22/Dec/2020:15:24:31 +0000] "GET /api/User/analysis31 HTTP/1.1" 200 201
::1 - - [22/Dec/2020:15:24:31 +0000] "GET /api/User/analysis4 HTTP/1.1" 304 -
::1 - - [22/Dec/2020:15:24:31 +0000] "GET /api/User/analysis6 HTTP/1.1" 200 169
::1 - - [22/Dec/2020:15:24:31 +0000] "GET /api/User/analysis9?type=month HTTP/1.1" 200 390
::1 - - [22/Dec/2020:15:24:31 +0000] "GET /api/User/analysis7 HTTP/1.1" 200 170
::1 - - [22/Dec/2020:15:24:31 +0000] "GET /api/User/analysis12?type=month HTTP/1.1" 200 788
::1 - - [22/Dec/2020:15:24:31 +0000] "GET /api/User/analysis10?type=month HTTP/1.1" 200 248
::1 - - [22/Dec/2020:15:24:31 +0000] "GET /api/User/analysis8 HTTP/1.1" 200 206
::1 - - [22/Dec/2020:18:30:05 +0000] "GET /api/User/analysis15?type=month HTTP/1.1" 200 85
::1 - - [22/Dec/2020:18:32:48 +0000] "GET /api/User/analysis14?type=month HTTP/1.1" 400 50
::1 - - [22/Dec/2020:18:33:20 +0000] "GET /api/User/analysis14?type=month HTTP/1.1" 200 205
::1 - - [22/Dec/2020:19:41:48 +0000] "GET /api/User/analysis16?type=month HTTP/1.1" 400 50
::1 - - [22/Dec/2020:19:47:43 +0000] "GET /api/User/analysis16?type=month HTTP/1.1" - -
::1 - - [26/Dec/2020:08:31:39 +0000] "GET /api/User/analysis16?type=month HTTP/1.1" - -
::1 - - [26/Dec/2020:08:41:29 +0000] "GET /api/User/analysis16?type=month HTTP/1.1" - -
::1 - - [26/Dec/2020:08:42:13 +0000] "GET /api/User/analysis16?type=month HTTP/1.1" - -
::1 - - [26/Dec/2020:08:43:12 +0000] "GET /api/User/analysis16?type=month HTTP/1.1" 400 50
::1 - - [26/Dec/2020:08:43:30 +0000] "GET /api/User/analysis16?type=month HTTP/1.1" 400 50
::1 - - [26/Dec/2020:08:43:48 +0000] "GET /api/User/analysis16?type=month HTTP/1.1" 400 50
::1 - - [26/Dec/2020:08:44:34 +0000] "GET /api/User/analysis16?type=month HTTP/1.1" 400 50
::1 - - [26/Dec/2020:08:45:44 +0000] "GET /api/User/analysis16?type=month HTTP/1.1" - -
::1 - - [26/Dec/2020:08:47:11 +0000] "GET /api/User/analysis16?type=month HTTP/1.1" - -
::1 - - [26/Dec/2020:08:48:45 +0000] "GET /api/User/analysis16?type=month HTTP/1.1" - -
::1 - - [26/Dec/2020:08:49:46 +0000] "GET /api/User/analysis16?type=month HTTP/1.1" - -
::1 - - [26/Dec/2020:08:50:25 +0000] "GET /api/User/analysis16?type=month HTTP/1.1" - -
::1 - - [26/Dec/2020:08:51:48 +0000] "GET /api/User/analysis16?type=month HTTP/1.1" - -
::1 - - [26/Dec/2020:08:53:06 +0000] "GET /api/User/analysis16?type=month HTTP/1.1" - -
::1 - - [26/Dec/2020:08:53:27 +0000] "GET /api/User/analysis16?type=month HTTP/1.1" - -
::1 - - [26/Dec/2020:08:54:53 +0000] "GET /api/User/analysis16?type=month HTTP/1.1" - -
::1 - - [26/Dec/2020:08:56:08 +0000] "GET /api/User/analysis16?type=month HTTP/1.1" - -
::1 - - [26/Dec/2020:08:56:52 +0000] "GET /api/User/analysis16?type=month HTTP/1.1" - -
::1 - - [26/Dec/2020:08:58:04 +0000] "GET /api/User/analysis16?type=month HTTP/1.1" - -
::1 - - [26/Dec/2020:08:59:16 +0000] "GET /api/User/analysis16?type=month HTTP/1.1" - -
::1 - - [26/Dec/2020:08:59:53 +0000] "GET /api/User/analysis16?type=month HTTP/1.1" - -
::1 - - [26/Dec/2020:09:00:57 +0000] "GET /api/User/analysis16?type=month HTTP/1.1" - -
::1 - - [26/Dec/2020:09:01:12 +0000] "GET /api/User/analysis16?type=month HTTP/1.1" - -
::1 - - [26/Dec/2020:09:01:37 +0000] "GET /api/User/analysis16?type=month HTTP/1.1" - -
::1 - - [26/Dec/2020:09:03:05 +0000] "GET /api/User/analysis16?type=month HTTP/1.1" - -
::1 - - [26/Dec/2020:09:03:32 +0000] "GET /api/User/analysis16?type=month HTTP/1.1" - -
::1 - - [26/Dec/2020:09:04:45 +0000] "GET /api/User/analysis16?type=month HTTP/1.1" - -
::1 - - [26/Dec/2020:09:07:37 +0000] "GET /api/User/analysis16?type=month HTTP/1.1" 200 333
::1 - - [26/Dec/2020:09:10:06 +0000] "GET /api/User/analysis16?type=month HTTP/1.1" 200 360
::1 - - [26/Dec/2020:09:10:32 +0000] "GET /api/User/analysis16?type=month HTTP/1.1" 200 2
::1 - - [26/Dec/2020:09:11:39 +0000] "GET /api/User/analysis16?type=month HTTP/1.1" 200 333
::1 - - [26/Dec/2020:09:13:33 +0000] "GET /api/User/analysis16?type=month HTTP/1.1" 400 50
::1 - - [26/Dec/2020:09:15:21 +0000] "GET /api/User/analysis16?type=month HTTP/1.1" 200 325
::1 - - [26/Dec/2020:09:15:45 +0000] "GET /api/User/analysis16?type=month HTTP/1.1" 200 2
::1 - - [26/Dec/2020:09:16:27 +0000] "GET /api/User/analysis16?type=month HTTP/1.1" 200 325
::1 - - [26/Dec/2020:09:20:20 +0000] "GET /api/User/analysis16?type=month HTTP/1.1" 200 2
::1 - - [26/Dec/2020:09:20:47 +0000] "GET /api/User/analysis16?type=month HTTP/1.1" 200 2
::1 - - [26/Dec/2020:09:21:12 +0000] "GET /api/User/analysis16?type=month HTTP/1.1" 400 50
::1 - - [26/Dec/2020:09:22:14 +0000] "GET /api/User/analysis16?type=month HTTP/1.1" 200 106
::1 - - [26/Dec/2020:09:26:21 +0000] "GET /api/User/analysis16?type=month HTTP/1.1" 200 106
::1 - - [26/Dec/2020:09:28:24 +0000] "GET /api/User/analysis16?type=month HTTP/1.1" 200 96
::1 - - [26/Dec/2020:09:28:46 +0000] "GET /api/User/analysis16?type=month HTTP/1.1" 200 1429
::1 - - [26/Dec/2020:19:05:30 +0000] "POST /api/Employee/Fare/register HTTP/1.1" 401 -
::1 - - [26/Dec/2020:19:06:36 +0000] "POST /api/User/Employee/login HTTP/1.1" 200 374
::1 - - [26/Dec/2020:19:06:53 +0000] "POST /api/Employee/Fare/register HTTP/1.1" 200 58
::1 - - [26/Dec/2020:19:07:40 +0000] "POST /api/Employee/Fare/register HTTP/1.1" 200 72
::1 - - [26/Dec/2020:19:08:31 +0000] "POST /api/Employee/Fare/register HTTP/1.1" 200 72
::1 - - [26/Dec/2020:19:11:51 +0000] "POST /api/Employee/Fare/register HTTP/1.1" 200 72
::1 - - [26/Dec/2020:19:37:16 +0000] "POST /api/Employee/Fare/activate HTTP/1.1" 200 63
::1 - - [26/Dec/2020:19:37:23 +0000] "POST /api/Employee/Fare/activate?fare_Id=fr1209875643 HTTP/1.1" 200 67
::1 - - [26/Dec/2020:19:37:53 +0000] "POST /api/Employee/Fare/activate?fare_Id=fr1209875643 HTTP/1.1" 200 67
::1 - - [26/Dec/2020:19:38:25 +0000] "POST /api/Employee/Fare/activate?fare_Id=fr1209875643 HTTP/1.1" 200 67
::1 - - [26/Dec/2020:19:38:52 +0000] "POST /api/Employee/Fare/activate?fare_Id=fr1209875643 HTTP/1.1" 200 72
::1 - - [26/Dec/2020:19:39:12 +0000] "POST /api/Employee/Fare/activate?fare_Id=fr1209875643 HTTP/1.1" 200 72
::1 - - [26/Dec/2020:19:39:29 +0000] "POST /api/Employee/Fare/activate?fare_Id=fr1209875643 HTTP/1.1" 200 70
::1 - - [26/Dec/2020:19:39:40 +0000] "POST /api/Employee/Fare/activate?fare_Id=fr1209875643 HTTP/1.1" 200 70
::1 - - [26/Dec/2020:19:40:08 +0000] "POST /api/Employee/Fare/activate?fare_Id=fr120987564 HTTP/1.1" 200 70
::1 - - [26/Dec/2020:19:41:20 +0000] "POST /api/Employee/Fare/activate?fare_Id=fr1209875643 HTTP/1.1" 200 2
::1 - - [26/Dec/2020:19:42:29 +0000] "POST /api/Employee/Fare/activate?fare_Id=fr1209875643 HTTP/1.1" 200 2
::ffff:127.0.0.1 - - [26/Dec/2020:19:43:09 +0000] "POST /api/Employee/Fare/activate?fare_Id=fr1209875643 HTTP/1.1" 200 2
::1 - - [26/Dec/2020:19:44:04 +0000] "POST /api/Employee/Fare/activate?fare_Id=fr1209875643 HTTP/1.1" 200 374
::1 - - [26/Dec/2020:19:46:02 +0000] "POST /api/Employee/Fare/activate?fare_Id=fr1209875643 HTTP/1.1" 200 70
::1 - - [26/Dec/2020:19:46:19 +0000] "POST /api/Employee/Fare/activate?fare_Id=fr1209875654 HTTP/1.1" 200 70
::1 - - [26/Dec/2020:19:47:30 +0000] "POST /api/Employee/Fare/activate?fare_Id=fr1209875654 HTTP/1.1" 200 375
::1 - - [26/Dec/2020:19:54:36 +0000] "POST /api/Employee/Fare/activate?fare_Id=fr1209875654 HTTP/1.1" 200 53
::1 - - [14/Jan/2021:13:47:02 +0000] "GET /api/User/analysis5?type=month HTTP/1.1" 200 29
::1 - - [14/Jan/2021:13:49:12 +0000] "GET /api/User/analysis5 HTTP/1.1" 200 29
::1 - - [14/Jan/2021:13:50:31 +0000] "GET /api/User/analysis5 HTTP/1.1" 400 50
::1 - - [14/Jan/2021:13:50:58 +0000] "GET /api/User/analysis5 HTTP/1.1" 400 50
::1 - - [14/Jan/2021:13:51:37 +0000] "GET /api/User/analysis5 HTTP/1.1" 400 50
::1 - - [14/Jan/2021:13:51:51 +0000] "GET /api/User/analysis5 HTTP/1.1" 200 1456
::1 - - [14/Jan/2021:14:04:10 +0000] "GET /api/User/analysis5 HTTP/1.1" 400 50
::1 - - [14/Jan/2021:14:04:45 +0000] "GET /api/User/analysis5 HTTP/1.1" 400 50
::1 - - [14/Jan/2021:14:05:09 +0000] "GET /api/User/analysis5 HTTP/1.1" 400 50
::1 - - [14/Jan/2021:14:05:36 +0000] "GET /api/User/analysis5 HTTP/1.1" 400 50
::1 - - [14/Jan/2021:14:07:06 +0000] "GET /api/User/analysis5 HTTP/1.1" 200 743
::1 - - [14/Jan/2021:14:08:12 +0000] "GET /api/User/analysis5 HTTP/1.1" 200 757
::1 - - [14/Jan/2021:14:10:23 +0000] "GET /api/User/analysis5 HTTP/1.1" 200 749
::1 - - [14/Jan/2021:14:11:51 +0000] "GET /api/User/analysis5 HTTP/1.1" 200 100
::1 - - [14/Jan/2021:14:12:33 +0000] "GET /api/User/analysis5 HTTP/1.1" 200 100
::1 - - [14/Jan/2021:14:12:50 +0000] "GET /api/User/analysis5?type=month HTTP/1.1" 200 727
::1 - - [14/Jan/2021:14:13:16 +0000] "GET /api/User/analysis5?type=month HTTP/1.1" 200 728
::1 - - [14/Jan/2021:14:19:01 +0000] "GET /api/User/analysis5?type=month HTTP/1.1" 400 50
::1 - - [14/Jan/2021:14:21:24 +0000] "GET /api/User/analysis5?type=month HTTP/1.1" 400 50
::1 - - [14/Jan/2021:14:21:56 +0000] "GET /api/User/analysis5?type=month HTTP/1.1" 200 801
::1 - - [14/Jan/2021:14:22:12 +0000] "GET /api/User/analysis5?type=month HTTP/1.1" 200 763
::1 - - [14/Jan/2021:14:26:50 +0000] "GET /api/User/analysis5?type=month HTTP/1.1" 200 765
::1 - - [14/Jan/2021:14:27:40 +0000] "GET /api/User/analysis5?type=month HTTP/1.1" 200 116
::1 - - [14/Jan/2021:14:28:27 +0000] "GET /api/User/analysis5?type=month HTTP/1.1" 200 192
::1 - - [14/Jan/2021:14:36:20 +0000] "GET /api/User/analysis5?type=month HTTP/1.1" 400 50
::1 - - [14/Jan/2021:14:36:47 +0000] "GET /api/User/analysis5?type=month HTTP/1.1" 200 173
::1 - - [14/Jan/2021:14:38:01 +0000] "GET /api/User/analysis5?type=month HTTP/1.1" 200 169
::1 - - [14/Jan/2021:14:38:37 +0000] "GET /api/User/analysis5?type=month HTTP/1.1" 200 197
::1 - - [14/Jan/2021:14:44:05 +0000] "GET /api/User/analysis5?type=month HTTP/1.1" 200 173
::1 - - [14/Jan/2021:14:44:59 +0000] "GET /api/User/analysis5?type=month HTTP/1.1" 400 50
::1 - - [14/Jan/2021:14:46:42 +0000] "GET /api/User/analysis5?type=month HTTP/1.1" 200 231
::1 - - [14/Jan/2021:14:50:47 +0000] "GET /api/User/analysis5?type=month HTTP/1.1" 200 280
::1 - - [14/Jan/2021:14:51:32 +0000] "GET /api/User/analysis12?type=month HTTP/1.1" 200 776
::1 - - [14/Jan/2021:14:52:02 +0000] "GET /api/User/analysis5?type=month HTTP/1.1" 200 280
::1 - - [14/Jan/2021:14:52:31 +0000] "GET /api/User/analysis5?type=month HTTP/1.1" 200 116
::1 - - [14/Jan/2021:14:52:51 +0000] "GET /api/User/analysis5?type=month HTTP/1.1" 200 116
::1 - - [14/Jan/2021:14:53:21 +0000] "GET /api/User/analysis5?type=month HTTP/1.1" 200 116
::1 - - [14/Jan/2021:14:53:51 +0000] "GET /api/User/analysis5?type=month HTTP/1.1" 200 815
::1 - - [14/Jan/2021:14:56:59 +0000] "GET /api/User/analysis5?type=month HTTP/1.1" 200 180
::1 - - [14/Jan/2021:14:57:21 +0000] "GET /api/User/analysis13?type=month HTTP/1.1" 200 147
::1 - - [14/Jan/2021:14:57:28 +0000] "GET /api/User/analysis5?type=month HTTP/1.1" 200 180
::1 - - [14/Jan/2021:14:59:13 +0000] "GET /api/User/analysis5?type=month HTTP/1.1" 200 232
::1 - - [14/Jan/2021:15:29:31 +0000] "GET /api/User/analysis9?type=month HTTP/1.1" 200 425
::1 - - [14/Jan/2021:18:13:10 +0000] "GET /api/User/analysis?type=month HTTP/1.1" 400 50
::1 - - [14/Jan/2021:18:14:42 +0000] "GET /api/User/analysis?type=month HTTP/1.1" 200 174
::1 - - [14/Jan/2021:18:14:55 +0000] "GET /api/User/analysis?type=month HTTP/1.1" 200 116
::1 - - [14/Jan/2021:18:15:03 +0000] "GET /api/User/analysis?type=month HTTP/1.1" 200 116
::1 - - [14/Jan/2021:18:15:18 +0000] "GET /api/User/analysis?type=month HTTP/1.1" 200 116
::1 - - [14/Jan/2021:18:15:24 +0000] "GET /api/User/analysis?type=month HTTP/1.1" 200 176
::1 - - [14/Jan/2021:18:17:23 +0000] "GET /api/User/analysis?type=month HTTP/1.1" 200 116
::1 - - [14/Jan/2021:18:18:10 +0000] "GET /api/User/analysis?type=month HTTP/1.1" 200 745
::1 - - [14/Jan/2021:18:22:08 +0000] "GET /api/User/analysis?type=month HTTP/1.1" 200 175
::1 - - [14/Jan/2021:18:25:30 +0000] "GET /api/User/analysis?type=month HTTP/1.1" 200 175
::1 - - [14/Jan/2021:18:26:54 +0000] "GET /api/User/analysis2?type=month HTTP/1.1" 200 119
::1 - - [14/Jan/2021:18:29:00 +0000] "GET /api/User/analysis?type=month HTTP/1.1" 200 239
::1 - - [14/Jan/2021:18:29:15 +0000] "GET /api/User/analysis2?type=month HTTP/1.1" 200 119
::1 - - [14/Jan/2021:18:29:32 +0000] "GET /api/User/analysis?type=month HTTP/1.1" 200 241
::1 - - [14/Jan/2021:18:31:55 +0000] "GET /api/User/analysis?type=month HTTP/1.1" 200 228
::1 - - [14/Jan/2021:18:35:24 +0000] "GET /api/User/analysis?type=month HTTP/1.1" 400 50
::1 - - [14/Jan/2021:18:36:50 +0000] "GET /api/User/analysis?type=month HTTP/1.1" 200 236
::1 - - [14/Jan/2021:18:37:30 +0000] "GET /api/User/analysis4?type=month HTTP/1.1" 200 125
::1 - - [14/Jan/2021:18:41:51 +0000] "GET /api/User/analysis4?type=month HTTP/1.1" 200 125
::1 - - [14/Jan/2021:18:41:57 +0000] "GET /api/User/analysis?type=month HTTP/1.1" 200 232
::1 - - [14/Jan/2021:18:42:14 +0000] "GET /api/User/analysis?type=month HTTP/1.1" 200 446
::1 - - [14/Jan/2021:18:42:56 +0000] "GET /api/User/analysis?type=month HTTP/1.1" 200 473
::1 - - [14/Jan/2021:18:44:07 +0000] "GET /api/User/analysis?type=month HTTP/1.1" 200 448
::1 - - [14/Jan/2021:18:45:13 +0000] "GET /api/User/analysis?type=month HTTP/1.1" 200 226
::1 - - [14/Jan/2021:18:48:29 +0000] "GET /api/User/analysis11?type=month HTTP/1.1" 200 85
::1 - - [14/Jan/2021:18:50:11 +0000] "GET /api/User/analysis11?type=month HTTP/1.1" 400 50
::1 - - [14/Jan/2021:18:50:43 +0000] "GET /api/User/analysis11?type=month HTTP/1.1" 200 236
::1 - - [14/Jan/2021:18:52:42 +0000] "GET /api/User/analysis11?type=month HTTP/1.1" 400 50
::1 - - [14/Jan/2021:18:54:21 +0000] "GET /api/User/analysis10?type=month HTTP/1.1" 200 250
::1 - - [14/Jan/2021:18:54:47 +0000] "GET /api/User/analysis10?type=month HTTP/1.1" 400 50
::1 - - [14/Jan/2021:18:56:03 +0000] "GET /api/User/analysis10?type=month HTTP/1.1" 200 277
::1 - - [14/Jan/2021:19:44:13 +0000] "GET /api/User/analysis2?type=month HTTP/1.1" 400 50
::1 - - [14/Jan/2021:19:44:38 +0000] "GET /api/User/analysis2?type=month HTTP/1.1" 400 50
::1 - - [14/Jan/2021:19:45:28 +0000] "GET /api/User/analysis2?type=month HTTP/1.1" 400 50
::1 - - [14/Jan/2021:19:45:59 +0000] "GET /api/User/analysis2?type=month HTTP/1.1" 400 50
::1 - - [14/Jan/2021:19:46:21 +0000] "GET /api/User/analysis2?type=month HTTP/1.1" 400 50
::1 - - [14/Jan/2021:19:50:04 +0000] "GET /api/User/analysis2?type=month HTTP/1.1" 400 50
::1 - - [14/Jan/2021:19:50:53 +0000] "GET /api/User/analysis2?type=month HTTP/1.1" 400 50
::1 - - [14/Jan/2021:19:52:23 +0000] "GET /api/User/analysis2?type=month HTTP/1.1" 400 50
::1 - - [14/Jan/2021:20:01:55 +0000] "GET /api/User/analysis2?type=month HTTP/1.1" 400 50
::1 - - [14/Jan/2021:20:02:13 +0000] "GET /api/User/analysis2?type=month HTTP/1.1" 400 50
::1 - - [14/Jan/2021:20:02:58 +0000] "GET /api/User/analysis2?type=month HTTP/1.1" 400 50
::1 - - [14/Jan/2021:20:17:57 +0000] "GET /api/User/analysis2?type=month HTTP/1.1" 400 50
::1 - - [14/Jan/2021:20:18:37 +0000] "GET /api/User/analysis2?type=month HTTP/1.1" 200 116
::1 - - [14/Jan/2021:20:19:19 +0000] "GET /api/User/analysis2?type=month HTTP/1.1" 200 116
::1 - - [14/Jan/2021:20:19:44 +0000] "GET /api/User/analysis2?type=month HTTP/1.1" 200 116
::1 - - [14/Jan/2021:20:20:58 +0000] "GET /api/User/analysis2?type=month HTTP/1.1" 200 116
::1 - - [14/Jan/2021:20:21:16 +0000] "GET /api/User/analysis2?type=month HTTP/1.1" 200 116
::1 - - [14/Jan/2021:20:22:13 +0000] "GET /api/User/analysis2?type=month HTTP/1.1" 200 116
::1 - - [14/Jan/2021:20:33:27 +0000] "GET /api/User/analysis2?type=month HTTP/1.1" 200 116
::1 - - [14/Jan/2021:20:33:57 +0000] "GET /api/User/analysis2?type=month HTTP/1.1" 200 116
::1 - - [14/Jan/2021:20:34:17 +0000] "GET /api/User/analysis2?type=month HTTP/1.1" 200 116
::1 - - [14/Jan/2021:20:35:33 +0000] "GET /api/User/analysis2?type=month HTTP/1.1" 200 798
