::1 - - [18/Jan/2021:16:51:17 +0000] "POST /api/User/Employee/login HTTP/1.1" 200 799
::1 - - [18/Jan/2021:16:54:08 +0000] "POST /api/Employee/Notification/register HTTP/1.1" 200 63
::1 - - [18/Jan/2021:17:09:03 +0000] "GET /api/Employee/Notification/view HTTP/1.1" 401 -
::1 - - [18/Jan/2021:17:09:40 +0000] "GET /api/Employee/Notification/view HTTP/1.1" 401 -
::1 - - [18/Jan/2021:17:09:41 +0000] "GET /api/Employee/Notification/view HTTP/1.1" 401 -
::1 - - [18/Jan/2021:17:09:49 +0000] "GET /api/Employee/Notification/view HTTP/1.1" 200 2405
::1 - - [18/Jan/2021:17:11:48 +0000] "GET /api/Employee/Notification/view HTTP/1.1" 400 50
::1 - - [18/Jan/2021:17:12:09 +0000] "GET /api/Employee/Notification/view HTTP/1.1" 400 50
::1 - - [18/Jan/2021:17:12:48 +0000] "GET /api/Employee/Notification/view HTTP/1.1" 200 2405
::1 - - [18/Jan/2021:17:14:09 +0000] "GET /api/Employee/Notification/view HTTP/1.1" 200 2405
::1 - - [18/Jan/2021:17:15:09 +0000] "GET /api/Employee/Notification/view HTTP/1.1" 400 50
::1 - - [18/Jan/2021:17:16:29 +0000] "GET /api/Employee/Notification/view HTTP/1.1" 400 50
::1 - - [18/Jan/2021:17:16:51 +0000] "GET /api/Employee/Notification/view HTTP/1.1" 400 50
::1 - - [18/Jan/2021:17:17:40 +0000] "GET /api/Employee/Notification/view HTTP/1.1" 400 50
::1 - - [18/Jan/2021:17:18:20 +0000] "GET /api/Employee/Notification/view HTTP/1.1" 400 50
::1 - - [18/Jan/2021:17:18:31 +0000] "GET /api/Employee/Notification/view HTTP/1.1" 400 50
::1 - - [18/Jan/2021:17:19:51 +0000] "GET /api/Employee/Notification/view HTTP/1.1" 400 50
::1 - - [18/Jan/2021:17:21:37 +0000] "GET /api/Employee/Notification/view HTTP/1.1" 200 2405
::1 - - [18/Jan/2021:17:21:56 +0000] "GET /api/Employee/Notification/view HTTP/1.1" 200 1815
::1 - - [18/Jan/2021:17:31:56 +0000] "POST /api/Employee/Notification/view HTTP/1.1" 404 170
::1 - - [18/Jan/2021:17:32:20 +0000] "POST /api/Employee/Notification/view HTTP/1.1" 404 170
::1 - - [18/Jan/2021:17:33:15 +0000] "POST /api/Employee/Notification/view HTTP/1.1" 404 170
::1 - - [18/Jan/2021:17:34:36 +0000] "GET /api/Employee/Notification/view HTTP/1.1" 200 1815
::1 - - [18/Jan/2021:17:35:27 +0000] "GET /api/Employee/Notification/view HTTP/1.1" 304 -
::1 - - [18/Jan/2021:17:37:44 +0000] "GET /api/Employee/Notification/view HTTP/1.1" 304 -
::1 - - [18/Jan/2021:17:38:44 +0000] "GET /api/Employee/Notification/view HTTP/1.1" 304 -
::1 - - [18/Jan/2021:17:39:06 +0000] "GET /api/Employee/Notification/view HTTP/1.1" 304 -
::1 - - [18/Jan/2021:17:41:47 +0000] "GET /api/Employee/Notification/view HTTP/1.1" 400 50
::1 - - [18/Jan/2021:17:42:05 +0000] "GET /api/Employee/Notification/view HTTP/1.1" 200 1815
::1 - - [18/Jan/2021:17:43:20 +0000] "GET /api/Employee/Notification/view HTTP/1.1" 200 1815
::1 - - [18/Jan/2021:17:43:38 +0000] "GET /api/Employee/Notification/view HTTP/1.1" 200 1815
::1 - - [18/Jan/2021:17:44:48 +0000] "GET /api/Employee/Notification/view HTTP/1.1" 200 1815
::1 - - [18/Jan/2021:17:46:14 +0000] "GET /api/Employee/Notification/view HTTP/1.1" 200 1859
::1 - - [18/Jan/2021:17:48:17 +0000] "GET /api/Employee/Notification/view HTTP/1.1" 200 1859
::1 - - [18/Jan/2021:17:50:28 +0000] "GET /api/Employee/Notification/view HTTP/1.1" 304 -
::1 - - [18/Jan/2021:17:51:09 +0000] "GET /api/Employee/Notification/view HTTP/1.1" 304 -
::1 - - [18/Jan/2021:17:51:37 +0000] "GET /api/Employee/Notification/view HTTP/1.1" 304 -
::1 - - [18/Jan/2021:17:56:01 +0000] "GET /api/Employee/Notification/view HTTP/1.1" 304 -
::1 - - [18/Jan/2021:18:38:34 +0000] "GET /api/Employee/Notification/find?limit=15&session_Id=b156d9c1412e6115c5c6cb233dfe3bd7 HTTP/1.1" 200 66
::1 - - [18/Jan/2021:18:39:03 +0000] "GET /api/Employee/Notification/find?limit=15&session_Id=b156d9c1412e6115c5c6cb233dfe3bd7 HTTP/1.1" 200 1197
::1 - - [18/Jan/2021:19:29:47 +0000] "GET /api/Employee/Notification/view HTTP/1.1" 304 -
::1 - - [18/Jan/2021:19:30:17 +0000] "GET /api/Employee/Notification/view HTTP/1.1" 304 -
::1 - - [18/Jan/2021:19:30:21 +0000] "GET /api/Employee/Notification/find?limit=15&session_Id=b156d9c1412e6115c5c6cb233dfe3bd7 HTTP/1.1" 200 1197
::1 - - [18/Jan/2021:19:30:38 +0000] "GET /api/Employee/Notification/find?limit=15&session_Id=c695e5476e317d10e71a5181b4008801 HTTP/1.1" 200 651
::1 - - [18/Jan/2021:19:30:42 +0000] "GET /api/Employee/Notification/find?limit=15&session_Id=b156d9c1412e6115c5c6cb233dfe3bd7 HTTP/1.1" 304 -
::1 - - [18/Jan/2021:19:33:28 +0000] "GET /api/Employee/Notification/view HTTP/1.1" 304 -
::1 - - [18/Jan/2021:19:33:30 +0000] "GET /api/Employee/Notification/find?limit=15&session_Id=b156d9c1412e6115c5c6cb233dfe3bd7 HTTP/1.1" 304 -
::1 - - [18/Jan/2021:19:33:40 +0000] "GET /api/Employee/Notification/find?limit=15&session_Id=c695e5476e317d10e71a5181b4008801 HTTP/1.1" 304 -
::1 - - [18/Jan/2021:19:33:41 +0000] "GET /api/Employee/Notification/find?limit=15&session_Id=b156d9c1412e6115c5c6cb233dfe3bd7 HTTP/1.1" 304 -
::1 - - [18/Jan/2021:19:33:42 +0000] "GET /api/Employee/Notification/find?limit=15&session_Id=c695e5476e317d10e71a5181b4008801 HTTP/1.1" 304 -
::1 - - [18/Jan/2021:19:34:52 +0000] "GET /api/Employee/Notification/find?limit=15&session_Id=7 HTTP/1.1" 200 55
::1 - - [18/Jan/2021:19:34:56 +0000] "GET /api/Employee/Notification/view HTTP/1.1" 304 -
::1 - - [18/Jan/2021:19:34:57 +0000] "GET /api/Employee/Notification/find?limit=15&session_Id=b156d9c1412e6115c5c6cb233dfe3bd7 HTTP/1.1" 304 -
::1 - - [18/Jan/2021:19:35:01 +0000] "GET /api/Employee/Notification/find?limit=15&session_Id=c695e5476e317d10e71a5181b4008801 HTTP/1.1" 304 -
::1 - - [18/Jan/2021:19:35:03 +0000] "GET /api/Employee/Notification/find?limit=15&session_Id=b156d9c1412e6115c5c6cb233dfe3bd7 HTTP/1.1" 304 -
::1 - - [18/Jan/2021:19:35:03 +0000] "GET /api/Employee/Notification/find?limit=15&session_Id=c695e5476e317d10e71a5181b4008801 HTTP/1.1" 304 -
::1 - - [18/Jan/2021:19:35:04 +0000] "GET /api/Employee/Notification/find?limit=15&session_Id=b156d9c1412e6115c5c6cb233dfe3bd7 HTTP/1.1" 304 -
::1 - - [18/Jan/2021:19:35:05 +0000] "GET /api/Employee/Notification/find?limit=15&session_Id=c695e5476e317d10e71a5181b4008801 HTTP/1.1" 304 -
::1 - - [18/Jan/2021:19:35:10 +0000] "GET /api/Employee/Notification/find?limit=15&session_Id=b156d9c1412e6115c5c6cb233dfe3bd7 HTTP/1.1" 304 -
::1 - - [18/Jan/2021:19:35:10 +0000] "GET /api/Employee/Notification/find?limit=15&session_Id=c695e5476e317d10e71a5181b4008801 HTTP/1.1" 304 -
::1 - - [18/Jan/2021:19:36:31 +0000] "GET /api/Employee/Notification/view HTTP/1.1" 304 -
::1 - - [18/Jan/2021:19:36:33 +0000] "GET /api/Employee/Notification/find?limit=15&session_Id=c695e5476e317d10e71a5181b4008801 HTTP/1.1" 304 -
::1 - - [18/Jan/2021:19:36:35 +0000] "GET /api/Employee/Notification/find?limit=15&session_Id=b156d9c1412e6115c5c6cb233dfe3bd6 HTTP/1.1" 200 609
::1 - - [18/Jan/2021:19:36:36 +0000] "GET /api/Employee/Notification/find?limit=15&session_Id=b156d9c1412e6115c5c6cb233dfe3bd7 HTTP/1.1" 304 -
::1 - - [18/Jan/2021:19:38:23 +0000] "GET /api/Employee/Notification/find?limit=15&session_Id=b156d9c1412e6115c5c6cb233dfe3bd6 HTTP/1.1" 304 -
::1 - - [18/Jan/2021:19:38:24 +0000] "GET /api/Employee/Notification/find?limit=15&session_Id=c695e5476e317d10e71a5181b4008801 HTTP/1.1" 304 -
::1 - - [18/Jan/2021:19:38:25 +0000] "GET /api/Employee/Notification/find?limit=15&session_Id=b156d9c1412e6115c5c6cb233dfe3bd6 HTTP/1.1" 304 -
::1 - - [18/Jan/2021:19:38:26 +0000] "GET /api/Employee/Notification/find?limit=15&session_Id=b156d9c1412e6115c5c6cb233dfe3bd7 HTTP/1.1" 304 -
::1 - - [18/Jan/2021:19:45:37 +0000] "GET /api/Employee/Notification/view HTTP/1.1" 304 -
::1 - - [18/Jan/2021:19:45:41 +0000] "GET /api/Employee/Notification/find?limit=15&session_Id=b156d9c1412e6115c5c6cb233dfe3bd7 HTTP/1.1" 304 -
::1 - - [18/Jan/2021:19:45:41 +0000] "GET /api/Employee/Notification/mark?session_Id=b156d9c1412e6115c5c6cb233dfe3bd7 HTTP/1.1" 404 169
::1 - - [18/Jan/2021:19:46:22 +0000] "GET /api/Employee/Notification/view HTTP/1.1" 304 -
::1 - - [18/Jan/2021:19:46:23 +0000] "GET /api/Employee/Notification/find?limit=15&session_Id=b156d9c1412e6115c5c6cb233dfe3bd7 HTTP/1.1" 304 -
::1 - - [18/Jan/2021:19:46:24 +0000] "POST /api/Employee/Notification/mark?session_Id=b156d9c1412e6115c5c6cb233dfe3bd7 HTTP/1.1" 200 51
::1 - - [18/Jan/2021:19:46:28 +0000] "GET /api/Employee/Notification/find?limit=15&session_Id=b156d9c1412e6115c5c6cb233dfe3bd6 HTTP/1.1" 304 -
::1 - - [18/Jan/2021:19:46:28 +0000] "POST /api/Employee/Notification/mark?session_Id=b156d9c1412e6115c5c6cb233dfe3bd6 HTTP/1.1" 200 51
::1 - - [18/Jan/2021:19:46:32 +0000] "GET /api/Employee/Notification/view HTTP/1.1" 304 -
::1 - - [18/Jan/2021:19:46:36 +0000] "GET /api/Employee/Notification/view HTTP/1.1" 304 -
::1 - - [18/Jan/2021:19:46:44 +0000] "GET /api/Employee/Notification/view HTTP/1.1" 304 -
::1 - - [18/Jan/2021:19:48:46 +0000] "GET /api/Employee/Notification/view HTTP/1.1" 304 -
::1 - - [18/Jan/2021:19:48:48 +0000] "GET /api/Employee/Notification/find?limit=15&session_Id=b156d9c1412e6115c5c6cb233dfe3bd7 HTTP/1.1" 304 -
::1 - - [18/Jan/2021:19:48:48 +0000] "POST /api/Employee/Notification/mark?session_Id=b156d9c1412e6115c5c6cb233dfe3bd7 HTTP/1.1" 200 51
::1 - - [18/Jan/2021:19:49:15 +0000] "GET /api/Employee/Notification/view HTTP/1.1" 304 -
::1 - - [18/Jan/2021:19:49:18 +0000] "GET /api/Employee/Notification/find?limit=15&session_Id=b156d9c1412e6115c5c6cb233dfe3bd7 HTTP/1.1" 304 -
::1 - - [18/Jan/2021:19:49:18 +0000] "POST /api/Employee/Notification/mark?session_Id=b156d9c1412e6115c5c6cb233dfe3bd7 HTTP/1.1" 200 51
::1 - - [18/Jan/2021:19:51:33 +0000] "GET /api/Employee/Notification/view HTTP/1.1" 304 -
::1 - - [18/Jan/2021:19:51:35 +0000] "GET /api/Employee/Notification/find?limit=15&session_Id=b156d9c1412e6115c5c6cb233dfe3bd7 HTTP/1.1" 304 -
::1 - - [18/Jan/2021:19:51:35 +0000] "POST /api/Employee/Notification/mark?session_Id=b156d9c1412e6115c5c6cb233dfe3bd7 HTTP/1.1" 400 50
::1 - - [18/Jan/2021:19:52:27 +0000] "GET /api/Employee/Notification/view HTTP/1.1" 304 -
::1 - - [18/Jan/2021:19:52:28 +0000] "GET /api/Employee/Notification/find?limit=15&session_Id=b156d9c1412e6115c5c6cb233dfe3bd7 HTTP/1.1" 304 -
::1 - - [18/Jan/2021:19:52:28 +0000] "POST /api/Employee/Notification/mark?session_Id=b156d9c1412e6115c5c6cb233dfe3bd7 HTTP/1.1" 200 51
::1 - - [18/Jan/2021:19:53:33 +0000] "GET /api/Employee/Notification/view HTTP/1.1" 304 -
::1 - - [18/Jan/2021:19:53:34 +0000] "GET /api/Employee/Notification/find?limit=15&session_Id=b156d9c1412e6115c5c6cb233dfe3bd7 HTTP/1.1" 304 -
::1 - - [18/Jan/2021:19:53:34 +0000] "POST /api/Employee/Notification/mark?session_Id=b156d9c1412e6115c5c6cb233dfe3bd7 HTTP/1.1" 200 51
::1 - - [18/Jan/2021:19:54:00 +0000] "GET /api/Employee/Notification/find?limit=15&session_Id=b156d9c1412e6115c5c6cb233dfe3bd6 HTTP/1.1" 304 -
::1 - - [18/Jan/2021:19:54:00 +0000] "POST /api/Employee/Notification/mark?session_Id=b156d9c1412e6115c5c6cb233dfe3bd6 HTTP/1.1" 200 51
::1 - - [18/Jan/2021:19:55:28 +0000] "GET /api/Employee/Notification/view HTTP/1.1" 304 -
::1 - - [18/Jan/2021:19:55:30 +0000] "GET /api/Employee/Notification/find?limit=15&session_Id=b156d9c1412e6115c5c6cb233dfe3bd7 HTTP/1.1" 304 -
::1 - - [18/Jan/2021:19:55:30 +0000] "POST /api/Employee/Notification/mark?session_Id=b156d9c1412e6115c5c6cb233dfe3bd7 HTTP/1.1" 200 51
::1 - - [18/Jan/2021:19:55:37 +0000] "GET /api/Employee/Notification/find?limit=15&session_Id=b156d9c1412e6115c5c6cb233dfe3bd6 HTTP/1.1" 304 -
::1 - - [18/Jan/2021:19:55:39 +0000] "POST /api/Employee/Notification/mark?session_Id=b156d9c1412e6115c5c6cb233dfe3bd6 HTTP/1.1" 200 118
::1 - - [18/Jan/2021:19:59:42 +0000] "GET /api/Employee/Notification/view HTTP/1.1" 200 1859
::1 - - [18/Jan/2021:19:59:45 +0000] "GET /api/Employee/Notification/find?limit=15&session_Id=b156d9c1412e6115c5c6cb233dfe3bd6 HTTP/1.1" 200 609
::1 - - [18/Jan/2021:19:59:45 +0000] "POST /api/Employee/Notification/mark?session_Id=b156d9c1412e6115c5c6cb233dfe3bd6 HTTP/1.1" 200 118
::1 - - [18/Jan/2021:20:01:49 +0000] "GET /api/Employee/Notification/view HTTP/1.1" 200 1859
::1 - - [18/Jan/2021:20:01:52 +0000] "GET /api/Employee/Notification/find?limit=15&session_Id=b156d9c1412e6115c5c6cb233dfe3bd7 HTTP/1.1" 304 -
::1 - - [18/Jan/2021:20:01:52 +0000] "POST /api/Employee/Notification/mark?session_Id=b156d9c1412e6115c5c6cb233dfe3bd7 HTTP/1.1" 200 51
::1 - - [18/Jan/2021:20:01:57 +0000] "GET /api/Employee/Notification/find?limit=15&session_Id=b156d9c1412e6115c5c6cb233dfe3bd6 HTTP/1.1" 200 609
::1 - - [18/Jan/2021:20:01:57 +0000] "POST /api/Employee/Notification/mark?session_Id=b156d9c1412e6115c5c6cb233dfe3bd6 HTTP/1.1" 200 118
::1 - - [18/Jan/2021:20:02:17 +0000] "GET /api/Employee/Notification/find?limit=15&session_Id=b156d9c1412e6115c5c6cb233dfe3bd7 HTTP/1.1" 304 -
::1 - - [18/Jan/2021:20:02:17 +0000] "POST /api/Employee/Notification/mark?session_Id=b156d9c1412e6115c5c6cb233dfe3bd7 HTTP/1.1" 200 51
::1 - - [18/Jan/2021:20:02:58 +0000] "GET /api/Employee/Notification/find?limit=15&session_Id=b156d9c1412e6115c5c6cb233dfe3bd6 HTTP/1.1" 200 609
::1 - - [18/Jan/2021:20:02:59 +0000] "POST /api/Employee/Notification/mark?session_Id=b156d9c1412e6115c5c6cb233dfe3bd6 HTTP/1.1" 200 118
::1 - - [18/Jan/2021:20:03:01 +0000] "GET /api/Employee/Notification/find?limit=15&session_Id=b156d9c1412e6115c5c6cb233dfe3bd7 HTTP/1.1" 304 -
::1 - - [18/Jan/2021:20:03:01 +0000] "POST /api/Employee/Notification/mark?session_Id=b156d9c1412e6115c5c6cb233dfe3bd7 HTTP/1.1" 200 51
::1 - - [18/Jan/2021:20:04:34 +0000] "GET /api/Employee/Notification/find?limit=15&session_Id=b156d9c1412e6115c5c6cb233dfe3bd6 HTTP/1.1" 200 609
::1 - - [18/Jan/2021:20:04:34 +0000] "POST /api/Employee/Notification/mark?session_Id=b156d9c1412e6115c5c6cb233dfe3bd6 HTTP/1.1" 200 118
::1 - - [18/Jan/2021:20:04:35 +0000] "GET /api/Employee/Notification/find?limit=15&session_Id=c695e5476e317d10e71a5181b4008801 HTTP/1.1" 304 -
::1 - - [18/Jan/2021:20:04:35 +0000] "POST /api/Employee/Notification/mark?session_Id=c695e5476e317d10e71a5181b4008801 HTTP/1.1" 200 118
::1 - - [18/Jan/2021:20:05:05 +0000] "GET /api/Employee/Notification/find?limit=15&session_Id=b156d9c1412e6115c5c6cb233dfe3bd6 HTTP/1.1" 200 609
::1 - - [18/Jan/2021:20:05:06 +0000] "POST /api/Employee/Notification/mark?session_Id=b156d9c1412e6115c5c6cb233dfe3bd6 HTTP/1.1" 200 118
::1 - - [18/Jan/2021:20:05:56 +0000] "GET /api/Employee/Notification/view HTTP/1.1" 200 1858
::1 - - [18/Jan/2021:20:05:58 +0000] "GET /api/Employee/Notification/find?limit=15&session_Id=b156d9c1412e6115c5c6cb233dfe3bd7 HTTP/1.1" 304 -
::1 - - [18/Jan/2021:20:05:58 +0000] "POST /api/Employee/Notification/mark?session_Id=b156d9c1412e6115c5c6cb233dfe3bd7 HTTP/1.1" 200 51
::1 - - [18/Jan/2021:20:05:59 +0000] "GET /api/Employee/Notification/find?limit=15&session_Id=b156d9c1412e6115c5c6cb233dfe3bd6 HTTP/1.1" 200 609
::1 - - [18/Jan/2021:20:05:59 +0000] "POST /api/Employee/Notification/mark?session_Id=b156d9c1412e6115c5c6cb233dfe3bd6 HTTP/1.1" 200 118
::1 - - [18/Jan/2021:20:05:59 +0000] "GET /api/Employee/Notification/find?limit=15&session_Id=c695e5476e317d10e71a5181b4008801 HTTP/1.1" 200 650
::1 - - [18/Jan/2021:20:05:59 +0000] "POST /api/Employee/Notification/mark?session_Id=c695e5476e317d10e71a5181b4008801 HTTP/1.1" 200 118
::1 - - [18/Jan/2021:20:07:00 +0000] "GET /api/Employee/Notification/find?limit=15&session_Id=b156d9c1412e6115c5c6cb233dfe3bd6 HTTP/1.1" 200 609
::1 - - [18/Jan/2021:20:07:01 +0000] "POST /api/Employee/Notification/mark?session_Id=b156d9c1412e6115c5c6cb233dfe3bd6 HTTP/1.1" 200 118
::1 - - [18/Jan/2021:20:07:01 +0000] "GET /api/Employee/Notification/find?limit=15&session_Id=b156d9c1412e6115c5c6cb233dfe3bd7 HTTP/1.1" 200 1196
::1 - - [18/Jan/2021:20:07:01 +0000] "POST /api/Employee/Notification/mark?session_Id=b156d9c1412e6115c5c6cb233dfe3bd7 HTTP/1.1" 200 51
::1 - - [18/Jan/2021:20:47:07 +0000] "GET /api/Employee/Notification/view HTTP/1.1" 200 1858
::1 - - [18/Jan/2021:20:47:07 +0000] "GET /api/Employee/Notification/find?limit=15&session_Id=b156d9c1412e6115c5c6cb233dfe3bd6 HTTP/1.1" 200 609
::1 - - [18/Jan/2021:20:47:07 +0000] "POST /api/Employee/Notification/mark?session_Id=b156d9c1412e6115c5c6cb233dfe3bd6 HTTP/1.1" 200 118
::1 - - [18/Jan/2021:20:47:08 +0000] "GET /api/Employee/Notification/find?limit=15&session_Id=c695e5476e317d10e71a5181b4008801 HTTP/1.1" 200 650
::1 - - [18/Jan/2021:20:47:08 +0000] "POST /api/Employee/Notification/mark?session_Id=c695e5476e317d10e71a5181b4008801 HTTP/1.1" 200 118
::1 - - [18/Jan/2021:20:47:09 +0000] "GET /api/Employee/Notification/find?limit=15&session_Id=b156d9c1412e6115c5c6cb233dfe3bd7 HTTP/1.1" 304 -
::1 - - [18/Jan/2021:20:47:09 +0000] "POST /api/Employee/Notification/mark?session_Id=b156d9c1412e6115c5c6cb233dfe3bd7 HTTP/1.1" 200 51
