::1 - - [15/Jan/2021:21:01:44 +0000] "GET /api/User/role/get?type=month HTTP/1.1" 200 254
::1 - - [15/Jan/2021:21:02:12 +0000] "GET /api/User/role/get?type=month HTTP/1.1" 200 254
::1 - - [15/Jan/2021:21:02:50 +0000] "GET /api/User/role/get?type=month HTTP/1.1" 200 254
::1 - - [15/Jan/2021:21:07:57 +0000] "GET /api/User/role/get?type=month HTTP/1.1" 400 50
::1 - - [15/Jan/2021:21:08:23 +0000] "GET /api/User/role/get?type=month HTTP/1.1" 400 50
::1 - - [15/Jan/2021:21:08:50 +0000] "GET /api/User/role/get?type=month HTTP/1.1" 400 50
::1 - - [15/Jan/2021:21:09:21 +0000] "GET /api/User/role/get?type=month HTTP/1.1" 400 50
::1 - - [15/Jan/2021:21:09:44 +0000] "GET /api/User/role/get?type=month HTTP/1.1" 200 144
::1 - - [15/Jan/2021:21:13:48 +0000] "GET /api/User/role/get?type=month HTTP/1.1" 200 132
::1 - - [15/Jan/2021:21:17:55 +0000] "GET /api/User/role/get?type=month HTTP/1.1" 200 132
::1 - - [15/Jan/2021:21:20:01 +0000] "GET /api/User/role/get?type=month HTTP/1.1" 200 132
::1 - - [15/Jan/2021:21:21:33 +0000] "GET /api/User/role/get?type=month HTTP/1.1" 200 144
::1 - - [15/Jan/2021:21:22:16 +0000] "GET /api/User/role/get?type=month HTTP/1.1" 200 224
::1 - - [15/Jan/2021:21:22:55 +0000] "GET /api/User/role/get?type=month HTTP/1.1" 200 224
::1 - - [15/Jan/2021:21:24:08 +0000] "GET /api/User/role/get?type=month HTTP/1.1" 200 254
::1 - - [15/Jan/2021:21:24:39 +0000] "GET /api/User/role/get?type=month HTTP/1.1" 200 224
::1 - - [15/Jan/2021:21:29:54 +0000] "GET /api/User/role/get?type=month HTTP/1.1" 200 224
::1 - - [15/Jan/2021:21:36:21 +0000] "POST /api/Employee/Fare/activate?fare_Id=fr1209875654 HTTP/1.1" 401 -
::1 - - [15/Jan/2021:21:39:22 +0000] "GET /api/User/role/get?type=month HTTP/1.1" 200 224
::1 - - [15/Jan/2021:21:40:51 +0000] "GET /api/User/role/get?type=month HTTP/1.1" 400 50
::1 - - [15/Jan/2021:21:42:04 +0000] "GET /api/User/role/get?type=month HTTP/1.1" 400 50
::1 - - [15/Jan/2021:21:42:44 +0000] "GET /api/User/role/get?type=month HTTP/1.1" 400 50
::1 - - [15/Jan/2021:21:48:36 +0000] "GET /api/User/role/get?type=month HTTP/1.1" 400 50
::1 - - [15/Jan/2021:21:49:22 +0000] "GET /api/User/role/get?type=month HTTP/1.1" 400 50
::1 - - [15/Jan/2021:21:49:36 +0000] "GET /api/User/role/get?type=month HTTP/1.1" 400 50
::1 - - [15/Jan/2021:21:50:42 +0000] "GET /api/User/role/get?type=month HTTP/1.1" 400 50
::1 - - [15/Jan/2021:21:51:16 +0000] "GET /api/User/role/get?type=month HTTP/1.1" 400 50
::1 - - [15/Jan/2021:21:51:29 +0000] "GET /api/User/role/get?type=month HTTP/1.1" 400 50
::1 - - [15/Jan/2021:22:03:33 +0000] "GET /api/User/role/get?type=month HTTP/1.1" 400 50
::1 - - [15/Jan/2021:22:03:56 +0000] "GET /api/User/role/get?type=month HTTP/1.1" 400 50
::1 - - [15/Jan/2021:22:04:30 +0000] "GET /api/User/role/get?type=month HTTP/1.1" 400 50
::1 - - [15/Jan/2021:22:05:06 +0000] "GET /api/User/role/get?type=month HTTP/1.1" 400 50
::1 - - [15/Jan/2021:22:05:48 +0000] "GET /api/User/role/get?type=month HTTP/1.1" 400 50
::1 - - [15/Jan/2021:22:06:08 +0000] "GET /api/User/role/get?type=month HTTP/1.1" 400 50
::1 - - [15/Jan/2021:22:07:26 +0000] "GET /api/User/role/get?type=month HTTP/1.1" 400 50
::1 - - [15/Jan/2021:22:07:53 +0000] "GET /api/User/role/get?type=month HTTP/1.1" 400 50
::1 - - [15/Jan/2021:22:08:24 +0000] "GET /api/User/role/get?type=month HTTP/1.1" 400 50
::1 - - [15/Jan/2021:22:09:44 +0000] "GET /api/User/role/get?type=month HTTP/1.1" 400 50
::1 - - [15/Jan/2021:22:10:17 +0000] "GET /api/User/role/get?type=month HTTP/1.1" 400 50
::1 - - [15/Jan/2021:22:12:14 +0000] "GET /api/User/role/get?type=month HTTP/1.1" 400 50
::1 - - [15/Jan/2021:22:13:01 +0000] "GET /api/User/role/get?type=month HTTP/1.1" 400 50
::1 - - [15/Jan/2021:22:13:51 +0000] "GET /api/User/role/get?type=month HTTP/1.1" 400 50
::1 - - [15/Jan/2021:22:15:47 +0000] "GET /api/User/role/get?type=month HTTP/1.1" 400 50
::1 - - [15/Jan/2021:22:16:03 +0000] "GET /api/User/role/get?type=month HTTP/1.1" 400 50
::1 - - [15/Jan/2021:22:18:40 +0000] "GET /api/User/role/get?type=month HTTP/1.1" 400 50
::1 - - [15/Jan/2021:22:19:12 +0000] "GET /api/User/role/get?type=month HTTP/1.1" 400 50
::1 - - [15/Jan/2021:22:22:24 +0000] "GET /api/User/role/get?type=month HTTP/1.1" 400 50
::1 - - [15/Jan/2021:22:22:39 +0000] "GET /api/User/role/get?type=month HTTP/1.1" 400 50
::1 - - [15/Jan/2021:22:25:04 +0000] "GET /api/User/role/get?type=month HTTP/1.1" 400 50
::1 - - [15/Jan/2021:22:25:47 +0000] "GET /api/User/role/get?type=month HTTP/1.1" 400 50
::1 - - [15/Jan/2021:22:26:24 +0000] "GET /api/User/role/get?type=month HTTP/1.1" 400 50
::1 - - [15/Jan/2021:22:27:21 +0000] "GET /api/User/role/get?type=month HTTP/1.1" 400 50
::1 - - [15/Jan/2021:22:27:49 +0000] "GET /api/User/role/get?type=month HTTP/1.1" 400 50
::1 - - [15/Jan/2021:22:28:25 +0000] "GET /api/User/role/get?type=month HTTP/1.1" 400 50
::1 - - [15/Jan/2021:22:29:55 +0000] "GET /api/User/role/get?type=month HTTP/1.1" 400 50
::1 - - [15/Jan/2021:22:31:24 +0000] "GET /api/User/role/get?type=month HTTP/1.1" 400 50
::1 - - [15/Jan/2021:22:32:18 +0000] "GET /api/User/role/get?type=month HTTP/1.1" 400 50
::1 - - [15/Jan/2021:22:33:17 +0000] "GET /api/User/role/get?type=month HTTP/1.1" 200 176
::1 - - [15/Jan/2021:22:34:19 +0000] "GET /api/User/role/get?type=month HTTP/1.1" 200 181
::1 - - [15/Jan/2021:22:52:55 +0000] "GET /api/User/role/get?type=month HTTP/1.1" 400 50
::1 - - [15/Jan/2021:22:53:22 +0000] "GET /api/User/role/get?type=month HTTP/1.1" 400 50
::1 - - [15/Jan/2021:22:53:35 +0000] "GET /api/User/role/get?type=month HTTP/1.1" 200 191
::1 - - [15/Jan/2021:22:54:11 +0000] "GET /api/User/role/get?type=month HTTP/1.1" 200 612
::1 - - [15/Jan/2021:22:54:52 +0000] "GET /api/User/role/get?type=month HTTP/1.1" 200 612
::1 - - [15/Jan/2021:22:55:09 +0000] "GET /api/User/role/get?type=month HTTP/1.1" 200 191
::1 - - [15/Jan/2021:22:56:01 +0000] "GET /api/User/role/get?type=month HTTP/1.1" 200 612
::1 - - [15/Jan/2021:22:56:38 +0000] "GET /api/User/role/get?type=month HTTP/1.1" 200 612
::1 - - [15/Jan/2021:22:57:42 +0000] "GET /api/User/role/get?type=month HTTP/1.1" 200 191
::1 - - [15/Jan/2021:22:58:14 +0000] "GET /api/User/role/get?type=month HTTP/1.1" 200 191
::1 - - [15/Jan/2021:22:58:29 +0000] "GET /api/User/role/get?type=month HTTP/1.1" 200 191
::1 - - [15/Jan/2021:23:02:08 +0000] "GET /api/User/role/get?type=month HTTP/1.1" 200 191
::1 - - [15/Jan/2021:23:02:34 +0000] "GET /api/User/role/get?type=month HTTP/1.1" 200 192
::1 - - [15/Jan/2021:23:04:09 +0000] "GET /api/User/role/get?type=month HTTP/1.1" 200 411
::1 - - [15/Jan/2021:23:04:25 +0000] "GET /api/User/role/get?type=month HTTP/1.1" 400 50
::1 - - [15/Jan/2021:23:04:36 +0000] "GET /api/User/role/get?type=month HTTP/1.1" 200 411
::1 - - [15/Jan/2021:23:06:08 +0000] "GET /api/User/role/get?type=month HTTP/1.1" 200 159
::1 - - [15/Jan/2021:23:06:28 +0000] "GET /api/User/role/get?type=month HTTP/1.1" 200 160
::1 - - [16/Jan/2021:07:09:38 +0000] "GET /api/User/role/get?type=month HTTP/1.1" 200 159
::1 - - [16/Jan/2021:07:10:26 +0000] "GET /api/User/role/get?type=month HTTP/1.1" 200 155
::1 - - [16/Jan/2021:07:13:06 +0000] "GET /api/User/role/get?type=month HTTP/1.1" 200 198
::1 - - [16/Jan/2021:07:13:34 +0000] "GET /api/User/role/get?type=month HTTP/1.1" 200 68
::1 - - [16/Jan/2021:07:15:23 +0000] "GET /api/User/role/get?type=month HTTP/1.1" 200 68
::1 - - [16/Jan/2021:07:16:45 +0000] "GET /api/User/role/get?type=month HTTP/1.1" 200 68
::1 - - [16/Jan/2021:07:17:10 +0000] "GET /api/User/role/get?type=month HTTP/1.1" 200 69
::1 - - [16/Jan/2021:07:17:38 +0000] "GET /api/User/role/get?type=month HTTP/1.1" 200 63
::1 - - [16/Jan/2021:07:18:27 +0000] "GET /api/User/role/get?type=month HTTP/1.1" 200 63
::1 - - [16/Jan/2021:07:19:16 +0000] "GET /api/User/role/get?type=month HTTP/1.1" 200 63
::ffff:127.0.0.1 - - [16/Jan/2021:07:19:37 +0000] "GET /api/User/role/get?type=month HTTP/1.1" 200 63
::1 - - [16/Jan/2021:07:19:55 +0000] "GET /api/User/role/get?type=month HTTP/1.1" 200 63
::1 - - [16/Jan/2021:07:20:26 +0000] "GET /api/User/role/get?type=month HTTP/1.1" 200 192
::1 - - [16/Jan/2021:07:21:11 +0000] "GET /api/User/role/get?type=month HTTP/1.1" 200 198
::1 - - [16/Jan/2021:07:21:27 +0000] "GET /api/User/role/get?type=month HTTP/1.1" 200 68
::1 - - [16/Jan/2021:07:25:52 +0000] "GET /api/User/role/get?type=month HTTP/1.1" 200 192
::1 - - [16/Jan/2021:07:26:16 +0000] "GET /api/User/role/get?type=month HTTP/1.1" 200 192
::1 - - [16/Jan/2021:07:27:11 +0000] "GET /api/User/role/get?type=month HTTP/1.1" 200 192
::1 - - [16/Jan/2021:07:29:07 +0000] "GET /api/User/role/get?type=month HTTP/1.1" 200 192
::1 - - [16/Jan/2021:07:29:53 +0000] "GET /api/User/role/get?type=month HTTP/1.1" 200 192
::1 - - [16/Jan/2021:07:30:28 +0000] "GET /api/User/role/get?type=month HTTP/1.1" 200 192
::1 - - [16/Jan/2021:07:31:16 +0000] "GET /api/User/role/get?type=month HTTP/1.1" 200 198
::1 - - [16/Jan/2021:07:31:40 +0000] "GET /api/User/role/get?type=month HTTP/1.1" 200 69
::1 - - [16/Jan/2021:07:32:07 +0000] "GET /api/User/role/get?type=month HTTP/1.1" 400 50
::1 - - [16/Jan/2021:07:32:23 +0000] "GET /api/User/role/get?type=month HTTP/1.1" 200 64
::1 - - [16/Jan/2021:07:32:56 +0000] "GET /api/User/role/get?type=month HTTP/1.1" 200 44
::1 - - [16/Jan/2021:07:33:28 +0000] "GET /api/User/role/get?type=month HTTP/1.1" 200 64
::1 - - [16/Jan/2021:07:34:02 +0000] "GET /api/User/role/get?type=month HTTP/1.1" 200 65
::1 - - [16/Jan/2021:07:39:18 +0000] "POST /api/User/Employee/login HTTP/1.1" 400 50
::1 - - [16/Jan/2021:07:42:01 +0000] "POST /api/User/Employee/login HTTP/1.1" 400 50
::1 - - [16/Jan/2021:07:42:39 +0000] "POST /api/User/Employee/login HTTP/1.1" 400 50
::1 - - [16/Jan/2021:07:43:31 +0000] "POST /api/User/Employee/login HTTP/1.1" 200 750
::1 - - [16/Jan/2021:07:45:08 +0000] "GET /api/User/role/get?type=month HTTP/1.1" 200 2622
::1 - - [16/Jan/2021:07:50:02 +0000] "GET /api/User/role/get?type=month HTTP/1.1" 400 50
::1 - - [16/Jan/2021:07:52:33 +0000] "GET /api/User/role/get?type=month HTTP/1.1" 200 200
::1 - - [16/Jan/2021:08:25:30 +0000] "POST /api/Employee/Organization/search?organization_Id=Comp-112A HTTP/1.1" 404 172
::1 - - [16/Jan/2021:08:25:38 +0000] "GET /api/Employee/Organization/search?organization_Id=Comp-112A HTTP/1.1" 200 62
::1 - - [16/Jan/2021:08:25:45 +0000] "GET /api/Employee/Organization/search?organization_Id=Comp-112A&limit=4 HTTP/1.1" 400 50
::1 - - [16/Jan/2021:08:27:19 +0000] "GET /api/Employee/Organization/search?organization_Id=Comp-112A&limit=4 HTTP/1.1" 400 50
::1 - - [16/Jan/2021:08:28:30 +0000] "GET /api/Employee/Organization/search?organization_Id=Comp-112A&limit=4 HTTP/1.1" 200 583
::1 - - [16/Jan/2021:08:29:17 +0000] "GET /api/Employee/Organization/search?organization_Id=Comp-112A&limit=4 HTTP/1.1" 200 583
::1 - - [16/Jan/2021:08:29:41 +0000] "GET /api/Employee/Organization/search?organization_Id=Comp-112A&limit=4 HTTP/1.1" 200 583
::1 - - [16/Jan/2021:08:30:20 +0000] "GET /api/Employee/Organization/search?organization_Id=Comp-112A&limit=4 HTTP/1.1" 200 583
::1 - - [16/Jan/2021:08:31:09 +0000] "GET /api/Employee/Organization/search?organization_Id=Comp-112A&limit=4 HTTP/1.1" 200 583
::1 - - [16/Jan/2021:08:32:05 +0000] "GET /api/Employee/Organization/search?organization_Id=Comp-112A&limit=4 HTTP/1.1" 200 583
::1 - - [16/Jan/2021:08:33:41 +0000] "GET /api/Employee/Organization/search?organization_Id=Comp-112A&limit=4 HTTP/1.1" 200 583
::1 - - [16/Jan/2021:08:34:18 +0000] "GET /api/Employee/Organization/search?organization_Id=Comp-112A&limit=4 HTTP/1.1" 200 583
::1 - - [16/Jan/2021:08:38:20 +0000] "GET /api/Employee/Organization/search?organization_Id=Comp-112A&limit=4 HTTP/1.1" 200 583
::1 - - [16/Jan/2021:08:39:04 +0000] "GET /api/Employee/Organization/search?organization_Id=Comp-112A&limit=4 HTTP/1.1" 200 583
::1 - - [16/Jan/2021:08:39:36 +0000] "GET /api/Employee/Organization/search?organization_Id=Comp-112A&limit=4 HTTP/1.1" 200 583
::1 - - [16/Jan/2021:08:40:16 +0000] "GET /api/Employee/Organization/search?organization_Id=Comp-112A&limit=4 HTTP/1.1" 200 439
::1 - - [16/Jan/2021:08:40:31 +0000] "GET /api/Employee/Organization/search?organization_Id=Comp-112A&limit=4 HTTP/1.1" 200 439
::1 - - [16/Jan/2021:08:42:55 +0000] "GET /api/Employee/User/search?name=kal&limit=30 HTTP/1.1" 400 50
::1 - - [16/Jan/2021:08:44:48 +0000] "GET /api/Employee/User/search?name=kal&limit=1 HTTP/1.1" 200 1100
::1 - - [16/Jan/2021:08:45:07 +0000] "GET /api/Employee/User/search?name=kal&limit=1 HTTP/1.1" 200 63
::1 - - [16/Jan/2021:08:49:09 +0000] "GET /api/Employee/User/search?name=kal&limit=1 HTTP/1.1" 200 63
::1 - - [16/Jan/2021:08:49:25 +0000] "GET /api/Employee/User/search?name=kal&limit=1 HTTP/1.1" 200 63
::1 - - [16/Jan/2021:08:49:45 +0000] "GET /api/Employee/User/search?name=kal&limit=1 HTTP/1.1" 200 63
::1 - - [16/Jan/2021:08:50:19 +0000] "GET /api/Employee/User/search?name=kal&limit=1 HTTP/1.1" 200 63
::1 - - [16/Jan/2021:08:50:29 +0000] "GET /api/Employee/User/search?name=kal&limit=1 HTTP/1.1" 200 434
::1 - - [16/Jan/2021:08:51:03 +0000] "GET /api/Employee/User/search?name=kal&limit=1 HTTP/1.1" 200 434
::1 - - [16/Jan/2021:08:56:17 +0000] "GET /api/Employee/User/search?name=kal&limit=1 HTTP/1.1" 400 50
::1 - - [16/Jan/2021:08:57:28 +0000] "GET /api/Employee/User/search?name=kal&limit=1 HTTP/1.1" 400 50
::1 - - [16/Jan/2021:08:57:57 +0000] "GET /api/Employee/User/search?name=kal&limit=1 HTTP/1.1" 400 50
::1 - - [16/Jan/2021:08:58:31 +0000] "GET /api/Employee/User/search?name=kal&limit=1 HTTP/1.1" 400 50
::1 - - [16/Jan/2021:08:59:22 +0000] "GET /api/Employee/User/search?name=kal&limit=1 HTTP/1.1" 400 50
::1 - - [16/Jan/2021:08:59:35 +0000] "GET /api/Employee/User/search?name=kal&limit=1 HTTP/1.1" 200 1100
::1 - - [16/Jan/2021:09:00:33 +0000] "GET /api/Employee/User/search?name=kal&limit=1 HTTP/1.1" 200 1100
::1 - - [16/Jan/2021:09:03:27 +0000] "GET /api/Employee/User/search?name=kal&limit=1 HTTP/1.1" 200 1100
::1 - - [16/Jan/2021:09:06:53 +0000] "GET /api/Employee/User/search?name=kal&limit=1 HTTP/1.1" 200 1100
::1 - - [16/Jan/2021:10:14:15 +0000] "GET /api/User/transaction HTTP/1.1" 400 50
::1 - - [16/Jan/2021:10:14:38 +0000] "GET /api/User/transaction HTTP/1.1" 400 50
::1 - - [16/Jan/2021:10:16:34 +0000] "GET /api/User/transaction HTTP/1.1" 400 50
::1 - - [16/Jan/2021:10:17:15 +0000] "GET /api/User/role/get?type=month HTTP/1.1" 404 156
::1 - - [16/Jan/2021:10:17:41 +0000] "GET /api/User/transaction HTTP/1.1" 400 50
::1 - - [16/Jan/2021:10:18:40 +0000] "GET /api/User/transaction HTTP/1.1" 400 50
::1 - - [16/Jan/2021:10:19:17 +0000] "GET /api/User/transaction HTTP/1.1" 400 50
::1 - - [16/Jan/2021:10:19:57 +0000] "GET /api/User/role/get?type=month HTTP/1.1" 404 156
::1 - - [16/Jan/2021:10:20:05 +0000] "GET /api/User/transaction HTTP/1.1" 400 50
::1 - - [16/Jan/2021:10:21:20 +0000] "GET /api/User/transaction HTTP/1.1" 400 50
::1 - - [16/Jan/2021:10:23:36 +0000] "GET /api/User/transaction HTTP/1.1" 400 50
::1 - - [16/Jan/2021:10:24:27 +0000] "POST /api/User/transaction?type=month HTTP/1.1" 404 160
::1 - - [16/Jan/2021:10:24:36 +0000] "POST /api/User/transaction?type=month HTTP/1.1" 404 160
::1 - - [16/Jan/2021:10:25:42 +0000] "POST /api/User/transaction?type=month HTTP/1.1" 404 160
::1 - - [16/Jan/2021:10:26:13 +0000] "POST /api/User/transaction?type=month HTTP/1.1" 200 116
::1 - - [16/Jan/2021:10:27:47 +0000] "POST /api/User/transaction?type=month HTTP/1.1" 200 116
::1 - - [16/Jan/2021:10:28:16 +0000] "POST /api/User/transaction?type=month HTTP/1.1" 200 116
::1 - - [16/Jan/2021:10:28:52 +0000] "GET /api/User/role/get?type=month HTTP/1.1" 404 156
::1 - - [16/Jan/2021:10:29:00 +0000] "POST /api/User/transaction?type=month HTTP/1.1" 400 50
::1 - - [16/Jan/2021:10:29:33 +0000] "POST /api/User/transaction?type=month HTTP/1.1" 200 116
::1 - - [16/Jan/2021:10:30:15 +0000] "GET /api/User/role/get?type=month HTTP/1.1" 404 156
::1 - - [16/Jan/2021:10:30:20 +0000] "POST /api/User/transaction?type=month HTTP/1.1" 200 116
::1 - - [16/Jan/2021:10:31:04 +0000] "POST /api/User/transaction?type=month HTTP/1.1" 200 116
::1 - - [16/Jan/2021:10:31:33 +0000] "GET /api/User/role/get?type=month HTTP/1.1" 404 156
::1 - - [16/Jan/2021:10:31:39 +0000] "POST /api/User/transaction?type=month HTTP/1.1" 200 116
::ffff:127.0.0.1 - - [16/Jan/2021:10:32:23 +0000] "POST /api/User/transaction?type=month HTTP/1.1" 200 810
::ffff:127.0.0.1 - - [16/Jan/2021:10:32:32 +0000] "POST /api/User/transaction?type=month HTTP/1.1" 200 794
::1 - - [16/Jan/2021:10:35:23 +0000] "POST /api/User/transaction?type=month HTTP/1.1" 200 810
::1 - - [16/Jan/2021:10:35:52 +0000] "POST /api/User/transaction?type=month HTTP/1.1" 200 792
::1 - - [16/Jan/2021:10:37:14 +0000] "POST /api/User/transaction?type=month HTTP/1.1" 200 814
::1 - - [16/Jan/2021:10:37:30 +0000] "POST /api/User/transaction?type=month HTTP/1.1" 200 802
::1 - - [16/Jan/2021:10:37:45 +0000] "POST /api/User/transaction?type=month HTTP/1.1" 200 800
::1 - - [16/Jan/2021:10:37:52 +0000] "POST /api/User/transaction?type=month HTTP/1.1" 200 806
::1 - - [16/Jan/2021:10:38:51 +0000] "POST /api/User/transaction?type=month HTTP/1.1" 200 802
::1 - - [16/Jan/2021:10:38:57 +0000] "POST /api/User/transaction?type=month HTTP/1.1" 200 808
::1 - - [16/Jan/2021:10:40:06 +0000] "POST /api/User/transaction?type=month HTTP/1.1" 200 777
::1 - - [16/Jan/2021:10:40:22 +0000] "POST /api/User/transaction?type=month HTTP/1.1" 200 787
::1 - - [16/Jan/2021:10:51:59 +0000] "POST /api/User/transaction?type=month HTTP/1.1" 200 783
::1 - - [16/Jan/2021:10:59:12 +0000] "POST /api/User/transaction?type=month HTTP/1.1" 200 775
::1 - - [16/Jan/2021:10:59:20 +0000] "POST /api/User/transaction?type=month HTTP/1.1" 200 777
::1 - - [16/Jan/2021:10:59:29 +0000] "POST /api/User/transaction?type=month HTTP/1.1" 200 779
::1 - - [16/Jan/2021:11:01:04 +0000] "POST /api/User/transaction?type=month HTTP/1.1" 200 773
::1 - - [16/Jan/2021:11:03:35 +0000] "POST /api/Employee/Customer/analysis HTTP/1.1" 401 -
::1 - - [16/Jan/2021:11:03:40 +0000] "POST /api/Employee/Customer/analysis HTTP/1.1" 401 -
::1 - - [16/Jan/2021:11:03:40 +0000] "POST /api/User/transaction?type=month HTTP/1.1" 200 789
::1 - - [16/Jan/2021:11:04:27 +0000] "POST /api/Employee/Transaction/analysis HTTP/1.1" 401 -
::1 - - [16/Jan/2021:11:06:08 +0000] "POST /api/Employee/Customer/analysis HTTP/1.1" 401 -
::1 - - [16/Jan/2021:11:06:08 +0000] "POST /api/User/transaction HTTP/1.1" 200 791
::1 - - [16/Jan/2021:11:06:59 +0000] "POST /api/User/customer HTTP/1.1" 404 157
::1 - - [16/Jan/2021:11:06:59 +0000] "POST /api/User/transaction HTTP/1.1" 200 787
::1 - - [16/Jan/2021:11:08:18 +0000] "POST /api/User/customer HTTP/1.1" 404 157
::1 - - [16/Jan/2021:11:10:13 +0000] "POST /api/User/transaction HTTP/1.1" 200 777
::1 - - [16/Jan/2021:11:10:13 +0000] "POST /api/User/customer HTTP/1.1" 200 89
::1 - - [16/Jan/2021:11:14:42 +0000] "GET /api/User/role/get?type=month HTTP/1.1" 404 156
::1 - - [16/Jan/2021:11:14:55 +0000] "POST /api/User/customer HTTP/1.1" 200 89
::1 - - [16/Jan/2021:11:14:55 +0000] "POST /api/User/transaction HTTP/1.1" 200 775
::1 - - [16/Jan/2021:11:17:47 +0000] "POST /api/User/customer HTTP/1.1" 200 89
::1 - - [16/Jan/2021:11:17:47 +0000] "POST /api/User/transaction HTTP/1.1" 200 779
::1 - - [16/Jan/2021:11:22:26 +0000] "POST /api/User/transaction HTTP/1.1" 200 783
::1 - - [16/Jan/2021:11:22:26 +0000] "POST /api/User/customer HTTP/1.1" 200 89
::1 - - [16/Jan/2021:11:22:51 +0000] "POST /api/User/customer HTTP/1.1" 200 89
::1 - - [16/Jan/2021:11:22:51 +0000] "POST /api/User/transaction HTTP/1.1" 200 777
::1 - - [16/Jan/2021:11:23:59 +0000] "POST /api/User/transaction HTTP/1.1" 200 781
::1 - - [16/Jan/2021:11:23:59 +0000] "POST /api/User/customer HTTP/1.1" 200 226
::1 - - [16/Jan/2021:11:24:57 +0000] "POST /api/User/customer HTTP/1.1" 200 234
::1 - - [16/Jan/2021:11:24:57 +0000] "POST /api/User/transaction HTTP/1.1" 200 783
::1 - - [16/Jan/2021:11:25:21 +0000] "POST /api/User/customer HTTP/1.1" 200 232
::1 - - [16/Jan/2021:11:25:21 +0000] "POST /api/User/transaction HTTP/1.1" 200 775
::1 - - [16/Jan/2021:11:29:19 +0000] "POST /api/User/customer HTTP/1.1" 200 237
::1 - - [16/Jan/2021:11:29:33 +0000] "POST /api/User/customer HTTP/1.1" 200 241
::1 - - [16/Jan/2021:11:29:33 +0000] "POST /api/User/transaction HTTP/1.1" 200 781
::1 - - [16/Jan/2021:11:31:31 +0000] "POST /api/User/customer HTTP/1.1" 200 245
::1 - - [16/Jan/2021:11:31:50 +0000] "POST /api/User/customer HTTP/1.1" 200 243
::1 - - [16/Jan/2021:11:31:50 +0000] "POST /api/User/transaction HTTP/1.1" 200 773
::1 - - [16/Jan/2021:11:32:55 +0000] "POST /api/User/customer HTTP/1.1" 200 247
::1 - - [16/Jan/2021:11:33:36 +0000] "POST /api/User/customer HTTP/1.1" 200 243
::1 - - [16/Jan/2021:11:34:02 +0000] "POST /api/User/customer HTTP/1.1" 200 239
::1 - - [16/Jan/2021:11:34:09 +0000] "POST /api/User/customer HTTP/1.1" 200 243
::1 - - [16/Jan/2021:11:34:09 +0000] "POST /api/User/transaction HTTP/1.1" 200 779
::1 - - [16/Jan/2021:11:38:05 +0000] "POST /api/User/customer HTTP/1.1" 200 243
::1 - - [16/Jan/2021:11:39:33 +0000] "POST /api/User/customer HTTP/1.1" 200 239
::1 - - [16/Jan/2021:11:40:04 +0000] "POST /api/User/customer HTTP/1.1" 200 243
::1 - - [16/Jan/2021:11:41:39 +0000] "POST /api/User/customer HTTP/1.1" 200 245
::1 - - [16/Jan/2021:11:41:47 +0000] "POST /api/User/customer HTTP/1.1" 200 245
::1 - - [16/Jan/2021:11:41:47 +0000] "POST /api/User/transaction HTTP/1.1" 200 769
::1 - - [16/Jan/2021:11:42:16 +0000] "POST /api/User/customer HTTP/1.1" 200 241
::1 - - [16/Jan/2021:11:42:25 +0000] "POST /api/User/customer HTTP/1.1" 200 243
::1 - - [16/Jan/2021:11:42:25 +0000] "POST /api/User/transaction HTTP/1.1" 200 795
::1 - - [16/Jan/2021:11:44:55 +0000] "POST /api/User/customer HTTP/1.1" 200 237
::1 - - [16/Jan/2021:11:45:03 +0000] "POST /api/User/customer HTTP/1.1" 200 243
::1 - - [16/Jan/2021:11:45:03 +0000] "POST /api/User/transaction HTTP/1.1" 200 783
::1 - - [16/Jan/2021:11:45:28 +0000] "POST /api/User/customer HTTP/1.1" 200 243
::1 - - [16/Jan/2021:11:45:34 +0000] "POST /api/User/customer HTTP/1.1" 200 245
::1 - - [16/Jan/2021:11:45:41 +0000] "POST /api/User/transaction HTTP/1.1" 200 771
::1 - - [16/Jan/2021:11:45:41 +0000] "POST /api/User/customer HTTP/1.1" 200 243
::1 - - [16/Jan/2021:11:46:06 +0000] "POST /api/User/customer HTTP/1.1" 200 241
::1 - - [16/Jan/2021:11:46:13 +0000] "POST /api/User/customer HTTP/1.1" 200 245
::1 - - [16/Jan/2021:11:46:13 +0000] "POST /api/User/transaction HTTP/1.1" 200 773
::1 - - [16/Jan/2021:11:46:28 +0000] "POST /api/User/customer HTTP/1.1" 200 241
::1 - - [16/Jan/2021:11:46:36 +0000] "POST /api/User/customer HTTP/1.1" 200 243
::1 - - [16/Jan/2021:11:46:36 +0000] "POST /api/User/transaction HTTP/1.1" 200 791
::1 - - [16/Jan/2021:11:47:25 +0000] "POST /api/User/customer HTTP/1.1" 200 241
::1 - - [16/Jan/2021:11:47:31 +0000] "POST /api/User/customer HTTP/1.1" 200 241
::1 - - [16/Jan/2021:11:47:32 +0000] "POST /api/User/transaction HTTP/1.1" 200 779
::1 - - [16/Jan/2021:11:48:23 +0000] "POST /api/User/customer HTTP/1.1" 200 245
::1 - - [16/Jan/2021:11:48:48 +0000] "POST /api/User/customer HTTP/1.1" 200 241
::1 - - [16/Jan/2021:11:50:13 +0000] "POST /api/User/customer HTTP/1.1" 200 239
::1 - - [16/Jan/2021:11:51:35 +0000] "GET /api/User/analysis5?type=month HTTP/1.1" 404 157
::1 - - [16/Jan/2021:11:56:30 +0000] "POST /api/User/customer HTTP/1.1" 200 216
::1 - - [16/Jan/2021:11:58:40 +0000] "POST /api/User/transaction HTTP/1.1" 200 839
::1 - - [16/Jan/2021:11:59:50 +0000] "GET /api/User/analysis3 HTTP/1.1" 404 157
::1 - - [16/Jan/2021:11:59:50 +0000] "GET /api/User/analysis9?type=month HTTP/1.1" 404 157
::1 - - [16/Jan/2021:12:08:09 +0000] "POST /api/User/customer HTTP/1.1" 200 203
::1 - - [16/Jan/2021:12:08:19 +0000] "POST /api/User/customer HTTP/1.1" 200 203
::1 - - [16/Jan/2021:12:13:05 +0000] "POST /api/User/employee HTTP/1.1" 400 50
::1 - - [16/Jan/2021:12:13:15 +0000] "POST /api/User/employee HTTP/1.1" 400 50
::1 - - [16/Jan/2021:12:16:36 +0000] "POST /api/User/employee HTTP/1.1" 400 50
::1 - - [16/Jan/2021:12:16:36 +0000] "POST /api/User/customer HTTP/1.1" 200 214
::1 - - [16/Jan/2021:12:16:36 +0000] "POST /api/User/transaction HTTP/1.1" 200 789
::1 - - [16/Jan/2021:12:16:36 +0000] "POST /api/User/transaction HTTP/1.1" 200 835
::1 - - [16/Jan/2021:12:16:36 +0000] "POST /api/User/customer HTTP/1.1" 200 199
::1 - - [16/Jan/2021:12:17:13 +0000] "POST /api/User/customer HTTP/1.1" 200 216
::1 - - [16/Jan/2021:12:17:13 +0000] "POST /api/User/employee HTTP/1.1" 400 50
::1 - - [16/Jan/2021:12:17:13 +0000] "POST /api/User/transaction HTTP/1.1" 200 769
::1 - - [16/Jan/2021:12:17:13 +0000] "POST /api/User/customer HTTP/1.1" 200 195
::1 - - [16/Jan/2021:12:17:13 +0000] "POST /api/User/transaction HTTP/1.1" 200 827
::1 - - [16/Jan/2021:12:18:16 +0000] "POST /api/User/employee HTTP/1.1" 400 50
::1 - - [16/Jan/2021:12:18:16 +0000] "POST /api/User/customer HTTP/1.1" 200 214
::1 - - [16/Jan/2021:12:18:16 +0000] "POST /api/User/transaction HTTP/1.1" 200 827
::1 - - [16/Jan/2021:12:18:16 +0000] "POST /api/User/transaction HTTP/1.1" 200 791
::1 - - [16/Jan/2021:12:18:16 +0000] "POST /api/User/customer HTTP/1.1" 200 201
::1 - - [16/Jan/2021:12:19:26 +0000] "POST /api/User/employee HTTP/1.1" 400 50
::1 - - [16/Jan/2021:12:19:26 +0000] "POST /api/User/customer HTTP/1.1" 200 220
::1 - - [16/Jan/2021:12:19:26 +0000] "POST /api/User/transaction HTTP/1.1" 200 771
::1 - - [16/Jan/2021:12:19:26 +0000] "POST /api/User/transaction HTTP/1.1" 200 825
::1 - - [16/Jan/2021:12:19:26 +0000] "POST /api/User/customer HTTP/1.1" 200 203
::1 - - [16/Jan/2021:12:23:00 +0000] "POST /api/User/customer HTTP/1.1" 200 208
::1 - - [16/Jan/2021:12:23:00 +0000] "POST /api/User/transaction HTTP/1.1" 200 773
::1 - - [16/Jan/2021:12:23:00 +0000] "POST /api/User/customer HTTP/1.1" 200 195
::1 - - [16/Jan/2021:12:23:00 +0000] "POST /api/User/transaction HTTP/1.1" 200 839
::1 - - [16/Jan/2021:12:23:00 +0000] "POST /api/User/employee HTTP/1.1" 200 421
::1 - - [16/Jan/2021:12:25:17 +0000] "POST /api/User/customer HTTP/1.1" 200 216
::1 - - [16/Jan/2021:12:25:17 +0000] "POST /api/User/transaction HTTP/1.1" 200 777
::1 - - [16/Jan/2021:12:25:17 +0000] "POST /api/User/transaction HTTP/1.1" 200 823
::1 - - [16/Jan/2021:12:25:17 +0000] "POST /api/User/customer HTTP/1.1" 200 201
::1 - - [16/Jan/2021:12:25:17 +0000] "POST /api/User/employee HTTP/1.1" 200 388
::1 - - [16/Jan/2021:12:26:02 +0000] "POST /api/User/customer HTTP/1.1" 200 214
::1 - - [16/Jan/2021:12:26:02 +0000] "POST /api/User/transaction HTTP/1.1" 200 779
::1 - - [16/Jan/2021:12:26:02 +0000] "POST /api/User/transaction HTTP/1.1" 200 843
::1 - - [16/Jan/2021:12:26:02 +0000] "POST /api/User/customer HTTP/1.1" 200 195
::1 - - [16/Jan/2021:12:26:02 +0000] "POST /api/User/employee HTTP/1.1" 200 388
::1 - - [16/Jan/2021:12:31:47 +0000] "POST /api/User/customer HTTP/1.1" 200 216
::1 - - [16/Jan/2021:12:31:47 +0000] "POST /api/User/transaction HTTP/1.1" 200 787
::1 - - [16/Jan/2021:12:31:47 +0000] "POST /api/User/transaction HTTP/1.1" 200 833
::1 - - [16/Jan/2021:12:31:47 +0000] "POST /api/User/customer HTTP/1.1" 200 201
::1 - - [16/Jan/2021:12:31:47 +0000] "POST /api/User/employee HTTP/1.1" 200 390
::1 - - [16/Jan/2021:12:32:01 +0000] "GET /api/User/analysis31 HTTP/1.1" 404 158
::1 - - [16/Jan/2021:12:32:01 +0000] "GET /api/User/analysis6 HTTP/1.1" 404 157
::1 - - [16/Jan/2021:12:32:01 +0000] "GET /api/User/analysis4 HTTP/1.1" 404 157
::1 - - [16/Jan/2021:12:32:01 +0000] "GET /api/User/analysis8 HTTP/1.1" 404 157
::1 - - [16/Jan/2021:12:32:01 +0000] "POST /api/User/transaction HTTP/1.1" 200 847
::1 - - [16/Jan/2021:12:32:01 +0000] "GET /api/User/analysis12?type=month HTTP/1.1" 404 158
::1 - - [16/Jan/2021:12:32:01 +0000] "GET /api/User/analysis10?type=month HTTP/1.1" 404 158
::1 - - [16/Jan/2021:12:32:53 +0000] "POST /api/User/customer HTTP/1.1" 200 218
::1 - - [16/Jan/2021:12:32:53 +0000] "POST /api/User/transaction HTTP/1.1" 200 795
::1 - - [16/Jan/2021:12:32:53 +0000] "GET /api/User/analysis31 HTTP/1.1" 404 158
::1 - - [16/Jan/2021:12:32:53 +0000] "GET /api/User/analysis4 HTTP/1.1" 404 157
::1 - - [16/Jan/2021:12:32:53 +0000] "GET /api/User/analysis6 HTTP/1.1" 404 157
::1 - - [16/Jan/2021:12:32:53 +0000] "GET /api/User/analysis8 HTTP/1.1" 404 157
::1 - - [16/Jan/2021:12:32:53 +0000] "GET /api/User/analysis12?type=month HTTP/1.1" 404 158
::1 - - [16/Jan/2021:12:32:53 +0000] "POST /api/User/transaction HTTP/1.1" 200 825
::1 - - [16/Jan/2021:12:32:53 +0000] "GET /api/User/analysis10?type=month HTTP/1.1" 404 158
::1 - - [16/Jan/2021:12:32:53 +0000] "POST /api/User/customer HTTP/1.1" 200 195
::1 - - [16/Jan/2021:12:32:53 +0000] "POST /api/User/employee HTTP/1.1" 200 390
::1 - - [16/Jan/2021:12:32:53 +0000] "POST /api/User/transaction HTTP/1.1" 200 785
::1 - - [16/Jan/2021:12:33:19 +0000] "POST /api/User/transaction HTTP/1.1" 200 781
::1 - - [16/Jan/2021:12:33:29 +0000] "GET /api/User/analysis31 HTTP/1.1" 404 158
::1 - - [16/Jan/2021:12:33:29 +0000] "GET /api/User/analysis4 HTTP/1.1" 404 157
::1 - - [16/Jan/2021:12:33:29 +0000] "GET /api/User/analysis6 HTTP/1.1" 404 157
::1 - - [16/Jan/2021:12:33:29 +0000] "GET /api/User/analysis8 HTTP/1.1" 404 157
::1 - - [16/Jan/2021:12:33:29 +0000] "GET /api/User/analysis12?type=month HTTP/1.1" 404 158
::1 - - [16/Jan/2021:12:33:29 +0000] "GET /api/User/analysis10?type=month HTTP/1.1" 404 158
::1 - - [16/Jan/2021:12:33:29 +0000] "POST /api/User/customer HTTP/1.1" 200 218
::1 - - [16/Jan/2021:12:33:29 +0000] "POST /api/User/transaction HTTP/1.1" 200 761
::1 - - [16/Jan/2021:12:33:29 +0000] "POST /api/User/transaction HTTP/1.1" 200 823
::1 - - [16/Jan/2021:12:33:29 +0000] "POST /api/User/customer HTTP/1.1" 200 201
::1 - - [16/Jan/2021:12:33:29 +0000] "POST /api/User/employee HTTP/1.1" 200 392
::1 - - [16/Jan/2021:12:33:29 +0000] "POST /api/User/transaction HTTP/1.1" 200 791
::1 - - [16/Jan/2021:12:34:12 +0000] "POST /api/User/transaction HTTP/1.1" 200 176
::1 - - [16/Jan/2021:12:37:02 +0000] "POST /api/User/transaction HTTP/1.1" 400 50
::1 - - [16/Jan/2021:12:37:16 +0000] "POST /api/User/transaction HTTP/1.1" 400 50
::1 - - [16/Jan/2021:12:38:11 +0000] "GET /api/User/analysis4 HTTP/1.1" 404 157
::1 - - [16/Jan/2021:12:38:11 +0000] "GET /api/User/analysis6 HTTP/1.1" 404 157
::1 - - [16/Jan/2021:12:38:11 +0000] "POST /api/User/customer HTTP/1.1" 200 214
::1 - - [16/Jan/2021:12:38:11 +0000] "POST /api/User/transaction HTTP/1.1" 200 821
::1 - - [16/Jan/2021:12:38:11 +0000] "POST /api/User/transaction HTTP/1.1" 200 771
::1 - - [16/Jan/2021:12:38:11 +0000] "POST /api/User/customer HTTP/1.1" 200 203
::1 - - [16/Jan/2021:12:38:11 +0000] "POST /api/User/transaction HTTP/1.1" 400 50
::1 - - [16/Jan/2021:12:38:11 +0000] "GET /api/User/analysis8 HTTP/1.1" 404 157
::1 - - [16/Jan/2021:12:38:11 +0000] "GET /api/User/analysis12?type=month HTTP/1.1" 404 158
::1 - - [16/Jan/2021:12:38:12 +0000] "POST /api/User/employee HTTP/1.1" 200 394
::1 - - [16/Jan/2021:12:38:12 +0000] "POST /api/User/transaction HTTP/1.1" 200 170
::1 - - [16/Jan/2021:12:38:12 +0000] "GET /api/User/analysis10?type=month HTTP/1.1" 404 158
::1 - - [16/Jan/2021:12:38:52 +0000] "GET /api/User/analysis4 HTTP/1.1" 404 157
::1 - - [16/Jan/2021:12:38:53 +0000] "POST /api/User/customer HTTP/1.1" 200 220
::1 - - [16/Jan/2021:12:38:53 +0000] "GET /api/User/analysis6 HTTP/1.1" 404 157
::1 - - [16/Jan/2021:12:38:53 +0000] "GET /api/User/analysis8 HTTP/1.1" 404 157
::1 - - [16/Jan/2021:12:38:53 +0000] "GET /api/User/analysis12?type=month HTTP/1.1" 404 158
::1 - - [16/Jan/2021:12:38:53 +0000] "GET /api/User/analysis10?type=month HTTP/1.1" 404 158
::1 - - [16/Jan/2021:12:38:53 +0000] "POST /api/User/transaction HTTP/1.1" 200 775
::1 - - [16/Jan/2021:12:38:53 +0000] "POST /api/User/transaction HTTP/1.1" 400 50
::1 - - [16/Jan/2021:12:38:53 +0000] "POST /api/User/transaction HTTP/1.1" 200 172
::1 - - [16/Jan/2021:12:38:53 +0000] "POST /api/User/customer HTTP/1.1" 200 201
::1 - - [16/Jan/2021:12:38:53 +0000] "POST /api/User/transaction HTTP/1.1" 200 827
::1 - - [16/Jan/2021:12:38:53 +0000] "POST /api/User/employee HTTP/1.1" 200 388
::1 - - [16/Jan/2021:12:39:36 +0000] "POST /api/User/transaction HTTP/1.1" 400 50
::1 - - [16/Jan/2021:12:39:36 +0000] "POST /api/User/customer HTTP/1.1" 200 216
::1 - - [16/Jan/2021:12:39:36 +0000] "POST /api/User/transaction HTTP/1.1" 200 781
::1 - - [16/Jan/2021:12:39:36 +0000] "POST /api/User/transaction HTTP/1.1" 200 833
::1 - - [16/Jan/2021:12:39:36 +0000] "POST /api/User/customer HTTP/1.1" 200 205
::1 - - [16/Jan/2021:12:39:36 +0000] "POST /api/User/employee HTTP/1.1" 200 394
::1 - - [16/Jan/2021:12:39:36 +0000] "POST /api/User/transaction HTTP/1.1" 200 172
::1 - - [16/Jan/2021:12:39:36 +0000] "GET /api/User/analysis4 HTTP/1.1" 404 157
::1 - - [16/Jan/2021:12:39:36 +0000] "GET /api/User/analysis6 HTTP/1.1" 404 157
::1 - - [16/Jan/2021:12:39:36 +0000] "GET /api/User/analysis8 HTTP/1.1" 404 157
::1 - - [16/Jan/2021:12:39:36 +0000] "GET /api/User/analysis12?type=month HTTP/1.1" 404 158
::1 - - [16/Jan/2021:12:39:36 +0000] "GET /api/User/analysis10?type=month HTTP/1.1" 404 158
::1 - - [16/Jan/2021:12:40:30 +0000] "GET /api/User/analysis4 HTTP/1.1" 404 157
::1 - - [16/Jan/2021:12:40:30 +0000] "GET /api/User/analysis10?type=month HTTP/1.1" 404 158
::1 - - [16/Jan/2021:12:40:30 +0000] "GET /api/User/analysis6 HTTP/1.1" 404 157
::1 - - [16/Jan/2021:12:40:30 +0000] "GET /api/User/analysis8 HTTP/1.1" 404 157
::1 - - [16/Jan/2021:12:40:30 +0000] "GET /api/User/analysis12?type=month HTTP/1.1" 404 158
::1 - - [16/Jan/2021:12:40:31 +0000] "POST /api/User/customer HTTP/1.1" 200 214
::1 - - [16/Jan/2021:12:40:31 +0000] "POST /api/User/transaction HTTP/1.1" 400 50
::1 - - [16/Jan/2021:12:40:31 +0000] "POST /api/User/transaction HTTP/1.1" 200 767
::1 - - [16/Jan/2021:12:40:31 +0000] "POST /api/User/transaction HTTP/1.1" 200 833
::1 - - [16/Jan/2021:12:40:31 +0000] "POST /api/User/customer HTTP/1.1" 200 201
::1 - - [16/Jan/2021:12:40:31 +0000] "POST /api/User/employee HTTP/1.1" 200 394
::1 - - [16/Jan/2021:12:40:31 +0000] "POST /api/User/transaction HTTP/1.1" 200 174
::1 - - [16/Jan/2021:12:41:31 +0000] "GET /api/User/analysis4 HTTP/1.1" 404 157
::1 - - [16/Jan/2021:12:41:31 +0000] "GET /api/User/analysis6 HTTP/1.1" 404 157
::1 - - [16/Jan/2021:12:41:31 +0000] "GET /api/User/analysis8 HTTP/1.1" 404 157
::1 - - [16/Jan/2021:12:41:31 +0000] "GET /api/User/analysis12?type=month HTTP/1.1" 404 158
::1 - - [16/Jan/2021:12:41:31 +0000] "GET /api/User/analysis10?type=month HTTP/1.1" 404 158
::1 - - [16/Jan/2021:12:41:32 +0000] "POST /api/User/customer HTTP/1.1" 200 210
::1 - - [16/Jan/2021:12:41:32 +0000] "POST /api/User/transaction HTTP/1.1" 400 50
::1 - - [16/Jan/2021:12:41:32 +0000] "POST /api/User/transaction HTTP/1.1" 200 769
::1 - - [16/Jan/2021:12:41:32 +0000] "POST /api/User/transaction HTTP/1.1" 200 839
::1 - - [16/Jan/2021:12:41:32 +0000] "POST /api/User/customer HTTP/1.1" 200 203
::1 - - [16/Jan/2021:12:41:32 +0000] "POST /api/User/employee HTTP/1.1" 200 396
::1 - - [16/Jan/2021:12:41:32 +0000] "POST /api/User/transaction HTTP/1.1" 200 172
::1 - - [16/Jan/2021:12:43:54 +0000] "GET /api/User/analysis4 HTTP/1.1" 404 157
::1 - - [16/Jan/2021:12:43:54 +0000] "GET /api/User/analysis6 HTTP/1.1" 404 157
::1 - - [16/Jan/2021:12:43:54 +0000] "GET /api/User/analysis8 HTTP/1.1" 404 157
::1 - - [16/Jan/2021:12:43:54 +0000] "GET /api/User/analysis12?type=month HTTP/1.1" 404 158
::1 - - [16/Jan/2021:12:43:54 +0000] "GET /api/User/analysis10?type=month HTTP/1.1" 404 158
::1 - - [16/Jan/2021:12:43:54 +0000] "POST /api/User/customer HTTP/1.1" 200 218
::1 - - [16/Jan/2021:12:43:54 +0000] "POST /api/User/transaction HTTP/1.1" 400 50
::1 - - [16/Jan/2021:12:43:54 +0000] "POST /api/User/transaction HTTP/1.1" 200 771
::1 - - [16/Jan/2021:12:43:54 +0000] "POST /api/User/transaction HTTP/1.1" 200 833
::1 - - [16/Jan/2021:12:43:54 +0000] "POST /api/User/customer HTTP/1.1" 200 203
::1 - - [16/Jan/2021:12:43:54 +0000] "POST /api/User/employee HTTP/1.1" 200 386
::1 - - [16/Jan/2021:12:43:54 +0000] "POST /api/User/transaction HTTP/1.1" 200 174
::1 - - [16/Jan/2021:12:44:58 +0000] "GET /api/User/analysis4 HTTP/1.1" 404 157
::1 - - [16/Jan/2021:12:44:58 +0000] "GET /api/User/analysis6 HTTP/1.1" 404 157
::1 - - [16/Jan/2021:12:44:58 +0000] "GET /api/User/analysis8 HTTP/1.1" 404 157
::1 - - [16/Jan/2021:12:44:58 +0000] "GET /api/User/analysis12?type=month HTTP/1.1" 404 158
::1 - - [16/Jan/2021:12:44:58 +0000] "GET /api/User/analysis10?type=month HTTP/1.1" 404 158
::1 - - [16/Jan/2021:12:44:58 +0000] "POST /api/User/customer HTTP/1.1" 200 216
::1 - - [16/Jan/2021:12:44:58 +0000] "POST /api/User/transaction HTTP/1.1" 200 785
::1 - - [16/Jan/2021:12:44:58 +0000] "POST /api/User/transaction HTTP/1.1" 200 837
::1 - - [16/Jan/2021:12:44:58 +0000] "POST /api/User/transaction HTTP/1.1" 400 50
::1 - - [16/Jan/2021:12:44:58 +0000] "POST /api/User/customer HTTP/1.1" 200 203
::1 - - [16/Jan/2021:12:44:59 +0000] "POST /api/User/employee HTTP/1.1" 200 394
::1 - - [16/Jan/2021:12:44:59 +0000] "POST /api/User/transaction HTTP/1.1" 200 176
::1 - - [16/Jan/2021:12:45:37 +0000] "GET /api/User/analysis4 HTTP/1.1" 404 157
::1 - - [16/Jan/2021:12:45:37 +0000] "GET /api/User/analysis6 HTTP/1.1" 404 157
::1 - - [16/Jan/2021:12:45:37 +0000] "GET /api/User/analysis8 HTTP/1.1" 404 157
::1 - - [16/Jan/2021:12:45:37 +0000] "GET /api/User/analysis12?type=month HTTP/1.1" 404 158
::1 - - [16/Jan/2021:12:45:37 +0000] "GET /api/User/analysis10?type=month HTTP/1.1" 404 158
::1 - - [16/Jan/2021:12:45:37 +0000] "POST /api/User/customer HTTP/1.1" 200 218
::1 - - [16/Jan/2021:12:45:37 +0000] "POST /api/User/transaction HTTP/1.1" 200 779
::1 - - [16/Jan/2021:12:45:37 +0000] "POST /api/User/transaction HTTP/1.1" 400 50
::1 - - [16/Jan/2021:12:45:37 +0000] "POST /api/User/transaction HTTP/1.1" 200 827
::1 - - [16/Jan/2021:12:45:37 +0000] "POST /api/User/customer HTTP/1.1" 200 199
::1 - - [16/Jan/2021:12:45:37 +0000] "POST /api/User/employee HTTP/1.1" 200 386
::1 - - [16/Jan/2021:12:45:37 +0000] "POST /api/User/transaction HTTP/1.1" 200 174
::1 - - [16/Jan/2021:12:46:45 +0000] "GET /api/User/analysis4 HTTP/1.1" 404 157
::1 - - [16/Jan/2021:12:46:45 +0000] "GET /api/User/analysis6 HTTP/1.1" 404 157
::1 - - [16/Jan/2021:12:46:45 +0000] "GET /api/User/analysis8 HTTP/1.1" 404 157
::1 - - [16/Jan/2021:12:46:45 +0000] "GET /api/User/analysis12?type=month HTTP/1.1" 404 158
::1 - - [16/Jan/2021:12:46:45 +0000] "GET /api/User/analysis10?type=month HTTP/1.1" 404 158
::1 - - [16/Jan/2021:12:46:45 +0000] "POST /api/User/customer HTTP/1.1" 200 218
::1 - - [16/Jan/2021:12:46:45 +0000] "POST /api/User/transaction HTTP/1.1" 200 769
::1 - - [16/Jan/2021:12:46:45 +0000] "POST /api/User/transaction HTTP/1.1" 200 831
::1 - - [16/Jan/2021:12:46:45 +0000] "POST /api/User/transaction HTTP/1.1" 400 50
::1 - - [16/Jan/2021:12:46:45 +0000] "POST /api/User/customer HTTP/1.1" 200 201
::1 - - [16/Jan/2021:12:46:45 +0000] "POST /api/User/employee HTTP/1.1" 200 394
::1 - - [16/Jan/2021:12:46:45 +0000] "POST /api/User/transaction HTTP/1.1" 200 172
::1 - - [16/Jan/2021:12:52:50 +0000] "GET /api/User/analysis4 HTTP/1.1" 404 157
::1 - - [16/Jan/2021:12:52:50 +0000] "GET /api/User/analysis6 HTTP/1.1" 404 157
::1 - - [16/Jan/2021:12:52:50 +0000] "GET /api/User/analysis8 HTTP/1.1" 404 157
::1 - - [16/Jan/2021:12:52:50 +0000] "GET /api/User/analysis12?type=month HTTP/1.1" 404 158
::1 - - [16/Jan/2021:12:52:50 +0000] "GET /api/User/analysis10?type=month HTTP/1.1" 404 158
::1 - - [16/Jan/2021:12:52:50 +0000] "POST /api/User/customer HTTP/1.1" 200 216
::1 - - [16/Jan/2021:12:52:50 +0000] "POST /api/User/transaction HTTP/1.1" 200 781
::1 - - [16/Jan/2021:12:52:50 +0000] "POST /api/User/transaction HTTP/1.1" 200 819
::1 - - [16/Jan/2021:12:52:50 +0000] "POST /api/User/transaction HTTP/1.1" 400 50
::1 - - [16/Jan/2021:12:52:50 +0000] "POST /api/User/customer HTTP/1.1" 200 201
::1 - - [16/Jan/2021:12:52:50 +0000] "POST /api/User/employee HTTP/1.1" 200 386
::1 - - [16/Jan/2021:12:52:50 +0000] "POST /api/User/transaction HTTP/1.1" 200 174
::1 - - [16/Jan/2021:12:56:01 +0000] "GET /api/User/analysis4 HTTP/1.1" 404 157
::1 - - [16/Jan/2021:12:56:01 +0000] "GET /api/User/analysis6 HTTP/1.1" 404 157
::1 - - [16/Jan/2021:12:56:01 +0000] "GET /api/User/analysis8 HTTP/1.1" 404 157
::1 - - [16/Jan/2021:12:56:01 +0000] "GET /api/User/analysis12?type=month HTTP/1.1" 404 158
::1 - - [16/Jan/2021:12:56:01 +0000] "GET /api/User/analysis10?type=month HTTP/1.1" 404 158
::1 - - [16/Jan/2021:12:56:01 +0000] "POST /api/User/customer HTTP/1.1" 200 218
::1 - - [16/Jan/2021:12:56:01 +0000] "POST /api/User/transaction HTTP/1.1" 200 777
::1 - - [16/Jan/2021:12:56:01 +0000] "POST /api/User/transaction HTTP/1.1" 200 174
::1 - - [16/Jan/2021:12:56:01 +0000] "POST /api/User/transaction HTTP/1.1" 200 825
::1 - - [16/Jan/2021:12:56:01 +0000] "POST /api/User/customer HTTP/1.1" 200 203
::1 - - [16/Jan/2021:12:56:01 +0000] "POST /api/User/employee HTTP/1.1" 200 394
::1 - - [16/Jan/2021:12:56:02 +0000] "POST /api/User/transaction HTTP/1.1" 200 208
::1 - - [16/Jan/2021:12:56:35 +0000] "POST /api/User/customer HTTP/1.1" 200 212
::1 - - [16/Jan/2021:12:56:36 +0000] "POST /api/User/transaction HTTP/1.1" 200 777
::1 - - [16/Jan/2021:12:56:36 +0000] "POST /api/User/transaction HTTP/1.1" 200 829
::1 - - [16/Jan/2021:12:56:36 +0000] "POST /api/User/customer HTTP/1.1" 200 201
::1 - - [16/Jan/2021:12:56:36 +0000] "GET /api/User/analysis4 HTTP/1.1" 404 157
::1 - - [16/Jan/2021:12:56:36 +0000] "GET /api/User/analysis6 HTTP/1.1" 404 157
::1 - - [16/Jan/2021:12:56:36 +0000] "POST /api/User/employee HTTP/1.1" 200 390
::1 - - [16/Jan/2021:12:56:36 +0000] "POST /api/User/transaction HTTP/1.1" 200 206
::1 - - [16/Jan/2021:12:56:36 +0000] "POST /api/User/transaction HTTP/1.1" 200 172
::1 - - [16/Jan/2021:12:56:36 +0000] "GET /api/User/analysis8 HTTP/1.1" 404 157
::1 - - [16/Jan/2021:12:56:36 +0000] "GET /api/User/analysis12?type=month HTTP/1.1" 404 158
::1 - - [16/Jan/2021:12:56:36 +0000] "GET /api/User/analysis10?type=month HTTP/1.1" 404 158
::1 - - [16/Jan/2021:12:56:51 +0000] "GET /api/User/analysis4 HTTP/1.1" 404 157
::1 - - [16/Jan/2021:12:56:51 +0000] "GET /api/User/analysis6 HTTP/1.1" 404 157
::1 - - [16/Jan/2021:12:56:51 +0000] "GET /api/User/analysis8 HTTP/1.1" 404 157
::1 - - [16/Jan/2021:12:56:51 +0000] "GET /api/User/analysis12?type=month HTTP/1.1" 404 158
::1 - - [16/Jan/2021:12:56:51 +0000] "POST /api/User/customer HTTP/1.1" 200 212
::1 - - [16/Jan/2021:12:56:51 +0000] "POST /api/User/transaction HTTP/1.1" 200 791
::1 - - [16/Jan/2021:12:56:51 +0000] "POST /api/User/transaction HTTP/1.1" 200 831
::1 - - [16/Jan/2021:12:56:51 +0000] "POST /api/User/customer HTTP/1.1" 200 203
::1 - - [16/Jan/2021:12:56:51 +0000] "GET /api/User/analysis10?type=month HTTP/1.1" 404 158
::1 - - [16/Jan/2021:12:56:51 +0000] "POST /api/User/employee HTTP/1.1" 200 390
::1 - - [16/Jan/2021:12:56:51 +0000] "POST /api/User/transaction HTTP/1.1" 200 204
::1 - - [16/Jan/2021:12:56:51 +0000] "POST /api/User/transaction HTTP/1.1" 200 176
::1 - - [16/Jan/2021:12:59:35 +0000] "POST /api/User/transaction HTTP/1.1" 400 50
::1 - - [16/Jan/2021:13:01:02 +0000] "POST /api/User/transaction HTTP/1.1" 400 50
::1 - - [16/Jan/2021:13:01:27 +0000] "POST /api/User/transaction HTTP/1.1" 400 50
::1 - - [16/Jan/2021:13:01:37 +0000] "POST /api/User/customer HTTP/1.1" 200 210
::1 - - [16/Jan/2021:13:01:37 +0000] "POST /api/User/transaction HTTP/1.1" 200 785
::1 - - [16/Jan/2021:13:01:37 +0000] "GET /api/User/analysis6 HTTP/1.1" 404 157
::1 - - [16/Jan/2021:13:01:37 +0000] "GET /api/User/analysis8 HTTP/1.1" 404 157
::1 - - [16/Jan/2021:13:01:37 +0000] "POST /api/User/customer HTTP/1.1" 200 201
::1 - - [16/Jan/2021:13:01:37 +0000] "POST /api/User/transaction HTTP/1.1" 200 831
::1 - - [16/Jan/2021:13:01:37 +0000] "POST /api/User/transaction HTTP/1.1" 200 206
::1 - - [16/Jan/2021:13:01:37 +0000] "POST /api/User/employee HTTP/1.1" 200 388
::1 - - [16/Jan/2021:13:01:37 +0000] "GET /api/User/analysis12?type=month HTTP/1.1" 404 158
::1 - - [16/Jan/2021:13:01:37 +0000] "POST /api/User/transaction HTTP/1.1" 400 50
::1 - - [16/Jan/2021:13:01:37 +0000] "GET /api/User/analysis10?type=month HTTP/1.1" 404 158
::1 - - [16/Jan/2021:13:01:37 +0000] "POST /api/User/transaction HTTP/1.1" 200 174
::1 - - [16/Jan/2021:13:02:14 +0000] "POST /api/User/transaction HTTP/1.1" 400 50
::1 - - [16/Jan/2021:13:03:22 +0000] "GET /api/User/analysis6 HTTP/1.1" 404 157
::1 - - [16/Jan/2021:13:03:22 +0000] "GET /api/User/analysis8 HTTP/1.1" 404 157
::1 - - [16/Jan/2021:13:03:22 +0000] "GET /api/User/analysis12?type=month HTTP/1.1" 404 158
::1 - - [16/Jan/2021:13:03:22 +0000] "GET /api/User/analysis10?type=month HTTP/1.1" 404 158
::1 - - [16/Jan/2021:13:03:22 +0000] "POST /api/User/transaction HTTP/1.1" 200 771
::1 - - [16/Jan/2021:13:03:22 +0000] "POST /api/User/customer HTTP/1.1" 200 220
::1 - - [16/Jan/2021:13:03:22 +0000] "POST /api/User/transaction HTTP/1.1" 200 827
::1 - - [16/Jan/2021:13:03:22 +0000] "POST /api/User/customer HTTP/1.1" 200 203
::1 - - [16/Jan/2021:13:03:22 +0000] "POST /api/User/employee HTTP/1.1" 200 396
::1 - - [16/Jan/2021:13:03:23 +0000] "POST /api/User/transaction HTTP/1.1" 200 206
::1 - - [16/Jan/2021:13:03:23 +0000] "POST /api/User/transaction HTTP/1.1" 400 50
::1 - - [16/Jan/2021:13:03:23 +0000] "POST /api/User/transaction HTTP/1.1" 200 176
::1 - - [16/Jan/2021:13:03:50 +0000] "POST /api/User/customer HTTP/1.1" 400 50
::1 - - [16/Jan/2021:13:06:06 +0000] "POST /api/User/customer HTTP/1.1" 200 419
::1 - - [16/Jan/2021:13:06:20 +0000] "POST /api/User/customer HTTP/1.1" 200 212
::1 - - [16/Jan/2021:13:06:20 +0000] "GET /api/User/analysis6 HTTP/1.1" 404 157
::1 - - [16/Jan/2021:13:06:20 +0000] "GET /api/User/analysis8 HTTP/1.1" 404 157
::1 - - [16/Jan/2021:13:06:20 +0000] "GET /api/User/analysis12?type=month HTTP/1.1" 404 158
::1 - - [16/Jan/2021:13:06:20 +0000] "GET /api/User/analysis10?type=month HTTP/1.1" 404 158
::1 - - [16/Jan/2021:13:06:20 +0000] "POST /api/User/transaction HTTP/1.1" 200 779
::1 - - [16/Jan/2021:13:06:20 +0000] "POST /api/User/transaction HTTP/1.1" 200 831
::1 - - [16/Jan/2021:13:06:20 +0000] "POST /api/User/customer HTTP/1.1" 200 203
::1 - - [16/Jan/2021:13:06:20 +0000] "POST /api/User/employee HTTP/1.1" 200 384
::1 - - [16/Jan/2021:13:06:20 +0000] "POST /api/User/transaction HTTP/1.1" 200 206
::1 - - [16/Jan/2021:13:06:20 +0000] "POST /api/User/customer HTTP/1.1" 200 425
::1 - - [16/Jan/2021:13:06:20 +0000] "POST /api/User/transaction HTTP/1.1" 200 176
::1 - - [16/Jan/2021:13:07:41 +0000] "GET /api/User/analysis6 HTTP/1.1" 404 157
::1 - - [16/Jan/2021:13:07:41 +0000] "GET /api/User/analysis8 HTTP/1.1" 404 157
::1 - - [16/Jan/2021:13:07:41 +0000] "GET /api/User/analysis12?type=month HTTP/1.1" 404 158
::1 - - [16/Jan/2021:13:07:41 +0000] "GET /api/User/analysis10?type=month HTTP/1.1" 404 158
::1 - - [16/Jan/2021:13:07:41 +0000] "POST /api/User/customer HTTP/1.1" 200 214
::1 - - [16/Jan/2021:13:07:41 +0000] "POST /api/User/transaction HTTP/1.1" 200 781
::1 - - [16/Jan/2021:13:07:41 +0000] "POST /api/User/transaction HTTP/1.1" 200 837
::1 - - [16/Jan/2021:13:07:41 +0000] "POST /api/User/customer HTTP/1.1" 200 203
::1 - - [16/Jan/2021:13:07:41 +0000] "POST /api/User/employee HTTP/1.1" 200 400
::1 - - [16/Jan/2021:13:07:41 +0000] "POST /api/User/transaction HTTP/1.1" 200 204
::1 - - [16/Jan/2021:13:07:41 +0000] "POST /api/User/customer HTTP/1.1" 200 427
::1 - - [16/Jan/2021:13:07:41 +0000] "POST /api/User/transaction HTTP/1.1" 200 170
::1 - - [16/Jan/2021:13:08:39 +0000] "POST /api/User/customer HTTP/1.1" 200 425
::1 - - [16/Jan/2021:13:15:51 +0000] "POST /api/User/transaction HTTP/1.1" 200 775
::1 - - [16/Jan/2021:13:16:40 +0000] "POST /api/User/transaction HTTP/1.1" 200 167
::1 - - [16/Jan/2021:13:16:53 +0000] "GET /api/User/analysis8 HTTP/1.1" 404 157
::1 - - [16/Jan/2021:13:16:53 +0000] "POST /api/User/customer HTTP/1.1" 200 216
::1 - - [16/Jan/2021:13:16:53 +0000] "POST /api/User/transaction HTTP/1.1" 200 781
::1 - - [16/Jan/2021:13:16:53 +0000] "POST /api/User/transaction HTTP/1.1" 200 835
::1 - - [16/Jan/2021:13:16:53 +0000] "POST /api/User/customer HTTP/1.1" 200 205
::1 - - [16/Jan/2021:13:16:53 +0000] "POST /api/User/employee HTTP/1.1" 200 388
::1 - - [16/Jan/2021:13:16:53 +0000] "POST /api/User/customer HTTP/1.1" 200 429
::1 - - [16/Jan/2021:13:16:53 +0000] "POST /api/User/transaction HTTP/1.1" 200 208
::1 - - [16/Jan/2021:13:16:53 +0000] "GET /api/User/analysis12?type=month HTTP/1.1" 404 158
::1 - - [16/Jan/2021:13:16:53 +0000] "GET /api/User/analysis10?type=month HTTP/1.1" 404 158
::1 - - [16/Jan/2021:13:16:53 +0000] "POST /api/User/transaction HTTP/1.1" 200 169
::1 - - [16/Jan/2021:13:16:53 +0000] "POST /api/User/transaction HTTP/1.1" 200 174
::1 - - [16/Jan/2021:13:21:59 +0000] "POST /api/User/transaction HTTP/1.1" 200 204
::1 - - [16/Jan/2021:13:26:27 +0000] "POST /api/User/transaction HTTP/1.1" 200 821
::1 - - [16/Jan/2021:13:27:41 +0000] "GET /api/User/analysis10?type=month HTTP/1.1" 404 158
::1 - - [16/Jan/2021:13:27:41 +0000] "POST /api/User/customer HTTP/1.1" 200 212
::1 - - [16/Jan/2021:13:27:41 +0000] "POST /api/User/transaction HTTP/1.1" 200 775
::1 - - [16/Jan/2021:13:27:41 +0000] "POST /api/User/transaction HTTP/1.1" 200 823
::1 - - [16/Jan/2021:13:27:41 +0000] "POST /api/User/customer HTTP/1.1" 200 205
::1 - - [16/Jan/2021:13:27:41 +0000] "POST /api/User/employee HTTP/1.1" 200 392
::1 - - [16/Jan/2021:13:27:42 +0000] "POST /api/User/transaction HTTP/1.1" 200 206
::1 - - [16/Jan/2021:13:27:42 +0000] "POST /api/User/customer HTTP/1.1" 200 431
::1 - - [16/Jan/2021:13:27:42 +0000] "POST /api/User/transaction HTTP/1.1" 200 167
::1 - - [16/Jan/2021:13:27:42 +0000] "POST /api/User/transaction HTTP/1.1" 200 172
::1 - - [16/Jan/2021:13:27:42 +0000] "POST /api/User/transaction HTTP/1.1" 200 210
::1 - - [16/Jan/2021:13:27:42 +0000] "POST /api/User/transaction HTTP/1.1" 200 827
::1 - - [16/Jan/2021:13:28:33 +0000] "POST /api/User/transaction HTTP/1.1" 200 833
::1 - - [16/Jan/2021:13:29:30 +0000] "POST /api/User/bus HTTP/1.1" 400 50
::1 - - [16/Jan/2021:13:31:21 +0000] "POST /api/User/bus HTTP/1.1" 200 277
::1 - - [16/Jan/2021:13:31:59 +0000] "POST /api/User/customer HTTP/1.1" 200 216
::1 - - [16/Jan/2021:13:31:59 +0000] "POST /api/User/transaction HTTP/1.1" 200 769
::1 - - [16/Jan/2021:13:31:59 +0000] "POST /api/User/transaction HTTP/1.1" 200 819
::1 - - [16/Jan/2021:13:31:59 +0000] "POST /api/User/customer HTTP/1.1" 200 199
::1 - - [16/Jan/2021:13:31:59 +0000] "POST /api/User/transaction HTTP/1.1" 200 210
::1 - - [16/Jan/2021:13:31:59 +0000] "POST /api/User/employee HTTP/1.1" 200 392
::1 - - [16/Jan/2021:13:31:59 +0000] "POST /api/User/customer HTTP/1.1" 200 427
::1 - - [16/Jan/2021:13:31:59 +0000] "POST /api/User/transaction HTTP/1.1" 200 165
::1 - - [16/Jan/2021:13:31:59 +0000] "POST /api/User/transaction HTTP/1.1" 200 174
::1 - - [16/Jan/2021:13:31:59 +0000] "POST /api/User/bus HTTP/1.1" 200 252
::1 - - [16/Jan/2021:13:31:59 +0000] "POST /api/User/transaction HTTP/1.1" 200 208
::1 - - [16/Jan/2021:13:31:59 +0000] "POST /api/User/transaction HTTP/1.1" 200 829
::1 - - [16/Jan/2021:13:33:41 +0000] "POST /api/User/transaction HTTP/1.1" 404 160
::1 - - [16/Jan/2021:13:33:41 +0000] "POST /api/User/transaction HTTP/1.1" 404 160
::1 - - [16/Jan/2021:13:33:41 +0000] "POST /api/User/transaction HTTP/1.1" 404 160
::1 - - [16/Jan/2021:13:33:41 +0000] "POST /api/User/transaction HTTP/1.1" 404 160
::1 - - [16/Jan/2021:13:33:41 +0000] "POST /api/User/transaction HTTP/1.1" 404 160
::1 - - [16/Jan/2021:13:33:41 +0000] "POST /api/User/transaction HTTP/1.1" 404 160
::1 - - [16/Jan/2021:13:33:41 +0000] "POST /api/User/customer HTTP/1.1" 404 157
::1 - - [16/Jan/2021:13:33:41 +0000] "POST /api/User/transaction HTTP/1.1" 404 160
::1 - - [16/Jan/2021:13:33:41 +0000] "POST /api/User/employee HTTP/1.1" 404 157
::1 - - [16/Jan/2021:13:33:41 +0000] "POST /api/User/customer HTTP/1.1" 404 157
::1 - - [16/Jan/2021:13:33:41 +0000] "POST /api/User/customer HTTP/1.1" 404 157
::1 - - [16/Jan/2021:13:33:41 +0000] "POST /api/User/bus HTTP/1.1" 404 152
