::1 - - [21/Jan/2021:03:09:20 +0000] "GET /api/Employee/Notification/view HTTP/1.1" 401 -
::1 - - [21/Jan/2021:03:21:31 +0000] "GET /api/Employee/Notification/view HTTP/1.1" 401 -
::1 - - [21/Jan/2021:03:22:09 +0000] "POST /api/User/Employee/login HTTP/1.1" 200 799
::1 - - [21/Jan/2021:03:22:33 +0000] "GET /api/Employee/Notification/view HTTP/1.1" 401 -
::ffff:127.0.0.1 - - [21/Jan/2021:03:22:44 +0000] "GET /api/Employee/Route/find?limit=15 HTTP/1.1" 404 162
::1 - - [21/Jan/2021:03:23:48 +0000] "GET /api/Employee/Route/search?limit=15 HTTP/1.1" 400 50
::1 - - [21/Jan/2021:03:27:20 +0000] "GET /api/Employee/Route/search?limit=15 HTTP/1.1" 400 50
::1 - - [21/Jan/2021:03:32:57 +0000] "GET /api/Employee/Route/search?limit=15 HTTP/1.1" 400 50
::1 - - [21/Jan/2021:03:45:23 +0000] "GET /api/Employee/Route/search?limit=15 HTTP/1.1" 400 50
::1 - - [21/Jan/2021:03:49:50 +0000] "GET /api/Employee/Route/search?limit=15 HTTP/1.1" 400 50
::1 - - [21/Jan/2021:03:50:19 +0000] "GET /api/Employee/Route/search?limit=15 HTTP/1.1" 400 50
::1 - - [21/Jan/2021:08:01:24 +0000] "GET /api/Employee/Route/search?limit=15 HTTP/1.1" 400 50
::1 - - [21/Jan/2021:08:04:07 +0000] "GET /api/Employee/Route/search?limit=15 HTTP/1.1" 400 50
::1 - - [21/Jan/2021:08:04:48 +0000] "GET /api/Employee/Route/search?limit=15 HTTP/1.1" 400 50
::1 - - [21/Jan/2021:08:14:39 +0000] "GET /api/Employee/Route/search?limit=15 HTTP/1.1" 400 50
::1 - - [21/Jan/2021:08:15:50 +0000] "GET /api/Employee/Route/search?limit=15 HTTP/1.1" 400 50
::1 - - [21/Jan/2021:08:16:28 +0000] "GET /api/Employee/Route/search?limit=15 HTTP/1.1" 400 50
::1 - - [21/Jan/2021:08:17:21 +0000] "GET /api/Employee/Route/search?limit=15 HTTP/1.1" 400 50
::1 - - [21/Jan/2021:08:18:29 +0000] "GET /api/Employee/Route/search?limit=15 HTTP/1.1" 200 2482
::1 - - [21/Jan/2021:08:20:59 +0000] "GET /api/Employee/Route/search?limit=15 HTTP/1.1" 200 2052
::1 - - [21/Jan/2021:08:23:32 +0000] "GET /api/Employee/Route/search?limit=15 HTTP/1.1" 304 -
::1 - - [21/Jan/2021:08:24:57 +0000] "GET /api/Employee/Route/search?limit=15 HTTP/1.1" 304 -
::1 - - [21/Jan/2021:08:27:14 +0000] "GET /api/Employee/Route/search?limit=15 HTTP/1.1" 304 -
::1 - - [21/Jan/2021:08:27:41 +0000] "GET /api/Employee/Route/search?limit=15 HTTP/1.1" 304 -
::1 - - [21/Jan/2021:08:28:19 +0000] "GET /api/Employee/Route/search?limit=15 HTTP/1.1" 304 -
::1 - - [21/Jan/2021:08:29:15 +0000] "GET /api/Employee/Route/search?limit=15 HTTP/1.1" 304 -
::1 - - [21/Jan/2021:08:29:19 +0000] "GET /api/Employee/Route/search?limit=15 HTTP/1.1" 304 -
::1 - - [21/Jan/2021:08:30:36 +0000] "GET /api/Employee/Route/search?limit=15 HTTP/1.1" 304 -
::1 - - [21/Jan/2021:08:30:42 +0000] "GET /api/Employee/Route/search?limit=15 HTTP/1.1" 304 -
::1 - - [21/Jan/2021:08:31:19 +0000] "GET /api/Employee/Route/search?limit=15 HTTP/1.1" 304 -
::1 - - [21/Jan/2021:08:31:24 +0000] "GET /api/Employee/Route/search?limit=15 HTTP/1.1" 304 -
::1 - - [21/Jan/2021:08:32:12 +0000] "GET /api/Employee/Route/search?limit=15 HTTP/1.1" 304 -
::1 - - [21/Jan/2021:08:32:17 +0000] "GET /api/Employee/Route/search?limit=15 HTTP/1.1" 304 -
::1 - - [21/Jan/2021:08:32:38 +0000] "GET /api/Employee/Route/search?limit=15 HTTP/1.1" 304 -
::1 - - [21/Jan/2021:08:32:59 +0000] "GET /api/Employee/Route/search?limit=15 HTTP/1.1" 304 -
::1 - - [21/Jan/2021:08:33:20 +0000] "GET /api/Employee/Route/search?limit=15 HTTP/1.1" 304 -
::1 - - [21/Jan/2021:08:33:26 +0000] "GET /api/Employee/Route/search?limit=15 HTTP/1.1" 304 -
::1 - - [21/Jan/2021:08:33:39 +0000] "GET /api/Employee/Route/search?limit=15 HTTP/1.1" 304 -
::1 - - [21/Jan/2021:08:33:47 +0000] "GET /api/Employee/Route/search?limit=15 HTTP/1.1" 304 -
::1 - - [21/Jan/2021:08:34:46 +0000] "GET /api/Employee/Route/search?limit=15 HTTP/1.1" 304 -
::1 - - [21/Jan/2021:08:34:52 +0000] "GET /api/Employee/Route/search?limit=15 HTTP/1.1" 304 -
::1 - - [21/Jan/2021:08:35:08 +0000] "GET /api/Employee/Route/search?limit=15 HTTP/1.1" 304 -
::1 - - [21/Jan/2021:08:35:13 +0000] "GET /api/Employee/Route/search?limit=15 HTTP/1.1" 304 -
::1 - - [21/Jan/2021:08:36:27 +0000] "GET /api/Employee/Route/search?limit=15 HTTP/1.1" 304 -
::1 - - [21/Jan/2021:08:36:33 +0000] "GET /api/Employee/Route/search?limit=15 HTTP/1.1" 304 -
::1 - - [21/Jan/2021:08:36:58 +0000] "GET /api/Employee/Route/search?limit=15 HTTP/1.1" 304 -
::1 - - [21/Jan/2021:08:37:04 +0000] "GET /api/Employee/Route/search?limit=15 HTTP/1.1" 304 -
::1 - - [21/Jan/2021:08:37:36 +0000] "GET /api/Employee/Route/search?limit=15 HTTP/1.1" 304 -
::1 - - [21/Jan/2021:08:38:01 +0000] "GET /api/Employee/Route/search?limit=15 HTTP/1.1" 304 -
::1 - - [21/Jan/2021:08:38:21 +0000] "GET /api/Employee/Route/search?limit=15 HTTP/1.1" 304 -
::1 - - [21/Jan/2021:08:39:22 +0000] "GET /api/Employee/Route/search?limit=15 HTTP/1.1" 304 -
::1 - - [21/Jan/2021:08:39:30 +0000] "GET /api/Employee/Route/search?limit=15 HTTP/1.1" 304 -
::1 - - [21/Jan/2021:08:39:51 +0000] "GET /api/Employee/Route/search?limit=15 HTTP/1.1" 304 -
::1 - - [21/Jan/2021:08:41:09 +0000] "GET /api/Employee/Route/search?limit=15 HTTP/1.1" 304 -
::1 - - [21/Jan/2021:08:41:19 +0000] "GET /api/Employee/Route/search?limit=15 HTTP/1.1" 304 -
::1 - - [21/Jan/2021:08:43:36 +0000] "GET /api/Employee/Route/search?limit=15 HTTP/1.1" 304 -
::1 - - [21/Jan/2021:08:45:23 +0000] "GET /api/Employee/Route/search?limit=15 HTTP/1.1" 304 -
::1 - - [21/Jan/2021:08:45:34 +0000] "GET /api/Employee/Route/search?limit=15 HTTP/1.1" 304 -
::1 - - [21/Jan/2021:08:47:01 +0000] "GET /api/Employee/Route/search?limit=15 HTTP/1.1" 304 -
::1 - - [21/Jan/2021:08:47:07 +0000] "GET /api/Employee/Route/search?limit=15 HTTP/1.1" 304 -
::1 - - [21/Jan/2021:08:49:23 +0000] "GET /api/Employee/Route/search?limit=15 HTTP/1.1" 304 -
::1 - - [21/Jan/2021:08:49:55 +0000] "GET /api/Employee/Route/search?limit=15 HTTP/1.1" 304 -
::1 - - [21/Jan/2021:08:50:35 +0000] "GET /api/Employee/Route/search?limit=15 HTTP/1.1" 304 -
::1 - - [21/Jan/2021:08:52:01 +0000] "GET /api/Employee/Route/search?limit=15 HTTP/1.1" 304 -
::1 - - [21/Jan/2021:08:52:35 +0000] "GET /api/Employee/Route/search?limit=15 HTTP/1.1" 304 -
::1 - - [21/Jan/2021:08:53:40 +0000] "GET /api/Employee/Route/search?limit=15 HTTP/1.1" 304 -
::1 - - [21/Jan/2021:08:56:59 +0000] "GET /api/Employee/Route/search?limit=15 HTTP/1.1" 304 -
::1 - - [21/Jan/2021:08:57:50 +0000] "GET /api/Employee/Route/search?limit=15 HTTP/1.1" 304 -
::1 - - [21/Jan/2021:08:58:24 +0000] "GET /api/Employee/Route/search?limit=15 HTTP/1.1" 304 -
::1 - - [21/Jan/2021:08:59:56 +0000] "GET /api/Employee/Route/search?limit=15 HTTP/1.1" 304 -
::1 - - [21/Jan/2021:09:00:41 +0000] "POST /api/User/Employee/login HTTP/1.1" 200 799
::1 - - [21/Jan/2021:09:00:50 +0000] "POST /api/User/Employee/login HTTP/1.1" 200 799
::1 - - [21/Jan/2021:09:01:00 +0000] "POST /api/User/Employee/login HTTP/1.1" 200 799
::1 - - [21/Jan/2021:09:01:00 +0000] "POST /api/User/Employee/login HTTP/1.1" 200 799
::1 - - [21/Jan/2021:09:01:00 +0000] "POST /api/User/Employee/login HTTP/1.1" 200 799
::1 - - [21/Jan/2021:09:01:00 +0000] "POST /api/User/Employee/login HTTP/1.1" 200 799
::1 - - [21/Jan/2021:09:01:01 +0000] "POST /api/User/Employee/login HTTP/1.1" 200 799
::1 - - [21/Jan/2021:09:01:05 +0000] "POST /api/User/Employee/login HTTP/1.1" 200 51
::1 - - [21/Jan/2021:09:01:06 +0000] "POST /api/User/Employee/login HTTP/1.1" 200 51
::1 - - [21/Jan/2021:09:01:07 +0000] "POST /api/User/Employee/login HTTP/1.1" 200 51
::1 - - [21/Jan/2021:09:01:16 +0000] "POST /api/User/Employee/login HTTP/1.1" 200 53
::1 - - [21/Jan/2021:09:01:17 +0000] "POST /api/User/Employee/login HTTP/1.1" 200 53
::1 - - [21/Jan/2021:09:01:17 +0000] "POST /api/User/Employee/login HTTP/1.1" 200 53
::1 - - [21/Jan/2021:09:01:37 +0000] "POST /api/User/Employee/login HTTP/1.1" 200 799
::1 - - [21/Jan/2021:09:01:39 +0000] "POST /api/User/Employee/login HTTP/1.1" 200 799
::1 - - [21/Jan/2021:09:01:39 +0000] "POST /api/User/Employee/login HTTP/1.1" 200 799
::1 - - [21/Jan/2021:09:01:39 +0000] "POST /api/User/Employee/login HTTP/1.1" 200 799
::1 - - [21/Jan/2021:09:01:39 +0000] "POST /api/User/Employee/login HTTP/1.1" 200 799
::1 - - [21/Jan/2021:09:01:40 +0000] "POST /api/User/Employee/login HTTP/1.1" 200 799
::1 - - [21/Jan/2021:09:01:40 +0000] "POST /api/User/Employee/login HTTP/1.1" 200 799
::1 - - [21/Jan/2021:09:01:40 +0000] "POST /api/User/Employee/login HTTP/1.1" 200 799
::1 - - [21/Jan/2021:09:01:58 +0000] "GET /api/Employee/Route/search?limit=15 HTTP/1.1" 304 -
::1 - - [21/Jan/2021:09:02:26 +0000] "POST /api/User/Employee/login HTTP/1.1" 200 799
::1 - - [21/Jan/2021:09:03:53 +0000] "POST /api/User/Employee/login HTTP/1.1" 200 799
::1 - - [21/Jan/2021:09:03:55 +0000] "POST /api/User/Employee/login HTTP/1.1" 200 799
::1 - - [21/Jan/2021:09:03:56 +0000] "POST /api/User/Employee/login HTTP/1.1" 200 799
::1 - - [21/Jan/2021:09:04:19 +0000] "POST /api/User/Employee/login HTTP/1.1" 200 799
::1 - - [21/Jan/2021:09:04:47 +0000] "GET /api/Employee/Route/search?limit=15 HTTP/1.1" 304 -
::1 - - [21/Jan/2021:09:07:06 +0000] "GET /api/Employee/Route/search?limit=15 HTTP/1.1" 304 -
::1 - - [21/Jan/2021:09:07:21 +0000] "GET /api/Employee/Route/search?limit=15 HTTP/1.1" 304 -
::1 - - [21/Jan/2021:09:08:07 +0000] "GET /api/Employee/Route/search?limit=15 HTTP/1.1" 304 -
::1 - - [21/Jan/2021:09:08:20 +0000] "GET /api/Employee/Route/search?limit=15 HTTP/1.1" 304 -
::1 - - [21/Jan/2021:09:09:11 +0000] "GET /api/Employee/Route/search?limit=15 HTTP/1.1" 304 -
::1 - - [21/Jan/2021:09:09:47 +0000] "GET /api/Employee/Route/search?limit=15 HTTP/1.1" 304 -
::1 - - [21/Jan/2021:09:47:32 +0000] "GET /api/Employee/Route/search?limit=15 HTTP/1.1" 304 -
::ffff:127.0.0.1 - - [21/Jan/2021:09:48:05 +0000] "GET /api/Employee/Route/search?limit=15 HTTP/1.1" 304 -
::1 - - [21/Jan/2021:09:59:25 +0000] "GET /api/Employee/Route/search?limit=15 HTTP/1.1" 304 -
::1 - - [21/Jan/2021:09:59:25 +0000] "GET /api/Employee/Route/search?limit=15 HTTP/1.1" 304 -
::1 - - [21/Jan/2021:10:00:16 +0000] "GET /api/Employee/Route/search?limit=15 HTTP/1.1" 304 -
::1 - - [21/Jan/2021:10:00:20 +0000] "GET /api/Employee/Route/search?limit=15 HTTP/1.1" 304 -
::1 - - [21/Jan/2021:10:00:58 +0000] "GET /api/Employee/Route/search?limit=15 HTTP/1.1" 304 -
::1 - - [21/Jan/2021:10:02:13 +0000] "GET /api/Employee/Route/search?limit=15 HTTP/1.1" 304 -
::1 - - [21/Jan/2021:10:02:18 +0000] "GET /api/Employee/Route/search?limit=15 HTTP/1.1" 304 -
::1 - - [21/Jan/2021:10:02:37 +0000] "GET /api/Employee/Route/search?limit=15 HTTP/1.1" 304 -
::1 - - [21/Jan/2021:10:03:12 +0000] "GET /api/Employee/Route/search?limit=15 HTTP/1.1" 304 -
::1 - - [21/Jan/2021:10:03:17 +0000] "GET /api/Employee/Route/search?limit=15 HTTP/1.1" 304 -
::1 - - [21/Jan/2021:10:04:15 +0000] "GET /api/Employee/Route/search?limit=15 HTTP/1.1" 304 -
::1 - - [21/Jan/2021:10:04:36 +0000] "GET /api/Employee/Route/search?limit=15 HTTP/1.1" 304 -
::1 - - [21/Jan/2021:10:06:01 +0000] "GET /api/Employee/Route/search?limit=15 HTTP/1.1" 304 -
::1 - - [21/Jan/2021:10:06:44 +0000] "GET /api/Employee/Route/search?limit=15 HTTP/1.1" 304 -
::1 - - [21/Jan/2021:10:07:52 +0000] "GET /api/Employee/Route/search?limit=15 HTTP/1.1" 304 -
::1 - - [21/Jan/2021:10:07:58 +0000] "GET /api/Employee/Route/search?limit=15 HTTP/1.1" 304 -
::1 - - [21/Jan/2021:10:08:28 +0000] "GET /api/Employee/Route/search?limit=15 HTTP/1.1" 304 -
::1 - - [21/Jan/2021:10:12:52 +0000] "GET /api/Employee/Route/search?limit=15 HTTP/1.1" 304 -
::1 - - [21/Jan/2021:10:15:05 +0000] "GET /api/Employee/Route/search?limit=15 HTTP/1.1" 304 -
::1 - - [21/Jan/2021:10:15:35 +0000] "GET /api/Employee/Route/search?limit=15 HTTP/1.1" 304 -
::1 - - [21/Jan/2021:10:20:45 +0000] "GET /api/Employee/Route/search?limit=15 HTTP/1.1" 304 -
::1 - - [21/Jan/2021:10:34:07 +0000] "GET /api/Employee/Route/search?limit=15 HTTP/1.1" 304 -
::1 - - [21/Jan/2021:10:34:34 +0000] "GET /api/Machine/register HTTP/1.1" 404 159
::ffff:127.0.0.1 - - [21/Jan/2021:10:35:22 +0000] "GET /api/Employee/Route/search?limit=15 HTTP/1.1" 304 -
::ffff:127.0.0.1 - - [21/Jan/2021:10:35:33 +0000] "GET /api/Machine/Transaction/register HTTP/1.1" 404 171
::1 - - [21/Jan/2021:10:36:45 +0000] "GET /api/Employee/Route/search?limit=15 HTTP/1.1" 304 -
::ffff:127.0.0.1 - - [21/Jan/2021:10:36:59 +0000] "POST /api/Machine/Transaction/register HTTP/1.1" 200 62
::1 - - [21/Jan/2021:10:46:09 +0000] "GET /api/Employee/Route/search?limit=15 HTTP/1.1" 304 -
::1 - - [21/Jan/2021:10:57:38 +0000] "GET /api/Employee/Route/search?limit=15 HTTP/1.1" 304 -
::1 - - [21/Jan/2021:10:58:25 +0000] "GET /api/Employee/Route/search?limit=15 HTTP/1.1" 304 -
::1 - - [21/Jan/2021:10:59:42 +0000] "GET /api/Employee/Route/search?limit=15 HTTP/1.1" 304 -
::1 - - [21/Jan/2021:11:02:08 +0000] "GET /api/Employee/Route/search?limit=15 HTTP/1.1" 304 -
::1 - - [21/Jan/2021:11:06:08 +0000] "GET /api/Employee/Route/search?limit=15 HTTP/1.1" 304 -
::1 - - [21/Jan/2021:11:12:00 +0000] "GET /api/Employee/Route/search?limit=15 HTTP/1.1" 304 -
::1 - - [21/Jan/2021:11:14:27 +0000] "GET /api/Employee/Route/search?limit=15 HTTP/1.1" 304 -
::1 - - [21/Jan/2021:11:20:22 +0000] "GET /api/Employee/Route/search?limit=15 HTTP/1.1" 304 -
::1 - - [21/Jan/2021:11:20:26 +0000] "GET /api/Employee/Route/search?limit=15 HTTP/1.1" 304 -
::1 - - [21/Jan/2021:11:54:40 +0000] "GET /api/Employee/Route/search?limit=15 HTTP/1.1" 304 -
::1 - - [21/Jan/2021:11:58:02 +0000] "GET /api/Employee/Route/search?limit=15 HTTP/1.1" 304 -
::1 - - [21/Jan/2021:12:00:31 +0000] "GET /api/Employee/Route/search?limit=15 HTTP/1.1" 304 -
::1 - - [21/Jan/2021:12:01:25 +0000] "GET /api/Employee/Route/search?limit=15 HTTP/1.1" 304 -
::1 - - [21/Jan/2021:12:01:54 +0000] "GET /api/Employee/Route/search?limit=15 HTTP/1.1" 304 -
::1 - - [21/Jan/2021:12:02:49 +0000] "GET /api/Employee/Route/search?limit=15 HTTP/1.1" 304 -
::1 - - [21/Jan/2021:12:04:20 +0000] "GET /api/Employee/Route/search?limit=15 HTTP/1.1" 304 -
::1 - - [21/Jan/2021:12:04:54 +0000] "GET /api/Employee/Route/search?limit=15 HTTP/1.1" 304 -
::1 - - [21/Jan/2021:12:05:19 +0000] "GET /api/Employee/Route/search?limit=15 HTTP/1.1" 304 -
::1 - - [21/Jan/2021:12:40:07 +0000] "GET /api/Employee/Route/search?limit=15 HTTP/1.1" 304 -
::1 - - [21/Jan/2021:12:55:17 +0000] "GET /api/Employee/Route/search?limit=15 HTTP/1.1" 304 -
::1 - - [21/Jan/2021:13:12:04 +0000] "GET /api/Employee/Route/search?limit=15 HTTP/1.1" 304 -
::1 - - [21/Jan/2021:13:12:33 +0000] "GET /api/Employee/Route/search?limit=15 HTTP/1.1" 304 -
::1 - - [21/Jan/2021:13:13:42 +0000] "POST /api/Machine/Transaction/register HTTP/1.1" 200 62
::1 - - [21/Jan/2021:13:14:14 +0000] "POST /api/Machine/Transaction/register HTTP/1.1" 200 62
::1 - - [21/Jan/2021:13:14:18 +0000] "GET /api/Machine/Transaction/register HTTP/1.1" 401 -
::1 - - [21/Jan/2021:13:15:02 +0000] "POST /api/Machine/Transaction/register HTTP/1.1" 200 62
::1 - - [21/Jan/2021:13:17:33 +0000] "POST /api/Machine/Transaction/register HTTP/1.1" 200 62
::1 - - [21/Jan/2021:13:18:15 +0000] "POST /api/Machine/Transaction/register HTTP/1.1" 200 62
::1 - - [21/Jan/2021:13:18:35 +0000] "POST /api/Machine/Transaction/register HTTP/1.1" 200 62
::1 - - [21/Jan/2021:13:18:51 +0000] "POST /api/Machine/Transaction/register HTTP/1.1" 200 62
::1 - - [21/Jan/2021:13:20:20 +0000] "POST /api/Machine/Transaction/register HTTP/1.1" 200 62
::1 - - [21/Jan/2021:13:20:38 +0000] "POST /api/Machine/Transaction/register HTTP/1.1" 401 -
::1 - - [21/Jan/2021:13:21:04 +0000] "POST /api/Machine/Transaction/register HTTP/1.1" 401 -
::1 - - [21/Jan/2021:13:21:25 +0000] "GET /api/Employee/Route/search?limit=15 HTTP/1.1" 304 -
::1 - - [21/Jan/2021:13:21:40 +0000] "POST /api/Machine/Transaction/register HTTP/1.1" 401 -
::1 - - [21/Jan/2021:13:22:16 +0000] "GET /api/Employee/Route/search?limit=15 HTTP/1.1" 304 -
::1 - - [21/Jan/2021:13:22:22 +0000] "GET /api/Employee/Route/search?limit=15 HTTP/1.1" 304 -
::1 - - [21/Jan/2021:13:22:35 +0000] "POST /api/Machine/Transaction/register HTTP/1.1" 401 -
::1 - - [21/Jan/2021:13:24:10 +0000] "GET /api/Employee/Route/search?limit=15 HTTP/1.1" 304 -
::1 - - [21/Jan/2021:13:24:24 +0000] "POST /api/Machine/Transaction/register HTTP/1.1" 401 -
::1 - - [21/Jan/2021:13:24:28 +0000] "POST /api/Machine/Transaction/register HTTP/1.1" 401 -
::1 - - [21/Jan/2021:13:26:06 +0000] "GET /api/Employee/Route/search?limit=15 HTTP/1.1" 304 -
::1 - - [21/Jan/2021:13:26:20 +0000] "POST /api/Machine/Transaction/register HTTP/1.1" 401 -
::ffff:127.0.0.1 - - [21/Jan/2021:13:26:32 +0000] "GET /api/Employee/Route/search?limit=15 HTTP/1.1" 304 -
::1 - - [21/Jan/2021:13:26:47 +0000] "POST /api/Machine/Transaction/register HTTP/1.1" 401 -
::1 - - [21/Jan/2021:13:27:13 +0000] "GET /api/Employee/Route/search?limit=15 HTTP/1.1" 304 -
::1 - - [21/Jan/2021:13:27:27 +0000] "POST /api/Machine/Transaction/register HTTP/1.1" 401 -
::ffff:127.0.0.1 - - [21/Jan/2021:13:28:21 +0000] "GET /api/Employee/Route/search?limit=15 HTTP/1.1" 304 -
::1 - - [21/Jan/2021:13:28:31 +0000] "POST /api/Machine/Transaction/register HTTP/1.1" 401 -
::1 - - [21/Jan/2021:13:28:57 +0000] "GET /api/Employee/Route/search?limit=15 HTTP/1.1" 304 -
::1 - - [21/Jan/2021:13:29:07 +0000] "POST /api/Machine/Transaction/register HTTP/1.1" 401 -
::1 - - [21/Jan/2021:13:36:29 +0000] "GET /api/Employee/Route/search?limit=15 HTTP/1.1" 304 -
::1 - - [21/Jan/2021:13:36:40 +0000] "POST /api/Machine/Transaction/register HTTP/1.1" 401 -
::1 - - [21/Jan/2021:13:37:11 +0000] "GET /api/Employee/Route/search?limit=15 HTTP/1.1" 304 -
::1 - - [21/Jan/2021:13:37:41 +0000] "POST /api/Machine/Transaction/register HTTP/1.1" 401 -
::1 - - [21/Jan/2021:13:38:11 +0000] "GET /api/Employee/Route/search?limit=15 HTTP/1.1" 304 -
::1 - - [21/Jan/2021:13:38:20 +0000] "POST /api/Machine/Transaction/register HTTP/1.1" 401 -
::ffff:192.168.137.1 - - [21/Jan/2021:17:37:15 +0000] "GET /api/User/ll HTTP/1.1" 304 -
::ffff:192.168.137.1 - - [21/Jan/2021:17:37:17 +0000] "GET /api/User/ll HTTP/1.1" 304 -
::ffff:192.168.137.1 - - [21/Jan/2021:17:37:18 +0000] "GET /api/User/ll HTTP/1.1" 304 -
::ffff:192.168.137.1 - - [21/Jan/2021:17:37:23 +0000] "GET /api/User/l HTTP/1.1" 404 149
::ffff:192.168.137.1 - - [21/Jan/2021:17:37:27 +0000] "GET /api/User/ll HTTP/1.1" 304 -
::1 - - [21/Jan/2021:17:52:21 +0000] "GET /api/Employee/Route/search?limit=15 HTTP/1.1" 401 -
::1 - - [21/Jan/2021:17:54:01 +0000] "GET /api/User/ll HTTP/1.1" 304 -
::ffff:192.168.137.1 - - [21/Jan/2021:17:54:04 +0000] "GET /api/User/ll HTTP/1.1" 304 -
::ffff:192.168.137.1 - - [21/Jan/2021:17:54:05 +0000] "GET /api/User/ll HTTP/1.1" 304 -
::ffff:192.168.137.1 - - [21/Jan/2021:17:54:05 +0000] "GET /api/User/ll HTTP/1.1" 304 -
::ffff:192.168.137.1 - - [21/Jan/2021:17:54:05 +0000] "GET /api/User/ll HTTP/1.1" 304 -
::ffff:192.168.137.1 - - [21/Jan/2021:17:54:06 +0000] "GET /api/User/ll HTTP/1.1" 304 -
::ffff:192.168.42.75 - - [21/Jan/2021:18:00:25 +0000] "GET /api/User/ll HTTP/1.1" 200 6
::ffff:192.168.42.75 - - [21/Jan/2021:18:00:26 +0000] "GET /favicon.ico HTTP/1.1" 404 150
::ffff:192.168.42.75 - - [21/Jan/2021:18:00:48 +0000] "GET /api/User/ll HTTP/1.1" 304 -
::ffff:192.168.42.75 - - [21/Jan/2021:18:01:09 +0000] "GET /api/User/ll HTTP/1.1" 304 -
::ffff:192.168.42.75 - - [21/Jan/2021:18:01:15 +0000] "GET /api/User/ll HTTP/1.1" 304 -
::ffff:192.168.42.75 - - [21/Jan/2021:18:01:16 +0000] "GET /api/User/ll HTTP/1.1" 304 -
::ffff:192.168.42.75 - - [21/Jan/2021:18:01:16 +0000] "GET /api/User/ll HTTP/1.1" 304 -
::ffff:192.168.42.75 - - [21/Jan/2021:18:01:17 +0000] "GET /api/User/ll HTTP/1.1" 304 -
::ffff:192.168.42.75 - - [21/Jan/2021:18:01:19 +0000] "GET /api/User/ll HTTP/1.1" 304 -
::ffff:192.168.42.75 - - [21/Jan/2021:18:01:19 +0000] "GET /api/User/ll HTTP/1.1" 304 -
::ffff:192.168.42.75 - - [21/Jan/2021:18:01:20 +0000] "GET /api/User/ll HTTP/1.1" 304 -
::ffff:192.168.42.75 - - [21/Jan/2021:18:01:20 +0000] "GET /api/User/ll HTTP/1.1" 304 -
::ffff:192.168.42.75 - - [21/Jan/2021:18:01:32 +0000] "GET /api/User/ll HTTP/1.1" 304 -
