::1 - - [22/Jan/2021:08:29:25 +0000] "GET /api/Employee/Route/search?limit=15 HTTP/1.1" 401 -
::1 - - [22/Jan/2021:08:29:56 +0000] "POST /api/User/Machine/login HTTP/1.1" 200 545
::1 - - [22/Jan/2021:08:31:28 +0000] "GET /api/Employee/Route/search?limit=15 HTTP/1.1" 401 -
::1 - - [22/Jan/2021:08:32:18 +0000] "POST /api/User/Employee/login HTTP/1.1" 200 799
::1 - - [22/Jan/2021:08:32:46 +0000] "GET /api/Employee/Route/search?limit=15 HTTP/1.1" 304 -
::1 - - [22/Jan/2021:08:33:04 +0000] "POST /api/Machine/Transaction/register HTTP/1.1" 401 -
::1 - - [22/Jan/2021:08:33:04 +0000] "POST /api/User/Machine/refresh_Token HTTP/1.1" 200 298
::1 - - [22/Jan/2021:08:34:15 +0000] "GET /api/User/Machine/refresh_Token HTTP/1.1" 404 169
::1 - - [22/Jan/2021:08:34:29 +0000] "GET /api/User/Machine/refresh_token HTTP/1.1" 404 169
::1 - - [22/Jan/2021:08:34:45 +0000] "POST /api/User/Machine/refresh_token HTTP/1.1" 200 298
::ffff:127.0.0.1 - - [22/Jan/2021:08:35:31 +0000] "GET /api/Employee/Route/search?limit=15 HTTP/1.1" 304 -
::1 - - [22/Jan/2021:08:35:47 +0000] "POST /api/Machine/Transaction/register HTTP/1.1" 401 -
::1 - - [22/Jan/2021:08:35:47 +0000] "POST /api/User/Machine/refresh_Token HTTP/1.1" 200 297
::1 - - [22/Jan/2021:08:35:47 +0000] "POST /api/Machine/Transaction/register HTTP/1.1" 200 58
::1 - - [22/Jan/2021:08:44:36 +0000] "GET /api/Employee/Route/search?limit=15 HTTP/1.1" 304 -
::1 - - [22/Jan/2021:08:44:54 +0000] "GET /api/Employee/Route/search?limit=15 HTTP/1.1" 304 -
::1 - - [22/Jan/2021:08:45:16 +0000] "POST /api/Machine/Transaction/register HTTP/1.1" 401 -
::1 - - [22/Jan/2021:08:45:16 +0000] "POST /api/User/Machine/refresh_Token HTTP/1.1" 200 297
::1 - - [22/Jan/2021:08:45:16 +0000] "POST /api/Machine/Transaction/register HTTP/1.1" 200 58
::1 - - [22/Jan/2021:08:46:15 +0000] "POST /api/Machine/Transaction/register HTTP/1.1" 401 -
::1 - - [22/Jan/2021:08:46:15 +0000] "POST /api/User/Machine/refresh_Token HTTP/1.1" 200 297
::1 - - [22/Jan/2021:08:46:16 +0000] "POST /api/Machine/Transaction/register HTTP/1.1" 200 58
::1 - - [22/Jan/2021:08:48:41 +0000] "POST /api/User/Machine/login HTTP/1.1" 200 559
::1 - - [22/Jan/2021:08:49:06 +0000] "GET /api/Employee/Route/search?limit=15 HTTP/1.1" 304 -
::1 - - [22/Jan/2021:10:34:46 +0000] "GET /api/Employee/Route/search?limit=15 HTTP/1.1" 304 -
::1 - - [22/Jan/2021:10:36:26 +0000] "GET /api/Employee/Route/search?limit=15 HTTP/1.1" 304 -
::1 - - [22/Jan/2021:10:42:52 +0000] "GET /api/Employee/Route/search?limit=15 HTTP/1.1" 304 -
::1 - - [22/Jan/2021:10:43:12 +0000] "GET /api/Employee/Route/search?limit=15 HTTP/1.1" 304 -
::1 - - [22/Jan/2021:10:44:42 +0000] "GET /api/Employee/Route/search?limit=15 HTTP/1.1" 304 -
::1 - - [22/Jan/2021:10:45:29 +0000] "GET /api/Employee/Route/search?limit=15 HTTP/1.1" 304 -
::1 - - [22/Jan/2021:10:46:03 +0000] "GET /api/Employee/Route/search?limit=15 HTTP/1.1" 304 -
::1 - - [22/Jan/2021:10:46:11 +0000] "GET /api/Employee/Route/search?limit=15 HTTP/1.1" 304 -
::1 - - [22/Jan/2021:10:48:46 +0000] "GET /api/Employee/Route/search?limit=15 HTTP/1.1" 304 -
::1 - - [22/Jan/2021:10:49:17 +0000] "GET /api/Employee/Route/search?limit=15 HTTP/1.1" 304 -
::1 - - [22/Jan/2021:10:50:32 +0000] "GET /api/Employee/Route/search?limit=15 HTTP/1.1" 304 -
::1 - - [22/Jan/2021:10:50:53 +0000] "GET /api/Employee/Route/search?limit=15 HTTP/1.1" 304 -
::1 - - [22/Jan/2021:10:51:37 +0000] "GET /api/Employee/Route/search?limit=15 HTTP/1.1" 304 -
::1 - - [22/Jan/2021:10:52:13 +0000] "GET /api/Employee/Route/search?limit=15 HTTP/1.1" 304 -
::1 - - [22/Jan/2021:10:53:02 +0000] "GET /api/Employee/Route/search?limit=15 HTTP/1.1" 304 -
::1 - - [22/Jan/2021:10:54:21 +0000] "GET /api/Employee/Route/search?limit=15 HTTP/1.1" 304 -
::1 - - [22/Jan/2021:10:54:45 +0000] "GET /api/Employee/Route/search?limit=15 HTTP/1.1" 304 -
::1 - - [22/Jan/2021:10:55:14 +0000] "GET /api/Employee/Route/search?limit=15 HTTP/1.1" 304 -
::1 - - [22/Jan/2021:10:55:37 +0000] "GET /api/Employee/Route/search?limit=15 HTTP/1.1" 304 -
::1 - - [22/Jan/2021:10:56:46 +0000] "GET /api/Employee/Route/search?limit=15 HTTP/1.1" 304 -
::1 - - [22/Jan/2021:11:00:59 +0000] "GET /api/Employee/Route/search?limit=15 HTTP/1.1" 304 -
::1 - - [22/Jan/2021:11:01:20 +0000] "GET /api/Employee/Route/search?limit=15 HTTP/1.1" 304 -
::1 - - [22/Jan/2021:11:02:00 +0000] "GET /api/Employee/Route/search?limit=15 HTTP/1.1" 304 -
::1 - - [22/Jan/2021:11:02:34 +0000] "GET /api/Employee/Route/search?limit=15 HTTP/1.1" 304 -
::1 - - [22/Jan/2021:11:03:02 +0000] "GET /api/Employee/Route/search?limit=15 HTTP/1.1" 304 -
::1 - - [22/Jan/2021:11:03:14 +0000] "GET /api/Employee/Route/search?limit=15 HTTP/1.1" 304 -
::1 - - [22/Jan/2021:11:03:22 +0000] "GET /api/Employee/Route/search?limit=15 HTTP/1.1" 304 -
::1 - - [22/Jan/2021:11:03:35 +0000] "GET /api/Employee/Route/search?limit=15 HTTP/1.1" 304 -
::1 - - [22/Jan/2021:11:04:28 +0000] "GET /api/Employee/Route/search?limit=15 HTTP/1.1" 304 -
::1 - - [22/Jan/2021:11:06:24 +0000] "GET /api/Employee/Route/search?limit=15 HTTP/1.1" 304 -
::1 - - [22/Jan/2021:11:07:18 +0000] "GET /api/Employee/Route/search?limit=15 HTTP/1.1" 304 -
::1 - - [22/Jan/2021:11:07:54 +0000] "GET /api/Employee/Route/search?limit=15 HTTP/1.1" 304 -
::1 - - [22/Jan/2021:11:08:18 +0000] "GET /api/Employee/Route/search?limit=15 HTTP/1.1" 304 -
::1 - - [22/Jan/2021:11:08:56 +0000] "GET /api/Employee/Route/search?limit=15 HTTP/1.1" 304 -
::1 - - [22/Jan/2021:11:10:11 +0000] "GET /api/Employee/Route/search?limit=15 HTTP/1.1" 304 -
::1 - - [22/Jan/2021:11:12:14 +0000] "GET /api/Employee/Route/search?limit=15 HTTP/1.1" 304 -
::1 - - [22/Jan/2021:11:12:35 +0000] "GET /api/Employee/Route/search?limit=15 HTTP/1.1" 304 -
::1 - - [22/Jan/2021:11:12:57 +0000] "GET /api/Employee/Route/search?limit=15 HTTP/1.1" 304 -
::1 - - [22/Jan/2021:11:17:47 +0000] "GET /api/Employee/Route/search?limit=15 HTTP/1.1" 304 -
::1 - - [22/Jan/2021:11:18:21 +0000] "GET /api/Employee/Route/search?limit=15 HTTP/1.1" 304 -
::1 - - [22/Jan/2021:11:20:36 +0000] "GET /api/Employee/Route/search?limit=15 HTTP/1.1" 304 -
::1 - - [22/Jan/2021:11:21:26 +0000] "GET /api/Employee/Route/search?limit=15 HTTP/1.1" 304 -
::1 - - [22/Jan/2021:11:22:17 +0000] "GET /api/Employee/Route/search?limit=15 HTTP/1.1" 304 -
::1 - - [22/Jan/2021:11:24:14 +0000] "GET /api/Employee/Route/search?limit=15 HTTP/1.1" 304 -
::1 - - [22/Jan/2021:11:25:07 +0000] "GET /api/Employee/Route/search?limit=15 HTTP/1.1" 304 -
::1 - - [22/Jan/2021:11:25:43 +0000] "GET /api/Employee/Route/search?limit=15 HTTP/1.1" 304 -
::1 - - [22/Jan/2021:11:26:17 +0000] "GET /api/Employee/Route/search?limit=15 HTTP/1.1" 304 -
::1 - - [22/Jan/2021:11:26:30 +0000] "GET /api/Employee/Route/search?limit=15 HTTP/1.1" 304 -
::1 - - [22/Jan/2021:11:27:49 +0000] "GET /api/Employee/Route/search?limit=15 HTTP/1.1" 304 -
::1 - - [22/Jan/2021:11:29:10 +0000] "GET /api/Employee/Route/search?limit=15 HTTP/1.1" 304 -
::1 - - [22/Jan/2021:11:32:55 +0000] "GET /api/Employee/Route/search?limit=15 HTTP/1.1" 304 -
::1 - - [22/Jan/2021:11:34:34 +0000] "GET /api/Employee/Route/search?limit=15 HTTP/1.1" 304 -
::1 - - [22/Jan/2021:11:35:37 +0000] "GET /api/Employee/Route/search?limit=15 HTTP/1.1" 304 -
::1 - - [22/Jan/2021:11:37:30 +0000] "GET /api/Employee/Route/search?limit=15 HTTP/1.1" 304 -
::1 - - [22/Jan/2021:11:38:02 +0000] "GET /api/Employee/Route/search?limit=15 HTTP/1.1" 304 -
::1 - - [22/Jan/2021:11:38:58 +0000] "GET /api/Employee/Route/search?limit=15 HTTP/1.1" 304 -
::1 - - [22/Jan/2021:11:41:58 +0000] "GET /api/Employee/Route/search?limit=15 HTTP/1.1" 304 -
::1 - - [22/Jan/2021:11:42:24 +0000] "GET /api/Employee/Route/search?limit=15 HTTP/1.1" 304 -
::1 - - [22/Jan/2021:11:44:40 +0000] "GET /api/Employee/Route/search?limit=15 HTTP/1.1" 304 -
::1 - - [22/Jan/2021:11:45:55 +0000] "GET /api/Employee/Route/search?limit=15 HTTP/1.1" 304 -
::1 - - [22/Jan/2021:11:47:05 +0000] "GET /api/Employee/Route/search?limit=15 HTTP/1.1" 304 -
::1 - - [22/Jan/2021:11:51:06 +0000] "GET /api/Employee/Notification/view HTTP/1.1" 401 -
::1 - - [22/Jan/2021:11:51:33 +0000] "POST /api/User/Employee/login HTTP/1.1" 200 799
::1 - - [08/Mar/2021:07:53:25 +0000] "POST /api/User/Employee/login HTTP/1.1" 200 750
::1 - - [08/Mar/2021:07:53:25 +0000] "POST /api/User/machine HTTP/1.1" 200 211
::1 - - [08/Mar/2021:07:53:25 +0000] "POST /api/User/employee HTTP/1.1" 200 395
::1 - - [08/Mar/2021:07:53:25 +0000] "POST /api/User/transaction HTTP/1.1" 200 150
::1 - - [08/Mar/2021:07:53:25 +0000] "POST /api/User/customer HTTP/1.1" 200 425
::1 - - [08/Mar/2021:07:53:25 +0000] "POST /api/User/transaction HTTP/1.1" 200 174
::1 - - [08/Mar/2021:07:53:25 +0000] "POST /api/User/transaction HTTP/1.1" 200 170
::1 - - [08/Mar/2021:07:53:25 +0000] "POST /api/User/bus HTTP/1.1" 200 252
::1 - - [08/Mar/2021:07:53:25 +0000] "POST /api/User/transaction HTTP/1.1" 200 807
::1 - - [08/Mar/2021:09:15:43 +0000] "GET /api/Employee/Route/search?limit=20 HTTP/1.1" 304 -
